2020-09-10 02:16:13,370 - 00_train.py - 00_train.py - 100 - INFO - TARGET MACHINE_TYPE: fan
2020-09-10 02:16:13,379 - 00_train.py - 00_train.py - 101 - INFO - MAKE DATA_LOADER
2020-09-10 02:17:39,201 - 00_train.py - 00_train.py - 108 - INFO - TRAINING
2020-09-10 02:18:20,157 - pytorch_modeler.py - pytorch_modeler.py - 181 - INFO - Epoch 1/100:train_score:46.032415, valid_score:10.536738
2020-09-10 02:18:58,520 - pytorch_modeler.py - pytorch_modeler.py - 181 - INFO - Epoch 2/100:train_score:10.091876, valid_score:9.816780
2020-09-10 02:19:36,977 - pytorch_modeler.py - pytorch_modeler.py - 181 - INFO - Epoch 3/100:train_score:9.646137, valid_score:9.582643
2020-09-10 02:20:15,174 - pytorch_modeler.py - pytorch_modeler.py - 181 - INFO - Epoch 4/100:train_score:9.501407, valid_score:9.432960
2020-09-10 02:20:53,438 - pytorch_modeler.py - pytorch_modeler.py - 181 - INFO - Epoch 5/100:train_score:9.419067, valid_score:9.475851
2020-09-10 02:21:31,277 - pytorch_modeler.py - pytorch_modeler.py - 181 - INFO - Epoch 6/100:train_score:9.366782, valid_score:9.243452
2020-09-10 02:22:10,113 - pytorch_modeler.py - pytorch_modeler.py - 181 - INFO - Epoch 7/100:train_score:9.324283, valid_score:9.205164
2020-09-10 02:22:51,667 - pytorch_modeler.py - pytorch_modeler.py - 181 - INFO - Epoch 8/100:train_score:9.293952, valid_score:9.466306
2020-09-10 02:23:30,531 - pytorch_modeler.py - pytorch_modeler.py - 181 - INFO - Epoch 9/100:train_score:9.265266, valid_score:9.136647
2020-09-10 02:24:09,690 - pytorch_modeler.py - pytorch_modeler.py - 181 - INFO - Epoch 10/100:train_score:9.246064, valid_score:10.267165
2020-09-10 02:24:48,550 - pytorch_modeler.py - pytorch_modeler.py - 181 - INFO - Epoch 11/100:train_score:9.231855, valid_score:9.790632
2020-09-10 02:25:27,874 - pytorch_modeler.py - pytorch_modeler.py - 181 - INFO - Epoch 12/100:train_score:9.218337, valid_score:9.163292
2020-09-10 02:26:07,098 - pytorch_modeler.py - pytorch_modeler.py - 181 - INFO - Epoch 13/100:train_score:9.204927, valid_score:9.076091
2020-09-10 02:26:47,270 - pytorch_modeler.py - pytorch_modeler.py - 181 - INFO - Epoch 14/100:train_score:9.192396, valid_score:9.077156
2020-09-10 02:27:29,506 - pytorch_modeler.py - pytorch_modeler.py - 181 - INFO - Epoch 15/100:train_score:9.183437, valid_score:9.102272
2020-09-10 02:28:10,228 - pytorch_modeler.py - pytorch_modeler.py - 181 - INFO - Epoch 16/100:train_score:9.175859, valid_score:9.156632
2020-09-10 02:28:49,222 - pytorch_modeler.py - pytorch_modeler.py - 181 - INFO - Epoch 17/100:train_score:9.169063, valid_score:9.044215
2020-09-10 02:29:27,212 - pytorch_modeler.py - pytorch_modeler.py - 181 - INFO - Epoch 18/100:train_score:9.161609, valid_score:9.022507
2020-09-10 02:30:04,930 - pytorch_modeler.py - pytorch_modeler.py - 181 - INFO - Epoch 19/100:train_score:9.154786, valid_score:9.029155
2020-09-10 02:30:43,955 - pytorch_modeler.py - pytorch_modeler.py - 181 - INFO - Epoch 20/100:train_score:9.150103, valid_score:9.035438
2020-09-10 02:31:22,530 - pytorch_modeler.py - pytorch_modeler.py - 181 - INFO - Epoch 21/100:train_score:9.143692, valid_score:9.060048
2020-09-10 02:32:00,748 - pytorch_modeler.py - pytorch_modeler.py - 181 - INFO - Epoch 22/100:train_score:9.139727, valid_score:9.009912
2020-09-10 02:32:37,762 - pytorch_modeler.py - pytorch_modeler.py - 181 - INFO - Epoch 23/100:train_score:9.135271, valid_score:9.137568
2020-09-10 02:33:14,387 - pytorch_modeler.py - pytorch_modeler.py - 181 - INFO - Epoch 24/100:train_score:9.129574, valid_score:9.023958
2020-09-10 02:33:51,150 - pytorch_modeler.py - pytorch_modeler.py - 181 - INFO - Epoch 25/100:train_score:9.127396, valid_score:9.013887
2020-09-10 02:34:28,818 - pytorch_modeler.py - pytorch_modeler.py - 181 - INFO - Epoch 26/100:train_score:9.123655, valid_score:9.011842
2020-09-10 02:35:06,401 - pytorch_modeler.py - pytorch_modeler.py - 181 - INFO - Epoch 27/100:train_score:9.118586, valid_score:8.992582
2020-09-10 02:35:44,059 - pytorch_modeler.py - pytorch_modeler.py - 181 - INFO - Epoch 28/100:train_score:9.116636, valid_score:9.010265
2020-09-10 02:36:21,678 - pytorch_modeler.py - pytorch_modeler.py - 181 - INFO - Epoch 29/100:train_score:9.112199, valid_score:9.005164
2020-09-10 02:36:59,214 - pytorch_modeler.py - pytorch_modeler.py - 181 - INFO - Epoch 30/100:train_score:9.108037, valid_score:9.015828
2020-09-10 02:37:36,427 - pytorch_modeler.py - pytorch_modeler.py - 181 - INFO - Epoch 31/100:train_score:9.106671, valid_score:9.006347
2020-09-10 02:38:13,289 - pytorch_modeler.py - pytorch_modeler.py - 181 - INFO - Epoch 32/100:train_score:9.103612, valid_score:8.991348
2020-09-10 02:38:50,345 - pytorch_modeler.py - pytorch_modeler.py - 181 - INFO - Epoch 33/100:train_score:9.101340, valid_score:9.020838
2020-09-10 02:39:27,040 - pytorch_modeler.py - pytorch_modeler.py - 181 - INFO - Epoch 34/100:train_score:9.097323, valid_score:8.989393
2020-09-10 02:40:04,058 - pytorch_modeler.py - pytorch_modeler.py - 181 - INFO - Epoch 35/100:train_score:9.096097, valid_score:9.024074
2020-09-10 02:40:40,940 - pytorch_modeler.py - pytorch_modeler.py - 181 - INFO - Epoch 36/100:train_score:9.093056, valid_score:8.988570
2020-09-10 02:41:17,824 - pytorch_modeler.py - pytorch_modeler.py - 181 - INFO - Epoch 37/100:train_score:9.091674, valid_score:9.027870
2020-09-10 02:41:54,653 - pytorch_modeler.py - pytorch_modeler.py - 181 - INFO - Epoch 38/100:train_score:9.088606, valid_score:8.982025
2020-09-10 02:42:31,504 - pytorch_modeler.py - pytorch_modeler.py - 181 - INFO - Epoch 39/100:train_score:9.086072, valid_score:8.977853
2020-09-10 02:43:08,380 - pytorch_modeler.py - pytorch_modeler.py - 181 - INFO - Epoch 40/100:train_score:9.083703, valid_score:8.987941
2020-09-10 02:43:45,267 - pytorch_modeler.py - pytorch_modeler.py - 181 - INFO - Epoch 41/100:train_score:9.081819, valid_score:9.012873
2020-09-10 02:44:22,037 - pytorch_modeler.py - pytorch_modeler.py - 181 - INFO - Epoch 42/100:train_score:9.081751, valid_score:8.992830
2020-09-10 02:44:58,519 - pytorch_modeler.py - pytorch_modeler.py - 181 - INFO - Epoch 43/100:train_score:9.079226, valid_score:8.979852
2020-09-10 02:45:35,394 - pytorch_modeler.py - pytorch_modeler.py - 181 - INFO - Epoch 44/100:train_score:9.077905, valid_score:8.989484
2020-09-10 02:46:12,371 - pytorch_modeler.py - pytorch_modeler.py - 181 - INFO - Epoch 45/100:train_score:9.075093, valid_score:8.970657
2020-09-10 02:46:49,266 - pytorch_modeler.py - pytorch_modeler.py - 181 - INFO - Epoch 46/100:train_score:9.073510, valid_score:8.990911
2020-09-10 02:47:25,408 - pytorch_modeler.py - pytorch_modeler.py - 181 - INFO - Epoch 47/100:train_score:9.072719, valid_score:8.986358
2020-09-10 02:48:01,468 - pytorch_modeler.py - pytorch_modeler.py - 181 - INFO - Epoch 48/100:train_score:9.070253, valid_score:8.992579
2020-09-10 02:48:37,977 - pytorch_modeler.py - pytorch_modeler.py - 181 - INFO - Epoch 49/100:train_score:9.069385, valid_score:8.973688
2020-09-10 02:49:14,908 - pytorch_modeler.py - pytorch_modeler.py - 181 - INFO - Epoch 50/100:train_score:9.067440, valid_score:8.975430
2020-09-10 02:49:51,880 - pytorch_modeler.py - pytorch_modeler.py - 181 - INFO - Epoch 51/100:train_score:9.066224, valid_score:8.978263
2020-09-10 02:50:28,610 - pytorch_modeler.py - pytorch_modeler.py - 181 - INFO - Epoch 52/100:train_score:9.064976, valid_score:8.983569
2020-09-10 02:51:05,361 - pytorch_modeler.py - pytorch_modeler.py - 181 - INFO - Epoch 53/100:train_score:9.064960, valid_score:8.961692
2020-09-10 02:51:42,326 - pytorch_modeler.py - pytorch_modeler.py - 181 - INFO - Epoch 54/100:train_score:9.062835, valid_score:8.966639
2020-09-10 02:52:19,294 - pytorch_modeler.py - pytorch_modeler.py - 181 - INFO - Epoch 55/100:train_score:9.061021, valid_score:8.987063
2020-09-10 02:52:56,383 - pytorch_modeler.py - pytorch_modeler.py - 181 - INFO - Epoch 56/100:train_score:9.059751, valid_score:8.964358
2020-09-10 02:53:32,835 - pytorch_modeler.py - pytorch_modeler.py - 181 - INFO - Epoch 57/100:train_score:9.061022, valid_score:8.956355
2020-09-10 02:54:09,728 - pytorch_modeler.py - pytorch_modeler.py - 181 - INFO - Epoch 58/100:train_score:9.058063, valid_score:8.979357
2020-09-10 02:54:46,766 - pytorch_modeler.py - pytorch_modeler.py - 181 - INFO - Epoch 59/100:train_score:9.057620, valid_score:9.002026
2020-09-10 02:55:23,762 - pytorch_modeler.py - pytorch_modeler.py - 181 - INFO - Epoch 60/100:train_score:9.055139, valid_score:8.960661
2020-09-10 02:56:00,654 - pytorch_modeler.py - pytorch_modeler.py - 181 - INFO - Epoch 61/100:train_score:9.055296, valid_score:8.961421
2020-09-10 02:56:37,570 - pytorch_modeler.py - pytorch_modeler.py - 181 - INFO - Epoch 62/100:train_score:9.053422, valid_score:8.981061
2020-09-10 02:57:14,561 - pytorch_modeler.py - pytorch_modeler.py - 181 - INFO - Epoch 63/100:train_score:9.052408, valid_score:8.990510
2020-09-10 02:57:51,384 - pytorch_modeler.py - pytorch_modeler.py - 181 - INFO - Epoch 64/100:train_score:9.052375, valid_score:8.985467
2020-09-10 02:58:28,350 - pytorch_modeler.py - pytorch_modeler.py - 181 - INFO - Epoch 65/100:train_score:9.050558, valid_score:8.956240
2020-09-10 02:59:05,279 - pytorch_modeler.py - pytorch_modeler.py - 181 - INFO - Epoch 66/100:train_score:9.049128, valid_score:8.979392
2020-09-10 02:59:42,204 - pytorch_modeler.py - pytorch_modeler.py - 181 - INFO - Epoch 67/100:train_score:9.049163, valid_score:8.963284
2020-09-10 03:00:19,311 - pytorch_modeler.py - pytorch_modeler.py - 181 - INFO - Epoch 68/100:train_score:9.048019, valid_score:8.976141
2020-09-10 03:00:55,970 - pytorch_modeler.py - pytorch_modeler.py - 181 - INFO - Epoch 69/100:train_score:9.048356, valid_score:8.951903
2020-09-10 03:01:32,930 - pytorch_modeler.py - pytorch_modeler.py - 181 - INFO - Epoch 70/100:train_score:9.045637, valid_score:8.954844
2020-09-10 03:02:09,860 - pytorch_modeler.py - pytorch_modeler.py - 181 - INFO - Epoch 71/100:train_score:9.047686, valid_score:8.951293
2020-09-10 03:02:46,821 - pytorch_modeler.py - pytorch_modeler.py - 181 - INFO - Epoch 72/100:train_score:9.045222, valid_score:8.954152
2020-09-10 03:03:23,150 - pytorch_modeler.py - pytorch_modeler.py - 181 - INFO - Epoch 73/100:train_score:9.045023, valid_score:8.949433
2020-09-10 03:04:00,003 - pytorch_modeler.py - pytorch_modeler.py - 181 - INFO - Epoch 74/100:train_score:9.042914, valid_score:8.958117
2020-09-10 03:04:37,013 - pytorch_modeler.py - pytorch_modeler.py - 181 - INFO - Epoch 75/100:train_score:9.042790, valid_score:8.959092
2020-09-10 03:05:13,277 - pytorch_modeler.py - pytorch_modeler.py - 181 - INFO - Epoch 76/100:train_score:9.041994, valid_score:8.965265
2020-09-10 03:05:50,226 - pytorch_modeler.py - pytorch_modeler.py - 181 - INFO - Epoch 77/100:train_score:9.040861, valid_score:8.952041
2020-09-10 03:06:27,021 - pytorch_modeler.py - pytorch_modeler.py - 181 - INFO - Epoch 78/100:train_score:9.043407, valid_score:8.965198
2020-09-10 03:07:04,150 - pytorch_modeler.py - pytorch_modeler.py - 181 - INFO - Epoch 79/100:train_score:9.040028, valid_score:8.962147
2020-09-10 03:07:41,274 - pytorch_modeler.py - pytorch_modeler.py - 181 - INFO - Epoch 80/100:train_score:9.038529, valid_score:8.974497
2020-09-10 03:08:18,196 - pytorch_modeler.py - pytorch_modeler.py - 181 - INFO - Epoch 81/100:train_score:9.038600, valid_score:8.954452
2020-09-10 03:08:55,139 - pytorch_modeler.py - pytorch_modeler.py - 181 - INFO - Epoch 82/100:train_score:9.037636, valid_score:8.985310
2020-09-10 03:09:31,915 - pytorch_modeler.py - pytorch_modeler.py - 181 - INFO - Epoch 83/100:train_score:9.036976, valid_score:8.965548
2020-09-10 03:10:08,127 - pytorch_modeler.py - pytorch_modeler.py - 181 - INFO - Epoch 84/100:train_score:9.035717, valid_score:8.965167
2020-09-10 03:10:45,152 - pytorch_modeler.py - pytorch_modeler.py - 181 - INFO - Epoch 85/100:train_score:9.035076, valid_score:8.955018
2020-09-10 03:11:21,952 - pytorch_modeler.py - pytorch_modeler.py - 181 - INFO - Epoch 86/100:train_score:9.034598, valid_score:8.941880
2020-09-10 03:11:58,528 - pytorch_modeler.py - pytorch_modeler.py - 181 - INFO - Epoch 87/100:train_score:9.034322, valid_score:8.951772
2020-09-10 03:12:35,560 - pytorch_modeler.py - pytorch_modeler.py - 181 - INFO - Epoch 88/100:train_score:9.033462, valid_score:8.957528
2020-09-10 03:13:12,185 - pytorch_modeler.py - pytorch_modeler.py - 181 - INFO - Epoch 89/100:train_score:9.032517, valid_score:9.009180
2020-09-10 03:13:49,119 - pytorch_modeler.py - pytorch_modeler.py - 181 - INFO - Epoch 90/100:train_score:9.044024, valid_score:8.969100
2020-09-10 03:14:25,163 - pytorch_modeler.py - pytorch_modeler.py - 181 - INFO - Epoch 91/100:train_score:9.035611, valid_score:8.955352
2020-09-10 03:15:01,814 - pytorch_modeler.py - pytorch_modeler.py - 181 - INFO - Epoch 92/100:train_score:9.034696, valid_score:8.958100
2020-09-10 03:15:38,600 - pytorch_modeler.py - pytorch_modeler.py - 181 - INFO - Epoch 93/100:train_score:9.031995, valid_score:8.948021
2020-09-10 03:16:15,648 - pytorch_modeler.py - pytorch_modeler.py - 181 - INFO - Epoch 94/100:train_score:9.032769, valid_score:8.954085
2020-09-10 03:16:52,758 - pytorch_modeler.py - pytorch_modeler.py - 181 - INFO - Epoch 95/100:train_score:9.032052, valid_score:8.951873
2020-09-10 03:17:29,752 - pytorch_modeler.py - pytorch_modeler.py - 181 - INFO - Epoch 96/100:train_score:9.031579, valid_score:8.945997
2020-09-10 03:18:06,590 - pytorch_modeler.py - pytorch_modeler.py - 181 - INFO - Epoch 97/100:train_score:9.028749, valid_score:8.947349
2020-09-10 03:18:43,508 - pytorch_modeler.py - pytorch_modeler.py - 181 - INFO - Epoch 98/100:train_score:9.030645, valid_score:8.947071
2020-09-10 03:19:20,442 - pytorch_modeler.py - pytorch_modeler.py - 181 - INFO - Epoch 99/100:train_score:9.028456, valid_score:8.943169
2020-09-10 03:19:57,528 - pytorch_modeler.py - pytorch_modeler.py - 181 - INFO - Epoch 100/100:train_score:9.028098, valid_score:8.978937
2020-09-10 03:19:57,540 - 00_train.py - 00_train.py - 120 - INFO - 
 success:fan 
model_out_path ==> 
 /media/hiroki/working/research/dcase2020/result/baseline_1D/models/fan_model.pth
2020-09-10 03:19:58,312 - 00_train.py - 00_train.py - 100 - INFO - TARGET MACHINE_TYPE: pump
2020-09-10 03:19:58,312 - 00_train.py - 00_train.py - 101 - INFO - MAKE DATA_LOADER
2020-09-10 03:21:06,376 - 00_train.py - 00_train.py - 108 - INFO - TRAINING
2020-09-10 03:21:38,830 - pytorch_modeler.py - pytorch_modeler.py - 181 - INFO - Epoch 1/100:train_score:51.239562, valid_score:11.779171
2020-09-10 03:22:11,550 - pytorch_modeler.py - pytorch_modeler.py - 181 - INFO - Epoch 2/100:train_score:11.237505, valid_score:10.818737
2020-09-10 03:22:43,736 - pytorch_modeler.py - pytorch_modeler.py - 181 - INFO - Epoch 3/100:train_score:10.560399, valid_score:10.520514
2020-09-10 03:23:15,999 - pytorch_modeler.py - pytorch_modeler.py - 181 - INFO - Epoch 4/100:train_score:10.306282, valid_score:10.226961
2020-09-10 03:23:48,676 - pytorch_modeler.py - pytorch_modeler.py - 181 - INFO - Epoch 5/100:train_score:10.176518, valid_score:10.128356
2020-09-10 03:24:21,686 - pytorch_modeler.py - pytorch_modeler.py - 181 - INFO - Epoch 6/100:train_score:10.088837, valid_score:10.007199
2020-09-10 03:24:54,391 - pytorch_modeler.py - pytorch_modeler.py - 181 - INFO - Epoch 7/100:train_score:10.029027, valid_score:10.015142
2020-09-10 03:25:27,215 - pytorch_modeler.py - pytorch_modeler.py - 181 - INFO - Epoch 8/100:train_score:9.986078, valid_score:9.957017
2020-09-10 03:26:00,008 - pytorch_modeler.py - pytorch_modeler.py - 181 - INFO - Epoch 9/100:train_score:9.951160, valid_score:9.940870
2020-09-10 03:26:32,475 - pytorch_modeler.py - pytorch_modeler.py - 181 - INFO - Epoch 10/100:train_score:9.921320, valid_score:9.901229
2020-09-10 03:27:05,253 - pytorch_modeler.py - pytorch_modeler.py - 181 - INFO - Epoch 11/100:train_score:9.901186, valid_score:9.933140
2020-09-10 03:27:38,071 - pytorch_modeler.py - pytorch_modeler.py - 181 - INFO - Epoch 12/100:train_score:9.882199, valid_score:9.913315
2020-09-10 03:28:10,985 - pytorch_modeler.py - pytorch_modeler.py - 181 - INFO - Epoch 13/100:train_score:9.863586, valid_score:9.883607
2020-09-10 03:28:43,814 - pytorch_modeler.py - pytorch_modeler.py - 181 - INFO - Epoch 14/100:train_score:9.850175, valid_score:9.866805
2020-09-10 03:29:16,503 - pytorch_modeler.py - pytorch_modeler.py - 181 - INFO - Epoch 15/100:train_score:9.837651, valid_score:9.859505
2020-09-10 03:29:49,043 - pytorch_modeler.py - pytorch_modeler.py - 181 - INFO - Epoch 16/100:train_score:9.825024, valid_score:10.059265
2020-09-10 03:30:21,786 - pytorch_modeler.py - pytorch_modeler.py - 181 - INFO - Epoch 17/100:train_score:9.816582, valid_score:9.891991
2020-09-10 03:30:54,460 - pytorch_modeler.py - pytorch_modeler.py - 181 - INFO - Epoch 18/100:train_score:9.807616, valid_score:9.820410
2020-09-10 03:31:26,905 - pytorch_modeler.py - pytorch_modeler.py - 181 - INFO - Epoch 19/100:train_score:9.798804, valid_score:9.811427
2020-09-10 03:31:59,061 - pytorch_modeler.py - pytorch_modeler.py - 181 - INFO - Epoch 20/100:train_score:9.789081, valid_score:10.004374
2020-09-10 03:32:31,490 - pytorch_modeler.py - pytorch_modeler.py - 181 - INFO - Epoch 21/100:train_score:9.784024, valid_score:9.810999
2020-09-10 03:33:04,147 - pytorch_modeler.py - pytorch_modeler.py - 181 - INFO - Epoch 22/100:train_score:9.776451, valid_score:9.844835
2020-09-10 03:33:36,882 - pytorch_modeler.py - pytorch_modeler.py - 181 - INFO - Epoch 23/100:train_score:9.770434, valid_score:9.820074
2020-09-10 03:34:09,507 - pytorch_modeler.py - pytorch_modeler.py - 181 - INFO - Epoch 24/100:train_score:9.763911, valid_score:9.815736
2020-09-10 03:34:41,426 - pytorch_modeler.py - pytorch_modeler.py - 181 - INFO - Epoch 25/100:train_score:9.759570, valid_score:9.805638
2020-09-10 03:35:13,672 - pytorch_modeler.py - pytorch_modeler.py - 181 - INFO - Epoch 26/100:train_score:9.754718, valid_score:9.794218
2020-09-10 03:35:46,552 - pytorch_modeler.py - pytorch_modeler.py - 181 - INFO - Epoch 27/100:train_score:9.750285, valid_score:9.806097
2020-09-10 03:36:19,547 - pytorch_modeler.py - pytorch_modeler.py - 181 - INFO - Epoch 28/100:train_score:9.745308, valid_score:9.803519
2020-09-10 03:36:51,841 - pytorch_modeler.py - pytorch_modeler.py - 181 - INFO - Epoch 29/100:train_score:9.741853, valid_score:9.834047
2020-09-10 03:37:24,509 - pytorch_modeler.py - pytorch_modeler.py - 181 - INFO - Epoch 30/100:train_score:9.736751, valid_score:9.775382
2020-09-10 03:37:57,332 - pytorch_modeler.py - pytorch_modeler.py - 181 - INFO - Epoch 31/100:train_score:9.733586, valid_score:9.791546
2020-09-10 03:38:29,192 - pytorch_modeler.py - pytorch_modeler.py - 181 - INFO - Epoch 32/100:train_score:9.729328, valid_score:9.772041
2020-09-10 03:39:01,156 - pytorch_modeler.py - pytorch_modeler.py - 181 - INFO - Epoch 33/100:train_score:9.728114, valid_score:9.831108
2020-09-10 03:39:33,910 - pytorch_modeler.py - pytorch_modeler.py - 181 - INFO - Epoch 34/100:train_score:9.723244, valid_score:9.805865
2020-09-10 03:40:06,527 - pytorch_modeler.py - pytorch_modeler.py - 181 - INFO - Epoch 35/100:train_score:9.722978, valid_score:9.795171
2020-09-10 03:40:39,456 - pytorch_modeler.py - pytorch_modeler.py - 181 - INFO - Epoch 36/100:train_score:9.716786, valid_score:9.799931
2020-09-10 03:41:11,587 - pytorch_modeler.py - pytorch_modeler.py - 181 - INFO - Epoch 37/100:train_score:9.714846, valid_score:9.784732
2020-09-10 03:41:44,422 - pytorch_modeler.py - pytorch_modeler.py - 181 - INFO - Epoch 38/100:train_score:9.712603, valid_score:9.780106
2020-09-10 03:42:17,115 - pytorch_modeler.py - pytorch_modeler.py - 181 - INFO - Epoch 39/100:train_score:9.709531, valid_score:9.759138
2020-09-10 03:42:49,918 - pytorch_modeler.py - pytorch_modeler.py - 181 - INFO - Epoch 40/100:train_score:9.708338, valid_score:9.768010
2020-09-10 03:43:22,733 - pytorch_modeler.py - pytorch_modeler.py - 181 - INFO - Epoch 41/100:train_score:9.705853, valid_score:9.772654
2020-09-10 03:43:54,768 - pytorch_modeler.py - pytorch_modeler.py - 181 - INFO - Epoch 42/100:train_score:9.702538, valid_score:9.773590
2020-09-10 03:44:27,067 - pytorch_modeler.py - pytorch_modeler.py - 181 - INFO - Epoch 43/100:train_score:9.700114, valid_score:9.766303
2020-09-10 03:44:59,931 - pytorch_modeler.py - pytorch_modeler.py - 181 - INFO - Epoch 44/100:train_score:9.698166, valid_score:9.763007
2020-09-10 03:45:32,738 - pytorch_modeler.py - pytorch_modeler.py - 181 - INFO - Epoch 45/100:train_score:9.697399, valid_score:9.752396
2020-09-10 03:46:04,830 - pytorch_modeler.py - pytorch_modeler.py - 181 - INFO - Epoch 46/100:train_score:9.694751, valid_score:9.783015
2020-09-10 03:46:37,729 - pytorch_modeler.py - pytorch_modeler.py - 181 - INFO - Epoch 47/100:train_score:9.692411, valid_score:9.765289
2020-09-10 03:47:10,517 - pytorch_modeler.py - pytorch_modeler.py - 181 - INFO - Epoch 48/100:train_score:9.691091, valid_score:9.786570
2020-09-10 03:47:43,258 - pytorch_modeler.py - pytorch_modeler.py - 181 - INFO - Epoch 49/100:train_score:9.690796, valid_score:9.750392
2020-09-10 03:48:15,993 - pytorch_modeler.py - pytorch_modeler.py - 181 - INFO - Epoch 50/100:train_score:9.688790, valid_score:9.765192
2020-09-10 03:48:48,160 - pytorch_modeler.py - pytorch_modeler.py - 181 - INFO - Epoch 51/100:train_score:9.687744, valid_score:9.763562
2020-09-10 03:49:21,084 - pytorch_modeler.py - pytorch_modeler.py - 181 - INFO - Epoch 52/100:train_score:9.683393, valid_score:9.753468
2020-09-10 03:49:53,725 - pytorch_modeler.py - pytorch_modeler.py - 181 - INFO - Epoch 53/100:train_score:9.682551, valid_score:9.737008
2020-09-10 03:50:26,617 - pytorch_modeler.py - pytorch_modeler.py - 181 - INFO - Epoch 54/100:train_score:9.681051, valid_score:9.766049
2020-09-10 03:50:59,381 - pytorch_modeler.py - pytorch_modeler.py - 181 - INFO - Epoch 55/100:train_score:9.679508, valid_score:9.753261
2020-09-10 03:51:31,727 - pytorch_modeler.py - pytorch_modeler.py - 181 - INFO - Epoch 56/100:train_score:9.677328, valid_score:9.736991
2020-09-10 03:52:04,463 - pytorch_modeler.py - pytorch_modeler.py - 181 - INFO - Epoch 57/100:train_score:9.675545, valid_score:9.775913
2020-09-10 03:52:37,210 - pytorch_modeler.py - pytorch_modeler.py - 181 - INFO - Epoch 58/100:train_score:9.675494, valid_score:9.771798
2020-09-10 03:53:10,133 - pytorch_modeler.py - pytorch_modeler.py - 181 - INFO - Epoch 59/100:train_score:9.673551, valid_score:9.747840
2020-09-10 03:53:42,555 - pytorch_modeler.py - pytorch_modeler.py - 181 - INFO - Epoch 60/100:train_score:9.670867, valid_score:9.774992
2020-09-10 03:54:15,259 - pytorch_modeler.py - pytorch_modeler.py - 181 - INFO - Epoch 61/100:train_score:9.670792, valid_score:9.751407
2020-09-10 03:54:48,143 - pytorch_modeler.py - pytorch_modeler.py - 181 - INFO - Epoch 62/100:train_score:9.670800, valid_score:9.738662
2020-09-10 03:55:21,124 - pytorch_modeler.py - pytorch_modeler.py - 181 - INFO - Epoch 63/100:train_score:9.667611, valid_score:9.729590
2020-09-10 03:55:54,038 - pytorch_modeler.py - pytorch_modeler.py - 181 - INFO - Epoch 64/100:train_score:9.667317, valid_score:9.747297
2020-09-10 03:56:25,928 - pytorch_modeler.py - pytorch_modeler.py - 181 - INFO - Epoch 65/100:train_score:9.664894, valid_score:9.750526
2020-09-10 03:56:57,991 - pytorch_modeler.py - pytorch_modeler.py - 181 - INFO - Epoch 66/100:train_score:9.665167, valid_score:9.802202
2020-09-10 03:57:30,981 - pytorch_modeler.py - pytorch_modeler.py - 181 - INFO - Epoch 67/100:train_score:9.664198, valid_score:9.734495
2020-09-10 03:58:03,843 - pytorch_modeler.py - pytorch_modeler.py - 181 - INFO - Epoch 68/100:train_score:9.661289, valid_score:9.748432
2020-09-10 03:58:36,747 - pytorch_modeler.py - pytorch_modeler.py - 181 - INFO - Epoch 69/100:train_score:9.661024, valid_score:9.761435
2020-09-10 03:59:09,902 - pytorch_modeler.py - pytorch_modeler.py - 181 - INFO - Epoch 70/100:train_score:9.659039, valid_score:9.736548
2020-09-10 03:59:43,005 - pytorch_modeler.py - pytorch_modeler.py - 181 - INFO - Epoch 71/100:train_score:9.659766, valid_score:9.738400
2020-09-10 04:00:15,192 - pytorch_modeler.py - pytorch_modeler.py - 181 - INFO - Epoch 72/100:train_score:9.657435, valid_score:9.732860
2020-09-10 04:00:48,036 - pytorch_modeler.py - pytorch_modeler.py - 181 - INFO - Epoch 73/100:train_score:9.657337, valid_score:9.731547
2020-09-10 04:01:20,967 - pytorch_modeler.py - pytorch_modeler.py - 181 - INFO - Epoch 74/100:train_score:9.655442, valid_score:9.732354
2020-09-10 04:01:53,200 - pytorch_modeler.py - pytorch_modeler.py - 181 - INFO - Epoch 75/100:train_score:9.655724, valid_score:9.748762
2020-09-10 04:02:26,052 - pytorch_modeler.py - pytorch_modeler.py - 181 - INFO - Epoch 76/100:train_score:9.653634, valid_score:9.740725
2020-09-10 04:02:58,915 - pytorch_modeler.py - pytorch_modeler.py - 181 - INFO - Epoch 77/100:train_score:9.652592, valid_score:9.733158
2020-09-10 04:03:31,952 - pytorch_modeler.py - pytorch_modeler.py - 181 - INFO - Epoch 78/100:train_score:9.652303, valid_score:9.719576
2020-09-10 04:04:05,019 - pytorch_modeler.py - pytorch_modeler.py - 181 - INFO - Epoch 79/100:train_score:9.652051, valid_score:9.721975
2020-09-10 04:04:38,077 - pytorch_modeler.py - pytorch_modeler.py - 181 - INFO - Epoch 80/100:train_score:9.650648, valid_score:9.722378
2020-09-10 04:05:10,776 - pytorch_modeler.py - pytorch_modeler.py - 181 - INFO - Epoch 81/100:train_score:9.648954, valid_score:9.731696
2020-09-10 04:05:43,824 - pytorch_modeler.py - pytorch_modeler.py - 181 - INFO - Epoch 82/100:train_score:9.648592, valid_score:9.712060
2020-09-10 04:06:16,679 - pytorch_modeler.py - pytorch_modeler.py - 181 - INFO - Epoch 83/100:train_score:9.648043, valid_score:9.728265
2020-09-10 04:06:49,299 - pytorch_modeler.py - pytorch_modeler.py - 181 - INFO - Epoch 84/100:train_score:9.647092, valid_score:9.766543
2020-09-10 04:07:22,421 - pytorch_modeler.py - pytorch_modeler.py - 181 - INFO - Epoch 85/100:train_score:9.646679, valid_score:9.717967
2020-09-10 04:07:55,265 - pytorch_modeler.py - pytorch_modeler.py - 181 - INFO - Epoch 86/100:train_score:9.644817, valid_score:9.715935
2020-09-10 04:08:28,206 - pytorch_modeler.py - pytorch_modeler.py - 181 - INFO - Epoch 87/100:train_score:9.645101, valid_score:9.736651
2020-09-10 04:09:01,324 - pytorch_modeler.py - pytorch_modeler.py - 181 - INFO - Epoch 88/100:train_score:9.643140, valid_score:9.731244
2020-09-10 04:09:34,260 - pytorch_modeler.py - pytorch_modeler.py - 181 - INFO - Epoch 89/100:train_score:9.643479, valid_score:9.720530
2020-09-10 04:10:06,248 - pytorch_modeler.py - pytorch_modeler.py - 181 - INFO - Epoch 90/100:train_score:9.642939, valid_score:9.708184
2020-09-10 04:10:38,360 - pytorch_modeler.py - pytorch_modeler.py - 181 - INFO - Epoch 91/100:train_score:9.642003, valid_score:9.721104
2020-09-10 04:11:10,313 - pytorch_modeler.py - pytorch_modeler.py - 181 - INFO - Epoch 92/100:train_score:9.640511, valid_score:9.710096
2020-09-10 04:11:43,031 - pytorch_modeler.py - pytorch_modeler.py - 181 - INFO - Epoch 93/100:train_score:9.639964, valid_score:9.975883
2020-09-10 04:12:15,997 - pytorch_modeler.py - pytorch_modeler.py - 181 - INFO - Epoch 94/100:train_score:9.640393, valid_score:9.712224
2020-09-10 04:12:48,799 - pytorch_modeler.py - pytorch_modeler.py - 181 - INFO - Epoch 95/100:train_score:9.638842, valid_score:9.727323
2020-09-10 04:13:21,594 - pytorch_modeler.py - pytorch_modeler.py - 181 - INFO - Epoch 96/100:train_score:9.638508, valid_score:9.724870
2020-09-10 04:13:54,652 - pytorch_modeler.py - pytorch_modeler.py - 181 - INFO - Epoch 97/100:train_score:9.638217, valid_score:9.707179
2020-09-10 04:14:27,451 - pytorch_modeler.py - pytorch_modeler.py - 181 - INFO - Epoch 98/100:train_score:9.636512, valid_score:9.710192
2020-09-10 04:15:00,377 - pytorch_modeler.py - pytorch_modeler.py - 181 - INFO - Epoch 99/100:train_score:9.636190, valid_score:9.721890
2020-09-10 04:15:33,475 - pytorch_modeler.py - pytorch_modeler.py - 181 - INFO - Epoch 100/100:train_score:9.636370, valid_score:9.740913
2020-09-10 04:15:33,484 - 00_train.py - 00_train.py - 120 - INFO - 
 success:pump 
model_out_path ==> 
 /media/hiroki/working/research/dcase2020/result/baseline_1D/models/pump_model.pth
2020-09-10 04:15:33,611 - 00_train.py - 00_train.py - 100 - INFO - TARGET MACHINE_TYPE: slider
2020-09-10 04:15:33,612 - 00_train.py - 00_train.py - 101 - INFO - MAKE DATA_LOADER
2020-09-10 04:16:34,669 - 00_train.py - 00_train.py - 108 - INFO - TRAINING
2020-09-10 04:17:03,610 - pytorch_modeler.py - pytorch_modeler.py - 181 - INFO - Epoch 1/100:train_score:61.399253, valid_score:13.583121
2020-09-10 04:17:32,805 - pytorch_modeler.py - pytorch_modeler.py - 181 - INFO - Epoch 2/100:train_score:11.483064, valid_score:12.620538
2020-09-10 04:18:02,496 - pytorch_modeler.py - pytorch_modeler.py - 181 - INFO - Epoch 3/100:train_score:10.726576, valid_score:11.671088
2020-09-10 04:18:32,118 - pytorch_modeler.py - pytorch_modeler.py - 181 - INFO - Epoch 4/100:train_score:10.386466, valid_score:11.604353
2020-09-10 04:19:01,732 - pytorch_modeler.py - pytorch_modeler.py - 181 - INFO - Epoch 5/100:train_score:10.233190, valid_score:11.235291
2020-09-10 04:19:31,416 - pytorch_modeler.py - pytorch_modeler.py - 181 - INFO - Epoch 6/100:train_score:10.132283, valid_score:11.054889
2020-09-10 04:20:01,131 - pytorch_modeler.py - pytorch_modeler.py - 181 - INFO - Epoch 7/100:train_score:10.054580, valid_score:11.025424
2020-09-10 04:20:30,865 - pytorch_modeler.py - pytorch_modeler.py - 181 - INFO - Epoch 8/100:train_score:10.001093, valid_score:10.948458
2020-09-10 04:21:00,569 - pytorch_modeler.py - pytorch_modeler.py - 181 - INFO - Epoch 9/100:train_score:9.955835, valid_score:10.813451
2020-09-10 04:21:30,185 - pytorch_modeler.py - pytorch_modeler.py - 181 - INFO - Epoch 10/100:train_score:9.921907, valid_score:10.789785
2020-09-10 04:21:59,943 - pytorch_modeler.py - pytorch_modeler.py - 181 - INFO - Epoch 11/100:train_score:9.897480, valid_score:10.789376
2020-09-10 04:22:29,381 - pytorch_modeler.py - pytorch_modeler.py - 181 - INFO - Epoch 12/100:train_score:9.871776, valid_score:10.772236
2020-09-10 04:22:58,982 - pytorch_modeler.py - pytorch_modeler.py - 181 - INFO - Epoch 13/100:train_score:9.852015, valid_score:10.739808
2020-09-10 04:23:28,493 - pytorch_modeler.py - pytorch_modeler.py - 181 - INFO - Epoch 14/100:train_score:9.834441, valid_score:10.698284
2020-09-10 04:23:57,928 - pytorch_modeler.py - pytorch_modeler.py - 181 - INFO - Epoch 15/100:train_score:9.821281, valid_score:10.700614
2020-09-10 04:24:27,674 - pytorch_modeler.py - pytorch_modeler.py - 181 - INFO - Epoch 16/100:train_score:9.808491, valid_score:10.691305
2020-09-10 04:24:56,670 - pytorch_modeler.py - pytorch_modeler.py - 181 - INFO - Epoch 17/100:train_score:9.795159, valid_score:10.682955
2020-09-10 04:25:25,672 - pytorch_modeler.py - pytorch_modeler.py - 181 - INFO - Epoch 18/100:train_score:9.784493, valid_score:10.656918
2020-09-10 04:25:54,922 - pytorch_modeler.py - pytorch_modeler.py - 181 - INFO - Epoch 19/100:train_score:9.772965, valid_score:10.676232
2020-09-10 04:26:24,429 - pytorch_modeler.py - pytorch_modeler.py - 181 - INFO - Epoch 20/100:train_score:9.764390, valid_score:10.650603
2020-09-10 04:26:54,071 - pytorch_modeler.py - pytorch_modeler.py - 181 - INFO - Epoch 21/100:train_score:9.755629, valid_score:10.670189
2020-09-10 04:27:23,737 - pytorch_modeler.py - pytorch_modeler.py - 181 - INFO - Epoch 22/100:train_score:9.749046, valid_score:10.625750
2020-09-10 04:27:53,231 - pytorch_modeler.py - pytorch_modeler.py - 181 - INFO - Epoch 23/100:train_score:9.741063, valid_score:10.626592
2020-09-10 04:28:22,950 - pytorch_modeler.py - pytorch_modeler.py - 181 - INFO - Epoch 24/100:train_score:9.734427, valid_score:10.607575
2020-09-10 04:28:52,458 - pytorch_modeler.py - pytorch_modeler.py - 181 - INFO - Epoch 25/100:train_score:9.729022, valid_score:10.579535
2020-09-10 04:29:22,080 - pytorch_modeler.py - pytorch_modeler.py - 181 - INFO - Epoch 26/100:train_score:9.722173, valid_score:10.635111
2020-09-10 04:29:51,608 - pytorch_modeler.py - pytorch_modeler.py - 181 - INFO - Epoch 27/100:train_score:9.716475, valid_score:10.614383
2020-09-10 04:30:21,153 - pytorch_modeler.py - pytorch_modeler.py - 181 - INFO - Epoch 28/100:train_score:9.712202, valid_score:10.576945
2020-09-10 04:30:50,676 - pytorch_modeler.py - pytorch_modeler.py - 181 - INFO - Epoch 29/100:train_score:9.706216, valid_score:10.619094
2020-09-10 04:31:20,174 - pytorch_modeler.py - pytorch_modeler.py - 181 - INFO - Epoch 30/100:train_score:9.699562, valid_score:10.571374
2020-09-10 04:31:49,651 - pytorch_modeler.py - pytorch_modeler.py - 181 - INFO - Epoch 31/100:train_score:9.696346, valid_score:10.567587
2020-09-10 04:32:19,290 - pytorch_modeler.py - pytorch_modeler.py - 181 - INFO - Epoch 32/100:train_score:9.689915, valid_score:10.572331
2020-09-10 04:32:48,852 - pytorch_modeler.py - pytorch_modeler.py - 181 - INFO - Epoch 33/100:train_score:9.686622, valid_score:10.590228
2020-09-10 04:33:18,337 - pytorch_modeler.py - pytorch_modeler.py - 181 - INFO - Epoch 34/100:train_score:9.681759, valid_score:10.557300
2020-09-10 04:33:48,030 - pytorch_modeler.py - pytorch_modeler.py - 181 - INFO - Epoch 35/100:train_score:9.678496, valid_score:10.536492
2020-09-10 04:34:17,288 - pytorch_modeler.py - pytorch_modeler.py - 181 - INFO - Epoch 36/100:train_score:9.674431, valid_score:10.545683
2020-09-10 04:34:47,053 - pytorch_modeler.py - pytorch_modeler.py - 181 - INFO - Epoch 37/100:train_score:9.670997, valid_score:10.549099
2020-09-10 04:35:16,565 - pytorch_modeler.py - pytorch_modeler.py - 181 - INFO - Epoch 38/100:train_score:9.668549, valid_score:10.538919
2020-09-10 04:35:46,189 - pytorch_modeler.py - pytorch_modeler.py - 181 - INFO - Epoch 39/100:train_score:9.664281, valid_score:10.553995
2020-09-10 04:36:15,965 - pytorch_modeler.py - pytorch_modeler.py - 181 - INFO - Epoch 40/100:train_score:9.661447, valid_score:10.541225
2020-09-10 04:36:45,660 - pytorch_modeler.py - pytorch_modeler.py - 181 - INFO - Epoch 41/100:train_score:9.658997, valid_score:10.535927
2020-09-10 04:37:15,147 - pytorch_modeler.py - pytorch_modeler.py - 181 - INFO - Epoch 42/100:train_score:9.656068, valid_score:10.565425
2020-09-10 04:37:44,034 - pytorch_modeler.py - pytorch_modeler.py - 181 - INFO - Epoch 43/100:train_score:9.651671, valid_score:10.529544
2020-09-10 04:38:13,499 - pytorch_modeler.py - pytorch_modeler.py - 181 - INFO - Epoch 44/100:train_score:9.650405, valid_score:10.516692
2020-09-10 04:38:43,233 - pytorch_modeler.py - pytorch_modeler.py - 181 - INFO - Epoch 45/100:train_score:9.647750, valid_score:10.520935
2020-09-10 04:39:12,666 - pytorch_modeler.py - pytorch_modeler.py - 181 - INFO - Epoch 46/100:train_score:9.643886, valid_score:10.500451
2020-09-10 04:39:41,524 - pytorch_modeler.py - pytorch_modeler.py - 181 - INFO - Epoch 47/100:train_score:9.642250, valid_score:10.525495
2020-09-10 04:40:10,333 - pytorch_modeler.py - pytorch_modeler.py - 181 - INFO - Epoch 48/100:train_score:9.639614, valid_score:10.519436
2020-09-10 04:40:39,424 - pytorch_modeler.py - pytorch_modeler.py - 181 - INFO - Epoch 49/100:train_score:9.638665, valid_score:10.522221
2020-09-10 04:41:08,974 - pytorch_modeler.py - pytorch_modeler.py - 181 - INFO - Epoch 50/100:train_score:9.635465, valid_score:10.514421
2020-09-10 04:41:38,521 - pytorch_modeler.py - pytorch_modeler.py - 181 - INFO - Epoch 51/100:train_score:9.633162, valid_score:10.524343
2020-09-10 04:42:07,975 - pytorch_modeler.py - pytorch_modeler.py - 181 - INFO - Epoch 52/100:train_score:9.630808, valid_score:10.505598
2020-09-10 04:42:37,463 - pytorch_modeler.py - pytorch_modeler.py - 181 - INFO - Epoch 53/100:train_score:9.628939, valid_score:10.499107
2020-09-10 04:43:07,032 - pytorch_modeler.py - pytorch_modeler.py - 181 - INFO - Epoch 54/100:train_score:9.628053, valid_score:10.494267
2020-09-10 04:43:36,551 - pytorch_modeler.py - pytorch_modeler.py - 181 - INFO - Epoch 55/100:train_score:9.624465, valid_score:10.491935
2020-09-10 04:44:05,740 - pytorch_modeler.py - pytorch_modeler.py - 181 - INFO - Epoch 56/100:train_score:9.622126, valid_score:10.484847
2020-09-10 04:44:35,249 - pytorch_modeler.py - pytorch_modeler.py - 181 - INFO - Epoch 57/100:train_score:9.622103, valid_score:10.489847
2020-09-10 04:45:05,025 - pytorch_modeler.py - pytorch_modeler.py - 181 - INFO - Epoch 58/100:train_score:9.619065, valid_score:10.511816
2020-09-10 04:45:34,694 - pytorch_modeler.py - pytorch_modeler.py - 181 - INFO - Epoch 59/100:train_score:9.617790, valid_score:10.492721
2020-09-10 04:46:04,286 - pytorch_modeler.py - pytorch_modeler.py - 181 - INFO - Epoch 60/100:train_score:9.615910, valid_score:10.480164
2020-09-10 04:46:33,726 - pytorch_modeler.py - pytorch_modeler.py - 181 - INFO - Epoch 61/100:train_score:9.614865, valid_score:10.489483
2020-09-10 04:47:03,442 - pytorch_modeler.py - pytorch_modeler.py - 181 - INFO - Epoch 62/100:train_score:9.613431, valid_score:10.487251
2020-09-10 04:47:33,095 - pytorch_modeler.py - pytorch_modeler.py - 181 - INFO - Epoch 63/100:train_score:9.610830, valid_score:10.488700
2020-09-10 04:48:02,560 - pytorch_modeler.py - pytorch_modeler.py - 181 - INFO - Epoch 64/100:train_score:9.608951, valid_score:10.476617
2020-09-10 04:48:32,331 - pytorch_modeler.py - pytorch_modeler.py - 181 - INFO - Epoch 65/100:train_score:9.608364, valid_score:10.479247
2020-09-10 04:49:01,740 - pytorch_modeler.py - pytorch_modeler.py - 181 - INFO - Epoch 66/100:train_score:9.606861, valid_score:10.473525
2020-09-10 04:49:31,504 - pytorch_modeler.py - pytorch_modeler.py - 181 - INFO - Epoch 67/100:train_score:9.605548, valid_score:10.486864
2020-09-10 04:50:00,985 - pytorch_modeler.py - pytorch_modeler.py - 181 - INFO - Epoch 68/100:train_score:9.604291, valid_score:10.471088
2020-09-10 04:50:30,632 - pytorch_modeler.py - pytorch_modeler.py - 181 - INFO - Epoch 69/100:train_score:9.602946, valid_score:10.475944
2020-09-10 04:51:00,414 - pytorch_modeler.py - pytorch_modeler.py - 181 - INFO - Epoch 70/100:train_score:9.601103, valid_score:10.468209
2020-09-10 04:51:30,199 - pytorch_modeler.py - pytorch_modeler.py - 181 - INFO - Epoch 71/100:train_score:9.601038, valid_score:10.489877
2020-09-10 04:52:00,117 - pytorch_modeler.py - pytorch_modeler.py - 181 - INFO - Epoch 72/100:train_score:9.598171, valid_score:10.476016
2020-09-10 04:52:29,895 - pytorch_modeler.py - pytorch_modeler.py - 181 - INFO - Epoch 73/100:train_score:9.597530, valid_score:10.463412
2020-09-10 04:52:59,373 - pytorch_modeler.py - pytorch_modeler.py - 181 - INFO - Epoch 74/100:train_score:9.595723, valid_score:10.459340
2020-09-10 04:53:28,838 - pytorch_modeler.py - pytorch_modeler.py - 181 - INFO - Epoch 75/100:train_score:9.595414, valid_score:10.468405
2020-09-10 04:53:58,300 - pytorch_modeler.py - pytorch_modeler.py - 181 - INFO - Epoch 76/100:train_score:9.594419, valid_score:10.461268
2020-09-10 04:54:27,839 - pytorch_modeler.py - pytorch_modeler.py - 181 - INFO - Epoch 77/100:train_score:9.593028, valid_score:10.488831
2020-09-10 04:54:57,371 - pytorch_modeler.py - pytorch_modeler.py - 181 - INFO - Epoch 78/100:train_score:9.591994, valid_score:10.464746
2020-09-10 04:55:27,207 - pytorch_modeler.py - pytorch_modeler.py - 181 - INFO - Epoch 79/100:train_score:9.590920, valid_score:10.453613
2020-09-10 04:55:56,915 - pytorch_modeler.py - pytorch_modeler.py - 181 - INFO - Epoch 80/100:train_score:9.589545, valid_score:10.463686
2020-09-10 04:56:26,380 - pytorch_modeler.py - pytorch_modeler.py - 181 - INFO - Epoch 81/100:train_score:9.587530, valid_score:10.451755
2020-09-10 04:56:55,903 - pytorch_modeler.py - pytorch_modeler.py - 181 - INFO - Epoch 82/100:train_score:9.586878, valid_score:10.456527
2020-09-10 04:57:25,639 - pytorch_modeler.py - pytorch_modeler.py - 181 - INFO - Epoch 83/100:train_score:9.585646, valid_score:10.454224
2020-09-10 04:57:55,348 - pytorch_modeler.py - pytorch_modeler.py - 181 - INFO - Epoch 84/100:train_score:9.585612, valid_score:10.462661
2020-09-10 04:58:24,805 - pytorch_modeler.py - pytorch_modeler.py - 181 - INFO - Epoch 85/100:train_score:9.584051, valid_score:10.458216
2020-09-10 04:58:54,575 - pytorch_modeler.py - pytorch_modeler.py - 181 - INFO - Epoch 86/100:train_score:9.583369, valid_score:10.459531
2020-09-10 04:59:24,237 - pytorch_modeler.py - pytorch_modeler.py - 181 - INFO - Epoch 87/100:train_score:9.582771, valid_score:10.445725
2020-09-10 04:59:53,572 - pytorch_modeler.py - pytorch_modeler.py - 181 - INFO - Epoch 88/100:train_score:9.581238, valid_score:10.455481
2020-09-10 05:00:22,929 - pytorch_modeler.py - pytorch_modeler.py - 181 - INFO - Epoch 89/100:train_score:9.579884, valid_score:10.478741
2020-09-10 05:00:52,545 - pytorch_modeler.py - pytorch_modeler.py - 181 - INFO - Epoch 90/100:train_score:9.579060, valid_score:10.452255
2020-09-10 05:01:21,999 - pytorch_modeler.py - pytorch_modeler.py - 181 - INFO - Epoch 91/100:train_score:9.578553, valid_score:10.460409
2020-09-10 05:01:51,610 - pytorch_modeler.py - pytorch_modeler.py - 181 - INFO - Epoch 92/100:train_score:9.577877, valid_score:10.467825
2020-09-10 05:02:20,378 - pytorch_modeler.py - pytorch_modeler.py - 181 - INFO - Epoch 93/100:train_score:9.576251, valid_score:10.452179
2020-09-10 05:02:49,810 - pytorch_modeler.py - pytorch_modeler.py - 181 - INFO - Epoch 94/100:train_score:9.575094, valid_score:10.450710
2020-09-10 05:03:19,503 - pytorch_modeler.py - pytorch_modeler.py - 181 - INFO - Epoch 95/100:train_score:9.576677, valid_score:10.451041
2020-09-10 05:03:49,061 - pytorch_modeler.py - pytorch_modeler.py - 181 - INFO - Epoch 96/100:train_score:9.573346, valid_score:10.450213
2020-09-10 05:04:18,429 - pytorch_modeler.py - pytorch_modeler.py - 181 - INFO - Epoch 97/100:train_score:9.573412, valid_score:10.427662
2020-09-10 05:04:48,259 - pytorch_modeler.py - pytorch_modeler.py - 181 - INFO - Epoch 98/100:train_score:9.571904, valid_score:10.460743
2020-09-10 05:05:17,908 - pytorch_modeler.py - pytorch_modeler.py - 181 - INFO - Epoch 99/100:train_score:9.570959, valid_score:10.463282
2020-09-10 05:05:47,303 - pytorch_modeler.py - pytorch_modeler.py - 181 - INFO - Epoch 100/100:train_score:9.569505, valid_score:10.443858
2020-09-10 05:05:47,312 - 00_train.py - 00_train.py - 120 - INFO - 
 success:slider 
model_out_path ==> 
 /media/hiroki/working/research/dcase2020/result/baseline_1D/models/slider_model.pth
2020-09-10 05:05:47,436 - 00_train.py - 00_train.py - 100 - INFO - TARGET MACHINE_TYPE: ToyCar
2020-09-10 05:05:47,437 - 00_train.py - 00_train.py - 101 - INFO - MAKE DATA_LOADER
2020-09-10 05:07:13,781 - 00_train.py - 00_train.py - 108 - INFO - TRAINING
2020-09-10 05:07:57,876 - pytorch_modeler.py - pytorch_modeler.py - 181 - INFO - Epoch 1/100:train_score:42.163258, valid_score:11.192978
2020-09-10 05:08:41,950 - pytorch_modeler.py - pytorch_modeler.py - 181 - INFO - Epoch 2/100:train_score:10.977527, valid_score:10.564067
2020-09-10 05:09:26,281 - pytorch_modeler.py - pytorch_modeler.py - 181 - INFO - Epoch 3/100:train_score:10.522452, valid_score:10.329403
2020-09-10 05:10:10,621 - pytorch_modeler.py - pytorch_modeler.py - 181 - INFO - Epoch 4/100:train_score:10.353201, valid_score:10.258471
2020-09-10 05:10:54,832 - pytorch_modeler.py - pytorch_modeler.py - 181 - INFO - Epoch 5/100:train_score:10.256429, valid_score:10.152359
2020-09-10 05:11:39,158 - pytorch_modeler.py - pytorch_modeler.py - 181 - INFO - Epoch 6/100:train_score:10.201514, valid_score:10.181980
2020-09-10 05:12:23,099 - pytorch_modeler.py - pytorch_modeler.py - 181 - INFO - Epoch 7/100:train_score:10.155083, valid_score:10.088752
2020-09-10 05:13:07,385 - pytorch_modeler.py - pytorch_modeler.py - 181 - INFO - Epoch 8/100:train_score:10.124458, valid_score:10.062985
2020-09-10 05:13:51,431 - pytorch_modeler.py - pytorch_modeler.py - 181 - INFO - Epoch 9/100:train_score:10.102545, valid_score:10.050703
2020-09-10 05:14:35,307 - pytorch_modeler.py - pytorch_modeler.py - 181 - INFO - Epoch 10/100:train_score:10.083700, valid_score:9.976734
2020-09-10 05:15:19,405 - pytorch_modeler.py - pytorch_modeler.py - 181 - INFO - Epoch 11/100:train_score:10.065644, valid_score:9.999830
2020-09-10 05:16:02,786 - pytorch_modeler.py - pytorch_modeler.py - 181 - INFO - Epoch 12/100:train_score:10.052300, valid_score:9.994202
2020-09-10 05:16:46,489 - pytorch_modeler.py - pytorch_modeler.py - 181 - INFO - Epoch 13/100:train_score:10.040291, valid_score:9.984924
2020-09-10 05:17:29,436 - pytorch_modeler.py - pytorch_modeler.py - 181 - INFO - Epoch 14/100:train_score:10.031031, valid_score:9.985108
2020-09-10 05:18:13,321 - pytorch_modeler.py - pytorch_modeler.py - 181 - INFO - Epoch 15/100:train_score:10.022820, valid_score:9.952673
2020-09-10 05:18:57,544 - pytorch_modeler.py - pytorch_modeler.py - 181 - INFO - Epoch 16/100:train_score:10.015968, valid_score:9.956647
2020-09-10 05:19:41,659 - pytorch_modeler.py - pytorch_modeler.py - 181 - INFO - Epoch 17/100:train_score:10.008138, valid_score:9.926610
2020-09-10 05:20:25,863 - pytorch_modeler.py - pytorch_modeler.py - 181 - INFO - Epoch 18/100:train_score:10.000085, valid_score:9.909352
2020-09-10 05:21:09,906 - pytorch_modeler.py - pytorch_modeler.py - 181 - INFO - Epoch 19/100:train_score:9.994607, valid_score:9.904986
2020-09-10 05:21:54,222 - pytorch_modeler.py - pytorch_modeler.py - 181 - INFO - Epoch 20/100:train_score:9.989036, valid_score:9.912714
2020-09-10 05:22:37,248 - pytorch_modeler.py - pytorch_modeler.py - 181 - INFO - Epoch 21/100:train_score:9.985414, valid_score:9.939860
2020-09-10 05:23:21,775 - pytorch_modeler.py - pytorch_modeler.py - 181 - INFO - Epoch 22/100:train_score:9.980376, valid_score:9.914761
2020-09-10 05:24:05,178 - pytorch_modeler.py - pytorch_modeler.py - 181 - INFO - Epoch 23/100:train_score:9.975603, valid_score:9.889339
2020-09-10 05:24:49,053 - pytorch_modeler.py - pytorch_modeler.py - 181 - INFO - Epoch 24/100:train_score:9.969370, valid_score:9.907808
2020-09-10 05:25:33,427 - pytorch_modeler.py - pytorch_modeler.py - 181 - INFO - Epoch 25/100:train_score:9.966669, valid_score:9.936711
2020-09-10 05:26:17,687 - pytorch_modeler.py - pytorch_modeler.py - 181 - INFO - Epoch 26/100:train_score:9.961406, valid_score:9.904000
2020-09-10 05:27:01,766 - pytorch_modeler.py - pytorch_modeler.py - 181 - INFO - Epoch 27/100:train_score:9.958335, valid_score:9.886756
2020-09-10 05:27:46,005 - pytorch_modeler.py - pytorch_modeler.py - 181 - INFO - Epoch 28/100:train_score:9.954407, valid_score:9.870080
2020-09-10 05:28:29,650 - pytorch_modeler.py - pytorch_modeler.py - 181 - INFO - Epoch 29/100:train_score:9.953084, valid_score:9.872333
2020-09-10 05:29:12,675 - pytorch_modeler.py - pytorch_modeler.py - 181 - INFO - Epoch 30/100:train_score:9.949288, valid_score:9.891581
2020-09-10 05:29:57,232 - pytorch_modeler.py - pytorch_modeler.py - 181 - INFO - Epoch 31/100:train_score:9.944615, valid_score:9.859217
2020-09-10 05:30:41,250 - pytorch_modeler.py - pytorch_modeler.py - 181 - INFO - Epoch 32/100:train_score:9.941470, valid_score:9.855019
2020-09-10 05:31:25,217 - pytorch_modeler.py - pytorch_modeler.py - 181 - INFO - Epoch 33/100:train_score:9.938125, valid_score:9.870656
2020-09-10 05:32:09,175 - pytorch_modeler.py - pytorch_modeler.py - 181 - INFO - Epoch 34/100:train_score:9.934972, valid_score:9.858761
2020-09-10 05:32:53,391 - pytorch_modeler.py - pytorch_modeler.py - 181 - INFO - Epoch 35/100:train_score:9.932243, valid_score:9.845248
2020-09-10 05:33:37,129 - pytorch_modeler.py - pytorch_modeler.py - 181 - INFO - Epoch 36/100:train_score:9.929750, valid_score:9.865222
2020-09-10 05:34:21,256 - pytorch_modeler.py - pytorch_modeler.py - 181 - INFO - Epoch 37/100:train_score:9.925655, valid_score:9.850208
2020-09-10 05:35:05,421 - pytorch_modeler.py - pytorch_modeler.py - 181 - INFO - Epoch 38/100:train_score:9.924457, valid_score:9.866330
2020-09-10 05:35:49,556 - pytorch_modeler.py - pytorch_modeler.py - 181 - INFO - Epoch 39/100:train_score:9.923102, valid_score:9.851403
2020-09-10 05:36:33,776 - pytorch_modeler.py - pytorch_modeler.py - 181 - INFO - Epoch 40/100:train_score:9.918385, valid_score:9.845782
2020-09-10 05:37:17,944 - pytorch_modeler.py - pytorch_modeler.py - 181 - INFO - Epoch 41/100:train_score:9.915402, valid_score:9.821742
2020-09-10 05:38:01,989 - pytorch_modeler.py - pytorch_modeler.py - 181 - INFO - Epoch 42/100:train_score:9.912996, valid_score:9.840503
2020-09-10 05:38:46,413 - pytorch_modeler.py - pytorch_modeler.py - 181 - INFO - Epoch 43/100:train_score:9.909382, valid_score:9.822578
2020-09-10 05:39:30,583 - pytorch_modeler.py - pytorch_modeler.py - 181 - INFO - Epoch 44/100:train_score:9.906563, valid_score:9.836474
2020-09-10 05:40:14,697 - pytorch_modeler.py - pytorch_modeler.py - 181 - INFO - Epoch 45/100:train_score:9.904887, valid_score:9.828732
2020-09-10 05:40:58,709 - pytorch_modeler.py - pytorch_modeler.py - 181 - INFO - Epoch 46/100:train_score:9.902865, valid_score:9.833031
2020-09-10 05:41:42,812 - pytorch_modeler.py - pytorch_modeler.py - 181 - INFO - Epoch 47/100:train_score:9.898759, valid_score:9.837638
2020-09-10 05:42:27,051 - pytorch_modeler.py - pytorch_modeler.py - 181 - INFO - Epoch 48/100:train_score:9.897406, valid_score:9.810316
2020-09-10 05:43:10,990 - pytorch_modeler.py - pytorch_modeler.py - 181 - INFO - Epoch 49/100:train_score:9.895265, valid_score:9.907637
2020-09-10 05:43:54,904 - pytorch_modeler.py - pytorch_modeler.py - 181 - INFO - Epoch 50/100:train_score:9.894087, valid_score:9.816528
2020-09-10 05:44:39,348 - pytorch_modeler.py - pytorch_modeler.py - 181 - INFO - Epoch 51/100:train_score:9.892064, valid_score:9.806983
2020-09-10 05:45:23,249 - pytorch_modeler.py - pytorch_modeler.py - 181 - INFO - Epoch 52/100:train_score:9.888775, valid_score:9.818858
2020-09-10 05:46:07,207 - pytorch_modeler.py - pytorch_modeler.py - 181 - INFO - Epoch 53/100:train_score:9.888874, valid_score:9.809448
2020-09-10 05:46:51,528 - pytorch_modeler.py - pytorch_modeler.py - 181 - INFO - Epoch 54/100:train_score:9.885982, valid_score:9.790492
2020-09-10 05:47:35,350 - pytorch_modeler.py - pytorch_modeler.py - 181 - INFO - Epoch 55/100:train_score:9.885124, valid_score:9.819364
2020-09-10 05:48:19,402 - pytorch_modeler.py - pytorch_modeler.py - 181 - INFO - Epoch 56/100:train_score:9.883064, valid_score:9.829653
2020-09-10 05:49:03,647 - pytorch_modeler.py - pytorch_modeler.py - 181 - INFO - Epoch 57/100:train_score:9.881909, valid_score:9.801205
2020-09-10 05:49:47,841 - pytorch_modeler.py - pytorch_modeler.py - 181 - INFO - Epoch 58/100:train_score:9.879143, valid_score:9.799145
2020-09-10 05:50:32,109 - pytorch_modeler.py - pytorch_modeler.py - 181 - INFO - Epoch 59/100:train_score:9.879765, valid_score:9.816284
2020-09-10 05:51:16,559 - pytorch_modeler.py - pytorch_modeler.py - 181 - INFO - Epoch 60/100:train_score:9.877484, valid_score:9.802629
2020-09-10 05:52:00,801 - pytorch_modeler.py - pytorch_modeler.py - 181 - INFO - Epoch 61/100:train_score:9.874933, valid_score:9.786242
2020-09-10 05:52:44,939 - pytorch_modeler.py - pytorch_modeler.py - 181 - INFO - Epoch 62/100:train_score:9.874744, valid_score:9.798314
2020-09-10 05:53:29,113 - pytorch_modeler.py - pytorch_modeler.py - 181 - INFO - Epoch 63/100:train_score:9.872662, valid_score:9.782791
2020-09-10 05:54:13,002 - pytorch_modeler.py - pytorch_modeler.py - 181 - INFO - Epoch 64/100:train_score:9.872572, valid_score:9.795618
2020-09-10 05:54:56,593 - pytorch_modeler.py - pytorch_modeler.py - 181 - INFO - Epoch 65/100:train_score:9.869942, valid_score:9.796917
2020-09-10 05:55:39,904 - pytorch_modeler.py - pytorch_modeler.py - 181 - INFO - Epoch 66/100:train_score:9.870081, valid_score:9.795087
2020-09-10 05:56:23,971 - pytorch_modeler.py - pytorch_modeler.py - 181 - INFO - Epoch 67/100:train_score:9.867884, valid_score:9.786090
2020-09-10 05:57:07,946 - pytorch_modeler.py - pytorch_modeler.py - 181 - INFO - Epoch 68/100:train_score:9.867400, valid_score:9.780350
2020-09-10 05:57:51,368 - pytorch_modeler.py - pytorch_modeler.py - 181 - INFO - Epoch 69/100:train_score:9.864781, valid_score:9.772147
2020-09-10 05:58:35,221 - pytorch_modeler.py - pytorch_modeler.py - 181 - INFO - Epoch 70/100:train_score:9.862311, valid_score:9.780607
2020-09-10 05:59:18,808 - pytorch_modeler.py - pytorch_modeler.py - 181 - INFO - Epoch 71/100:train_score:9.861680, valid_score:9.771553
2020-09-10 06:00:03,163 - pytorch_modeler.py - pytorch_modeler.py - 181 - INFO - Epoch 72/100:train_score:9.862111, valid_score:9.777905
2020-09-10 06:00:47,204 - pytorch_modeler.py - pytorch_modeler.py - 181 - INFO - Epoch 73/100:train_score:9.859641, valid_score:9.767418
2020-09-10 06:01:31,339 - pytorch_modeler.py - pytorch_modeler.py - 181 - INFO - Epoch 74/100:train_score:9.859209, valid_score:9.776088
2020-09-10 06:02:15,694 - pytorch_modeler.py - pytorch_modeler.py - 181 - INFO - Epoch 75/100:train_score:9.858533, valid_score:9.779885
2020-09-10 06:02:59,926 - pytorch_modeler.py - pytorch_modeler.py - 181 - INFO - Epoch 76/100:train_score:9.855680, valid_score:9.786213
2020-09-10 06:03:44,133 - pytorch_modeler.py - pytorch_modeler.py - 181 - INFO - Epoch 77/100:train_score:9.854323, valid_score:9.787315
2020-09-10 06:04:27,872 - pytorch_modeler.py - pytorch_modeler.py - 181 - INFO - Epoch 78/100:train_score:9.853859, valid_score:9.762328
2020-09-10 06:05:12,095 - pytorch_modeler.py - pytorch_modeler.py - 181 - INFO - Epoch 79/100:train_score:9.854648, valid_score:9.770996
2020-09-10 06:05:56,310 - pytorch_modeler.py - pytorch_modeler.py - 181 - INFO - Epoch 80/100:train_score:9.854329, valid_score:9.763832
2020-09-10 06:06:40,398 - pytorch_modeler.py - pytorch_modeler.py - 181 - INFO - Epoch 81/100:train_score:9.852009, valid_score:9.754491
2020-09-10 06:07:23,839 - pytorch_modeler.py - pytorch_modeler.py - 181 - INFO - Epoch 82/100:train_score:9.850287, valid_score:9.761553
2020-09-10 06:08:07,772 - pytorch_modeler.py - pytorch_modeler.py - 181 - INFO - Epoch 83/100:train_score:9.849191, valid_score:9.759926
2020-09-10 06:08:51,876 - pytorch_modeler.py - pytorch_modeler.py - 181 - INFO - Epoch 84/100:train_score:9.851117, valid_score:9.766414
2020-09-10 06:09:36,201 - pytorch_modeler.py - pytorch_modeler.py - 181 - INFO - Epoch 85/100:train_score:9.851521, valid_score:9.777060
2020-09-10 06:10:20,403 - pytorch_modeler.py - pytorch_modeler.py - 181 - INFO - Epoch 86/100:train_score:9.850845, valid_score:9.770666
2020-09-10 06:11:04,627 - pytorch_modeler.py - pytorch_modeler.py - 181 - INFO - Epoch 87/100:train_score:9.850414, valid_score:9.767257
2020-09-10 06:11:48,305 - pytorch_modeler.py - pytorch_modeler.py - 181 - INFO - Epoch 88/100:train_score:9.848029, valid_score:9.751024
2020-09-10 06:12:32,651 - pytorch_modeler.py - pytorch_modeler.py - 181 - INFO - Epoch 89/100:train_score:9.843923, valid_score:9.766504
2020-09-10 06:13:17,102 - pytorch_modeler.py - pytorch_modeler.py - 181 - INFO - Epoch 90/100:train_score:9.842946, valid_score:9.767838
2020-09-10 06:14:03,122 - pytorch_modeler.py - pytorch_modeler.py - 181 - INFO - Epoch 91/100:train_score:9.843148, valid_score:9.767052
2020-09-10 06:14:46,386 - pytorch_modeler.py - pytorch_modeler.py - 181 - INFO - Epoch 92/100:train_score:9.844683, valid_score:9.768320
2020-09-10 06:15:30,930 - pytorch_modeler.py - pytorch_modeler.py - 181 - INFO - Epoch 93/100:train_score:9.841588, valid_score:9.760432
2020-09-10 06:16:15,095 - pytorch_modeler.py - pytorch_modeler.py - 181 - INFO - Epoch 94/100:train_score:9.840741, valid_score:9.750406
2020-09-10 06:16:59,278 - pytorch_modeler.py - pytorch_modeler.py - 181 - INFO - Epoch 95/100:train_score:9.840375, valid_score:9.748523
2020-09-10 06:17:43,540 - pytorch_modeler.py - pytorch_modeler.py - 181 - INFO - Epoch 96/100:train_score:9.838158, valid_score:9.740905
2020-09-10 06:18:28,084 - pytorch_modeler.py - pytorch_modeler.py - 181 - INFO - Epoch 97/100:train_score:9.839102, valid_score:9.752480
2020-09-10 06:19:12,379 - pytorch_modeler.py - pytorch_modeler.py - 181 - INFO - Epoch 98/100:train_score:9.837562, valid_score:9.751703
2020-09-10 06:19:56,430 - pytorch_modeler.py - pytorch_modeler.py - 181 - INFO - Epoch 99/100:train_score:9.837696, valid_score:9.746922
2020-09-10 06:20:40,609 - pytorch_modeler.py - pytorch_modeler.py - 181 - INFO - Epoch 100/100:train_score:9.835341, valid_score:9.744072
2020-09-10 06:20:40,617 - 00_train.py - 00_train.py - 120 - INFO - 
 success:ToyCar 
model_out_path ==> 
 /media/hiroki/working/research/dcase2020/result/baseline_1D/models/ToyCar_model.pth
2020-09-10 06:20:40,816 - 00_train.py - 00_train.py - 100 - INFO - TARGET MACHINE_TYPE: ToyConveyor
2020-09-10 06:20:40,816 - 00_train.py - 00_train.py - 101 - INFO - MAKE DATA_LOADER
2020-09-10 06:21:50,769 - 00_train.py - 00_train.py - 108 - INFO - TRAINING
2020-09-10 06:22:25,131 - pytorch_modeler.py - pytorch_modeler.py - 181 - INFO - Epoch 1/100:train_score:34.112365, valid_score:12.783148
2020-09-10 06:22:59,456 - pytorch_modeler.py - pytorch_modeler.py - 181 - INFO - Epoch 2/100:train_score:11.645419, valid_score:13.633366
2020-09-10 06:23:33,822 - pytorch_modeler.py - pytorch_modeler.py - 181 - INFO - Epoch 3/100:train_score:11.027702, valid_score:11.101746
2020-09-10 06:24:08,456 - pytorch_modeler.py - pytorch_modeler.py - 181 - INFO - Epoch 4/100:train_score:10.809591, valid_score:11.123822
2020-09-10 06:24:42,755 - pytorch_modeler.py - pytorch_modeler.py - 181 - INFO - Epoch 5/100:train_score:10.668021, valid_score:10.685132
2020-09-10 06:25:17,175 - pytorch_modeler.py - pytorch_modeler.py - 181 - INFO - Epoch 6/100:train_score:10.587627, valid_score:10.680546
2020-09-10 06:25:51,563 - pytorch_modeler.py - pytorch_modeler.py - 181 - INFO - Epoch 7/100:train_score:10.529726, valid_score:10.590730
2020-09-10 06:26:26,061 - pytorch_modeler.py - pytorch_modeler.py - 181 - INFO - Epoch 8/100:train_score:10.480989, valid_score:10.521068
2020-09-10 06:27:00,359 - pytorch_modeler.py - pytorch_modeler.py - 181 - INFO - Epoch 9/100:train_score:10.446045, valid_score:10.495063
2020-09-10 06:27:34,694 - pytorch_modeler.py - pytorch_modeler.py - 181 - INFO - Epoch 10/100:train_score:10.422110, valid_score:10.494222
2020-09-10 06:28:09,098 - pytorch_modeler.py - pytorch_modeler.py - 181 - INFO - Epoch 11/100:train_score:10.395202, valid_score:10.417569
2020-09-10 06:28:43,532 - pytorch_modeler.py - pytorch_modeler.py - 181 - INFO - Epoch 12/100:train_score:10.376990, valid_score:10.406981
2020-09-10 06:29:17,523 - pytorch_modeler.py - pytorch_modeler.py - 181 - INFO - Epoch 13/100:train_score:10.361371, valid_score:10.380649
2020-09-10 06:29:51,825 - pytorch_modeler.py - pytorch_modeler.py - 181 - INFO - Epoch 14/100:train_score:10.346020, valid_score:10.402522
2020-09-10 06:30:25,571 - pytorch_modeler.py - pytorch_modeler.py - 181 - INFO - Epoch 15/100:train_score:10.334848, valid_score:10.328919
2020-09-10 06:30:59,128 - pytorch_modeler.py - pytorch_modeler.py - 181 - INFO - Epoch 16/100:train_score:10.323918, valid_score:10.353520
2020-09-10 06:31:33,545 - pytorch_modeler.py - pytorch_modeler.py - 181 - INFO - Epoch 17/100:train_score:10.312748, valid_score:10.318827
2020-09-10 06:32:07,996 - pytorch_modeler.py - pytorch_modeler.py - 181 - INFO - Epoch 18/100:train_score:10.302837, valid_score:10.328828
2020-09-10 06:32:42,203 - pytorch_modeler.py - pytorch_modeler.py - 181 - INFO - Epoch 19/100:train_score:10.295166, valid_score:10.311363
2020-09-10 06:33:16,606 - pytorch_modeler.py - pytorch_modeler.py - 181 - INFO - Epoch 20/100:train_score:10.287259, valid_score:10.342518
2020-09-10 06:33:50,954 - pytorch_modeler.py - pytorch_modeler.py - 181 - INFO - Epoch 21/100:train_score:10.279750, valid_score:10.290690
2020-09-10 06:34:25,389 - pytorch_modeler.py - pytorch_modeler.py - 181 - INFO - Epoch 22/100:train_score:10.272484, valid_score:10.299066
2020-09-10 06:34:59,695 - pytorch_modeler.py - pytorch_modeler.py - 181 - INFO - Epoch 23/100:train_score:10.263914, valid_score:10.262502
2020-09-10 06:35:33,157 - pytorch_modeler.py - pytorch_modeler.py - 181 - INFO - Epoch 24/100:train_score:10.259108, valid_score:10.260935
2020-09-10 06:36:06,677 - pytorch_modeler.py - pytorch_modeler.py - 181 - INFO - Epoch 25/100:train_score:10.253707, valid_score:10.253491
2020-09-10 06:36:40,182 - pytorch_modeler.py - pytorch_modeler.py - 181 - INFO - Epoch 26/100:train_score:10.249523, valid_score:10.262424
2020-09-10 06:37:14,839 - pytorch_modeler.py - pytorch_modeler.py - 181 - INFO - Epoch 27/100:train_score:10.244582, valid_score:10.374092
2020-09-10 06:37:49,416 - pytorch_modeler.py - pytorch_modeler.py - 181 - INFO - Epoch 28/100:train_score:10.239225, valid_score:10.383885
2020-09-10 06:38:23,776 - pytorch_modeler.py - pytorch_modeler.py - 181 - INFO - Epoch 29/100:train_score:10.234057, valid_score:10.245398
2020-09-10 06:38:57,648 - pytorch_modeler.py - pytorch_modeler.py - 181 - INFO - Epoch 30/100:train_score:10.230704, valid_score:10.241940
2020-09-10 06:39:31,201 - pytorch_modeler.py - pytorch_modeler.py - 181 - INFO - Epoch 31/100:train_score:10.225057, valid_score:10.245657
2020-09-10 06:40:05,573 - pytorch_modeler.py - pytorch_modeler.py - 181 - INFO - Epoch 32/100:train_score:10.221030, valid_score:10.249348
2020-09-10 06:40:39,675 - pytorch_modeler.py - pytorch_modeler.py - 181 - INFO - Epoch 33/100:train_score:10.218042, valid_score:10.237663
2020-09-10 06:41:13,957 - pytorch_modeler.py - pytorch_modeler.py - 181 - INFO - Epoch 34/100:train_score:10.215341, valid_score:10.252911
2020-09-10 06:41:48,153 - pytorch_modeler.py - pytorch_modeler.py - 181 - INFO - Epoch 35/100:train_score:10.208017, valid_score:10.203399
2020-09-10 06:42:21,980 - pytorch_modeler.py - pytorch_modeler.py - 181 - INFO - Epoch 36/100:train_score:10.204859, valid_score:10.265374
2020-09-10 06:42:56,648 - pytorch_modeler.py - pytorch_modeler.py - 181 - INFO - Epoch 37/100:train_score:10.201740, valid_score:10.199613
2020-09-10 06:43:31,087 - pytorch_modeler.py - pytorch_modeler.py - 181 - INFO - Epoch 38/100:train_score:10.198159, valid_score:10.196790
2020-09-10 06:44:05,469 - pytorch_modeler.py - pytorch_modeler.py - 181 - INFO - Epoch 39/100:train_score:10.195263, valid_score:10.202562
2020-09-10 06:44:39,741 - pytorch_modeler.py - pytorch_modeler.py - 181 - INFO - Epoch 40/100:train_score:10.192096, valid_score:10.191922
2020-09-10 06:45:13,884 - pytorch_modeler.py - pytorch_modeler.py - 181 - INFO - Epoch 41/100:train_score:10.195511, valid_score:10.193537
2020-09-10 06:45:47,971 - pytorch_modeler.py - pytorch_modeler.py - 181 - INFO - Epoch 42/100:train_score:10.186403, valid_score:10.182940
2020-09-10 06:46:22,251 - pytorch_modeler.py - pytorch_modeler.py - 181 - INFO - Epoch 43/100:train_score:10.185316, valid_score:10.182697
2020-09-10 06:46:56,627 - pytorch_modeler.py - pytorch_modeler.py - 181 - INFO - Epoch 44/100:train_score:10.181876, valid_score:10.176903
2020-09-10 06:47:31,082 - pytorch_modeler.py - pytorch_modeler.py - 181 - INFO - Epoch 45/100:train_score:10.187116, valid_score:10.197547
2020-09-10 06:48:05,161 - pytorch_modeler.py - pytorch_modeler.py - 181 - INFO - Epoch 46/100:train_score:10.175974, valid_score:10.176802
2020-09-10 06:48:39,638 - pytorch_modeler.py - pytorch_modeler.py - 181 - INFO - Epoch 47/100:train_score:10.172267, valid_score:10.169717
2020-09-10 06:49:14,067 - pytorch_modeler.py - pytorch_modeler.py - 181 - INFO - Epoch 48/100:train_score:10.171452, valid_score:10.160497
2020-09-10 06:49:48,377 - pytorch_modeler.py - pytorch_modeler.py - 181 - INFO - Epoch 49/100:train_score:10.167337, valid_score:10.326516
2020-09-10 06:50:22,298 - pytorch_modeler.py - pytorch_modeler.py - 181 - INFO - Epoch 50/100:train_score:10.167891, valid_score:10.174854
2020-09-10 06:50:56,379 - pytorch_modeler.py - pytorch_modeler.py - 181 - INFO - Epoch 51/100:train_score:10.164354, valid_score:10.163037
2020-09-10 06:51:30,741 - pytorch_modeler.py - pytorch_modeler.py - 181 - INFO - Epoch 52/100:train_score:10.161297, valid_score:10.169623
2020-09-10 06:52:05,120 - pytorch_modeler.py - pytorch_modeler.py - 181 - INFO - Epoch 53/100:train_score:10.161654, valid_score:10.176574
2020-09-10 06:52:39,499 - pytorch_modeler.py - pytorch_modeler.py - 181 - INFO - Epoch 54/100:train_score:10.158113, valid_score:10.166267
2020-09-10 06:53:14,282 - pytorch_modeler.py - pytorch_modeler.py - 181 - INFO - Epoch 55/100:train_score:10.155290, valid_score:10.152989
2020-09-10 06:53:48,584 - pytorch_modeler.py - pytorch_modeler.py - 181 - INFO - Epoch 56/100:train_score:10.164707, valid_score:10.144642
2020-09-10 06:54:22,877 - pytorch_modeler.py - pytorch_modeler.py - 181 - INFO - Epoch 57/100:train_score:10.151917, valid_score:10.150988
2020-09-10 06:54:57,375 - pytorch_modeler.py - pytorch_modeler.py - 181 - INFO - Epoch 58/100:train_score:10.149885, valid_score:10.157575
2020-09-10 06:55:31,229 - pytorch_modeler.py - pytorch_modeler.py - 181 - INFO - Epoch 59/100:train_score:10.148834, valid_score:10.140710
2020-09-10 06:56:05,429 - pytorch_modeler.py - pytorch_modeler.py - 181 - INFO - Epoch 60/100:train_score:10.145765, valid_score:10.140862
2020-09-10 06:56:39,744 - pytorch_modeler.py - pytorch_modeler.py - 181 - INFO - Epoch 61/100:train_score:10.146044, valid_score:10.140626
2020-09-10 06:57:14,234 - pytorch_modeler.py - pytorch_modeler.py - 181 - INFO - Epoch 62/100:train_score:10.144382, valid_score:10.136249
2020-09-10 06:57:48,673 - pytorch_modeler.py - pytorch_modeler.py - 181 - INFO - Epoch 63/100:train_score:10.143786, valid_score:10.145951
2020-09-10 06:58:23,236 - pytorch_modeler.py - pytorch_modeler.py - 181 - INFO - Epoch 64/100:train_score:10.141179, valid_score:10.132069
2020-09-10 06:58:57,399 - pytorch_modeler.py - pytorch_modeler.py - 181 - INFO - Epoch 65/100:train_score:10.140068, valid_score:10.129231
2020-09-10 06:59:31,715 - pytorch_modeler.py - pytorch_modeler.py - 181 - INFO - Epoch 66/100:train_score:10.137879, valid_score:10.145149
2020-09-10 07:00:06,159 - pytorch_modeler.py - pytorch_modeler.py - 181 - INFO - Epoch 67/100:train_score:10.135599, valid_score:10.126877
2020-09-10 07:00:40,336 - pytorch_modeler.py - pytorch_modeler.py - 181 - INFO - Epoch 68/100:train_score:10.133264, valid_score:10.131927
2020-09-10 07:01:14,806 - pytorch_modeler.py - pytorch_modeler.py - 181 - INFO - Epoch 69/100:train_score:10.131799, valid_score:10.133618
2020-09-10 07:01:49,385 - pytorch_modeler.py - pytorch_modeler.py - 181 - INFO - Epoch 70/100:train_score:10.129462, valid_score:10.133944
2020-09-10 07:02:23,800 - pytorch_modeler.py - pytorch_modeler.py - 181 - INFO - Epoch 71/100:train_score:10.129902, valid_score:10.121312
2020-09-10 07:02:58,203 - pytorch_modeler.py - pytorch_modeler.py - 181 - INFO - Epoch 72/100:train_score:10.127597, valid_score:10.116557
2020-09-10 07:03:32,642 - pytorch_modeler.py - pytorch_modeler.py - 181 - INFO - Epoch 73/100:train_score:10.125433, valid_score:10.120167
2020-09-10 07:04:06,805 - pytorch_modeler.py - pytorch_modeler.py - 181 - INFO - Epoch 74/100:train_score:10.126912, valid_score:10.126960
2020-09-10 07:04:41,451 - pytorch_modeler.py - pytorch_modeler.py - 181 - INFO - Epoch 75/100:train_score:10.122044, valid_score:10.108805
2020-09-10 07:05:15,836 - pytorch_modeler.py - pytorch_modeler.py - 181 - INFO - Epoch 76/100:train_score:10.120865, valid_score:10.122086
2020-09-10 07:05:50,291 - pytorch_modeler.py - pytorch_modeler.py - 181 - INFO - Epoch 77/100:train_score:10.118618, valid_score:10.148963
2020-09-10 07:06:24,981 - pytorch_modeler.py - pytorch_modeler.py - 181 - INFO - Epoch 78/100:train_score:10.119556, valid_score:10.107426
2020-09-10 07:06:59,555 - pytorch_modeler.py - pytorch_modeler.py - 181 - INFO - Epoch 79/100:train_score:10.118544, valid_score:10.104269
2020-09-10 07:07:34,099 - pytorch_modeler.py - pytorch_modeler.py - 181 - INFO - Epoch 80/100:train_score:10.115475, valid_score:10.099501
2020-09-10 07:08:08,509 - pytorch_modeler.py - pytorch_modeler.py - 181 - INFO - Epoch 81/100:train_score:10.113752, valid_score:10.114312
2020-09-10 07:08:42,925 - pytorch_modeler.py - pytorch_modeler.py - 181 - INFO - Epoch 82/100:train_score:10.115161, valid_score:10.105021
2020-09-10 07:09:17,525 - pytorch_modeler.py - pytorch_modeler.py - 181 - INFO - Epoch 83/100:train_score:10.111428, valid_score:10.113370
2020-09-10 07:09:51,865 - pytorch_modeler.py - pytorch_modeler.py - 181 - INFO - Epoch 84/100:train_score:10.113766, valid_score:10.108971
2020-09-10 07:10:26,447 - pytorch_modeler.py - pytorch_modeler.py - 181 - INFO - Epoch 85/100:train_score:10.111754, valid_score:10.105437
2020-09-10 07:11:00,910 - pytorch_modeler.py - pytorch_modeler.py - 181 - INFO - Epoch 86/100:train_score:10.111027, valid_score:10.105236
2020-09-10 07:11:35,370 - pytorch_modeler.py - pytorch_modeler.py - 181 - INFO - Epoch 87/100:train_score:10.108288, valid_score:10.096572
2020-09-10 07:12:09,811 - pytorch_modeler.py - pytorch_modeler.py - 181 - INFO - Epoch 88/100:train_score:10.107302, valid_score:10.099363
2020-09-10 07:12:44,021 - pytorch_modeler.py - pytorch_modeler.py - 181 - INFO - Epoch 89/100:train_score:10.106592, valid_score:10.094940
2020-09-10 07:13:18,347 - pytorch_modeler.py - pytorch_modeler.py - 181 - INFO - Epoch 90/100:train_score:10.106652, valid_score:10.109005
2020-09-10 07:13:52,676 - pytorch_modeler.py - pytorch_modeler.py - 181 - INFO - Epoch 91/100:train_score:10.103184, valid_score:10.101679
2020-09-10 07:14:26,949 - pytorch_modeler.py - pytorch_modeler.py - 181 - INFO - Epoch 92/100:train_score:10.101962, valid_score:10.098806
2020-09-10 07:15:01,481 - pytorch_modeler.py - pytorch_modeler.py - 181 - INFO - Epoch 93/100:train_score:10.105838, valid_score:10.091433
2020-09-10 07:15:36,053 - pytorch_modeler.py - pytorch_modeler.py - 181 - INFO - Epoch 94/100:train_score:10.100652, valid_score:10.098166
2020-09-10 07:16:10,499 - pytorch_modeler.py - pytorch_modeler.py - 181 - INFO - Epoch 95/100:train_score:10.098874, valid_score:10.086476
2020-09-10 07:16:44,834 - pytorch_modeler.py - pytorch_modeler.py - 181 - INFO - Epoch 96/100:train_score:10.097951, valid_score:10.091838
2020-09-10 07:17:19,677 - pytorch_modeler.py - pytorch_modeler.py - 181 - INFO - Epoch 97/100:train_score:10.098298, valid_score:10.112403
2020-09-10 07:17:53,925 - pytorch_modeler.py - pytorch_modeler.py - 181 - INFO - Epoch 98/100:train_score:10.097497, valid_score:10.092783
2020-09-10 07:18:28,410 - pytorch_modeler.py - pytorch_modeler.py - 181 - INFO - Epoch 99/100:train_score:10.095900, valid_score:10.107003
2020-09-10 07:19:02,751 - pytorch_modeler.py - pytorch_modeler.py - 181 - INFO - Epoch 100/100:train_score:10.094464, valid_score:10.082427
2020-09-10 07:19:02,760 - 00_train.py - 00_train.py - 120 - INFO - 
 success:ToyConveyor 
model_out_path ==> 
 /media/hiroki/working/research/dcase2020/result/baseline_1D/models/ToyConveyor_model.pth
2020-09-10 07:19:02,900 - 00_train.py - 00_train.py - 100 - INFO - TARGET MACHINE_TYPE: valve
2020-09-10 07:19:02,900 - 00_train.py - 00_train.py - 101 - INFO - MAKE DATA_LOADER
2020-09-10 07:20:11,731 - 00_train.py - 00_train.py - 108 - INFO - TRAINING
2020-09-10 07:20:45,287 - pytorch_modeler.py - pytorch_modeler.py - 181 - INFO - Epoch 1/100:train_score:56.625429, valid_score:12.494655
2020-09-10 07:21:17,875 - pytorch_modeler.py - pytorch_modeler.py - 181 - INFO - Epoch 2/100:train_score:11.321533, valid_score:11.386310
2020-09-10 07:21:51,308 - pytorch_modeler.py - pytorch_modeler.py - 181 - INFO - Epoch 3/100:train_score:10.736706, valid_score:10.856849
2020-09-10 07:22:24,751 - pytorch_modeler.py - pytorch_modeler.py - 181 - INFO - Epoch 4/100:train_score:10.484698, valid_score:10.645336
2020-09-10 07:22:58,079 - pytorch_modeler.py - pytorch_modeler.py - 181 - INFO - Epoch 5/100:train_score:10.340564, valid_score:10.535913
2020-09-10 07:23:31,595 - pytorch_modeler.py - pytorch_modeler.py - 181 - INFO - Epoch 6/100:train_score:10.251645, valid_score:10.442647
2020-09-10 07:24:04,891 - pytorch_modeler.py - pytorch_modeler.py - 181 - INFO - Epoch 7/100:train_score:10.184340, valid_score:10.437370
2020-09-10 07:24:38,475 - pytorch_modeler.py - pytorch_modeler.py - 181 - INFO - Epoch 8/100:train_score:10.129342, valid_score:10.381745
2020-09-10 07:25:11,956 - pytorch_modeler.py - pytorch_modeler.py - 181 - INFO - Epoch 9/100:train_score:10.087950, valid_score:10.268538
2020-09-10 07:25:45,304 - pytorch_modeler.py - pytorch_modeler.py - 181 - INFO - Epoch 10/100:train_score:10.059472, valid_score:10.254400
2020-09-10 07:26:18,538 - pytorch_modeler.py - pytorch_modeler.py - 181 - INFO - Epoch 11/100:train_score:10.026700, valid_score:10.281204
2020-09-10 07:26:51,947 - pytorch_modeler.py - pytorch_modeler.py - 181 - INFO - Epoch 12/100:train_score:10.000918, valid_score:10.234586
2020-09-10 07:27:25,623 - pytorch_modeler.py - pytorch_modeler.py - 181 - INFO - Epoch 13/100:train_score:9.983051, valid_score:10.190316
2020-09-10 07:27:58,753 - pytorch_modeler.py - pytorch_modeler.py - 181 - INFO - Epoch 14/100:train_score:9.964677, valid_score:10.241146
2020-09-10 07:28:31,950 - pytorch_modeler.py - pytorch_modeler.py - 181 - INFO - Epoch 15/100:train_score:9.956264, valid_score:10.184244
2020-09-10 07:29:05,383 - pytorch_modeler.py - pytorch_modeler.py - 181 - INFO - Epoch 16/100:train_score:9.933342, valid_score:10.150668
2020-09-10 07:29:38,790 - pytorch_modeler.py - pytorch_modeler.py - 181 - INFO - Epoch 17/100:train_score:9.919569, valid_score:10.137973
2020-09-10 07:30:12,039 - pytorch_modeler.py - pytorch_modeler.py - 181 - INFO - Epoch 18/100:train_score:9.912374, valid_score:10.118242
2020-09-10 07:30:45,266 - pytorch_modeler.py - pytorch_modeler.py - 181 - INFO - Epoch 19/100:train_score:9.899767, valid_score:10.143238
2020-09-10 07:31:18,818 - pytorch_modeler.py - pytorch_modeler.py - 181 - INFO - Epoch 20/100:train_score:9.890121, valid_score:10.129413
2020-09-10 07:31:52,328 - pytorch_modeler.py - pytorch_modeler.py - 181 - INFO - Epoch 21/100:train_score:9.878973, valid_score:10.097993
2020-09-10 07:32:25,872 - pytorch_modeler.py - pytorch_modeler.py - 181 - INFO - Epoch 22/100:train_score:9.870109, valid_score:10.100203
2020-09-10 07:32:59,469 - pytorch_modeler.py - pytorch_modeler.py - 181 - INFO - Epoch 23/100:train_score:9.864000, valid_score:10.105084
2020-09-10 07:33:32,626 - pytorch_modeler.py - pytorch_modeler.py - 181 - INFO - Epoch 24/100:train_score:9.856704, valid_score:10.086834
2020-09-10 07:34:06,057 - pytorch_modeler.py - pytorch_modeler.py - 181 - INFO - Epoch 25/100:train_score:9.850178, valid_score:10.072195
2020-09-10 07:34:39,658 - pytorch_modeler.py - pytorch_modeler.py - 181 - INFO - Epoch 26/100:train_score:9.843768, valid_score:10.121825
2020-09-10 07:35:12,539 - pytorch_modeler.py - pytorch_modeler.py - 181 - INFO - Epoch 27/100:train_score:9.837032, valid_score:10.096309
2020-09-10 07:35:45,900 - pytorch_modeler.py - pytorch_modeler.py - 181 - INFO - Epoch 28/100:train_score:9.832648, valid_score:10.090733
2020-09-10 07:36:19,235 - pytorch_modeler.py - pytorch_modeler.py - 181 - INFO - Epoch 29/100:train_score:9.826001, valid_score:10.098466
2020-09-10 07:36:52,592 - pytorch_modeler.py - pytorch_modeler.py - 181 - INFO - Epoch 30/100:train_score:9.820302, valid_score:10.075789
2020-09-10 07:37:25,965 - pytorch_modeler.py - pytorch_modeler.py - 181 - INFO - Epoch 31/100:train_score:9.818049, valid_score:10.036584
2020-09-10 07:37:59,281 - pytorch_modeler.py - pytorch_modeler.py - 181 - INFO - Epoch 32/100:train_score:9.810855, valid_score:10.133077
2020-09-10 07:38:32,692 - pytorch_modeler.py - pytorch_modeler.py - 181 - INFO - Epoch 33/100:train_score:9.807798, valid_score:10.055976
2020-09-10 07:39:06,173 - pytorch_modeler.py - pytorch_modeler.py - 181 - INFO - Epoch 34/100:train_score:9.806572, valid_score:10.072985
2020-09-10 07:39:39,706 - pytorch_modeler.py - pytorch_modeler.py - 181 - INFO - Epoch 35/100:train_score:9.803241, valid_score:10.074019
2020-09-10 07:40:13,402 - pytorch_modeler.py - pytorch_modeler.py - 181 - INFO - Epoch 36/100:train_score:9.793662, valid_score:10.027211
2020-09-10 07:40:46,771 - pytorch_modeler.py - pytorch_modeler.py - 181 - INFO - Epoch 37/100:train_score:9.790418, valid_score:10.032865
2020-09-10 07:41:20,076 - pytorch_modeler.py - pytorch_modeler.py - 181 - INFO - Epoch 38/100:train_score:9.787357, valid_score:10.062928
2020-09-10 07:41:53,500 - pytorch_modeler.py - pytorch_modeler.py - 181 - INFO - Epoch 39/100:train_score:9.782284, valid_score:10.071034
2020-09-10 07:42:26,938 - pytorch_modeler.py - pytorch_modeler.py - 181 - INFO - Epoch 40/100:train_score:9.779992, valid_score:10.008483
2020-09-10 07:43:00,313 - pytorch_modeler.py - pytorch_modeler.py - 181 - INFO - Epoch 41/100:train_score:9.775667, valid_score:10.022453
2020-09-10 07:43:33,817 - pytorch_modeler.py - pytorch_modeler.py - 181 - INFO - Epoch 42/100:train_score:9.772276, valid_score:10.060232
2020-09-10 07:44:07,036 - pytorch_modeler.py - pytorch_modeler.py - 181 - INFO - Epoch 43/100:train_score:9.772787, valid_score:10.048858
2020-09-10 07:44:40,050 - pytorch_modeler.py - pytorch_modeler.py - 181 - INFO - Epoch 44/100:train_score:9.765980, valid_score:10.019527
2020-09-10 07:45:12,898 - pytorch_modeler.py - pytorch_modeler.py - 181 - INFO - Epoch 45/100:train_score:9.763556, valid_score:10.006066
2020-09-10 07:45:46,068 - pytorch_modeler.py - pytorch_modeler.py - 181 - INFO - Epoch 46/100:train_score:9.759505, valid_score:10.058609
2020-09-10 07:46:18,870 - pytorch_modeler.py - pytorch_modeler.py - 181 - INFO - Epoch 47/100:train_score:9.755649, valid_score:10.049281
2020-09-10 07:46:52,259 - pytorch_modeler.py - pytorch_modeler.py - 181 - INFO - Epoch 48/100:train_score:9.758490, valid_score:9.982676
2020-09-10 07:47:25,036 - pytorch_modeler.py - pytorch_modeler.py - 181 - INFO - Epoch 49/100:train_score:9.751025, valid_score:9.989664
2020-09-10 07:47:58,214 - pytorch_modeler.py - pytorch_modeler.py - 181 - INFO - Epoch 50/100:train_score:9.750905, valid_score:10.005362
2020-09-10 07:48:31,750 - pytorch_modeler.py - pytorch_modeler.py - 181 - INFO - Epoch 51/100:train_score:9.745659, valid_score:9.996197
2020-09-10 07:49:05,255 - pytorch_modeler.py - pytorch_modeler.py - 181 - INFO - Epoch 52/100:train_score:9.743432, valid_score:9.994548
2020-09-10 07:49:38,717 - pytorch_modeler.py - pytorch_modeler.py - 181 - INFO - Epoch 53/100:train_score:9.743536, valid_score:9.987362
2020-09-10 07:50:12,012 - pytorch_modeler.py - pytorch_modeler.py - 181 - INFO - Epoch 54/100:train_score:9.739350, valid_score:10.024408
2020-09-10 07:50:44,553 - pytorch_modeler.py - pytorch_modeler.py - 181 - INFO - Epoch 55/100:train_score:9.740049, valid_score:9.980473
2020-09-10 07:51:18,108 - pytorch_modeler.py - pytorch_modeler.py - 181 - INFO - Epoch 56/100:train_score:9.735308, valid_score:9.979786
2020-09-10 07:51:51,572 - pytorch_modeler.py - pytorch_modeler.py - 181 - INFO - Epoch 57/100:train_score:9.731758, valid_score:9.992047
2020-09-10 07:52:25,248 - pytorch_modeler.py - pytorch_modeler.py - 181 - INFO - Epoch 58/100:train_score:9.731636, valid_score:10.012823
2020-09-10 07:52:58,603 - pytorch_modeler.py - pytorch_modeler.py - 181 - INFO - Epoch 59/100:train_score:9.728839, valid_score:9.993150
2020-09-10 07:53:31,982 - pytorch_modeler.py - pytorch_modeler.py - 181 - INFO - Epoch 60/100:train_score:9.727178, valid_score:9.964530
2020-09-10 07:54:05,366 - pytorch_modeler.py - pytorch_modeler.py - 181 - INFO - Epoch 61/100:train_score:9.723953, valid_score:10.001264
2020-09-10 07:54:38,733 - pytorch_modeler.py - pytorch_modeler.py - 181 - INFO - Epoch 62/100:train_score:9.723116, valid_score:9.983836
2020-09-10 07:55:12,137 - pytorch_modeler.py - pytorch_modeler.py - 181 - INFO - Epoch 63/100:train_score:9.719933, valid_score:9.984640
2020-09-10 07:55:44,807 - pytorch_modeler.py - pytorch_modeler.py - 181 - INFO - Epoch 64/100:train_score:9.718388, valid_score:9.963302
2020-09-10 07:56:17,375 - pytorch_modeler.py - pytorch_modeler.py - 181 - INFO - Epoch 65/100:train_score:9.716197, valid_score:9.973058
2020-09-10 07:56:50,914 - pytorch_modeler.py - pytorch_modeler.py - 181 - INFO - Epoch 66/100:train_score:9.713439, valid_score:9.947961
2020-09-10 07:57:23,622 - pytorch_modeler.py - pytorch_modeler.py - 181 - INFO - Epoch 67/100:train_score:9.713433, valid_score:9.954733
2020-09-10 07:57:57,341 - pytorch_modeler.py - pytorch_modeler.py - 181 - INFO - Epoch 68/100:train_score:9.712931, valid_score:9.957740
2020-09-10 07:58:31,026 - pytorch_modeler.py - pytorch_modeler.py - 181 - INFO - Epoch 69/100:train_score:9.709582, valid_score:9.957654
2020-09-10 07:59:04,657 - pytorch_modeler.py - pytorch_modeler.py - 181 - INFO - Epoch 70/100:train_score:9.707933, valid_score:9.945227
2020-09-10 07:59:38,054 - pytorch_modeler.py - pytorch_modeler.py - 181 - INFO - Epoch 71/100:train_score:9.706532, valid_score:10.013419
2020-09-10 08:00:11,502 - pytorch_modeler.py - pytorch_modeler.py - 181 - INFO - Epoch 72/100:train_score:9.704790, valid_score:9.942172
2020-09-10 08:00:44,896 - pytorch_modeler.py - pytorch_modeler.py - 181 - INFO - Epoch 73/100:train_score:9.704344, valid_score:9.977852
2020-09-10 08:01:18,383 - pytorch_modeler.py - pytorch_modeler.py - 181 - INFO - Epoch 74/100:train_score:9.700895, valid_score:9.955925
2020-09-10 08:01:51,764 - pytorch_modeler.py - pytorch_modeler.py - 181 - INFO - Epoch 75/100:train_score:9.700844, valid_score:9.963586
2020-09-10 08:02:25,160 - pytorch_modeler.py - pytorch_modeler.py - 181 - INFO - Epoch 76/100:train_score:9.697647, valid_score:10.006814
2020-09-10 08:02:58,590 - pytorch_modeler.py - pytorch_modeler.py - 181 - INFO - Epoch 77/100:train_score:9.697035, valid_score:10.564707
2020-09-10 08:03:31,832 - pytorch_modeler.py - pytorch_modeler.py - 181 - INFO - Epoch 78/100:train_score:9.696977, valid_score:9.934477
2020-09-10 08:04:05,285 - pytorch_modeler.py - pytorch_modeler.py - 181 - INFO - Epoch 79/100:train_score:9.692701, valid_score:10.005949
2020-09-10 08:04:38,663 - pytorch_modeler.py - pytorch_modeler.py - 181 - INFO - Epoch 80/100:train_score:9.692010, valid_score:9.944087
2020-09-10 08:05:12,219 - pytorch_modeler.py - pytorch_modeler.py - 181 - INFO - Epoch 81/100:train_score:9.693183, valid_score:9.974139
2020-09-10 08:05:45,606 - pytorch_modeler.py - pytorch_modeler.py - 181 - INFO - Epoch 82/100:train_score:9.689094, valid_score:9.957444
2020-09-10 08:06:18,153 - pytorch_modeler.py - pytorch_modeler.py - 181 - INFO - Epoch 83/100:train_score:9.687895, valid_score:9.948982
2020-09-10 08:06:50,748 - pytorch_modeler.py - pytorch_modeler.py - 181 - INFO - Epoch 84/100:train_score:9.688152, valid_score:9.939759
2020-09-10 08:07:23,405 - pytorch_modeler.py - pytorch_modeler.py - 181 - INFO - Epoch 85/100:train_score:9.685403, valid_score:9.995629
2020-09-10 08:07:56,854 - pytorch_modeler.py - pytorch_modeler.py - 181 - INFO - Epoch 86/100:train_score:9.684819, valid_score:9.931289
2020-09-10 08:08:30,425 - pytorch_modeler.py - pytorch_modeler.py - 181 - INFO - Epoch 87/100:train_score:9.682882, valid_score:9.945090
2020-09-10 08:09:03,827 - pytorch_modeler.py - pytorch_modeler.py - 181 - INFO - Epoch 88/100:train_score:9.681273, valid_score:9.937415
2020-09-10 08:09:37,296 - pytorch_modeler.py - pytorch_modeler.py - 181 - INFO - Epoch 89/100:train_score:9.680503, valid_score:9.955722
2020-09-10 08:10:10,559 - pytorch_modeler.py - pytorch_modeler.py - 181 - INFO - Epoch 90/100:train_score:9.678447, valid_score:9.934553
2020-09-10 08:10:44,146 - pytorch_modeler.py - pytorch_modeler.py - 181 - INFO - Epoch 91/100:train_score:9.677735, valid_score:9.918934
2020-09-10 08:11:17,499 - pytorch_modeler.py - pytorch_modeler.py - 181 - INFO - Epoch 92/100:train_score:9.678367, valid_score:9.924396
2020-09-10 08:11:50,733 - pytorch_modeler.py - pytorch_modeler.py - 181 - INFO - Epoch 93/100:train_score:9.673832, valid_score:9.944211
2020-09-10 08:12:23,416 - pytorch_modeler.py - pytorch_modeler.py - 181 - INFO - Epoch 94/100:train_score:9.675788, valid_score:9.922777
2020-09-10 08:12:56,377 - pytorch_modeler.py - pytorch_modeler.py - 181 - INFO - Epoch 95/100:train_score:9.674383, valid_score:9.925036
2020-09-10 08:13:29,836 - pytorch_modeler.py - pytorch_modeler.py - 181 - INFO - Epoch 96/100:train_score:9.673283, valid_score:10.023824
2020-09-10 08:14:03,385 - pytorch_modeler.py - pytorch_modeler.py - 181 - INFO - Epoch 97/100:train_score:9.671158, valid_score:9.934771
2020-09-10 08:14:37,066 - pytorch_modeler.py - pytorch_modeler.py - 181 - INFO - Epoch 98/100:train_score:9.670622, valid_score:9.995245
2020-09-10 08:15:10,686 - pytorch_modeler.py - pytorch_modeler.py - 181 - INFO - Epoch 99/100:train_score:9.670082, valid_score:9.951578
2020-09-10 08:15:44,020 - pytorch_modeler.py - pytorch_modeler.py - 181 - INFO - Epoch 100/100:train_score:9.668347, valid_score:9.984578
2020-09-10 08:15:44,030 - 00_train.py - 00_train.py - 120 - INFO - 
 success:valve 
model_out_path ==> 
 /media/hiroki/working/research/dcase2020/result/baseline_1D/models/valve_model.pth
