2020-09-08 00:44:28,687 - pytorch_modeler.py - pytorch_modeler.py - 168 - INFO - Epoch 1/100:train_score:60699.269215, valid_score:2606.477914
2020-09-08 00:45:59,872 - pytorch_modeler.py - pytorch_modeler.py - 168 - INFO - Epoch 2/100:train_score:7558.318730, valid_score:419.315491
2020-09-08 00:47:33,803 - pytorch_modeler.py - pytorch_modeler.py - 168 - INFO - Epoch 3/100:train_score:2586.304236, valid_score:274.044444
2020-09-08 00:49:09,037 - pytorch_modeler.py - pytorch_modeler.py - 168 - INFO - Epoch 4/100:train_score:2452.614073, valid_score:264.578078
2020-09-08 00:50:41,778 - pytorch_modeler.py - pytorch_modeler.py - 168 - INFO - Epoch 5/100:train_score:2385.547496, valid_score:286.846236
2020-09-08 00:52:20,303 - pytorch_modeler.py - pytorch_modeler.py - 168 - INFO - Epoch 6/100:train_score:2301.236979, valid_score:282.666363
2020-09-08 00:53:53,542 - pytorch_modeler.py - pytorch_modeler.py - 168 - INFO - Epoch 7/100:train_score:2252.592929, valid_score:255.115304
2020-09-08 00:55:27,162 - pytorch_modeler.py - pytorch_modeler.py - 168 - INFO - Epoch 8/100:train_score:2215.573658, valid_score:244.024474
2020-09-08 00:56:59,892 - pytorch_modeler.py - pytorch_modeler.py - 168 - INFO - Epoch 9/100:train_score:2202.417865, valid_score:474.528387
2020-09-08 00:58:35,645 - pytorch_modeler.py - pytorch_modeler.py - 168 - INFO - Epoch 10/100:train_score:2170.456214, valid_score:248.373602
2020-09-08 01:00:09,633 - pytorch_modeler.py - pytorch_modeler.py - 168 - INFO - Epoch 11/100:train_score:2174.463891, valid_score:237.965440
2020-09-08 01:01:39,908 - pytorch_modeler.py - pytorch_modeler.py - 168 - INFO - Epoch 12/100:train_score:2126.753156, valid_score:259.477262
2020-09-08 01:03:12,960 - pytorch_modeler.py - pytorch_modeler.py - 168 - INFO - Epoch 13/100:train_score:2139.796501, valid_score:380.714301
2020-09-08 01:04:43,479 - pytorch_modeler.py - pytorch_modeler.py - 168 - INFO - Epoch 14/100:train_score:2107.046948, valid_score:295.491915
2020-09-08 01:06:13,419 - pytorch_modeler.py - pytorch_modeler.py - 168 - INFO - Epoch 15/100:train_score:2109.708898, valid_score:246.716508
2020-09-08 01:07:45,532 - pytorch_modeler.py - pytorch_modeler.py - 168 - INFO - Epoch 16/100:train_score:2095.921842, valid_score:263.727702
2020-09-08 01:09:16,604 - pytorch_modeler.py - pytorch_modeler.py - 168 - INFO - Epoch 17/100:train_score:2048.100659, valid_score:266.798602
2020-09-08 01:10:44,987 - pytorch_modeler.py - pytorch_modeler.py - 168 - INFO - Epoch 18/100:train_score:2033.276405, valid_score:309.652915
2020-09-08 01:12:15,769 - pytorch_modeler.py - pytorch_modeler.py - 168 - INFO - Epoch 19/100:train_score:2033.521489, valid_score:263.859747
2020-09-08 01:13:45,864 - pytorch_modeler.py - pytorch_modeler.py - 168 - INFO - Epoch 20/100:train_score:2021.150804, valid_score:348.368331
2020-09-08 01:15:15,990 - pytorch_modeler.py - pytorch_modeler.py - 168 - INFO - Epoch 21/100:train_score:1989.086084, valid_score:320.547156
2020-09-08 01:16:43,375 - pytorch_modeler.py - pytorch_modeler.py - 168 - INFO - Epoch 22/100:train_score:1997.721212, valid_score:254.443868
2020-09-08 01:18:15,119 - pytorch_modeler.py - pytorch_modeler.py - 168 - INFO - Epoch 23/100:train_score:1974.511812, valid_score:240.228256
2020-09-08 01:19:46,097 - pytorch_modeler.py - pytorch_modeler.py - 168 - INFO - Epoch 24/100:train_score:1962.131746, valid_score:245.635433
2020-09-08 01:21:15,755 - pytorch_modeler.py - pytorch_modeler.py - 168 - INFO - Epoch 25/100:train_score:1949.317436, valid_score:239.825742
2020-09-08 01:22:40,421 - pytorch_modeler.py - pytorch_modeler.py - 168 - INFO - Epoch 26/100:train_score:1932.916048, valid_score:250.951978
2020-09-08 01:24:09,790 - pytorch_modeler.py - pytorch_modeler.py - 168 - INFO - Epoch 27/100:train_score:1911.684265, valid_score:244.410172
2020-09-08 01:25:37,853 - pytorch_modeler.py - pytorch_modeler.py - 168 - INFO - Epoch 28/100:train_score:1902.212318, valid_score:242.319559
2020-09-08 01:27:10,687 - pytorch_modeler.py - pytorch_modeler.py - 168 - INFO - Epoch 29/100:train_score:1889.800062, valid_score:252.114376
2020-09-08 01:28:38,285 - pytorch_modeler.py - pytorch_modeler.py - 168 - INFO - Epoch 30/100:train_score:1885.452418, valid_score:244.568226
2020-09-08 01:30:05,023 - pytorch_modeler.py - pytorch_modeler.py - 168 - INFO - Epoch 31/100:train_score:1866.623745, valid_score:260.797235
2020-09-08 01:31:31,720 - pytorch_modeler.py - pytorch_modeler.py - 168 - INFO - Epoch 32/100:train_score:1842.869657, valid_score:260.505893
2020-09-08 01:33:04,631 - pytorch_modeler.py - pytorch_modeler.py - 168 - INFO - Epoch 33/100:train_score:1823.711940, valid_score:239.915800
2020-09-08 01:34:34,827 - pytorch_modeler.py - pytorch_modeler.py - 168 - INFO - Epoch 34/100:train_score:1816.746907, valid_score:256.007131
2020-09-08 01:36:02,313 - pytorch_modeler.py - pytorch_modeler.py - 168 - INFO - Epoch 35/100:train_score:1805.572514, valid_score:331.071752
2020-09-08 01:37:31,332 - pytorch_modeler.py - pytorch_modeler.py - 168 - INFO - Epoch 36/100:train_score:1811.519917, valid_score:233.764110
2020-09-08 01:39:02,015 - pytorch_modeler.py - pytorch_modeler.py - 168 - INFO - Epoch 37/100:train_score:1793.783327, valid_score:245.547525
2020-09-08 01:40:31,915 - pytorch_modeler.py - pytorch_modeler.py - 168 - INFO - Epoch 38/100:train_score:1758.880968, valid_score:231.357485
2020-09-08 01:42:01,586 - pytorch_modeler.py - pytorch_modeler.py - 168 - INFO - Epoch 39/100:train_score:1746.411785, valid_score:315.303959
2020-09-08 01:43:31,056 - pytorch_modeler.py - pytorch_modeler.py - 168 - INFO - Epoch 40/100:train_score:1714.334370, valid_score:300.966638
2020-09-08 01:44:59,204 - pytorch_modeler.py - pytorch_modeler.py - 168 - INFO - Epoch 41/100:train_score:1719.204208, valid_score:277.729739
2020-09-08 01:46:29,074 - pytorch_modeler.py - pytorch_modeler.py - 168 - INFO - Epoch 42/100:train_score:1702.694895, valid_score:274.067756
2020-09-08 01:48:00,065 - pytorch_modeler.py - pytorch_modeler.py - 168 - INFO - Epoch 43/100:train_score:1685.374502, valid_score:271.198327
2020-09-08 01:49:28,778 - pytorch_modeler.py - pytorch_modeler.py - 168 - INFO - Epoch 44/100:train_score:1677.573023, valid_score:251.274279
2020-09-08 01:50:57,616 - pytorch_modeler.py - pytorch_modeler.py - 168 - INFO - Epoch 45/100:train_score:1665.540555, valid_score:277.303533
2020-09-08 01:52:30,502 - pytorch_modeler.py - pytorch_modeler.py - 168 - INFO - Epoch 46/100:train_score:1649.348538, valid_score:294.925288
2020-09-08 01:53:59,604 - pytorch_modeler.py - pytorch_modeler.py - 168 - INFO - Epoch 47/100:train_score:1639.702098, valid_score:273.597477
2020-09-08 01:55:30,229 - pytorch_modeler.py - pytorch_modeler.py - 168 - INFO - Epoch 48/100:train_score:1626.278713, valid_score:295.395079
2020-09-08 01:57:03,277 - pytorch_modeler.py - pytorch_modeler.py - 168 - INFO - Epoch 49/100:train_score:1605.721201, valid_score:282.735964
2020-09-08 01:58:35,417 - pytorch_modeler.py - pytorch_modeler.py - 168 - INFO - Epoch 50/100:train_score:1604.498789, valid_score:235.746139
2020-09-08 02:00:03,757 - pytorch_modeler.py - pytorch_modeler.py - 168 - INFO - Epoch 51/100:train_score:1593.461671, valid_score:244.894307
2020-09-08 02:01:33,656 - pytorch_modeler.py - pytorch_modeler.py - 168 - INFO - Epoch 52/100:train_score:1603.631110, valid_score:250.501350
2020-09-08 02:02:59,190 - pytorch_modeler.py - pytorch_modeler.py - 168 - INFO - Epoch 53/100:train_score:1614.246123, valid_score:229.422425
2020-09-08 02:04:30,918 - pytorch_modeler.py - pytorch_modeler.py - 168 - INFO - Epoch 54/100:train_score:1606.438267, valid_score:268.730867
2020-09-08 02:06:00,615 - pytorch_modeler.py - pytorch_modeler.py - 168 - INFO - Epoch 55/100:train_score:1589.917705, valid_score:238.828916
2020-09-08 02:07:31,518 - pytorch_modeler.py - pytorch_modeler.py - 168 - INFO - Epoch 56/100:train_score:1586.619272, valid_score:239.880894
2020-09-08 02:09:02,680 - pytorch_modeler.py - pytorch_modeler.py - 168 - INFO - Epoch 57/100:train_score:1573.600896, valid_score:244.213340
2020-09-08 02:10:34,968 - pytorch_modeler.py - pytorch_modeler.py - 168 - INFO - Epoch 58/100:train_score:1569.827317, valid_score:229.603712
2020-09-08 02:12:05,515 - pytorch_modeler.py - pytorch_modeler.py - 168 - INFO - Epoch 59/100:train_score:1563.728994, valid_score:232.767368
2020-09-08 02:13:33,550 - pytorch_modeler.py - pytorch_modeler.py - 168 - INFO - Epoch 60/100:train_score:1557.702348, valid_score:233.852411
2020-09-08 02:15:03,785 - pytorch_modeler.py - pytorch_modeler.py - 168 - INFO - Epoch 61/100:train_score:1560.713059, valid_score:236.379984
2020-09-08 02:16:33,858 - pytorch_modeler.py - pytorch_modeler.py - 168 - INFO - Epoch 62/100:train_score:1551.791145, valid_score:248.831012
2020-09-08 02:18:03,041 - pytorch_modeler.py - pytorch_modeler.py - 168 - INFO - Epoch 63/100:train_score:1547.157264, valid_score:250.102787
2020-09-08 02:19:32,524 - pytorch_modeler.py - pytorch_modeler.py - 168 - INFO - Epoch 64/100:train_score:1552.991117, valid_score:256.154919
2020-09-08 02:21:01,648 - pytorch_modeler.py - pytorch_modeler.py - 168 - INFO - Epoch 65/100:train_score:1560.825812, valid_score:252.676423
2020-09-08 02:22:30,024 - pytorch_modeler.py - pytorch_modeler.py - 168 - INFO - Epoch 66/100:train_score:1546.612333, valid_score:241.562216
2020-09-08 02:24:02,485 - pytorch_modeler.py - pytorch_modeler.py - 168 - INFO - Epoch 67/100:train_score:1538.792662, valid_score:259.510391
2020-09-08 02:25:32,738 - pytorch_modeler.py - pytorch_modeler.py - 168 - INFO - Epoch 68/100:train_score:1551.283461, valid_score:249.064925
2020-09-08 02:27:03,936 - pytorch_modeler.py - pytorch_modeler.py - 168 - INFO - Epoch 69/100:train_score:1541.065027, valid_score:294.152805
2020-09-08 02:28:30,575 - pytorch_modeler.py - pytorch_modeler.py - 168 - INFO - Epoch 70/100:train_score:1537.700604, valid_score:254.736104
2020-09-08 02:30:01,161 - pytorch_modeler.py - pytorch_modeler.py - 168 - INFO - Epoch 71/100:train_score:1515.152276, valid_score:258.149705
2020-09-08 02:31:31,306 - pytorch_modeler.py - pytorch_modeler.py - 168 - INFO - Epoch 72/100:train_score:1520.288434, valid_score:277.453706
2020-09-08 02:33:01,005 - pytorch_modeler.py - pytorch_modeler.py - 168 - INFO - Epoch 73/100:train_score:1512.510700, valid_score:264.625016
2020-09-08 02:34:30,205 - pytorch_modeler.py - pytorch_modeler.py - 168 - INFO - Epoch 74/100:train_score:1521.169428, valid_score:253.621295
2020-09-08 02:36:01,477 - pytorch_modeler.py - pytorch_modeler.py - 168 - INFO - Epoch 75/100:train_score:1513.992285, valid_score:272.474893
2020-09-08 02:37:31,611 - pytorch_modeler.py - pytorch_modeler.py - 168 - INFO - Epoch 76/100:train_score:1506.549681, valid_score:258.606111
2020-09-08 02:39:02,947 - pytorch_modeler.py - pytorch_modeler.py - 168 - INFO - Epoch 77/100:train_score:1506.723434, valid_score:235.437278
2020-09-08 02:40:33,604 - pytorch_modeler.py - pytorch_modeler.py - 168 - INFO - Epoch 78/100:train_score:1508.694589, valid_score:284.008473
2020-09-08 02:42:04,484 - pytorch_modeler.py - pytorch_modeler.py - 168 - INFO - Epoch 79/100:train_score:1521.069820, valid_score:258.002442
2020-09-08 02:43:35,968 - pytorch_modeler.py - pytorch_modeler.py - 168 - INFO - Epoch 80/100:train_score:1511.095245, valid_score:263.532060
2020-09-08 02:45:06,059 - pytorch_modeler.py - pytorch_modeler.py - 168 - INFO - Epoch 81/100:train_score:1519.082190, valid_score:300.530161
2020-09-08 02:46:36,211 - pytorch_modeler.py - pytorch_modeler.py - 168 - INFO - Epoch 82/100:train_score:1506.804157, valid_score:271.245780
2020-09-08 02:48:03,195 - pytorch_modeler.py - pytorch_modeler.py - 168 - INFO - Epoch 83/100:train_score:1488.327346, valid_score:251.202454
2020-09-08 02:49:33,740 - pytorch_modeler.py - pytorch_modeler.py - 168 - INFO - Epoch 84/100:train_score:1483.110586, valid_score:278.297181
2020-09-08 02:51:00,665 - pytorch_modeler.py - pytorch_modeler.py - 168 - INFO - Epoch 85/100:train_score:1483.434976, valid_score:253.313170
2020-09-08 02:52:29,561 - pytorch_modeler.py - pytorch_modeler.py - 168 - INFO - Epoch 86/100:train_score:1477.502824, valid_score:274.337440
2020-09-08 02:53:57,807 - pytorch_modeler.py - pytorch_modeler.py - 168 - INFO - Epoch 87/100:train_score:1473.896151, valid_score:256.246606
2020-09-08 02:55:27,393 - pytorch_modeler.py - pytorch_modeler.py - 168 - INFO - Epoch 88/100:train_score:1476.091157, valid_score:261.113475
2020-09-08 02:56:52,188 - pytorch_modeler.py - pytorch_modeler.py - 168 - INFO - Epoch 89/100:train_score:1479.780890, valid_score:270.516931
2020-09-08 02:58:21,947 - pytorch_modeler.py - pytorch_modeler.py - 168 - INFO - Epoch 90/100:train_score:1480.274535, valid_score:249.800407
2020-09-08 02:59:50,602 - pytorch_modeler.py - pytorch_modeler.py - 168 - INFO - Epoch 91/100:train_score:1471.846636, valid_score:293.322008
2020-09-08 03:01:21,267 - pytorch_modeler.py - pytorch_modeler.py - 168 - INFO - Epoch 92/100:train_score:1468.191504, valid_score:301.072282
2020-09-08 03:02:53,524 - pytorch_modeler.py - pytorch_modeler.py - 168 - INFO - Epoch 93/100:train_score:1460.777762, valid_score:274.558327
2020-09-08 03:04:23,980 - pytorch_modeler.py - pytorch_modeler.py - 168 - INFO - Epoch 94/100:train_score:1448.492219, valid_score:259.074308
2020-09-08 03:05:55,259 - pytorch_modeler.py - pytorch_modeler.py - 168 - INFO - Epoch 95/100:train_score:1440.561918, valid_score:240.150437
2020-09-08 03:07:24,567 - pytorch_modeler.py - pytorch_modeler.py - 168 - INFO - Epoch 96/100:train_score:1436.313383, valid_score:263.712126
2020-09-08 03:08:51,943 - pytorch_modeler.py - pytorch_modeler.py - 168 - INFO - Epoch 97/100:train_score:1439.264890, valid_score:255.481610
2020-09-08 03:10:20,628 - pytorch_modeler.py - pytorch_modeler.py - 168 - INFO - Epoch 98/100:train_score:1445.783739, valid_score:260.549859
2020-09-08 03:11:55,786 - pytorch_modeler.py - pytorch_modeler.py - 168 - INFO - Epoch 99/100:train_score:1443.938175, valid_score:249.153398
2020-09-08 03:13:33,878 - pytorch_modeler.py - pytorch_modeler.py - 168 - INFO - Epoch 100/100:train_score:1436.911849, valid_score:273.738339
2020-09-08 03:13:33,897 - 00_train.py - 00_train.py - 116 - INFO - success:fan 
model_out_path ==> 
 /media/hiroki/working/research/dcase2020/result/no_add_batch_16/models/fan_model.pth
2020-09-08 03:14:54,388 - pytorch_modeler.py - pytorch_modeler.py - 168 - INFO - Epoch 1/100:train_score:56380.071580, valid_score:2987.738277
2020-09-08 03:16:13,583 - pytorch_modeler.py - pytorch_modeler.py - 168 - INFO - Epoch 2/100:train_score:8035.248292, valid_score:519.860536
2020-09-08 03:17:33,956 - pytorch_modeler.py - pytorch_modeler.py - 168 - INFO - Epoch 3/100:train_score:2442.549096, valid_score:270.103823
2020-09-08 03:18:54,618 - pytorch_modeler.py - pytorch_modeler.py - 168 - INFO - Epoch 4/100:train_score:2293.579106, valid_score:267.575038
2020-09-08 03:20:15,170 - pytorch_modeler.py - pytorch_modeler.py - 168 - INFO - Epoch 5/100:train_score:2242.728519, valid_score:261.309702
2020-09-08 03:21:36,192 - pytorch_modeler.py - pytorch_modeler.py - 168 - INFO - Epoch 6/100:train_score:2207.551474, valid_score:320.899949
2020-09-08 03:22:52,840 - pytorch_modeler.py - pytorch_modeler.py - 168 - INFO - Epoch 7/100:train_score:2153.900162, valid_score:244.220920
2020-09-08 03:24:13,717 - pytorch_modeler.py - pytorch_modeler.py - 168 - INFO - Epoch 8/100:train_score:2125.004799, valid_score:255.683811
2020-09-08 03:25:36,455 - pytorch_modeler.py - pytorch_modeler.py - 168 - INFO - Epoch 9/100:train_score:2078.693222, valid_score:250.382991
2020-09-08 03:26:56,178 - pytorch_modeler.py - pytorch_modeler.py - 168 - INFO - Epoch 10/100:train_score:2074.406809, valid_score:263.413794
2020-09-08 03:28:16,391 - pytorch_modeler.py - pytorch_modeler.py - 168 - INFO - Epoch 11/100:train_score:2070.784400, valid_score:284.774233
2020-09-08 03:29:40,225 - pytorch_modeler.py - pytorch_modeler.py - 168 - INFO - Epoch 12/100:train_score:2029.055484, valid_score:515.309931
2020-09-08 03:31:00,117 - pytorch_modeler.py - pytorch_modeler.py - 168 - INFO - Epoch 13/100:train_score:2015.399181, valid_score:298.497724
2020-09-08 03:32:23,056 - pytorch_modeler.py - pytorch_modeler.py - 168 - INFO - Epoch 14/100:train_score:1995.956525, valid_score:264.947155
2020-09-08 03:33:43,356 - pytorch_modeler.py - pytorch_modeler.py - 168 - INFO - Epoch 15/100:train_score:1975.561110, valid_score:249.603005
2020-09-08 03:35:04,985 - pytorch_modeler.py - pytorch_modeler.py - 168 - INFO - Epoch 16/100:train_score:1941.512519, valid_score:263.672293
2020-09-08 03:36:26,401 - pytorch_modeler.py - pytorch_modeler.py - 168 - INFO - Epoch 17/100:train_score:1930.911916, valid_score:268.102947
2020-09-08 03:37:46,180 - pytorch_modeler.py - pytorch_modeler.py - 168 - INFO - Epoch 18/100:train_score:1920.469484, valid_score:345.759306
2020-09-08 03:39:04,347 - pytorch_modeler.py - pytorch_modeler.py - 168 - INFO - Epoch 19/100:train_score:1904.476006, valid_score:289.979814
2020-09-08 03:40:25,273 - pytorch_modeler.py - pytorch_modeler.py - 168 - INFO - Epoch 20/100:train_score:1882.551963, valid_score:365.187579
2020-09-08 03:41:46,461 - pytorch_modeler.py - pytorch_modeler.py - 168 - INFO - Epoch 21/100:train_score:1882.157056, valid_score:287.789787
2020-09-08 03:43:09,351 - pytorch_modeler.py - pytorch_modeler.py - 168 - INFO - Epoch 22/100:train_score:1849.670374, valid_score:245.566506
2020-09-08 03:44:29,480 - pytorch_modeler.py - pytorch_modeler.py - 168 - INFO - Epoch 23/100:train_score:1835.126366, valid_score:362.626071
2020-09-08 03:45:49,816 - pytorch_modeler.py - pytorch_modeler.py - 168 - INFO - Epoch 24/100:train_score:1802.652177, valid_score:262.297409
2020-09-08 03:47:09,953 - pytorch_modeler.py - pytorch_modeler.py - 168 - INFO - Epoch 25/100:train_score:1804.995209, valid_score:328.950699
2020-09-08 03:48:30,919 - pytorch_modeler.py - pytorch_modeler.py - 168 - INFO - Epoch 26/100:train_score:1793.974533, valid_score:421.053255
2020-09-08 03:49:49,884 - pytorch_modeler.py - pytorch_modeler.py - 168 - INFO - Epoch 27/100:train_score:1764.205685, valid_score:351.357040
2020-09-08 03:51:09,974 - pytorch_modeler.py - pytorch_modeler.py - 168 - INFO - Epoch 28/100:train_score:1765.078636, valid_score:324.489676
2020-09-08 03:52:28,816 - pytorch_modeler.py - pytorch_modeler.py - 168 - INFO - Epoch 29/100:train_score:1743.170341, valid_score:275.769887
2020-09-08 03:53:47,082 - pytorch_modeler.py - pytorch_modeler.py - 168 - INFO - Epoch 30/100:train_score:1730.145514, valid_score:348.848405
2020-09-08 03:55:08,188 - pytorch_modeler.py - pytorch_modeler.py - 168 - INFO - Epoch 31/100:train_score:1713.054397, valid_score:314.398940
2020-09-08 03:56:28,229 - pytorch_modeler.py - pytorch_modeler.py - 168 - INFO - Epoch 32/100:train_score:1707.282352, valid_score:276.445483
2020-09-08 03:57:48,587 - pytorch_modeler.py - pytorch_modeler.py - 168 - INFO - Epoch 33/100:train_score:1702.058861, valid_score:316.111662
2020-09-08 03:59:08,999 - pytorch_modeler.py - pytorch_modeler.py - 168 - INFO - Epoch 34/100:train_score:1702.842636, valid_score:344.719297
2020-09-08 04:00:28,778 - pytorch_modeler.py - pytorch_modeler.py - 168 - INFO - Epoch 35/100:train_score:1681.721809, valid_score:358.885459
2020-09-08 04:01:47,612 - pytorch_modeler.py - pytorch_modeler.py - 168 - INFO - Epoch 36/100:train_score:1687.831911, valid_score:394.822945
2020-09-08 04:03:06,239 - pytorch_modeler.py - pytorch_modeler.py - 168 - INFO - Epoch 37/100:train_score:1666.928278, valid_score:264.993927
2020-09-08 04:04:25,842 - pytorch_modeler.py - pytorch_modeler.py - 168 - INFO - Epoch 38/100:train_score:1645.439936, valid_score:466.070676
2020-09-08 04:05:48,153 - pytorch_modeler.py - pytorch_modeler.py - 168 - INFO - Epoch 39/100:train_score:1627.642916, valid_score:308.698275
2020-09-08 04:07:07,506 - pytorch_modeler.py - pytorch_modeler.py - 168 - INFO - Epoch 40/100:train_score:1616.559322, valid_score:419.055372
2020-09-08 04:08:25,415 - pytorch_modeler.py - pytorch_modeler.py - 168 - INFO - Epoch 41/100:train_score:1601.216793, valid_score:283.971166
2020-09-08 04:09:46,898 - pytorch_modeler.py - pytorch_modeler.py - 168 - INFO - Epoch 42/100:train_score:1601.317739, valid_score:307.073871
2020-09-08 04:11:05,655 - pytorch_modeler.py - pytorch_modeler.py - 168 - INFO - Epoch 43/100:train_score:1597.332243, valid_score:425.210029
2020-09-08 04:12:25,790 - pytorch_modeler.py - pytorch_modeler.py - 168 - INFO - Epoch 44/100:train_score:1587.189052, valid_score:336.233795
2020-09-08 04:13:49,318 - pytorch_modeler.py - pytorch_modeler.py - 168 - INFO - Epoch 45/100:train_score:1577.723124, valid_score:575.197023
2020-09-08 04:15:08,540 - pytorch_modeler.py - pytorch_modeler.py - 168 - INFO - Epoch 46/100:train_score:1569.008245, valid_score:358.365828
2020-09-08 04:16:29,014 - pytorch_modeler.py - pytorch_modeler.py - 168 - INFO - Epoch 47/100:train_score:1560.322560, valid_score:361.180384
2020-09-08 04:17:53,517 - pytorch_modeler.py - pytorch_modeler.py - 168 - INFO - Epoch 48/100:train_score:1555.436895, valid_score:311.265120
2020-09-08 04:19:12,750 - pytorch_modeler.py - pytorch_modeler.py - 168 - INFO - Epoch 49/100:train_score:1542.694044, valid_score:385.790968
2020-09-08 04:20:33,739 - pytorch_modeler.py - pytorch_modeler.py - 168 - INFO - Epoch 50/100:train_score:1533.633277, valid_score:336.528172
2020-09-08 04:21:53,090 - pytorch_modeler.py - pytorch_modeler.py - 168 - INFO - Epoch 51/100:train_score:1533.138907, valid_score:390.805011
2020-09-08 04:23:13,581 - pytorch_modeler.py - pytorch_modeler.py - 168 - INFO - Epoch 52/100:train_score:1520.367449, valid_score:335.279104
2020-09-08 04:24:32,583 - pytorch_modeler.py - pytorch_modeler.py - 168 - INFO - Epoch 53/100:train_score:1516.572629, valid_score:283.499230
2020-09-08 04:25:52,538 - pytorch_modeler.py - pytorch_modeler.py - 168 - INFO - Epoch 54/100:train_score:1511.227824, valid_score:276.702029
2020-09-08 04:27:12,312 - pytorch_modeler.py - pytorch_modeler.py - 168 - INFO - Epoch 55/100:train_score:1501.831137, valid_score:252.343240
2020-09-08 04:28:34,895 - pytorch_modeler.py - pytorch_modeler.py - 168 - INFO - Epoch 56/100:train_score:1491.671030, valid_score:240.866934
2020-09-08 04:29:56,884 - pytorch_modeler.py - pytorch_modeler.py - 168 - INFO - Epoch 57/100:train_score:1482.626050, valid_score:276.871127
2020-09-08 04:31:16,077 - pytorch_modeler.py - pytorch_modeler.py - 168 - INFO - Epoch 58/100:train_score:1475.305308, valid_score:409.057466
2020-09-08 04:32:35,582 - pytorch_modeler.py - pytorch_modeler.py - 168 - INFO - Epoch 59/100:train_score:1471.055688, valid_score:320.822109
2020-09-08 04:33:56,809 - pytorch_modeler.py - pytorch_modeler.py - 168 - INFO - Epoch 60/100:train_score:1461.508038, valid_score:272.170673
2020-09-08 04:35:15,383 - pytorch_modeler.py - pytorch_modeler.py - 168 - INFO - Epoch 61/100:train_score:1466.569078, valid_score:327.259539
2020-09-08 04:36:35,948 - pytorch_modeler.py - pytorch_modeler.py - 168 - INFO - Epoch 62/100:train_score:1452.950249, valid_score:330.426227
2020-09-08 04:37:56,187 - pytorch_modeler.py - pytorch_modeler.py - 168 - INFO - Epoch 63/100:train_score:1458.733707, valid_score:677.327148
2020-09-08 04:39:16,150 - pytorch_modeler.py - pytorch_modeler.py - 168 - INFO - Epoch 64/100:train_score:1456.230336, valid_score:316.880630
2020-09-08 04:40:36,271 - pytorch_modeler.py - pytorch_modeler.py - 168 - INFO - Epoch 65/100:train_score:1449.677138, valid_score:284.486138
2020-09-08 04:41:56,551 - pytorch_modeler.py - pytorch_modeler.py - 168 - INFO - Epoch 66/100:train_score:1436.925032, valid_score:592.811821
2020-09-08 04:43:18,974 - pytorch_modeler.py - pytorch_modeler.py - 168 - INFO - Epoch 67/100:train_score:1433.596956, valid_score:309.032677
2020-09-08 04:44:38,874 - pytorch_modeler.py - pytorch_modeler.py - 168 - INFO - Epoch 68/100:train_score:1441.943532, valid_score:271.544891
2020-09-08 04:45:59,214 - pytorch_modeler.py - pytorch_modeler.py - 168 - INFO - Epoch 69/100:train_score:1431.782303, valid_score:297.014893
2020-09-08 04:47:18,424 - pytorch_modeler.py - pytorch_modeler.py - 168 - INFO - Epoch 70/100:train_score:1422.160587, valid_score:299.926924
2020-09-08 04:48:36,447 - pytorch_modeler.py - pytorch_modeler.py - 168 - INFO - Epoch 71/100:train_score:1424.762927, valid_score:345.800578
2020-09-08 04:49:56,771 - pytorch_modeler.py - pytorch_modeler.py - 168 - INFO - Epoch 72/100:train_score:1414.623494, valid_score:277.092502
2020-09-08 04:51:19,521 - pytorch_modeler.py - pytorch_modeler.py - 168 - INFO - Epoch 73/100:train_score:1410.851187, valid_score:258.125799
2020-09-08 04:52:42,214 - pytorch_modeler.py - pytorch_modeler.py - 168 - INFO - Epoch 74/100:train_score:1415.257497, valid_score:295.971626
2020-09-08 04:54:02,426 - pytorch_modeler.py - pytorch_modeler.py - 168 - INFO - Epoch 75/100:train_score:1401.018741, valid_score:264.798626
2020-09-08 04:55:21,493 - pytorch_modeler.py - pytorch_modeler.py - 168 - INFO - Epoch 76/100:train_score:1395.532033, valid_score:309.214228
2020-09-08 04:56:41,743 - pytorch_modeler.py - pytorch_modeler.py - 168 - INFO - Epoch 77/100:train_score:1393.042822, valid_score:273.639228
2020-09-08 04:58:03,537 - pytorch_modeler.py - pytorch_modeler.py - 168 - INFO - Epoch 78/100:train_score:1379.156771, valid_score:331.934855
2020-09-08 04:59:24,144 - pytorch_modeler.py - pytorch_modeler.py - 168 - INFO - Epoch 79/100:train_score:1376.014037, valid_score:344.308580
2020-09-08 05:00:46,014 - pytorch_modeler.py - pytorch_modeler.py - 168 - INFO - Epoch 80/100:train_score:1380.591712, valid_score:255.150700
2020-09-08 05:02:05,199 - pytorch_modeler.py - pytorch_modeler.py - 168 - INFO - Epoch 81/100:train_score:1377.434940, valid_score:277.386879
2020-09-08 05:03:25,172 - pytorch_modeler.py - pytorch_modeler.py - 168 - INFO - Epoch 82/100:train_score:1368.820947, valid_score:268.343996
2020-09-08 05:04:44,118 - pytorch_modeler.py - pytorch_modeler.py - 168 - INFO - Epoch 83/100:train_score:1364.028963, valid_score:350.311357
2020-09-08 05:06:05,558 - pytorch_modeler.py - pytorch_modeler.py - 168 - INFO - Epoch 84/100:train_score:1353.890382, valid_score:305.437513
2020-09-08 05:07:26,921 - pytorch_modeler.py - pytorch_modeler.py - 168 - INFO - Epoch 85/100:train_score:1357.507937, valid_score:306.283136
2020-09-08 05:08:46,763 - pytorch_modeler.py - pytorch_modeler.py - 168 - INFO - Epoch 86/100:train_score:1355.382684, valid_score:314.255929
2020-09-08 05:10:07,391 - pytorch_modeler.py - pytorch_modeler.py - 168 - INFO - Epoch 87/100:train_score:1355.080837, valid_score:340.491048
2020-09-08 05:11:29,009 - pytorch_modeler.py - pytorch_modeler.py - 168 - INFO - Epoch 88/100:train_score:1351.166002, valid_score:309.752491
2020-09-08 05:12:48,636 - pytorch_modeler.py - pytorch_modeler.py - 168 - INFO - Epoch 89/100:train_score:1350.807597, valid_score:295.705553
2020-09-08 05:14:11,358 - pytorch_modeler.py - pytorch_modeler.py - 168 - INFO - Epoch 90/100:train_score:1343.112190, valid_score:312.085112
2020-09-08 05:15:32,950 - pytorch_modeler.py - pytorch_modeler.py - 168 - INFO - Epoch 91/100:train_score:1341.979884, valid_score:328.285171
2020-09-08 05:16:53,937 - pytorch_modeler.py - pytorch_modeler.py - 168 - INFO - Epoch 92/100:train_score:1342.429284, valid_score:319.594505
2020-09-08 05:18:15,646 - pytorch_modeler.py - pytorch_modeler.py - 168 - INFO - Epoch 93/100:train_score:1339.413275, valid_score:268.935092
2020-09-08 05:19:34,894 - pytorch_modeler.py - pytorch_modeler.py - 168 - INFO - Epoch 94/100:train_score:1339.847007, valid_score:302.185372
2020-09-08 05:20:55,223 - pytorch_modeler.py - pytorch_modeler.py - 168 - INFO - Epoch 95/100:train_score:1336.534353, valid_score:254.277818
2020-09-08 05:22:13,606 - pytorch_modeler.py - pytorch_modeler.py - 168 - INFO - Epoch 96/100:train_score:1338.415678, valid_score:282.447005
2020-09-08 05:23:32,648 - pytorch_modeler.py - pytorch_modeler.py - 168 - INFO - Epoch 97/100:train_score:1329.365263, valid_score:297.489797
2020-09-08 05:24:53,563 - pytorch_modeler.py - pytorch_modeler.py - 168 - INFO - Epoch 98/100:train_score:1330.176576, valid_score:366.559352
2020-09-08 05:26:28,593 - pytorch_modeler.py - pytorch_modeler.py - 168 - INFO - Epoch 99/100:train_score:1331.388185, valid_score:313.865425
2020-09-08 05:27:48,694 - pytorch_modeler.py - pytorch_modeler.py - 168 - INFO - Epoch 100/100:train_score:1327.746133, valid_score:318.721917
2020-09-08 05:27:48,723 - 00_train.py - 00_train.py - 116 - INFO - success:pump 
model_out_path ==> 
 /media/hiroki/working/research/dcase2020/result/no_add_batch_16/models/pump_model.pth
2020-09-08 05:28:57,138 - pytorch_modeler.py - pytorch_modeler.py - 168 - INFO - Epoch 1/100:train_score:58445.739060, valid_score:3047.049160
2020-09-08 05:30:04,957 - pytorch_modeler.py - pytorch_modeler.py - 168 - INFO - Epoch 2/100:train_score:13396.760726, valid_score:409.816059
2020-09-08 05:31:15,869 - pytorch_modeler.py - pytorch_modeler.py - 168 - INFO - Epoch 3/100:train_score:2888.953071, valid_score:234.239868
2020-09-08 05:32:26,673 - pytorch_modeler.py - pytorch_modeler.py - 168 - INFO - Epoch 4/100:train_score:2238.797132, valid_score:240.966790
2020-09-08 05:33:33,964 - pytorch_modeler.py - pytorch_modeler.py - 168 - INFO - Epoch 5/100:train_score:2167.410528, valid_score:230.458846
2020-09-08 05:34:40,944 - pytorch_modeler.py - pytorch_modeler.py - 168 - INFO - Epoch 6/100:train_score:2142.084584, valid_score:228.777876
2020-09-08 05:35:48,409 - pytorch_modeler.py - pytorch_modeler.py - 168 - INFO - Epoch 7/100:train_score:2051.657183, valid_score:217.312568
2020-09-08 05:36:58,525 - pytorch_modeler.py - pytorch_modeler.py - 168 - INFO - Epoch 8/100:train_score:1947.308153, valid_score:230.182867
2020-09-08 05:38:06,318 - pytorch_modeler.py - pytorch_modeler.py - 168 - INFO - Epoch 9/100:train_score:1928.339827, valid_score:217.647349
2020-09-08 05:39:14,537 - pytorch_modeler.py - pytorch_modeler.py - 168 - INFO - Epoch 10/100:train_score:1878.256534, valid_score:235.814830
2020-09-08 05:40:22,418 - pytorch_modeler.py - pytorch_modeler.py - 168 - INFO - Epoch 11/100:train_score:1842.241865, valid_score:221.862802
2020-09-08 05:41:29,018 - pytorch_modeler.py - pytorch_modeler.py - 168 - INFO - Epoch 12/100:train_score:1813.770731, valid_score:215.300768
2020-09-08 05:42:37,322 - pytorch_modeler.py - pytorch_modeler.py - 168 - INFO - Epoch 13/100:train_score:1808.493417, valid_score:212.295436
2020-09-08 05:43:45,651 - pytorch_modeler.py - pytorch_modeler.py - 168 - INFO - Epoch 14/100:train_score:1793.356746, valid_score:212.795116
2020-09-08 05:44:54,002 - pytorch_modeler.py - pytorch_modeler.py - 168 - INFO - Epoch 15/100:train_score:1786.685430, valid_score:217.306306
2020-09-08 05:46:00,922 - pytorch_modeler.py - pytorch_modeler.py - 168 - INFO - Epoch 16/100:train_score:1764.587390, valid_score:209.824841
2020-09-08 05:47:07,127 - pytorch_modeler.py - pytorch_modeler.py - 168 - INFO - Epoch 17/100:train_score:1745.180276, valid_score:222.821942
2020-09-08 05:48:15,261 - pytorch_modeler.py - pytorch_modeler.py - 168 - INFO - Epoch 18/100:train_score:1727.831196, valid_score:211.802606
2020-09-08 05:49:22,484 - pytorch_modeler.py - pytorch_modeler.py - 168 - INFO - Epoch 19/100:train_score:1728.337662, valid_score:209.632529
2020-09-08 05:50:29,999 - pytorch_modeler.py - pytorch_modeler.py - 168 - INFO - Epoch 20/100:train_score:1732.287654, valid_score:213.785911
2020-09-08 05:51:36,144 - pytorch_modeler.py - pytorch_modeler.py - 168 - INFO - Epoch 21/100:train_score:1711.510729, valid_score:208.972766
2020-09-08 05:52:42,944 - pytorch_modeler.py - pytorch_modeler.py - 168 - INFO - Epoch 22/100:train_score:1697.096487, valid_score:225.026405
2020-09-08 05:53:51,034 - pytorch_modeler.py - pytorch_modeler.py - 168 - INFO - Epoch 23/100:train_score:1693.056944, valid_score:211.867873
2020-09-08 05:55:00,230 - pytorch_modeler.py - pytorch_modeler.py - 168 - INFO - Epoch 24/100:train_score:1677.951922, valid_score:203.248541
2020-09-08 05:56:08,200 - pytorch_modeler.py - pytorch_modeler.py - 168 - INFO - Epoch 25/100:train_score:1688.296289, valid_score:205.929704
2020-09-08 05:57:15,486 - pytorch_modeler.py - pytorch_modeler.py - 168 - INFO - Epoch 26/100:train_score:1668.917404, valid_score:197.900935
2020-09-08 05:58:22,641 - pytorch_modeler.py - pytorch_modeler.py - 168 - INFO - Epoch 27/100:train_score:1642.889350, valid_score:223.291219
2020-09-08 05:59:27,895 - pytorch_modeler.py - pytorch_modeler.py - 168 - INFO - Epoch 28/100:train_score:1619.172508, valid_score:221.931461
2020-09-08 06:00:35,801 - pytorch_modeler.py - pytorch_modeler.py - 168 - INFO - Epoch 29/100:train_score:1605.374127, valid_score:202.320944
2020-09-08 06:01:42,259 - pytorch_modeler.py - pytorch_modeler.py - 168 - INFO - Epoch 30/100:train_score:1592.551568, valid_score:205.668273
2020-09-08 06:02:49,951 - pytorch_modeler.py - pytorch_modeler.py - 168 - INFO - Epoch 31/100:train_score:1565.049306, valid_score:213.559144
2020-09-08 06:03:57,103 - pytorch_modeler.py - pytorch_modeler.py - 168 - INFO - Epoch 32/100:train_score:1545.430636, valid_score:215.984175
2020-09-08 06:05:05,473 - pytorch_modeler.py - pytorch_modeler.py - 168 - INFO - Epoch 33/100:train_score:1530.938062, valid_score:207.170169
2020-09-08 06:06:13,609 - pytorch_modeler.py - pytorch_modeler.py - 168 - INFO - Epoch 34/100:train_score:1505.291526, valid_score:205.935184
2020-09-08 06:07:20,435 - pytorch_modeler.py - pytorch_modeler.py - 168 - INFO - Epoch 35/100:train_score:1503.979351, valid_score:197.190924
2020-09-08 06:08:28,195 - pytorch_modeler.py - pytorch_modeler.py - 168 - INFO - Epoch 36/100:train_score:1481.372138, valid_score:197.706273
2020-09-08 06:09:36,482 - pytorch_modeler.py - pytorch_modeler.py - 168 - INFO - Epoch 37/100:train_score:1491.237443, valid_score:196.636313
2020-09-08 06:10:44,134 - pytorch_modeler.py - pytorch_modeler.py - 168 - INFO - Epoch 38/100:train_score:1476.112180, valid_score:204.352383
2020-09-08 06:11:54,011 - pytorch_modeler.py - pytorch_modeler.py - 168 - INFO - Epoch 39/100:train_score:1447.752864, valid_score:203.503983
2020-09-08 06:13:02,471 - pytorch_modeler.py - pytorch_modeler.py - 168 - INFO - Epoch 40/100:train_score:1440.660459, valid_score:218.809074
2020-09-08 06:14:09,957 - pytorch_modeler.py - pytorch_modeler.py - 168 - INFO - Epoch 41/100:train_score:1430.780508, valid_score:202.623935
2020-09-08 06:15:18,993 - pytorch_modeler.py - pytorch_modeler.py - 168 - INFO - Epoch 42/100:train_score:1424.950230, valid_score:206.446008
2020-09-08 06:16:22,785 - pytorch_modeler.py - pytorch_modeler.py - 168 - INFO - Epoch 43/100:train_score:1403.111878, valid_score:200.810283
2020-09-08 06:17:30,645 - pytorch_modeler.py - pytorch_modeler.py - 168 - INFO - Epoch 44/100:train_score:1393.819433, valid_score:199.531213
2020-09-08 06:18:38,631 - pytorch_modeler.py - pytorch_modeler.py - 168 - INFO - Epoch 45/100:train_score:1380.038831, valid_score:208.242058
2020-09-08 06:19:46,646 - pytorch_modeler.py - pytorch_modeler.py - 168 - INFO - Epoch 46/100:train_score:1366.503310, valid_score:205.741575
2020-09-08 06:20:54,588 - pytorch_modeler.py - pytorch_modeler.py - 168 - INFO - Epoch 47/100:train_score:1370.762018, valid_score:202.870936
2020-09-08 06:22:01,865 - pytorch_modeler.py - pytorch_modeler.py - 168 - INFO - Epoch 48/100:train_score:1352.166301, valid_score:194.345661
2020-09-08 06:23:09,065 - pytorch_modeler.py - pytorch_modeler.py - 168 - INFO - Epoch 49/100:train_score:1340.564992, valid_score:207.418156
2020-09-08 06:24:17,783 - pytorch_modeler.py - pytorch_modeler.py - 168 - INFO - Epoch 50/100:train_score:1340.296702, valid_score:205.052093
2020-09-08 06:25:26,818 - pytorch_modeler.py - pytorch_modeler.py - 168 - INFO - Epoch 51/100:train_score:1353.054990, valid_score:198.106826
2020-09-08 06:26:33,202 - pytorch_modeler.py - pytorch_modeler.py - 168 - INFO - Epoch 52/100:train_score:1342.874446, valid_score:216.769838
2020-09-08 06:27:39,885 - pytorch_modeler.py - pytorch_modeler.py - 168 - INFO - Epoch 53/100:train_score:1335.099692, valid_score:200.937010
2020-09-08 06:28:43,414 - pytorch_modeler.py - pytorch_modeler.py - 168 - INFO - Epoch 54/100:train_score:1326.807920, valid_score:194.646242
2020-09-08 06:29:51,675 - pytorch_modeler.py - pytorch_modeler.py - 168 - INFO - Epoch 55/100:train_score:1315.726908, valid_score:195.805114
2020-09-08 06:30:59,577 - pytorch_modeler.py - pytorch_modeler.py - 168 - INFO - Epoch 56/100:train_score:1311.022427, valid_score:199.355212
2020-09-08 06:32:09,831 - pytorch_modeler.py - pytorch_modeler.py - 168 - INFO - Epoch 57/100:train_score:1308.091836, valid_score:198.126844
2020-09-08 06:33:19,064 - pytorch_modeler.py - pytorch_modeler.py - 168 - INFO - Epoch 58/100:train_score:1303.984505, valid_score:197.318804
2020-09-08 06:34:28,996 - pytorch_modeler.py - pytorch_modeler.py - 168 - INFO - Epoch 59/100:train_score:1291.490179, valid_score:185.802783
2020-09-08 06:35:36,518 - pytorch_modeler.py - pytorch_modeler.py - 168 - INFO - Epoch 60/100:train_score:1294.848046, valid_score:195.681684
2020-09-08 06:36:42,474 - pytorch_modeler.py - pytorch_modeler.py - 168 - INFO - Epoch 61/100:train_score:1291.958390, valid_score:203.847934
2020-09-08 06:37:48,908 - pytorch_modeler.py - pytorch_modeler.py - 168 - INFO - Epoch 62/100:train_score:1296.752947, valid_score:194.266986
2020-09-08 06:38:58,298 - pytorch_modeler.py - pytorch_modeler.py - 168 - INFO - Epoch 63/100:train_score:1274.085818, valid_score:200.345901
2020-09-08 06:40:06,840 - pytorch_modeler.py - pytorch_modeler.py - 168 - INFO - Epoch 64/100:train_score:1280.334833, valid_score:189.530924
2020-09-08 06:41:15,063 - pytorch_modeler.py - pytorch_modeler.py - 168 - INFO - Epoch 65/100:train_score:1278.366163, valid_score:186.607271
2020-09-08 06:42:21,228 - pytorch_modeler.py - pytorch_modeler.py - 168 - INFO - Epoch 66/100:train_score:1273.827308, valid_score:194.360324
2020-09-08 06:43:29,606 - pytorch_modeler.py - pytorch_modeler.py - 168 - INFO - Epoch 67/100:train_score:1280.080598, valid_score:186.370091
2020-09-08 06:44:37,484 - pytorch_modeler.py - pytorch_modeler.py - 168 - INFO - Epoch 68/100:train_score:1290.436832, valid_score:201.485480
2020-09-08 06:45:45,056 - pytorch_modeler.py - pytorch_modeler.py - 168 - INFO - Epoch 69/100:train_score:1271.092614, valid_score:195.445005
2020-09-08 06:46:53,241 - pytorch_modeler.py - pytorch_modeler.py - 168 - INFO - Epoch 70/100:train_score:1261.978817, valid_score:198.017198
2020-09-08 06:48:00,659 - pytorch_modeler.py - pytorch_modeler.py - 168 - INFO - Epoch 71/100:train_score:1249.357073, valid_score:196.923289
2020-09-08 06:49:07,751 - pytorch_modeler.py - pytorch_modeler.py - 168 - INFO - Epoch 72/100:train_score:1239.992291, valid_score:198.535762
2020-09-08 06:50:14,011 - pytorch_modeler.py - pytorch_modeler.py - 168 - INFO - Epoch 73/100:train_score:1250.280577, valid_score:184.247695
2020-09-08 06:51:21,457 - pytorch_modeler.py - pytorch_modeler.py - 168 - INFO - Epoch 74/100:train_score:1234.656740, valid_score:185.577738
2020-09-08 06:52:29,695 - pytorch_modeler.py - pytorch_modeler.py - 168 - INFO - Epoch 75/100:train_score:1229.590935, valid_score:207.003641
2020-09-08 06:53:37,988 - pytorch_modeler.py - pytorch_modeler.py - 168 - INFO - Epoch 76/100:train_score:1228.183670, valid_score:199.187650
2020-09-08 06:54:43,791 - pytorch_modeler.py - pytorch_modeler.py - 168 - INFO - Epoch 77/100:train_score:1217.281034, valid_score:193.899873
2020-09-08 06:55:51,066 - pytorch_modeler.py - pytorch_modeler.py - 168 - INFO - Epoch 78/100:train_score:1225.949116, valid_score:198.085046
2020-09-08 06:56:57,215 - pytorch_modeler.py - pytorch_modeler.py - 168 - INFO - Epoch 79/100:train_score:1222.082821, valid_score:205.764211
2020-09-08 06:58:04,376 - pytorch_modeler.py - pytorch_modeler.py - 168 - INFO - Epoch 80/100:train_score:1243.960811, valid_score:205.475352
2020-09-08 06:59:12,314 - pytorch_modeler.py - pytorch_modeler.py - 168 - INFO - Epoch 81/100:train_score:1231.732653, valid_score:214.738531
2020-09-08 07:00:19,845 - pytorch_modeler.py - pytorch_modeler.py - 168 - INFO - Epoch 82/100:train_score:1199.011876, valid_score:201.024200
2020-09-08 07:01:28,966 - pytorch_modeler.py - pytorch_modeler.py - 168 - INFO - Epoch 83/100:train_score:1192.298504, valid_score:210.545893
2020-09-08 07:02:38,003 - pytorch_modeler.py - pytorch_modeler.py - 168 - INFO - Epoch 84/100:train_score:1178.210322, valid_score:207.732215
2020-09-08 07:03:46,583 - pytorch_modeler.py - pytorch_modeler.py - 168 - INFO - Epoch 85/100:train_score:1180.294839, valid_score:207.052666
2020-09-08 07:04:52,871 - pytorch_modeler.py - pytorch_modeler.py - 168 - INFO - Epoch 86/100:train_score:1178.405420, valid_score:199.241526
2020-09-08 07:06:02,863 - pytorch_modeler.py - pytorch_modeler.py - 168 - INFO - Epoch 87/100:train_score:1187.667724, valid_score:194.277373
2020-09-08 07:07:09,701 - pytorch_modeler.py - pytorch_modeler.py - 168 - INFO - Epoch 88/100:train_score:1189.562414, valid_score:195.302235
2020-09-08 07:08:16,590 - pytorch_modeler.py - pytorch_modeler.py - 168 - INFO - Epoch 89/100:train_score:1205.819393, valid_score:200.295398
2020-09-08 07:09:23,906 - pytorch_modeler.py - pytorch_modeler.py - 168 - INFO - Epoch 90/100:train_score:1177.766799, valid_score:218.048859
2020-09-08 07:10:31,656 - pytorch_modeler.py - pytorch_modeler.py - 168 - INFO - Epoch 91/100:train_score:1166.753393, valid_score:200.897433
2020-09-08 07:11:39,646 - pytorch_modeler.py - pytorch_modeler.py - 168 - INFO - Epoch 92/100:train_score:1161.865281, valid_score:201.361698
2020-09-08 07:12:48,040 - pytorch_modeler.py - pytorch_modeler.py - 168 - INFO - Epoch 93/100:train_score:1157.576192, valid_score:200.414510
2020-09-08 07:13:55,926 - pytorch_modeler.py - pytorch_modeler.py - 168 - INFO - Epoch 94/100:train_score:1155.984368, valid_score:207.623640
2020-09-08 07:15:01,649 - pytorch_modeler.py - pytorch_modeler.py - 168 - INFO - Epoch 95/100:train_score:1153.618705, valid_score:199.453057
2020-09-08 07:16:08,351 - pytorch_modeler.py - pytorch_modeler.py - 168 - INFO - Epoch 96/100:train_score:1150.594105, valid_score:206.725318
2020-09-08 07:17:23,722 - pytorch_modeler.py - pytorch_modeler.py - 168 - INFO - Epoch 97/100:train_score:1141.977349, valid_score:202.067759
2020-09-08 07:18:44,489 - pytorch_modeler.py - pytorch_modeler.py - 168 - INFO - Epoch 98/100:train_score:1147.698333, valid_score:208.708177
2020-09-08 07:19:52,145 - pytorch_modeler.py - pytorch_modeler.py - 168 - INFO - Epoch 99/100:train_score:1145.944371, valid_score:197.548084
2020-09-08 07:21:01,392 - pytorch_modeler.py - pytorch_modeler.py - 168 - INFO - Epoch 100/100:train_score:1153.173264, valid_score:218.399773
2020-09-08 07:21:01,407 - 00_train.py - 00_train.py - 116 - INFO - success:slider 
model_out_path ==> 
 /media/hiroki/working/research/dcase2020/result/no_add_batch_16/models/slider_model.pth
2020-09-08 07:22:42,124 - pytorch_modeler.py - pytorch_modeler.py - 168 - INFO - Epoch 1/100:train_score:62291.589655, valid_score:2294.791925
2020-09-08 07:24:21,925 - pytorch_modeler.py - pytorch_modeler.py - 168 - INFO - Epoch 2/100:train_score:7528.501257, valid_score:291.754405
2020-09-08 07:26:02,275 - pytorch_modeler.py - pytorch_modeler.py - 168 - INFO - Epoch 3/100:train_score:2501.005702, valid_score:208.710883
2020-09-08 07:27:41,343 - pytorch_modeler.py - pytorch_modeler.py - 168 - INFO - Epoch 4/100:train_score:2233.314609, valid_score:200.498072
2020-09-08 07:29:22,594 - pytorch_modeler.py - pytorch_modeler.py - 168 - INFO - Epoch 5/100:train_score:2080.106627, valid_score:199.512173
2020-09-08 07:30:59,020 - pytorch_modeler.py - pytorch_modeler.py - 168 - INFO - Epoch 6/100:train_score:2008.788725, valid_score:195.556520
2020-09-08 07:32:38,132 - pytorch_modeler.py - pytorch_modeler.py - 168 - INFO - Epoch 7/100:train_score:1959.583306, valid_score:197.930855
2020-09-08 07:34:29,624 - pytorch_modeler.py - pytorch_modeler.py - 168 - INFO - Epoch 8/100:train_score:1922.998748, valid_score:197.235390
2020-09-08 07:36:06,888 - pytorch_modeler.py - pytorch_modeler.py - 168 - INFO - Epoch 9/100:train_score:1888.805118, valid_score:192.545410
2020-09-08 07:37:45,356 - pytorch_modeler.py - pytorch_modeler.py - 168 - INFO - Epoch 10/100:train_score:1860.533666, valid_score:191.156916
2020-09-08 07:39:25,614 - pytorch_modeler.py - pytorch_modeler.py - 168 - INFO - Epoch 11/100:train_score:1847.171071, valid_score:189.052912
2020-09-08 07:41:03,143 - pytorch_modeler.py - pytorch_modeler.py - 168 - INFO - Epoch 12/100:train_score:1825.081166, valid_score:184.232246
2020-09-08 07:42:42,601 - pytorch_modeler.py - pytorch_modeler.py - 168 - INFO - Epoch 13/100:train_score:1818.025039, valid_score:183.678139
2020-09-08 07:44:23,711 - pytorch_modeler.py - pytorch_modeler.py - 168 - INFO - Epoch 14/100:train_score:1798.847582, valid_score:181.395721
2020-09-08 07:46:04,494 - pytorch_modeler.py - pytorch_modeler.py - 168 - INFO - Epoch 15/100:train_score:1773.673848, valid_score:178.089110
2020-09-08 07:47:45,387 - pytorch_modeler.py - pytorch_modeler.py - 168 - INFO - Epoch 16/100:train_score:1756.713824, valid_score:177.308694
2020-09-08 07:49:28,346 - pytorch_modeler.py - pytorch_modeler.py - 168 - INFO - Epoch 17/100:train_score:1751.480537, valid_score:177.019798
2020-09-08 07:51:05,542 - pytorch_modeler.py - pytorch_modeler.py - 168 - INFO - Epoch 18/100:train_score:1737.678814, valid_score:175.329362
2020-09-08 07:52:45,950 - pytorch_modeler.py - pytorch_modeler.py - 168 - INFO - Epoch 19/100:train_score:1718.656357, valid_score:174.311031
2020-09-08 07:54:25,342 - pytorch_modeler.py - pytorch_modeler.py - 168 - INFO - Epoch 20/100:train_score:1701.131769, valid_score:174.059436
2020-09-08 07:56:06,817 - pytorch_modeler.py - pytorch_modeler.py - 168 - INFO - Epoch 21/100:train_score:1683.403774, valid_score:183.028212
2020-09-08 07:57:45,735 - pytorch_modeler.py - pytorch_modeler.py - 168 - INFO - Epoch 22/100:train_score:1640.290580, valid_score:176.447499
2020-09-08 07:59:29,275 - pytorch_modeler.py - pytorch_modeler.py - 168 - INFO - Epoch 23/100:train_score:1610.085563, valid_score:174.120501
2020-09-08 08:01:09,771 - pytorch_modeler.py - pytorch_modeler.py - 168 - INFO - Epoch 24/100:train_score:1574.320508, valid_score:185.788003
2020-09-08 08:02:48,957 - pytorch_modeler.py - pytorch_modeler.py - 168 - INFO - Epoch 25/100:train_score:1534.593125, valid_score:177.328205
2020-09-08 08:04:26,937 - pytorch_modeler.py - pytorch_modeler.py - 168 - INFO - Epoch 26/100:train_score:1501.808352, valid_score:181.442397
2020-09-08 08:06:05,487 - pytorch_modeler.py - pytorch_modeler.py - 168 - INFO - Epoch 27/100:train_score:1476.160896, valid_score:172.575811
2020-09-08 08:07:45,683 - pytorch_modeler.py - pytorch_modeler.py - 168 - INFO - Epoch 28/100:train_score:1465.288564, valid_score:174.241445
2020-09-08 08:09:26,140 - pytorch_modeler.py - pytorch_modeler.py - 168 - INFO - Epoch 29/100:train_score:1457.433688, valid_score:177.019370
2020-09-08 08:11:04,576 - pytorch_modeler.py - pytorch_modeler.py - 168 - INFO - Epoch 30/100:train_score:1441.116372, valid_score:185.729609
2020-09-08 08:12:45,359 - pytorch_modeler.py - pytorch_modeler.py - 168 - INFO - Epoch 31/100:train_score:1440.743308, valid_score:170.103089
2020-09-08 08:14:24,107 - pytorch_modeler.py - pytorch_modeler.py - 168 - INFO - Epoch 32/100:train_score:1434.906623, valid_score:173.483123
2020-09-08 08:16:02,371 - pytorch_modeler.py - pytorch_modeler.py - 168 - INFO - Epoch 33/100:train_score:1423.278261, valid_score:172.385246
2020-09-08 08:17:43,005 - pytorch_modeler.py - pytorch_modeler.py - 168 - INFO - Epoch 34/100:train_score:1419.266618, valid_score:169.251167
2020-09-08 08:19:25,484 - pytorch_modeler.py - pytorch_modeler.py - 168 - INFO - Epoch 35/100:train_score:1416.822761, valid_score:169.740682
2020-09-08 08:21:01,838 - pytorch_modeler.py - pytorch_modeler.py - 168 - INFO - Epoch 36/100:train_score:1412.345030, valid_score:170.906127
2020-09-08 08:22:42,209 - pytorch_modeler.py - pytorch_modeler.py - 168 - INFO - Epoch 37/100:train_score:1411.182377, valid_score:169.153574
2020-09-08 08:24:22,522 - pytorch_modeler.py - pytorch_modeler.py - 168 - INFO - Epoch 38/100:train_score:1406.246828, valid_score:172.606445
2020-09-08 08:26:03,901 - pytorch_modeler.py - pytorch_modeler.py - 168 - INFO - Epoch 39/100:train_score:1403.571170, valid_score:182.319753
2020-09-08 08:27:44,475 - pytorch_modeler.py - pytorch_modeler.py - 168 - INFO - Epoch 40/100:train_score:1403.351230, valid_score:185.831427
2020-09-08 08:29:24,605 - pytorch_modeler.py - pytorch_modeler.py - 168 - INFO - Epoch 41/100:train_score:1401.555746, valid_score:176.297887
2020-09-08 08:31:02,148 - pytorch_modeler.py - pytorch_modeler.py - 168 - INFO - Epoch 42/100:train_score:1397.331110, valid_score:170.535530
2020-09-08 08:32:40,584 - pytorch_modeler.py - pytorch_modeler.py - 168 - INFO - Epoch 43/100:train_score:1388.019719, valid_score:170.039528
2020-09-08 08:34:20,579 - pytorch_modeler.py - pytorch_modeler.py - 168 - INFO - Epoch 44/100:train_score:1387.607368, valid_score:170.252056
2020-09-08 08:36:00,816 - pytorch_modeler.py - pytorch_modeler.py - 168 - INFO - Epoch 45/100:train_score:1383.250756, valid_score:182.375323
2020-09-08 08:37:41,851 - pytorch_modeler.py - pytorch_modeler.py - 168 - INFO - Epoch 46/100:train_score:1381.343328, valid_score:174.056515
2020-09-08 08:39:24,836 - pytorch_modeler.py - pytorch_modeler.py - 168 - INFO - Epoch 47/100:train_score:1377.811714, valid_score:171.710170
2020-09-08 08:41:05,952 - pytorch_modeler.py - pytorch_modeler.py - 168 - INFO - Epoch 48/100:train_score:1380.088472, valid_score:185.273563
2020-09-08 08:42:47,597 - pytorch_modeler.py - pytorch_modeler.py - 168 - INFO - Epoch 49/100:train_score:1375.857515, valid_score:179.060756
2020-09-08 08:44:26,356 - pytorch_modeler.py - pytorch_modeler.py - 168 - INFO - Epoch 50/100:train_score:1367.047671, valid_score:169.905291
2020-09-08 08:46:05,939 - pytorch_modeler.py - pytorch_modeler.py - 168 - INFO - Epoch 51/100:train_score:1362.436719, valid_score:177.431782
2020-09-08 08:47:45,291 - pytorch_modeler.py - pytorch_modeler.py - 168 - INFO - Epoch 52/100:train_score:1359.913233, valid_score:169.663576
2020-09-08 08:49:23,350 - pytorch_modeler.py - pytorch_modeler.py - 168 - INFO - Epoch 53/100:train_score:1367.145446, valid_score:168.084580
2020-09-08 08:51:01,032 - pytorch_modeler.py - pytorch_modeler.py - 168 - INFO - Epoch 54/100:train_score:1365.408675, valid_score:177.489202
2020-09-08 08:52:45,506 - pytorch_modeler.py - pytorch_modeler.py - 168 - INFO - Epoch 55/100:train_score:1353.760875, valid_score:167.968887
2020-09-08 08:54:23,831 - pytorch_modeler.py - pytorch_modeler.py - 168 - INFO - Epoch 56/100:train_score:1350.471871, valid_score:193.931787
2020-09-08 08:56:02,277 - pytorch_modeler.py - pytorch_modeler.py - 168 - INFO - Epoch 57/100:train_score:1346.227005, valid_score:169.872532
2020-09-08 08:57:44,366 - pytorch_modeler.py - pytorch_modeler.py - 168 - INFO - Epoch 58/100:train_score:1344.316771, valid_score:167.059385
2020-09-08 08:59:23,786 - pytorch_modeler.py - pytorch_modeler.py - 168 - INFO - Epoch 59/100:train_score:1348.600920, valid_score:177.540491
2020-09-08 09:01:04,567 - pytorch_modeler.py - pytorch_modeler.py - 168 - INFO - Epoch 60/100:train_score:1342.530949, valid_score:178.540807
2020-09-08 09:02:46,297 - pytorch_modeler.py - pytorch_modeler.py - 168 - INFO - Epoch 61/100:train_score:1339.714089, valid_score:172.847111
2020-09-08 09:04:28,220 - pytorch_modeler.py - pytorch_modeler.py - 168 - INFO - Epoch 62/100:train_score:1338.436622, valid_score:179.690379
2020-09-08 09:06:08,847 - pytorch_modeler.py - pytorch_modeler.py - 168 - INFO - Epoch 63/100:train_score:1337.159951, valid_score:179.716814
2020-09-08 09:07:49,048 - pytorch_modeler.py - pytorch_modeler.py - 168 - INFO - Epoch 64/100:train_score:1331.714890, valid_score:170.816080
2020-09-08 09:09:30,305 - pytorch_modeler.py - pytorch_modeler.py - 168 - INFO - Epoch 65/100:train_score:1332.810619, valid_score:181.348771
2020-09-08 09:11:10,826 - pytorch_modeler.py - pytorch_modeler.py - 168 - INFO - Epoch 66/100:train_score:1329.807065, valid_score:167.112538
2020-09-08 09:12:52,427 - pytorch_modeler.py - pytorch_modeler.py - 168 - INFO - Epoch 67/100:train_score:1324.028636, valid_score:179.157435
2020-09-08 09:14:28,151 - pytorch_modeler.py - pytorch_modeler.py - 168 - INFO - Epoch 68/100:train_score:1323.601206, valid_score:176.077460
2020-09-08 09:16:10,200 - pytorch_modeler.py - pytorch_modeler.py - 168 - INFO - Epoch 69/100:train_score:1324.987364, valid_score:171.433724
2020-09-08 09:17:49,287 - pytorch_modeler.py - pytorch_modeler.py - 168 - INFO - Epoch 70/100:train_score:1324.394054, valid_score:172.620857
2020-09-08 09:19:30,659 - pytorch_modeler.py - pytorch_modeler.py - 168 - INFO - Epoch 71/100:train_score:1321.887250, valid_score:182.630582
2020-09-08 09:21:09,039 - pytorch_modeler.py - pytorch_modeler.py - 168 - INFO - Epoch 72/100:train_score:1317.131351, valid_score:167.897426
2020-09-08 09:22:49,915 - pytorch_modeler.py - pytorch_modeler.py - 168 - INFO - Epoch 73/100:train_score:1316.626858, valid_score:170.962553
2020-09-08 09:24:29,605 - pytorch_modeler.py - pytorch_modeler.py - 168 - INFO - Epoch 74/100:train_score:1314.295723, valid_score:168.444731
2020-09-08 09:26:11,606 - pytorch_modeler.py - pytorch_modeler.py - 168 - INFO - Epoch 75/100:train_score:1314.399564, valid_score:174.939187
2020-09-08 09:27:49,604 - pytorch_modeler.py - pytorch_modeler.py - 168 - INFO - Epoch 76/100:train_score:1318.374753, valid_score:165.892301
2020-09-08 09:29:30,520 - pytorch_modeler.py - pytorch_modeler.py - 168 - INFO - Epoch 77/100:train_score:1312.706739, valid_score:169.375490
2020-09-08 09:31:10,082 - pytorch_modeler.py - pytorch_modeler.py - 168 - INFO - Epoch 78/100:train_score:1309.085089, valid_score:180.342859
2020-09-08 09:32:48,298 - pytorch_modeler.py - pytorch_modeler.py - 168 - INFO - Epoch 79/100:train_score:1307.051859, valid_score:167.295332
2020-09-08 09:34:30,506 - pytorch_modeler.py - pytorch_modeler.py - 168 - INFO - Epoch 80/100:train_score:1305.857621, valid_score:165.900608
2020-09-08 09:36:10,801 - pytorch_modeler.py - pytorch_modeler.py - 168 - INFO - Epoch 81/100:train_score:1304.361436, valid_score:167.767237
2020-09-08 09:37:50,150 - pytorch_modeler.py - pytorch_modeler.py - 168 - INFO - Epoch 82/100:train_score:1304.038268, valid_score:172.764643
2020-09-08 09:39:31,215 - pytorch_modeler.py - pytorch_modeler.py - 168 - INFO - Epoch 83/100:train_score:1302.846208, valid_score:171.788300
2020-09-08 09:41:11,595 - pytorch_modeler.py - pytorch_modeler.py - 168 - INFO - Epoch 84/100:train_score:1302.583271, valid_score:165.765527
2020-09-08 09:42:49,307 - pytorch_modeler.py - pytorch_modeler.py - 168 - INFO - Epoch 85/100:train_score:1300.553548, valid_score:167.628302
2020-09-08 09:44:25,785 - pytorch_modeler.py - pytorch_modeler.py - 168 - INFO - Epoch 86/100:train_score:1303.190920, valid_score:167.458715
2020-09-08 09:46:05,868 - pytorch_modeler.py - pytorch_modeler.py - 168 - INFO - Epoch 87/100:train_score:1300.347459, valid_score:169.459260
2020-09-08 09:47:42,261 - pytorch_modeler.py - pytorch_modeler.py - 168 - INFO - Epoch 88/100:train_score:1298.853287, valid_score:166.752186
2020-09-08 09:49:21,430 - pytorch_modeler.py - pytorch_modeler.py - 168 - INFO - Epoch 89/100:train_score:1296.901508, valid_score:168.438883
2020-09-08 09:50:57,894 - pytorch_modeler.py - pytorch_modeler.py - 168 - INFO - Epoch 90/100:train_score:1296.866574, valid_score:165.936786
2020-09-08 09:52:34,211 - pytorch_modeler.py - pytorch_modeler.py - 168 - INFO - Epoch 91/100:train_score:1294.823085, valid_score:164.452137
2020-09-08 09:54:17,084 - pytorch_modeler.py - pytorch_modeler.py - 168 - INFO - Epoch 92/100:train_score:1294.078886, valid_score:169.533020
2020-09-08 09:55:54,082 - pytorch_modeler.py - pytorch_modeler.py - 168 - INFO - Epoch 93/100:train_score:1292.289955, valid_score:179.808749
2020-09-08 09:57:34,264 - pytorch_modeler.py - pytorch_modeler.py - 168 - INFO - Epoch 94/100:train_score:1290.834370, valid_score:177.540796
2020-09-08 09:59:15,177 - pytorch_modeler.py - pytorch_modeler.py - 168 - INFO - Epoch 95/100:train_score:1291.699446, valid_score:179.201437
2020-09-08 10:00:56,853 - pytorch_modeler.py - pytorch_modeler.py - 168 - INFO - Epoch 96/100:train_score:1289.707049, valid_score:178.256827
2020-09-08 10:02:40,303 - pytorch_modeler.py - pytorch_modeler.py - 168 - INFO - Epoch 97/100:train_score:1290.257156, valid_score:162.743615
2020-09-08 10:04:29,566 - pytorch_modeler.py - pytorch_modeler.py - 168 - INFO - Epoch 98/100:train_score:1289.163672, valid_score:162.221413
2020-09-08 10:06:06,362 - pytorch_modeler.py - pytorch_modeler.py - 168 - INFO - Epoch 99/100:train_score:1284.833442, valid_score:178.328238
2020-09-08 10:07:46,109 - pytorch_modeler.py - pytorch_modeler.py - 168 - INFO - Epoch 100/100:train_score:1286.433490, valid_score:169.581453
2020-09-08 10:07:46,125 - 00_train.py - 00_train.py - 116 - INFO - success:ToyCar 
model_out_path ==> 
 /media/hiroki/working/research/dcase2020/result/no_add_batch_16/models/ToyCar_model.pth
2020-09-08 10:09:01,340 - pytorch_modeler.py - pytorch_modeler.py - 168 - INFO - Epoch 1/100:train_score:36892.003600, valid_score:1778.648607
2020-09-08 10:10:14,707 - pytorch_modeler.py - pytorch_modeler.py - 168 - INFO - Epoch 2/100:train_score:8132.278745, valid_score:324.632652
2020-09-08 10:11:26,552 - pytorch_modeler.py - pytorch_modeler.py - 168 - INFO - Epoch 3/100:train_score:2646.168301, valid_score:216.357457
2020-09-08 10:12:38,184 - pytorch_modeler.py - pytorch_modeler.py - 168 - INFO - Epoch 4/100:train_score:2191.276556, valid_score:224.335222
2020-09-08 10:13:51,329 - pytorch_modeler.py - pytorch_modeler.py - 168 - INFO - Epoch 5/100:train_score:1964.958852, valid_score:224.491991
2020-09-08 10:15:03,085 - pytorch_modeler.py - pytorch_modeler.py - 168 - INFO - Epoch 6/100:train_score:1831.132119, valid_score:202.562581
2020-09-08 10:16:16,367 - pytorch_modeler.py - pytorch_modeler.py - 168 - INFO - Epoch 7/100:train_score:1749.537489, valid_score:193.449711
2020-09-08 10:17:29,386 - pytorch_modeler.py - pytorch_modeler.py - 168 - INFO - Epoch 8/100:train_score:1702.019904, valid_score:195.263009
2020-09-08 10:18:42,345 - pytorch_modeler.py - pytorch_modeler.py - 168 - INFO - Epoch 9/100:train_score:1677.577196, valid_score:204.637915
2020-09-08 10:19:58,481 - pytorch_modeler.py - pytorch_modeler.py - 168 - INFO - Epoch 10/100:train_score:1643.251945, valid_score:196.726961
2020-09-08 10:21:13,301 - pytorch_modeler.py - pytorch_modeler.py - 168 - INFO - Epoch 11/100:train_score:1616.430397, valid_score:189.504079
2020-09-08 10:22:25,597 - pytorch_modeler.py - pytorch_modeler.py - 168 - INFO - Epoch 12/100:train_score:1596.228401, valid_score:183.803333
2020-09-08 10:23:38,046 - pytorch_modeler.py - pytorch_modeler.py - 168 - INFO - Epoch 13/100:train_score:1568.254866, valid_score:197.315541
2020-09-08 10:24:48,877 - pytorch_modeler.py - pytorch_modeler.py - 168 - INFO - Epoch 14/100:train_score:1556.400522, valid_score:185.692202
2020-09-08 10:26:01,848 - pytorch_modeler.py - pytorch_modeler.py - 168 - INFO - Epoch 15/100:train_score:1541.060046, valid_score:183.421232
2020-09-08 10:27:15,842 - pytorch_modeler.py - pytorch_modeler.py - 168 - INFO - Epoch 16/100:train_score:1511.706946, valid_score:188.467311
2020-09-08 10:28:26,015 - pytorch_modeler.py - pytorch_modeler.py - 168 - INFO - Epoch 17/100:train_score:1506.130646, valid_score:182.728412
2020-09-08 10:29:37,828 - pytorch_modeler.py - pytorch_modeler.py - 168 - INFO - Epoch 18/100:train_score:1479.969584, valid_score:204.109202
2020-09-08 10:30:49,613 - pytorch_modeler.py - pytorch_modeler.py - 168 - INFO - Epoch 19/100:train_score:1459.199195, valid_score:187.339932
2020-09-08 10:32:01,609 - pytorch_modeler.py - pytorch_modeler.py - 168 - INFO - Epoch 20/100:train_score:1438.317288, valid_score:188.998637
2020-09-08 10:33:14,297 - pytorch_modeler.py - pytorch_modeler.py - 168 - INFO - Epoch 21/100:train_score:1401.954017, valid_score:184.519438
2020-09-08 10:34:26,285 - pytorch_modeler.py - pytorch_modeler.py - 168 - INFO - Epoch 22/100:train_score:1375.640421, valid_score:190.235952
2020-09-08 10:35:37,679 - pytorch_modeler.py - pytorch_modeler.py - 168 - INFO - Epoch 23/100:train_score:1359.075018, valid_score:184.138009
2020-09-08 10:36:49,229 - pytorch_modeler.py - pytorch_modeler.py - 168 - INFO - Epoch 24/100:train_score:1335.342624, valid_score:210.735539
2020-09-08 10:38:04,488 - pytorch_modeler.py - pytorch_modeler.py - 168 - INFO - Epoch 25/100:train_score:1324.572364, valid_score:209.015934
2020-09-08 10:39:15,049 - pytorch_modeler.py - pytorch_modeler.py - 168 - INFO - Epoch 26/100:train_score:1306.267924, valid_score:208.597101
2020-09-08 10:40:27,668 - pytorch_modeler.py - pytorch_modeler.py - 168 - INFO - Epoch 27/100:train_score:1306.962636, valid_score:191.220005
2020-09-08 10:41:33,556 - pytorch_modeler.py - pytorch_modeler.py - 168 - INFO - Epoch 28/100:train_score:1296.122446, valid_score:221.329495
2020-09-08 10:42:44,879 - pytorch_modeler.py - pytorch_modeler.py - 168 - INFO - Epoch 29/100:train_score:1294.835119, valid_score:190.855982
2020-09-08 10:43:58,878 - pytorch_modeler.py - pytorch_modeler.py - 168 - INFO - Epoch 30/100:train_score:1283.471071, valid_score:184.836778
2020-09-08 10:45:12,498 - pytorch_modeler.py - pytorch_modeler.py - 168 - INFO - Epoch 31/100:train_score:1274.453544, valid_score:181.897558
2020-09-08 10:46:24,804 - pytorch_modeler.py - pytorch_modeler.py - 168 - INFO - Epoch 32/100:train_score:1264.816037, valid_score:189.876783
2020-09-08 10:47:34,995 - pytorch_modeler.py - pytorch_modeler.py - 168 - INFO - Epoch 33/100:train_score:1270.297939, valid_score:179.184064
2020-09-08 10:48:49,833 - pytorch_modeler.py - pytorch_modeler.py - 168 - INFO - Epoch 34/100:train_score:1261.068826, valid_score:185.748432
2020-09-08 10:50:02,731 - pytorch_modeler.py - pytorch_modeler.py - 168 - INFO - Epoch 35/100:train_score:1268.952642, valid_score:200.785642
2020-09-08 10:51:14,014 - pytorch_modeler.py - pytorch_modeler.py - 168 - INFO - Epoch 36/100:train_score:1254.491171, valid_score:176.468217
2020-09-08 10:52:25,552 - pytorch_modeler.py - pytorch_modeler.py - 168 - INFO - Epoch 37/100:train_score:1250.019526, valid_score:176.299996
2020-09-08 10:53:39,961 - pytorch_modeler.py - pytorch_modeler.py - 168 - INFO - Epoch 38/100:train_score:1241.608418, valid_score:181.917014
2020-09-08 10:54:49,349 - pytorch_modeler.py - pytorch_modeler.py - 168 - INFO - Epoch 39/100:train_score:1249.017289, valid_score:180.900477
2020-09-08 10:56:01,797 - pytorch_modeler.py - pytorch_modeler.py - 168 - INFO - Epoch 40/100:train_score:1236.350046, valid_score:176.931787
2020-09-08 10:57:13,178 - pytorch_modeler.py - pytorch_modeler.py - 168 - INFO - Epoch 41/100:train_score:1229.684678, valid_score:209.522220
2020-09-08 10:58:23,426 - pytorch_modeler.py - pytorch_modeler.py - 168 - INFO - Epoch 42/100:train_score:1223.927346, valid_score:196.366044
2020-09-08 10:59:36,372 - pytorch_modeler.py - pytorch_modeler.py - 168 - INFO - Epoch 43/100:train_score:1218.248146, valid_score:179.308211
2020-09-08 11:00:49,500 - pytorch_modeler.py - pytorch_modeler.py - 168 - INFO - Epoch 44/100:train_score:1212.503285, valid_score:176.966377
2020-09-08 11:02:04,806 - pytorch_modeler.py - pytorch_modeler.py - 168 - INFO - Epoch 45/100:train_score:1209.629860, valid_score:215.110366
2020-09-08 11:03:19,824 - pytorch_modeler.py - pytorch_modeler.py - 168 - INFO - Epoch 46/100:train_score:1206.410204, valid_score:176.844870
2020-09-08 11:04:31,768 - pytorch_modeler.py - pytorch_modeler.py - 168 - INFO - Epoch 47/100:train_score:1195.570636, valid_score:177.671192
2020-09-08 11:05:42,001 - pytorch_modeler.py - pytorch_modeler.py - 168 - INFO - Epoch 48/100:train_score:1191.950159, valid_score:174.456358
2020-09-08 11:06:54,117 - pytorch_modeler.py - pytorch_modeler.py - 168 - INFO - Epoch 49/100:train_score:1186.428354, valid_score:190.500072
2020-09-08 11:08:05,904 - pytorch_modeler.py - pytorch_modeler.py - 168 - INFO - Epoch 50/100:train_score:1192.845898, valid_score:195.920638
2020-09-08 11:09:19,239 - pytorch_modeler.py - pytorch_modeler.py - 168 - INFO - Epoch 51/100:train_score:1183.640267, valid_score:173.064159
2020-09-08 11:10:31,634 - pytorch_modeler.py - pytorch_modeler.py - 168 - INFO - Epoch 52/100:train_score:1177.807143, valid_score:168.197042
2020-09-08 11:11:44,176 - pytorch_modeler.py - pytorch_modeler.py - 168 - INFO - Epoch 53/100:train_score:1176.459851, valid_score:175.726733
2020-09-08 11:12:55,275 - pytorch_modeler.py - pytorch_modeler.py - 168 - INFO - Epoch 54/100:train_score:1174.930638, valid_score:188.987823
2020-09-08 11:14:08,194 - pytorch_modeler.py - pytorch_modeler.py - 168 - INFO - Epoch 55/100:train_score:1173.081376, valid_score:172.456384
2020-09-08 11:15:21,315 - pytorch_modeler.py - pytorch_modeler.py - 168 - INFO - Epoch 56/100:train_score:1173.127679, valid_score:175.401014
2020-09-08 11:16:35,210 - pytorch_modeler.py - pytorch_modeler.py - 168 - INFO - Epoch 57/100:train_score:1168.257600, valid_score:182.812648
2020-09-08 11:17:47,602 - pytorch_modeler.py - pytorch_modeler.py - 168 - INFO - Epoch 58/100:train_score:1163.419669, valid_score:174.685064
2020-09-08 11:19:02,171 - pytorch_modeler.py - pytorch_modeler.py - 168 - INFO - Epoch 59/100:train_score:1161.002105, valid_score:190.795559
2020-09-08 11:20:15,872 - pytorch_modeler.py - pytorch_modeler.py - 168 - INFO - Epoch 60/100:train_score:1154.225048, valid_score:186.332130
2020-09-08 11:21:28,052 - pytorch_modeler.py - pytorch_modeler.py - 168 - INFO - Epoch 61/100:train_score:1153.946345, valid_score:180.206191
2020-09-08 11:22:39,160 - pytorch_modeler.py - pytorch_modeler.py - 168 - INFO - Epoch 62/100:train_score:1152.746778, valid_score:177.090669
2020-09-08 11:23:52,180 - pytorch_modeler.py - pytorch_modeler.py - 168 - INFO - Epoch 63/100:train_score:1153.866566, valid_score:179.192870
2020-09-08 11:25:05,114 - pytorch_modeler.py - pytorch_modeler.py - 168 - INFO - Epoch 64/100:train_score:1148.693212, valid_score:189.654546
2020-09-08 11:26:18,363 - pytorch_modeler.py - pytorch_modeler.py - 168 - INFO - Epoch 65/100:train_score:1146.568590, valid_score:168.927072
2020-09-08 11:27:30,345 - pytorch_modeler.py - pytorch_modeler.py - 168 - INFO - Epoch 66/100:train_score:1144.473964, valid_score:168.830855
2020-09-08 11:28:41,860 - pytorch_modeler.py - pytorch_modeler.py - 168 - INFO - Epoch 67/100:train_score:1144.171901, valid_score:185.230562
2020-09-08 11:29:52,231 - pytorch_modeler.py - pytorch_modeler.py - 168 - INFO - Epoch 68/100:train_score:1147.811682, valid_score:185.319209
2020-09-08 11:31:05,628 - pytorch_modeler.py - pytorch_modeler.py - 168 - INFO - Epoch 69/100:train_score:1143.456284, valid_score:184.783418
2020-09-08 11:32:18,434 - pytorch_modeler.py - pytorch_modeler.py - 168 - INFO - Epoch 70/100:train_score:1138.755748, valid_score:167.044797
2020-09-08 11:33:32,423 - pytorch_modeler.py - pytorch_modeler.py - 168 - INFO - Epoch 71/100:train_score:1136.355425, valid_score:189.204093
2020-09-08 11:34:45,834 - pytorch_modeler.py - pytorch_modeler.py - 168 - INFO - Epoch 72/100:train_score:1131.382117, valid_score:171.564964
2020-09-08 11:35:59,499 - pytorch_modeler.py - pytorch_modeler.py - 168 - INFO - Epoch 73/100:train_score:1134.200366, valid_score:170.130709
2020-09-08 11:37:12,718 - pytorch_modeler.py - pytorch_modeler.py - 168 - INFO - Epoch 74/100:train_score:1132.577683, valid_score:170.397689
2020-09-08 11:38:26,288 - pytorch_modeler.py - pytorch_modeler.py - 168 - INFO - Epoch 75/100:train_score:1126.123009, valid_score:180.102489
2020-09-08 11:39:40,923 - pytorch_modeler.py - pytorch_modeler.py - 168 - INFO - Epoch 76/100:train_score:1124.403824, valid_score:199.272970
2020-09-08 11:40:51,995 - pytorch_modeler.py - pytorch_modeler.py - 168 - INFO - Epoch 77/100:train_score:1125.422011, valid_score:182.196004
2020-09-08 11:42:04,749 - pytorch_modeler.py - pytorch_modeler.py - 168 - INFO - Epoch 78/100:train_score:1130.466385, valid_score:168.355446
2020-09-08 11:43:17,992 - pytorch_modeler.py - pytorch_modeler.py - 168 - INFO - Epoch 79/100:train_score:1126.259496, valid_score:177.624288
2020-09-08 11:44:30,530 - pytorch_modeler.py - pytorch_modeler.py - 168 - INFO - Epoch 80/100:train_score:1121.153787, valid_score:162.528930
2020-09-08 11:45:41,695 - pytorch_modeler.py - pytorch_modeler.py - 168 - INFO - Epoch 81/100:train_score:1121.757918, valid_score:167.461289
2020-09-08 11:46:53,070 - pytorch_modeler.py - pytorch_modeler.py - 168 - INFO - Epoch 82/100:train_score:1121.353549, valid_score:202.240792
2020-09-08 11:48:05,561 - pytorch_modeler.py - pytorch_modeler.py - 168 - INFO - Epoch 83/100:train_score:1118.301865, valid_score:181.236037
2020-09-08 11:49:19,829 - pytorch_modeler.py - pytorch_modeler.py - 168 - INFO - Epoch 84/100:train_score:1116.019806, valid_score:177.119063
2020-09-08 11:50:32,883 - pytorch_modeler.py - pytorch_modeler.py - 168 - INFO - Epoch 85/100:train_score:1114.065595, valid_score:172.713147
2020-09-08 11:51:43,690 - pytorch_modeler.py - pytorch_modeler.py - 168 - INFO - Epoch 86/100:train_score:1115.047078, valid_score:181.162444
2020-09-08 11:52:55,816 - pytorch_modeler.py - pytorch_modeler.py - 168 - INFO - Epoch 87/100:train_score:1113.472297, valid_score:164.546927
2020-09-08 11:54:09,882 - pytorch_modeler.py - pytorch_modeler.py - 168 - INFO - Epoch 88/100:train_score:1111.784005, valid_score:174.452539
2020-09-08 11:55:22,869 - pytorch_modeler.py - pytorch_modeler.py - 168 - INFO - Epoch 89/100:train_score:1111.775400, valid_score:164.360470
2020-09-08 11:56:34,785 - pytorch_modeler.py - pytorch_modeler.py - 168 - INFO - Epoch 90/100:train_score:1108.368567, valid_score:177.858746
2020-09-08 11:57:47,080 - pytorch_modeler.py - pytorch_modeler.py - 168 - INFO - Epoch 91/100:train_score:1102.480992, valid_score:183.018038
2020-09-08 11:58:59,284 - pytorch_modeler.py - pytorch_modeler.py - 168 - INFO - Epoch 92/100:train_score:1100.382913, valid_score:168.232063
2020-09-08 12:00:12,203 - pytorch_modeler.py - pytorch_modeler.py - 168 - INFO - Epoch 93/100:train_score:1091.806837, valid_score:187.243034
2020-09-08 12:01:22,533 - pytorch_modeler.py - pytorch_modeler.py - 168 - INFO - Epoch 94/100:train_score:1095.633496, valid_score:164.360972
2020-09-08 12:02:35,662 - pytorch_modeler.py - pytorch_modeler.py - 168 - INFO - Epoch 95/100:train_score:1085.733079, valid_score:168.969413
2020-09-08 12:04:00,878 - pytorch_modeler.py - pytorch_modeler.py - 168 - INFO - Epoch 96/100:train_score:1072.158410, valid_score:173.457983
2020-09-08 12:05:19,165 - pytorch_modeler.py - pytorch_modeler.py - 168 - INFO - Epoch 97/100:train_score:1067.177328, valid_score:191.510692
2020-09-08 12:06:32,497 - pytorch_modeler.py - pytorch_modeler.py - 168 - INFO - Epoch 98/100:train_score:1063.782297, valid_score:199.177772
2020-09-08 12:07:42,298 - pytorch_modeler.py - pytorch_modeler.py - 168 - INFO - Epoch 99/100:train_score:1062.395789, valid_score:170.638041
2020-09-08 12:08:53,405 - pytorch_modeler.py - pytorch_modeler.py - 168 - INFO - Epoch 100/100:train_score:1058.585453, valid_score:182.380505
2020-09-08 12:08:53,421 - 00_train.py - 00_train.py - 116 - INFO - success:ToyConveyor 
model_out_path ==> 
 /media/hiroki/working/research/dcase2020/result/no_add_batch_16/models/ToyConveyor_model.pth
2020-09-08 12:10:14,989 - pytorch_modeler.py - pytorch_modeler.py - 168 - INFO - Epoch 1/100:train_score:62263.277485, valid_score:2603.990065
2020-09-08 12:11:35,742 - pytorch_modeler.py - pytorch_modeler.py - 168 - INFO - Epoch 2/100:train_score:10138.890488, valid_score:406.871606
2020-09-08 12:12:58,468 - pytorch_modeler.py - pytorch_modeler.py - 168 - INFO - Epoch 3/100:train_score:2925.877918, valid_score:5967.841702
2020-09-08 12:14:18,779 - pytorch_modeler.py - pytorch_modeler.py - 168 - INFO - Epoch 4/100:train_score:2606.658355, valid_score:335.374906
2020-09-08 12:15:39,613 - pytorch_modeler.py - pytorch_modeler.py - 168 - INFO - Epoch 5/100:train_score:2394.048193, valid_score:274.574938
2020-09-08 12:16:57,461 - pytorch_modeler.py - pytorch_modeler.py - 168 - INFO - Epoch 6/100:train_score:2293.868151, valid_score:266.307480
2020-09-08 12:18:18,603 - pytorch_modeler.py - pytorch_modeler.py - 168 - INFO - Epoch 7/100:train_score:2216.583052, valid_score:259.395018
2020-09-08 12:19:37,970 - pytorch_modeler.py - pytorch_modeler.py - 168 - INFO - Epoch 8/100:train_score:2173.283057, valid_score:364.922668
2020-09-08 12:20:57,119 - pytorch_modeler.py - pytorch_modeler.py - 168 - INFO - Epoch 9/100:train_score:2114.373839, valid_score:273.989339
2020-09-08 12:22:15,762 - pytorch_modeler.py - pytorch_modeler.py - 168 - INFO - Epoch 10/100:train_score:2073.093992, valid_score:253.651779
2020-09-08 12:23:35,813 - pytorch_modeler.py - pytorch_modeler.py - 168 - INFO - Epoch 11/100:train_score:2015.436983, valid_score:273.241546
2020-09-08 12:24:54,836 - pytorch_modeler.py - pytorch_modeler.py - 168 - INFO - Epoch 12/100:train_score:1960.518904, valid_score:239.834254
2020-09-08 12:26:12,226 - pytorch_modeler.py - pytorch_modeler.py - 168 - INFO - Epoch 13/100:train_score:1923.149123, valid_score:239.947773
2020-09-08 12:27:30,622 - pytorch_modeler.py - pytorch_modeler.py - 168 - INFO - Epoch 14/100:train_score:1856.908010, valid_score:249.183715
2020-09-08 12:28:51,329 - pytorch_modeler.py - pytorch_modeler.py - 168 - INFO - Epoch 15/100:train_score:1815.483749, valid_score:241.498156
2020-09-08 12:30:09,893 - pytorch_modeler.py - pytorch_modeler.py - 168 - INFO - Epoch 16/100:train_score:1785.172547, valid_score:236.457081
2020-09-08 12:31:27,062 - pytorch_modeler.py - pytorch_modeler.py - 168 - INFO - Epoch 17/100:train_score:1756.381509, valid_score:230.911846
2020-09-08 12:32:46,119 - pytorch_modeler.py - pytorch_modeler.py - 168 - INFO - Epoch 18/100:train_score:1720.606077, valid_score:227.503756
2020-09-08 12:34:02,844 - pytorch_modeler.py - pytorch_modeler.py - 168 - INFO - Epoch 19/100:train_score:1706.026768, valid_score:227.712667
2020-09-08 12:35:22,672 - pytorch_modeler.py - pytorch_modeler.py - 168 - INFO - Epoch 20/100:train_score:1675.363667, valid_score:209.028227
2020-09-08 12:36:39,797 - pytorch_modeler.py - pytorch_modeler.py - 168 - INFO - Epoch 21/100:train_score:1639.666614, valid_score:219.281450
2020-09-08 12:37:57,146 - pytorch_modeler.py - pytorch_modeler.py - 168 - INFO - Epoch 22/100:train_score:1638.447249, valid_score:218.126080
2020-09-08 12:39:15,839 - pytorch_modeler.py - pytorch_modeler.py - 168 - INFO - Epoch 23/100:train_score:1631.878902, valid_score:245.266040
2020-09-08 12:40:35,375 - pytorch_modeler.py - pytorch_modeler.py - 168 - INFO - Epoch 24/100:train_score:1621.728494, valid_score:225.486178
2020-09-08 12:41:55,774 - pytorch_modeler.py - pytorch_modeler.py - 168 - INFO - Epoch 25/100:train_score:1592.299129, valid_score:212.143381
2020-09-08 12:43:13,640 - pytorch_modeler.py - pytorch_modeler.py - 168 - INFO - Epoch 26/100:train_score:1575.399586, valid_score:228.782815
2020-09-08 12:44:34,038 - pytorch_modeler.py - pytorch_modeler.py - 168 - INFO - Epoch 27/100:train_score:1567.840087, valid_score:204.427640
2020-09-08 12:45:53,623 - pytorch_modeler.py - pytorch_modeler.py - 168 - INFO - Epoch 28/100:train_score:1563.699890, valid_score:209.068713
2020-09-08 12:47:10,381 - pytorch_modeler.py - pytorch_modeler.py - 168 - INFO - Epoch 29/100:train_score:1552.783668, valid_score:226.998669
2020-09-08 12:48:29,374 - pytorch_modeler.py - pytorch_modeler.py - 168 - INFO - Epoch 30/100:train_score:1546.362326, valid_score:229.010339
2020-09-08 12:49:46,673 - pytorch_modeler.py - pytorch_modeler.py - 168 - INFO - Epoch 31/100:train_score:1540.209901, valid_score:208.570342
2020-09-08 12:51:06,219 - pytorch_modeler.py - pytorch_modeler.py - 168 - INFO - Epoch 32/100:train_score:1530.562241, valid_score:221.351254
2020-09-08 12:52:26,251 - pytorch_modeler.py - pytorch_modeler.py - 168 - INFO - Epoch 33/100:train_score:1517.078499, valid_score:221.671080
2020-09-08 12:53:46,234 - pytorch_modeler.py - pytorch_modeler.py - 168 - INFO - Epoch 34/100:train_score:1510.878882, valid_score:223.046236
2020-09-08 12:55:04,164 - pytorch_modeler.py - pytorch_modeler.py - 168 - INFO - Epoch 35/100:train_score:1506.154085, valid_score:218.928559
2020-09-08 12:56:25,338 - pytorch_modeler.py - pytorch_modeler.py - 168 - INFO - Epoch 36/100:train_score:1504.753070, valid_score:215.439565
2020-09-08 12:57:47,836 - pytorch_modeler.py - pytorch_modeler.py - 168 - INFO - Epoch 37/100:train_score:1499.664045, valid_score:210.078249
2020-09-08 12:59:09,901 - pytorch_modeler.py - pytorch_modeler.py - 168 - INFO - Epoch 38/100:train_score:1492.786580, valid_score:213.778304
2020-09-08 13:00:32,136 - pytorch_modeler.py - pytorch_modeler.py - 168 - INFO - Epoch 39/100:train_score:1466.144163, valid_score:217.733372
2020-09-08 13:01:49,966 - pytorch_modeler.py - pytorch_modeler.py - 168 - INFO - Epoch 40/100:train_score:1474.960180, valid_score:222.312884
2020-09-08 13:03:08,550 - pytorch_modeler.py - pytorch_modeler.py - 168 - INFO - Epoch 41/100:train_score:1468.816891, valid_score:225.927181
2020-09-08 13:04:27,138 - pytorch_modeler.py - pytorch_modeler.py - 168 - INFO - Epoch 42/100:train_score:1460.112809, valid_score:230.410839
2020-09-08 13:05:50,151 - pytorch_modeler.py - pytorch_modeler.py - 168 - INFO - Epoch 43/100:train_score:1466.178860, valid_score:237.657803
2020-09-08 13:07:10,440 - pytorch_modeler.py - pytorch_modeler.py - 168 - INFO - Epoch 44/100:train_score:1456.501497, valid_score:219.848765
2020-09-08 13:08:29,957 - pytorch_modeler.py - pytorch_modeler.py - 168 - INFO - Epoch 45/100:train_score:1441.415101, valid_score:225.352118
2020-09-08 13:09:50,638 - pytorch_modeler.py - pytorch_modeler.py - 168 - INFO - Epoch 46/100:train_score:1435.264887, valid_score:221.576477
2020-09-08 13:11:10,106 - pytorch_modeler.py - pytorch_modeler.py - 168 - INFO - Epoch 47/100:train_score:1419.247470, valid_score:238.017431
2020-09-08 13:12:29,060 - pytorch_modeler.py - pytorch_modeler.py - 168 - INFO - Epoch 48/100:train_score:1418.227767, valid_score:219.034081
2020-09-08 13:13:48,217 - pytorch_modeler.py - pytorch_modeler.py - 168 - INFO - Epoch 49/100:train_score:1408.904457, valid_score:212.164480
2020-09-08 13:15:04,840 - pytorch_modeler.py - pytorch_modeler.py - 168 - INFO - Epoch 50/100:train_score:1395.879759, valid_score:225.587664
2020-09-08 13:16:24,026 - pytorch_modeler.py - pytorch_modeler.py - 168 - INFO - Epoch 51/100:train_score:1384.193600, valid_score:256.132666
2020-09-08 13:17:45,452 - pytorch_modeler.py - pytorch_modeler.py - 168 - INFO - Epoch 52/100:train_score:1384.015577, valid_score:215.926455
2020-09-08 13:19:05,036 - pytorch_modeler.py - pytorch_modeler.py - 168 - INFO - Epoch 53/100:train_score:1359.684895, valid_score:223.739728
2020-09-08 13:20:22,842 - pytorch_modeler.py - pytorch_modeler.py - 168 - INFO - Epoch 54/100:train_score:1363.577661, valid_score:232.420677
2020-09-08 13:21:42,220 - pytorch_modeler.py - pytorch_modeler.py - 168 - INFO - Epoch 55/100:train_score:1352.598640, valid_score:204.709271
2020-09-08 13:23:00,147 - pytorch_modeler.py - pytorch_modeler.py - 168 - INFO - Epoch 56/100:train_score:1351.321918, valid_score:232.605936
2020-09-08 13:24:19,566 - pytorch_modeler.py - pytorch_modeler.py - 168 - INFO - Epoch 57/100:train_score:1346.165697, valid_score:232.132097
2020-09-08 13:25:38,675 - pytorch_modeler.py - pytorch_modeler.py - 168 - INFO - Epoch 58/100:train_score:1359.902038, valid_score:243.813512
2020-09-08 13:26:59,857 - pytorch_modeler.py - pytorch_modeler.py - 168 - INFO - Epoch 59/100:train_score:1338.245968, valid_score:216.462309
2020-09-08 13:28:18,843 - pytorch_modeler.py - pytorch_modeler.py - 168 - INFO - Epoch 60/100:train_score:1338.503083, valid_score:229.377463
2020-09-08 13:29:37,078 - pytorch_modeler.py - pytorch_modeler.py - 168 - INFO - Epoch 61/100:train_score:1335.403947, valid_score:222.741289
2020-09-08 13:30:55,681 - pytorch_modeler.py - pytorch_modeler.py - 168 - INFO - Epoch 62/100:train_score:1326.748243, valid_score:213.403992
2020-09-08 13:32:13,411 - pytorch_modeler.py - pytorch_modeler.py - 168 - INFO - Epoch 63/100:train_score:1329.663567, valid_score:214.901805
2020-09-08 13:33:29,513 - pytorch_modeler.py - pytorch_modeler.py - 168 - INFO - Epoch 64/100:train_score:1325.813832, valid_score:212.213787
2020-09-08 13:34:50,269 - pytorch_modeler.py - pytorch_modeler.py - 168 - INFO - Epoch 65/100:train_score:1316.916383, valid_score:234.280746
2020-09-08 13:36:10,131 - pytorch_modeler.py - pytorch_modeler.py - 168 - INFO - Epoch 66/100:train_score:1324.034872, valid_score:215.063883
2020-09-08 13:37:30,288 - pytorch_modeler.py - pytorch_modeler.py - 168 - INFO - Epoch 67/100:train_score:1311.638156, valid_score:216.755290
2020-09-08 13:38:50,036 - pytorch_modeler.py - pytorch_modeler.py - 168 - INFO - Epoch 68/100:train_score:1321.014107, valid_score:228.358301
2020-09-08 13:40:11,110 - pytorch_modeler.py - pytorch_modeler.py - 168 - INFO - Epoch 69/100:train_score:1310.785060, valid_score:206.321466
2020-09-08 13:41:29,162 - pytorch_modeler.py - pytorch_modeler.py - 168 - INFO - Epoch 70/100:train_score:1305.563160, valid_score:215.131624
2020-09-08 13:42:49,326 - pytorch_modeler.py - pytorch_modeler.py - 168 - INFO - Epoch 71/100:train_score:1297.620771, valid_score:218.747784
2020-09-08 13:44:08,236 - pytorch_modeler.py - pytorch_modeler.py - 168 - INFO - Epoch 72/100:train_score:1297.318056, valid_score:212.223299
2020-09-08 13:45:29,023 - pytorch_modeler.py - pytorch_modeler.py - 168 - INFO - Epoch 73/100:train_score:1297.008364, valid_score:221.127685
2020-09-08 13:46:49,080 - pytorch_modeler.py - pytorch_modeler.py - 168 - INFO - Epoch 74/100:train_score:1300.770986, valid_score:206.576363
2020-09-08 13:48:09,402 - pytorch_modeler.py - pytorch_modeler.py - 168 - INFO - Epoch 75/100:train_score:1294.058215, valid_score:211.942178
2020-09-08 13:49:29,740 - pytorch_modeler.py - pytorch_modeler.py - 168 - INFO - Epoch 76/100:train_score:1283.977187, valid_score:224.531082
2020-09-08 13:50:48,583 - pytorch_modeler.py - pytorch_modeler.py - 168 - INFO - Epoch 77/100:train_score:1286.900854, valid_score:214.362827
2020-09-08 13:52:04,655 - pytorch_modeler.py - pytorch_modeler.py - 168 - INFO - Epoch 78/100:train_score:1287.064371, valid_score:219.319067
2020-09-08 13:53:24,490 - pytorch_modeler.py - pytorch_modeler.py - 168 - INFO - Epoch 79/100:train_score:1286.809871, valid_score:211.138207
2020-09-08 13:54:43,977 - pytorch_modeler.py - pytorch_modeler.py - 168 - INFO - Epoch 80/100:train_score:1275.553437, valid_score:224.431105
2020-09-08 13:56:02,595 - pytorch_modeler.py - pytorch_modeler.py - 168 - INFO - Epoch 81/100:train_score:1273.161664, valid_score:221.198993
2020-09-08 13:57:22,450 - pytorch_modeler.py - pytorch_modeler.py - 168 - INFO - Epoch 82/100:train_score:1285.230200, valid_score:216.343561
2020-09-08 13:58:41,931 - pytorch_modeler.py - pytorch_modeler.py - 168 - INFO - Epoch 83/100:train_score:1286.951608, valid_score:210.033525
2020-09-08 13:59:59,442 - pytorch_modeler.py - pytorch_modeler.py - 168 - INFO - Epoch 84/100:train_score:1276.773789, valid_score:208.845472
2020-09-08 14:01:17,593 - pytorch_modeler.py - pytorch_modeler.py - 168 - INFO - Epoch 85/100:train_score:1266.816011, valid_score:218.925361
2020-09-08 14:02:38,905 - pytorch_modeler.py - pytorch_modeler.py - 168 - INFO - Epoch 86/100:train_score:1263.642773, valid_score:226.460814
2020-09-08 14:04:05,309 - pytorch_modeler.py - pytorch_modeler.py - 168 - INFO - Epoch 87/100:train_score:1259.616424, valid_score:222.340712
2020-09-08 14:05:33,311 - pytorch_modeler.py - pytorch_modeler.py - 168 - INFO - Epoch 88/100:train_score:1266.095714, valid_score:203.373663
2020-09-08 14:07:04,287 - pytorch_modeler.py - pytorch_modeler.py - 168 - INFO - Epoch 89/100:train_score:1255.854595, valid_score:203.261592
2020-09-08 14:08:29,119 - pytorch_modeler.py - pytorch_modeler.py - 168 - INFO - Epoch 90/100:train_score:1265.807662, valid_score:203.642901
2020-09-08 14:09:55,141 - pytorch_modeler.py - pytorch_modeler.py - 168 - INFO - Epoch 91/100:train_score:1261.311793, valid_score:216.056543
2020-09-08 14:11:19,866 - pytorch_modeler.py - pytorch_modeler.py - 168 - INFO - Epoch 92/100:train_score:1266.891644, valid_score:218.732140
2020-09-08 14:12:47,786 - pytorch_modeler.py - pytorch_modeler.py - 168 - INFO - Epoch 93/100:train_score:1260.631416, valid_score:201.952320
2020-09-08 14:14:17,110 - pytorch_modeler.py - pytorch_modeler.py - 168 - INFO - Epoch 94/100:train_score:1254.916715, valid_score:210.766982
2020-09-08 14:15:42,479 - pytorch_modeler.py - pytorch_modeler.py - 168 - INFO - Epoch 95/100:train_score:1244.068144, valid_score:206.903265
2020-09-08 14:16:52,108 - pytorch_modeler.py - pytorch_modeler.py - 168 - INFO - Epoch 96/100:train_score:1251.802606, valid_score:208.110844
2020-09-08 14:17:45,868 - pytorch_modeler.py - pytorch_modeler.py - 168 - INFO - Epoch 97/100:train_score:1254.915599, valid_score:201.111140
2020-09-08 14:18:39,258 - pytorch_modeler.py - pytorch_modeler.py - 168 - INFO - Epoch 98/100:train_score:1245.919008, valid_score:211.014124
2020-09-08 14:19:33,823 - pytorch_modeler.py - pytorch_modeler.py - 168 - INFO - Epoch 99/100:train_score:1254.984925, valid_score:210.281228
2020-09-08 14:20:28,434 - pytorch_modeler.py - pytorch_modeler.py - 168 - INFO - Epoch 100/100:train_score:1272.861700, valid_score:214.617363
2020-09-08 14:20:28,448 - 00_train.py - 00_train.py - 116 - INFO - success:valve 
model_out_path ==> 
 /media/hiroki/working/research/dcase2020/result/no_add_batch_16/models/valve_model.pth
