2020-09-08 00:42:20,629 - pytorch_modeler.py - pytorch_modeler.py - 168 - INFO - Epoch 1/100:train_score:72303.794188, valid_score:727.226074
2020-09-08 00:43:00,655 - pytorch_modeler.py - pytorch_modeler.py - 168 - INFO - Epoch 2/100:train_score:5262.219322, valid_score:521.176686
2020-09-08 00:44:11,504 - pytorch_modeler.py - pytorch_modeler.py - 168 - INFO - Epoch 3/100:train_score:4901.760530, valid_score:570.537838
2020-09-08 00:45:51,058 - pytorch_modeler.py - pytorch_modeler.py - 168 - INFO - Epoch 4/100:train_score:4738.762010, valid_score:524.104993
2020-09-08 00:47:28,971 - pytorch_modeler.py - pytorch_modeler.py - 168 - INFO - Epoch 5/100:train_score:4706.581771, valid_score:538.347464
2020-09-08 00:49:06,033 - pytorch_modeler.py - pytorch_modeler.py - 168 - INFO - Epoch 6/100:train_score:4620.591174, valid_score:539.329545
2020-09-08 00:50:43,149 - pytorch_modeler.py - pytorch_modeler.py - 168 - INFO - Epoch 7/100:train_score:4551.842843, valid_score:570.328382
2020-09-08 00:52:21,977 - pytorch_modeler.py - pytorch_modeler.py - 168 - INFO - Epoch 8/100:train_score:4551.224059, valid_score:529.319744
2020-09-08 00:53:59,580 - pytorch_modeler.py - pytorch_modeler.py - 168 - INFO - Epoch 9/100:train_score:4513.618076, valid_score:544.361171
2020-09-08 00:55:36,003 - pytorch_modeler.py - pytorch_modeler.py - 168 - INFO - Epoch 10/100:train_score:4459.043774, valid_score:544.019727
2020-09-08 00:57:08,280 - pytorch_modeler.py - pytorch_modeler.py - 168 - INFO - Epoch 11/100:train_score:4405.120656, valid_score:533.944716
2020-09-08 00:58:43,952 - pytorch_modeler.py - pytorch_modeler.py - 168 - INFO - Epoch 12/100:train_score:4338.045462, valid_score:537.310259
2020-09-08 01:00:19,508 - pytorch_modeler.py - pytorch_modeler.py - 168 - INFO - Epoch 13/100:train_score:4366.786634, valid_score:548.676755
2020-09-08 01:01:57,172 - pytorch_modeler.py - pytorch_modeler.py - 168 - INFO - Epoch 14/100:train_score:4275.396903, valid_score:526.890379
2020-09-08 01:03:32,614 - pytorch_modeler.py - pytorch_modeler.py - 168 - INFO - Epoch 15/100:train_score:4251.155548, valid_score:522.118430
2020-09-08 01:05:07,847 - pytorch_modeler.py - pytorch_modeler.py - 168 - INFO - Epoch 16/100:train_score:4215.455054, valid_score:547.593510
2020-09-08 01:06:40,416 - pytorch_modeler.py - pytorch_modeler.py - 168 - INFO - Epoch 17/100:train_score:4139.452589, valid_score:549.264092
2020-09-08 01:08:12,760 - pytorch_modeler.py - pytorch_modeler.py - 168 - INFO - Epoch 18/100:train_score:4111.762689, valid_score:601.404820
2020-09-08 01:09:43,100 - pytorch_modeler.py - pytorch_modeler.py - 168 - INFO - Epoch 19/100:train_score:4077.720525, valid_score:571.238723
2020-09-08 01:11:12,303 - pytorch_modeler.py - pytorch_modeler.py - 168 - INFO - Epoch 20/100:train_score:4023.606653, valid_score:574.016433
2020-09-08 01:12:46,520 - pytorch_modeler.py - pytorch_modeler.py - 168 - INFO - Epoch 21/100:train_score:3975.202333, valid_score:579.318156
2020-09-08 01:14:19,928 - pytorch_modeler.py - pytorch_modeler.py - 168 - INFO - Epoch 22/100:train_score:3921.197388, valid_score:559.328576
2020-09-08 01:15:49,769 - pytorch_modeler.py - pytorch_modeler.py - 168 - INFO - Epoch 23/100:train_score:3893.218563, valid_score:527.616855
2020-09-08 01:17:25,008 - pytorch_modeler.py - pytorch_modeler.py - 168 - INFO - Epoch 24/100:train_score:3863.286891, valid_score:605.196741
2020-09-08 01:18:55,506 - pytorch_modeler.py - pytorch_modeler.py - 168 - INFO - Epoch 25/100:train_score:3819.056695, valid_score:574.067237
2020-09-08 01:20:27,221 - pytorch_modeler.py - pytorch_modeler.py - 168 - INFO - Epoch 26/100:train_score:3801.217499, valid_score:524.607979
2020-09-08 01:22:02,404 - pytorch_modeler.py - pytorch_modeler.py - 168 - INFO - Epoch 27/100:train_score:3777.986020, valid_score:581.901278
2020-09-08 01:23:37,365 - pytorch_modeler.py - pytorch_modeler.py - 168 - INFO - Epoch 28/100:train_score:3737.072636, valid_score:529.100232
2020-09-08 01:25:08,397 - pytorch_modeler.py - pytorch_modeler.py - 168 - INFO - Epoch 29/100:train_score:3661.314229, valid_score:614.465623
2020-09-08 01:26:40,203 - pytorch_modeler.py - pytorch_modeler.py - 168 - INFO - Epoch 30/100:train_score:3660.103086, valid_score:540.809721
2020-09-08 01:28:13,567 - pytorch_modeler.py - pytorch_modeler.py - 168 - INFO - Epoch 31/100:train_score:3603.590381, valid_score:618.035660
2020-09-08 01:29:46,977 - pytorch_modeler.py - pytorch_modeler.py - 168 - INFO - Epoch 32/100:train_score:3597.431553, valid_score:540.515520
2020-09-08 01:31:19,320 - pytorch_modeler.py - pytorch_modeler.py - 168 - INFO - Epoch 33/100:train_score:3581.106934, valid_score:535.061458
2020-09-08 01:32:51,253 - pytorch_modeler.py - pytorch_modeler.py - 168 - INFO - Epoch 34/100:train_score:3526.194006, valid_score:635.897865
2020-09-08 01:34:24,578 - pytorch_modeler.py - pytorch_modeler.py - 168 - INFO - Epoch 35/100:train_score:3473.124120, valid_score:593.575151
2020-09-08 01:35:56,192 - pytorch_modeler.py - pytorch_modeler.py - 168 - INFO - Epoch 36/100:train_score:3443.352192, valid_score:482.348880
2020-09-08 01:37:29,795 - pytorch_modeler.py - pytorch_modeler.py - 168 - INFO - Epoch 37/100:train_score:3463.433203, valid_score:520.107318
2020-09-08 01:39:02,964 - pytorch_modeler.py - pytorch_modeler.py - 168 - INFO - Epoch 38/100:train_score:3451.069578, valid_score:486.573574
2020-09-08 01:40:32,349 - pytorch_modeler.py - pytorch_modeler.py - 168 - INFO - Epoch 39/100:train_score:3415.058368, valid_score:546.593660
2020-09-08 01:42:07,253 - pytorch_modeler.py - pytorch_modeler.py - 168 - INFO - Epoch 40/100:train_score:3403.297110, valid_score:635.625684
2020-09-08 01:43:41,666 - pytorch_modeler.py - pytorch_modeler.py - 168 - INFO - Epoch 41/100:train_score:3401.804730, valid_score:551.848805
2020-09-08 01:45:13,827 - pytorch_modeler.py - pytorch_modeler.py - 168 - INFO - Epoch 42/100:train_score:3390.722884, valid_score:551.410014
2020-09-08 01:46:49,554 - pytorch_modeler.py - pytorch_modeler.py - 168 - INFO - Epoch 43/100:train_score:3379.871777, valid_score:550.448339
2020-09-08 01:48:23,961 - pytorch_modeler.py - pytorch_modeler.py - 168 - INFO - Epoch 44/100:train_score:3358.100199, valid_score:513.923361
2020-09-08 01:49:59,827 - pytorch_modeler.py - pytorch_modeler.py - 168 - INFO - Epoch 45/100:train_score:3333.238513, valid_score:576.264723
2020-09-08 01:51:30,580 - pytorch_modeler.py - pytorch_modeler.py - 168 - INFO - Epoch 46/100:train_score:3318.696367, valid_score:568.556565
2020-09-08 01:53:04,315 - pytorch_modeler.py - pytorch_modeler.py - 168 - INFO - Epoch 47/100:train_score:3336.975158, valid_score:612.871346
2020-09-08 01:54:39,800 - pytorch_modeler.py - pytorch_modeler.py - 168 - INFO - Epoch 48/100:train_score:3319.671015, valid_score:597.095695
2020-09-08 01:56:09,359 - pytorch_modeler.py - pytorch_modeler.py - 168 - INFO - Epoch 49/100:train_score:3315.794921, valid_score:604.917977
2020-09-08 01:57:43,196 - pytorch_modeler.py - pytorch_modeler.py - 168 - INFO - Epoch 50/100:train_score:3330.788861, valid_score:580.254598
2020-09-08 01:59:16,951 - pytorch_modeler.py - pytorch_modeler.py - 168 - INFO - Epoch 51/100:train_score:3335.654164, valid_score:605.927614
2020-09-08 02:00:47,914 - pytorch_modeler.py - pytorch_modeler.py - 168 - INFO - Epoch 52/100:train_score:3318.632927, valid_score:530.034609
2020-09-08 02:02:22,192 - pytorch_modeler.py - pytorch_modeler.py - 168 - INFO - Epoch 53/100:train_score:3329.731052, valid_score:515.977086
2020-09-08 02:03:51,949 - pytorch_modeler.py - pytorch_modeler.py - 168 - INFO - Epoch 54/100:train_score:3296.786939, valid_score:650.749144
2020-09-08 02:05:24,708 - pytorch_modeler.py - pytorch_modeler.py - 168 - INFO - Epoch 55/100:train_score:3260.394257, valid_score:528.299280
2020-09-08 02:06:54,124 - pytorch_modeler.py - pytorch_modeler.py - 168 - INFO - Epoch 56/100:train_score:3226.730837, valid_score:551.784126
2020-09-08 02:08:26,659 - pytorch_modeler.py - pytorch_modeler.py - 168 - INFO - Epoch 57/100:train_score:3211.522589, valid_score:519.926486
2020-09-08 02:09:56,824 - pytorch_modeler.py - pytorch_modeler.py - 168 - INFO - Epoch 58/100:train_score:3221.422867, valid_score:538.569378
2020-09-08 02:11:31,125 - pytorch_modeler.py - pytorch_modeler.py - 168 - INFO - Epoch 59/100:train_score:3237.342448, valid_score:607.612919
2020-09-08 02:13:03,936 - pytorch_modeler.py - pytorch_modeler.py - 168 - INFO - Epoch 60/100:train_score:3250.915317, valid_score:500.669922
2020-09-08 02:14:34,864 - pytorch_modeler.py - pytorch_modeler.py - 168 - INFO - Epoch 61/100:train_score:3290.600935, valid_score:540.411830
2020-09-08 02:16:07,367 - pytorch_modeler.py - pytorch_modeler.py - 168 - INFO - Epoch 62/100:train_score:3222.549196, valid_score:619.115935
2020-09-08 02:17:38,381 - pytorch_modeler.py - pytorch_modeler.py - 168 - INFO - Epoch 63/100:train_score:3187.873948, valid_score:547.144282
2020-09-08 02:19:10,193 - pytorch_modeler.py - pytorch_modeler.py - 168 - INFO - Epoch 64/100:train_score:3162.267643, valid_score:551.527247
2020-09-08 02:20:43,848 - pytorch_modeler.py - pytorch_modeler.py - 168 - INFO - Epoch 65/100:train_score:3169.133687, valid_score:544.726666
2020-09-08 02:22:17,160 - pytorch_modeler.py - pytorch_modeler.py - 168 - INFO - Epoch 66/100:train_score:3156.847660, valid_score:544.321726
2020-09-08 02:23:49,720 - pytorch_modeler.py - pytorch_modeler.py - 168 - INFO - Epoch 67/100:train_score:3175.324425, valid_score:618.340272
2020-09-08 02:25:20,561 - pytorch_modeler.py - pytorch_modeler.py - 168 - INFO - Epoch 68/100:train_score:3173.465896, valid_score:565.429672
2020-09-08 02:26:53,009 - pytorch_modeler.py - pytorch_modeler.py - 168 - INFO - Epoch 69/100:train_score:3148.325781, valid_score:604.599440
2020-09-08 02:28:23,270 - pytorch_modeler.py - pytorch_modeler.py - 168 - INFO - Epoch 70/100:train_score:3137.693040, valid_score:556.310797
2020-09-08 02:29:57,719 - pytorch_modeler.py - pytorch_modeler.py - 168 - INFO - Epoch 71/100:train_score:3109.964845, valid_score:573.965198
2020-09-08 02:31:30,812 - pytorch_modeler.py - pytorch_modeler.py - 168 - INFO - Epoch 72/100:train_score:3106.279839, valid_score:576.818565
2020-09-08 02:33:05,496 - pytorch_modeler.py - pytorch_modeler.py - 168 - INFO - Epoch 73/100:train_score:3092.778210, valid_score:532.677026
2020-09-08 02:34:35,579 - pytorch_modeler.py - pytorch_modeler.py - 168 - INFO - Epoch 74/100:train_score:3082.316174, valid_score:595.167579
2020-09-08 02:36:07,376 - pytorch_modeler.py - pytorch_modeler.py - 168 - INFO - Epoch 75/100:train_score:3052.756855, valid_score:522.640594
2020-09-08 02:37:38,607 - pytorch_modeler.py - pytorch_modeler.py - 168 - INFO - Epoch 76/100:train_score:3037.256750, valid_score:673.441566
2020-09-08 02:39:08,075 - pytorch_modeler.py - pytorch_modeler.py - 168 - INFO - Epoch 77/100:train_score:3029.299951, valid_score:537.806501
2020-09-08 02:40:40,817 - pytorch_modeler.py - pytorch_modeler.py - 168 - INFO - Epoch 78/100:train_score:3015.649347, valid_score:637.339872
2020-09-08 02:42:14,666 - pytorch_modeler.py - pytorch_modeler.py - 168 - INFO - Epoch 79/100:train_score:3023.167297, valid_score:571.859318
2020-09-08 02:43:44,673 - pytorch_modeler.py - pytorch_modeler.py - 168 - INFO - Epoch 80/100:train_score:3023.465838, valid_score:583.594581
2020-09-08 02:45:17,819 - pytorch_modeler.py - pytorch_modeler.py - 168 - INFO - Epoch 81/100:train_score:2988.546113, valid_score:710.403256
2020-09-08 02:46:50,486 - pytorch_modeler.py - pytorch_modeler.py - 168 - INFO - Epoch 82/100:train_score:2973.844120, valid_score:558.810104
2020-09-08 02:48:20,604 - pytorch_modeler.py - pytorch_modeler.py - 168 - INFO - Epoch 83/100:train_score:2968.131963, valid_score:530.386403
2020-09-08 02:49:55,062 - pytorch_modeler.py - pytorch_modeler.py - 168 - INFO - Epoch 84/100:train_score:2966.349805, valid_score:670.633528
2020-09-08 02:51:23,751 - pytorch_modeler.py - pytorch_modeler.py - 168 - INFO - Epoch 85/100:train_score:2952.355329, valid_score:541.801703
2020-09-08 02:52:57,812 - pytorch_modeler.py - pytorch_modeler.py - 168 - INFO - Epoch 86/100:train_score:2960.828788, valid_score:583.958942
2020-09-08 02:54:32,055 - pytorch_modeler.py - pytorch_modeler.py - 168 - INFO - Epoch 87/100:train_score:2962.752077, valid_score:516.959718
2020-09-08 02:56:03,397 - pytorch_modeler.py - pytorch_modeler.py - 168 - INFO - Epoch 88/100:train_score:2949.604304, valid_score:545.287871
2020-09-08 02:57:36,733 - pytorch_modeler.py - pytorch_modeler.py - 168 - INFO - Epoch 89/100:train_score:2967.768895, valid_score:575.062936
2020-09-08 02:59:09,390 - pytorch_modeler.py - pytorch_modeler.py - 168 - INFO - Epoch 90/100:train_score:2990.917632, valid_score:547.305095
2020-09-08 03:00:41,523 - pytorch_modeler.py - pytorch_modeler.py - 168 - INFO - Epoch 91/100:train_score:2928.767900, valid_score:651.082067
2020-09-08 03:02:18,770 - pytorch_modeler.py - pytorch_modeler.py - 168 - INFO - Epoch 92/100:train_score:2913.577680, valid_score:548.421780
2020-09-08 03:03:50,714 - pytorch_modeler.py - pytorch_modeler.py - 168 - INFO - Epoch 93/100:train_score:2906.696446, valid_score:583.363215
2020-09-08 03:05:22,040 - pytorch_modeler.py - pytorch_modeler.py - 168 - INFO - Epoch 94/100:train_score:2933.490052, valid_score:526.370525
2020-09-08 03:06:54,161 - pytorch_modeler.py - pytorch_modeler.py - 168 - INFO - Epoch 95/100:train_score:2918.473257, valid_score:502.772539
2020-09-08 03:08:27,464 - pytorch_modeler.py - pytorch_modeler.py - 168 - INFO - Epoch 96/100:train_score:2899.781958, valid_score:513.126629
2020-09-08 03:09:58,287 - pytorch_modeler.py - pytorch_modeler.py - 168 - INFO - Epoch 97/100:train_score:2967.855294, valid_score:512.603917
2020-09-08 03:11:35,198 - pytorch_modeler.py - pytorch_modeler.py - 168 - INFO - Epoch 98/100:train_score:2914.398737, valid_score:527.863152
2020-09-08 03:13:16,376 - pytorch_modeler.py - pytorch_modeler.py - 168 - INFO - Epoch 99/100:train_score:2877.317255, valid_score:532.450193
2020-09-08 03:14:47,520 - pytorch_modeler.py - pytorch_modeler.py - 168 - INFO - Epoch 100/100:train_score:2877.664453, valid_score:541.856664
2020-09-08 03:14:47,537 - 00_train.py - 00_train.py - 116 - INFO - success:fan 
model_out_path ==> 
 /media/hiroki/working/research/dcase2020/result/no_add_batch_8/models/fan_model.pth
2020-09-08 03:16:12,633 - pytorch_modeler.py - pytorch_modeler.py - 168 - INFO - Epoch 1/100:train_score:68175.832262, valid_score:662.425785
2020-09-08 03:17:34,904 - pytorch_modeler.py - pytorch_modeler.py - 168 - INFO - Epoch 2/100:train_score:5048.636849, valid_score:488.367614
2020-09-08 03:18:58,158 - pytorch_modeler.py - pytorch_modeler.py - 168 - INFO - Epoch 3/100:train_score:4857.448876, valid_score:600.030639
2020-09-08 03:20:22,555 - pytorch_modeler.py - pytorch_modeler.py - 168 - INFO - Epoch 4/100:train_score:4792.129416, valid_score:499.956636
2020-09-08 03:21:45,684 - pytorch_modeler.py - pytorch_modeler.py - 168 - INFO - Epoch 5/100:train_score:4601.001629, valid_score:513.244986
2020-09-08 03:23:07,944 - pytorch_modeler.py - pytorch_modeler.py - 168 - INFO - Epoch 6/100:train_score:4496.656037, valid_score:1364.228874
2020-09-08 03:24:32,332 - pytorch_modeler.py - pytorch_modeler.py - 168 - INFO - Epoch 7/100:train_score:4393.422539, valid_score:490.840088
2020-09-08 03:25:55,943 - pytorch_modeler.py - pytorch_modeler.py - 168 - INFO - Epoch 8/100:train_score:4346.464525, valid_score:491.034941
2020-09-08 03:27:17,598 - pytorch_modeler.py - pytorch_modeler.py - 168 - INFO - Epoch 9/100:train_score:4284.735167, valid_score:562.776412
2020-09-08 03:28:42,939 - pytorch_modeler.py - pytorch_modeler.py - 168 - INFO - Epoch 10/100:train_score:4235.505813, valid_score:535.279147
2020-09-08 03:30:10,065 - pytorch_modeler.py - pytorch_modeler.py - 168 - INFO - Epoch 11/100:train_score:4224.006158, valid_score:547.683276
2020-09-08 03:31:33,934 - pytorch_modeler.py - pytorch_modeler.py - 168 - INFO - Epoch 12/100:train_score:4168.391240, valid_score:594.141688
2020-09-08 03:33:01,168 - pytorch_modeler.py - pytorch_modeler.py - 168 - INFO - Epoch 13/100:train_score:4144.348492, valid_score:556.420287
2020-09-08 03:34:26,627 - pytorch_modeler.py - pytorch_modeler.py - 168 - INFO - Epoch 14/100:train_score:4069.382287, valid_score:560.072921
2020-09-08 03:35:52,980 - pytorch_modeler.py - pytorch_modeler.py - 168 - INFO - Epoch 15/100:train_score:4028.547200, valid_score:613.528291
2020-09-08 03:37:18,077 - pytorch_modeler.py - pytorch_modeler.py - 168 - INFO - Epoch 16/100:train_score:3985.386710, valid_score:566.417628
2020-09-08 03:38:39,199 - pytorch_modeler.py - pytorch_modeler.py - 168 - INFO - Epoch 17/100:train_score:3951.024381, valid_score:618.392682
2020-09-08 03:40:05,784 - pytorch_modeler.py - pytorch_modeler.py - 168 - INFO - Epoch 18/100:train_score:3907.118833, valid_score:596.281519
2020-09-08 03:41:33,077 - pytorch_modeler.py - pytorch_modeler.py - 168 - INFO - Epoch 19/100:train_score:3867.853084, valid_score:561.890281
2020-09-08 03:43:01,009 - pytorch_modeler.py - pytorch_modeler.py - 168 - INFO - Epoch 20/100:train_score:3802.877135, valid_score:548.072060
2020-09-08 03:44:24,917 - pytorch_modeler.py - pytorch_modeler.py - 168 - INFO - Epoch 21/100:train_score:3826.059459, valid_score:502.262345
2020-09-08 03:45:43,699 - pytorch_modeler.py - pytorch_modeler.py - 168 - INFO - Epoch 22/100:train_score:3798.844913, valid_score:499.794710
2020-09-08 03:47:04,932 - pytorch_modeler.py - pytorch_modeler.py - 168 - INFO - Epoch 23/100:train_score:3773.042679, valid_score:570.841665
2020-09-08 03:48:30,780 - pytorch_modeler.py - pytorch_modeler.py - 168 - INFO - Epoch 24/100:train_score:3716.882268, valid_score:486.445858
2020-09-08 03:49:55,351 - pytorch_modeler.py - pytorch_modeler.py - 168 - INFO - Epoch 25/100:train_score:3713.599376, valid_score:476.164108
2020-09-08 03:51:20,439 - pytorch_modeler.py - pytorch_modeler.py - 168 - INFO - Epoch 26/100:train_score:3681.787515, valid_score:470.123406
2020-09-08 03:52:39,574 - pytorch_modeler.py - pytorch_modeler.py - 168 - INFO - Epoch 27/100:train_score:3671.642506, valid_score:440.979107
2020-09-08 03:54:03,676 - pytorch_modeler.py - pytorch_modeler.py - 168 - INFO - Epoch 28/100:train_score:3615.663331, valid_score:467.134129
2020-09-08 03:55:25,819 - pytorch_modeler.py - pytorch_modeler.py - 168 - INFO - Epoch 29/100:train_score:3594.634946, valid_score:454.962631
2020-09-08 03:56:48,647 - pytorch_modeler.py - pytorch_modeler.py - 168 - INFO - Epoch 30/100:train_score:3569.738683, valid_score:528.128285
2020-09-08 03:58:09,089 - pytorch_modeler.py - pytorch_modeler.py - 168 - INFO - Epoch 31/100:train_score:3532.052979, valid_score:528.676638
2020-09-08 03:59:28,488 - pytorch_modeler.py - pytorch_modeler.py - 168 - INFO - Epoch 32/100:train_score:3475.598588, valid_score:490.191117
2020-09-08 04:00:48,850 - pytorch_modeler.py - pytorch_modeler.py - 168 - INFO - Epoch 33/100:train_score:3489.882858, valid_score:566.482128
2020-09-08 04:02:13,967 - pytorch_modeler.py - pytorch_modeler.py - 168 - INFO - Epoch 34/100:train_score:3462.111007, valid_score:474.182292
2020-09-08 04:03:36,077 - pytorch_modeler.py - pytorch_modeler.py - 168 - INFO - Epoch 35/100:train_score:3470.463907, valid_score:509.409486
2020-09-08 04:04:59,697 - pytorch_modeler.py - pytorch_modeler.py - 168 - INFO - Epoch 36/100:train_score:3452.553722, valid_score:464.669414
2020-09-08 04:06:23,313 - pytorch_modeler.py - pytorch_modeler.py - 168 - INFO - Epoch 37/100:train_score:3421.552976, valid_score:458.704480
2020-09-08 04:07:47,587 - pytorch_modeler.py - pytorch_modeler.py - 168 - INFO - Epoch 38/100:train_score:3376.673177, valid_score:487.300019
2020-09-08 04:09:09,565 - pytorch_modeler.py - pytorch_modeler.py - 168 - INFO - Epoch 39/100:train_score:3360.731685, valid_score:576.944365
2020-09-08 04:10:36,662 - pytorch_modeler.py - pytorch_modeler.py - 168 - INFO - Epoch 40/100:train_score:3337.827536, valid_score:546.909678
2020-09-08 04:12:02,991 - pytorch_modeler.py - pytorch_modeler.py - 168 - INFO - Epoch 41/100:train_score:3323.298185, valid_score:486.873912
2020-09-08 04:13:28,605 - pytorch_modeler.py - pytorch_modeler.py - 168 - INFO - Epoch 42/100:train_score:3323.494768, valid_score:484.661495
2020-09-08 04:14:49,724 - pytorch_modeler.py - pytorch_modeler.py - 168 - INFO - Epoch 43/100:train_score:3285.872538, valid_score:465.889654
2020-09-08 04:16:09,815 - pytorch_modeler.py - pytorch_modeler.py - 168 - INFO - Epoch 44/100:train_score:3264.323780, valid_score:522.084567
2020-09-08 04:17:31,869 - pytorch_modeler.py - pytorch_modeler.py - 168 - INFO - Epoch 45/100:train_score:3256.457923, valid_score:572.166961
2020-09-08 04:18:56,786 - pytorch_modeler.py - pytorch_modeler.py - 168 - INFO - Epoch 46/100:train_score:3238.647753, valid_score:615.223915
2020-09-08 04:20:20,566 - pytorch_modeler.py - pytorch_modeler.py - 168 - INFO - Epoch 47/100:train_score:3219.443270, valid_score:505.663398
2020-09-08 04:21:42,666 - pytorch_modeler.py - pytorch_modeler.py - 168 - INFO - Epoch 48/100:train_score:3195.708141, valid_score:523.671974
2020-09-08 04:23:08,523 - pytorch_modeler.py - pytorch_modeler.py - 168 - INFO - Epoch 49/100:train_score:3188.830802, valid_score:434.130717
2020-09-08 04:24:33,310 - pytorch_modeler.py - pytorch_modeler.py - 168 - INFO - Epoch 50/100:train_score:3180.546458, valid_score:583.154445
2020-09-08 04:25:55,636 - pytorch_modeler.py - pytorch_modeler.py - 168 - INFO - Epoch 51/100:train_score:3154.900119, valid_score:519.233486
2020-09-08 04:27:18,767 - pytorch_modeler.py - pytorch_modeler.py - 168 - INFO - Epoch 52/100:train_score:3143.888089, valid_score:562.059833
2020-09-08 04:28:43,706 - pytorch_modeler.py - pytorch_modeler.py - 168 - INFO - Epoch 53/100:train_score:3143.199055, valid_score:546.755330
2020-09-08 04:30:06,738 - pytorch_modeler.py - pytorch_modeler.py - 168 - INFO - Epoch 54/100:train_score:3140.335451, valid_score:491.966190
2020-09-08 04:31:29,691 - pytorch_modeler.py - pytorch_modeler.py - 168 - INFO - Epoch 55/100:train_score:3131.968561, valid_score:512.935886
2020-09-08 04:32:50,445 - pytorch_modeler.py - pytorch_modeler.py - 168 - INFO - Epoch 56/100:train_score:3108.353637, valid_score:551.023740
2020-09-08 04:34:14,277 - pytorch_modeler.py - pytorch_modeler.py - 168 - INFO - Epoch 57/100:train_score:3078.409812, valid_score:511.659289
2020-09-08 04:35:36,838 - pytorch_modeler.py - pytorch_modeler.py - 168 - INFO - Epoch 58/100:train_score:3086.195076, valid_score:640.305374
2020-09-08 04:37:01,302 - pytorch_modeler.py - pytorch_modeler.py - 168 - INFO - Epoch 59/100:train_score:3085.645307, valid_score:553.457194
2020-09-08 04:38:26,824 - pytorch_modeler.py - pytorch_modeler.py - 168 - INFO - Epoch 60/100:train_score:3109.882440, valid_score:549.615110
2020-09-08 04:39:51,942 - pytorch_modeler.py - pytorch_modeler.py - 168 - INFO - Epoch 61/100:train_score:3080.125537, valid_score:508.739505
2020-09-08 04:41:12,847 - pytorch_modeler.py - pytorch_modeler.py - 168 - INFO - Epoch 62/100:train_score:3051.656623, valid_score:611.908076
2020-09-08 04:42:37,619 - pytorch_modeler.py - pytorch_modeler.py - 168 - INFO - Epoch 63/100:train_score:3049.085155, valid_score:701.702483
2020-09-08 04:44:00,561 - pytorch_modeler.py - pytorch_modeler.py - 168 - INFO - Epoch 64/100:train_score:3030.825936, valid_score:570.897507
2020-09-08 04:45:21,541 - pytorch_modeler.py - pytorch_modeler.py - 168 - INFO - Epoch 65/100:train_score:3021.508406, valid_score:606.214860
2020-09-08 04:46:43,566 - pytorch_modeler.py - pytorch_modeler.py - 168 - INFO - Epoch 66/100:train_score:2991.790718, valid_score:564.053880
2020-09-08 04:48:02,171 - pytorch_modeler.py - pytorch_modeler.py - 168 - INFO - Epoch 67/100:train_score:2987.952821, valid_score:590.091432
2020-09-08 04:49:25,037 - pytorch_modeler.py - pytorch_modeler.py - 168 - INFO - Epoch 68/100:train_score:2984.751222, valid_score:521.338096
2020-09-08 04:50:47,968 - pytorch_modeler.py - pytorch_modeler.py - 168 - INFO - Epoch 69/100:train_score:2976.952944, valid_score:556.755343
2020-09-08 04:52:10,562 - pytorch_modeler.py - pytorch_modeler.py - 168 - INFO - Epoch 70/100:train_score:2959.200966, valid_score:513.829264
2020-09-08 04:53:32,819 - pytorch_modeler.py - pytorch_modeler.py - 168 - INFO - Epoch 71/100:train_score:2943.145411, valid_score:538.778544
2020-09-08 04:54:57,754 - pytorch_modeler.py - pytorch_modeler.py - 168 - INFO - Epoch 72/100:train_score:2947.052316, valid_score:568.089078
2020-09-08 04:56:23,285 - pytorch_modeler.py - pytorch_modeler.py - 168 - INFO - Epoch 73/100:train_score:2939.729376, valid_score:543.943071
2020-09-08 04:57:49,115 - pytorch_modeler.py - pytorch_modeler.py - 168 - INFO - Epoch 74/100:train_score:2938.360626, valid_score:593.356831
2020-09-08 04:59:12,179 - pytorch_modeler.py - pytorch_modeler.py - 168 - INFO - Epoch 75/100:train_score:2911.799991, valid_score:525.718633
2020-09-08 05:00:35,448 - pytorch_modeler.py - pytorch_modeler.py - 168 - INFO - Epoch 76/100:train_score:2921.445551, valid_score:576.257237
2020-09-08 05:01:57,791 - pytorch_modeler.py - pytorch_modeler.py - 168 - INFO - Epoch 77/100:train_score:2904.409431, valid_score:554.729941
2020-09-08 05:03:22,878 - pytorch_modeler.py - pytorch_modeler.py - 168 - INFO - Epoch 78/100:train_score:2894.701076, valid_score:643.373797
2020-09-08 05:04:49,093 - pytorch_modeler.py - pytorch_modeler.py - 168 - INFO - Epoch 79/100:train_score:2886.719847, valid_score:583.737259
2020-09-08 05:06:12,833 - pytorch_modeler.py - pytorch_modeler.py - 168 - INFO - Epoch 80/100:train_score:2893.990110, valid_score:628.480309
2020-09-08 05:07:35,499 - pytorch_modeler.py - pytorch_modeler.py - 168 - INFO - Epoch 81/100:train_score:2887.593869, valid_score:577.186975
2020-09-08 05:09:00,566 - pytorch_modeler.py - pytorch_modeler.py - 168 - INFO - Epoch 82/100:train_score:2865.109751, valid_score:573.409157
2020-09-08 05:10:28,133 - pytorch_modeler.py - pytorch_modeler.py - 168 - INFO - Epoch 83/100:train_score:2869.691267, valid_score:710.470916
2020-09-08 05:11:52,667 - pytorch_modeler.py - pytorch_modeler.py - 168 - INFO - Epoch 84/100:train_score:2867.839363, valid_score:590.655972
2020-09-08 05:13:17,437 - pytorch_modeler.py - pytorch_modeler.py - 168 - INFO - Epoch 85/100:train_score:2873.758998, valid_score:581.831429
2020-09-08 05:14:42,598 - pytorch_modeler.py - pytorch_modeler.py - 168 - INFO - Epoch 86/100:train_score:2868.720949, valid_score:619.397491
2020-09-08 05:16:06,490 - pytorch_modeler.py - pytorch_modeler.py - 168 - INFO - Epoch 87/100:train_score:2846.046269, valid_score:650.604672
2020-09-08 05:17:30,234 - pytorch_modeler.py - pytorch_modeler.py - 168 - INFO - Epoch 88/100:train_score:2843.990914, valid_score:637.354157
2020-09-08 05:18:53,942 - pytorch_modeler.py - pytorch_modeler.py - 168 - INFO - Epoch 89/100:train_score:2856.892682, valid_score:614.869500
2020-09-08 05:20:18,673 - pytorch_modeler.py - pytorch_modeler.py - 168 - INFO - Epoch 90/100:train_score:2834.949596, valid_score:603.017966
2020-09-08 05:21:43,573 - pytorch_modeler.py - pytorch_modeler.py - 168 - INFO - Epoch 91/100:train_score:2836.918489, valid_score:696.659690
2020-09-08 05:23:07,811 - pytorch_modeler.py - pytorch_modeler.py - 168 - INFO - Epoch 92/100:train_score:2833.719959, valid_score:674.633857
2020-09-08 05:24:32,062 - pytorch_modeler.py - pytorch_modeler.py - 168 - INFO - Epoch 93/100:train_score:2823.903741, valid_score:566.206733
2020-09-08 05:26:05,778 - pytorch_modeler.py - pytorch_modeler.py - 168 - INFO - Epoch 94/100:train_score:2816.016335, valid_score:678.646575
2020-09-08 05:27:33,890 - pytorch_modeler.py - pytorch_modeler.py - 168 - INFO - Epoch 95/100:train_score:2818.949791, valid_score:553.804113
2020-09-08 05:28:53,870 - pytorch_modeler.py - pytorch_modeler.py - 168 - INFO - Epoch 96/100:train_score:2826.093859, valid_score:696.278281
2020-09-08 05:30:17,046 - pytorch_modeler.py - pytorch_modeler.py - 168 - INFO - Epoch 97/100:train_score:2801.343557, valid_score:602.607523
2020-09-08 05:31:44,942 - pytorch_modeler.py - pytorch_modeler.py - 168 - INFO - Epoch 98/100:train_score:2794.587071, valid_score:714.764389
2020-09-08 05:33:09,852 - pytorch_modeler.py - pytorch_modeler.py - 168 - INFO - Epoch 99/100:train_score:2814.337194, valid_score:652.986381
2020-09-08 05:34:32,195 - pytorch_modeler.py - pytorch_modeler.py - 168 - INFO - Epoch 100/100:train_score:2794.800681, valid_score:617.653170
2020-09-08 05:34:32,210 - 00_train.py - 00_train.py - 116 - INFO - success:pump 
model_out_path ==> 
 /media/hiroki/working/research/dcase2020/result/no_add_batch_8/models/pump_model.pth
2020-09-08 05:35:42,376 - pytorch_modeler.py - pytorch_modeler.py - 168 - INFO - Epoch 1/100:train_score:76327.078554, valid_score:850.426216
2020-09-08 05:36:53,683 - pytorch_modeler.py - pytorch_modeler.py - 168 - INFO - Epoch 2/100:train_score:5417.034040, valid_score:489.215580
2020-09-08 05:38:02,219 - pytorch_modeler.py - pytorch_modeler.py - 168 - INFO - Epoch 3/100:train_score:4584.116925, valid_score:447.850634
2020-09-08 05:39:12,724 - pytorch_modeler.py - pytorch_modeler.py - 168 - INFO - Epoch 4/100:train_score:4349.147568, valid_score:457.332265
2020-09-08 05:40:23,243 - pytorch_modeler.py - pytorch_modeler.py - 168 - INFO - Epoch 5/100:train_score:4119.787881, valid_score:444.567132
2020-09-08 05:41:32,501 - pytorch_modeler.py - pytorch_modeler.py - 168 - INFO - Epoch 6/100:train_score:4018.512785, valid_score:432.270562
2020-09-08 05:42:42,626 - pytorch_modeler.py - pytorch_modeler.py - 168 - INFO - Epoch 7/100:train_score:3936.248772, valid_score:432.900523
2020-09-08 05:43:55,101 - pytorch_modeler.py - pytorch_modeler.py - 168 - INFO - Epoch 8/100:train_score:3852.852056, valid_score:440.583088
2020-09-08 05:45:05,095 - pytorch_modeler.py - pytorch_modeler.py - 168 - INFO - Epoch 9/100:train_score:3807.371608, valid_score:458.149219
2020-09-08 05:46:15,824 - pytorch_modeler.py - pytorch_modeler.py - 168 - INFO - Epoch 10/100:train_score:3748.061905, valid_score:470.576540
2020-09-08 05:47:25,224 - pytorch_modeler.py - pytorch_modeler.py - 168 - INFO - Epoch 11/100:train_score:3732.475264, valid_score:421.341222
2020-09-08 05:48:37,354 - pytorch_modeler.py - pytorch_modeler.py - 168 - INFO - Epoch 12/100:train_score:3683.210084, valid_score:432.169450
2020-09-08 05:49:46,387 - pytorch_modeler.py - pytorch_modeler.py - 168 - INFO - Epoch 13/100:train_score:3684.359944, valid_score:415.402344
2020-09-08 05:50:53,840 - pytorch_modeler.py - pytorch_modeler.py - 168 - INFO - Epoch 14/100:train_score:3597.068424, valid_score:440.956339
2020-09-08 05:52:05,930 - pytorch_modeler.py - pytorch_modeler.py - 168 - INFO - Epoch 15/100:train_score:3585.533609, valid_score:465.082904
2020-09-08 05:53:14,890 - pytorch_modeler.py - pytorch_modeler.py - 168 - INFO - Epoch 16/100:train_score:3518.323221, valid_score:431.652973
2020-09-08 05:54:24,335 - pytorch_modeler.py - pytorch_modeler.py - 168 - INFO - Epoch 17/100:train_score:3477.152304, valid_score:468.325884
2020-09-08 05:55:34,991 - pytorch_modeler.py - pytorch_modeler.py - 168 - INFO - Epoch 18/100:train_score:3437.665685, valid_score:418.215798
2020-09-08 05:56:43,974 - pytorch_modeler.py - pytorch_modeler.py - 168 - INFO - Epoch 19/100:train_score:3428.930311, valid_score:431.116247
2020-09-08 05:57:54,126 - pytorch_modeler.py - pytorch_modeler.py - 168 - INFO - Epoch 20/100:train_score:3350.808412, valid_score:423.002392
2020-09-08 05:59:03,447 - pytorch_modeler.py - pytorch_modeler.py - 168 - INFO - Epoch 21/100:train_score:3269.430294, valid_score:424.632636
2020-09-08 06:00:13,120 - pytorch_modeler.py - pytorch_modeler.py - 168 - INFO - Epoch 22/100:train_score:3227.077139, valid_score:425.330478
2020-09-08 06:01:22,212 - pytorch_modeler.py - pytorch_modeler.py - 168 - INFO - Epoch 23/100:train_score:3179.225899, valid_score:457.756137
2020-09-08 06:02:30,100 - pytorch_modeler.py - pytorch_modeler.py - 168 - INFO - Epoch 24/100:train_score:3127.448379, valid_score:413.482891
2020-09-08 06:03:34,316 - pytorch_modeler.py - pytorch_modeler.py - 168 - INFO - Epoch 25/100:train_score:3109.323324, valid_score:409.146474
2020-09-08 06:04:44,435 - pytorch_modeler.py - pytorch_modeler.py - 168 - INFO - Epoch 26/100:train_score:3089.120635, valid_score:411.625164
2020-09-08 06:05:54,405 - pytorch_modeler.py - pytorch_modeler.py - 168 - INFO - Epoch 27/100:train_score:3034.718064, valid_score:450.771838
2020-09-08 06:07:01,893 - pytorch_modeler.py - pytorch_modeler.py - 168 - INFO - Epoch 28/100:train_score:2967.530321, valid_score:450.668388
2020-09-08 06:08:09,338 - pytorch_modeler.py - pytorch_modeler.py - 168 - INFO - Epoch 29/100:train_score:2942.501637, valid_score:423.555349
2020-09-08 06:09:18,723 - pytorch_modeler.py - pytorch_modeler.py - 168 - INFO - Epoch 30/100:train_score:2919.440462, valid_score:426.650347
2020-09-08 06:10:25,116 - pytorch_modeler.py - pytorch_modeler.py - 168 - INFO - Epoch 31/100:train_score:2898.609698, valid_score:430.260510
2020-09-08 06:11:34,121 - pytorch_modeler.py - pytorch_modeler.py - 168 - INFO - Epoch 32/100:train_score:2863.861805, valid_score:418.913741
2020-09-08 06:12:42,896 - pytorch_modeler.py - pytorch_modeler.py - 168 - INFO - Epoch 33/100:train_score:2874.977937, valid_score:396.580637
2020-09-08 06:13:53,926 - pytorch_modeler.py - pytorch_modeler.py - 168 - INFO - Epoch 34/100:train_score:2826.458512, valid_score:427.860991
2020-09-08 06:15:04,696 - pytorch_modeler.py - pytorch_modeler.py - 168 - INFO - Epoch 35/100:train_score:2826.846177, valid_score:400.723885
2020-09-08 06:16:12,907 - pytorch_modeler.py - pytorch_modeler.py - 168 - INFO - Epoch 36/100:train_score:2800.648410, valid_score:389.238786
2020-09-08 06:17:23,617 - pytorch_modeler.py - pytorch_modeler.py - 168 - INFO - Epoch 37/100:train_score:2802.912886, valid_score:407.231735
2020-09-08 06:18:36,928 - pytorch_modeler.py - pytorch_modeler.py - 168 - INFO - Epoch 38/100:train_score:2855.433245, valid_score:402.683541
2020-09-08 06:19:46,121 - pytorch_modeler.py - pytorch_modeler.py - 168 - INFO - Epoch 39/100:train_score:2769.860336, valid_score:403.646425
2020-09-08 06:20:54,538 - pytorch_modeler.py - pytorch_modeler.py - 168 - INFO - Epoch 40/100:train_score:2751.070539, valid_score:408.536092
2020-09-08 06:22:02,061 - pytorch_modeler.py - pytorch_modeler.py - 168 - INFO - Epoch 41/100:train_score:2734.181819, valid_score:416.770697
2020-09-08 06:23:11,798 - pytorch_modeler.py - pytorch_modeler.py - 168 - INFO - Epoch 42/100:train_score:2740.623568, valid_score:408.377016
2020-09-08 06:24:19,556 - pytorch_modeler.py - pytorch_modeler.py - 168 - INFO - Epoch 43/100:train_score:2731.981244, valid_score:402.679037
2020-09-08 06:25:30,951 - pytorch_modeler.py - pytorch_modeler.py - 168 - INFO - Epoch 44/100:train_score:2774.013435, valid_score:396.849695
2020-09-08 06:26:42,097 - pytorch_modeler.py - pytorch_modeler.py - 168 - INFO - Epoch 45/100:train_score:2737.771166, valid_score:407.451949
2020-09-08 06:27:51,838 - pytorch_modeler.py - pytorch_modeler.py - 168 - INFO - Epoch 46/100:train_score:2707.047092, valid_score:415.288550
2020-09-08 06:29:03,325 - pytorch_modeler.py - pytorch_modeler.py - 168 - INFO - Epoch 47/100:train_score:2705.550202, valid_score:417.235719
2020-09-08 06:30:13,085 - pytorch_modeler.py - pytorch_modeler.py - 168 - INFO - Epoch 48/100:train_score:2668.935407, valid_score:393.594630
2020-09-08 06:31:22,139 - pytorch_modeler.py - pytorch_modeler.py - 168 - INFO - Epoch 49/100:train_score:2680.583152, valid_score:425.401641
2020-09-08 06:32:30,678 - pytorch_modeler.py - pytorch_modeler.py - 168 - INFO - Epoch 50/100:train_score:2663.149840, valid_score:420.131595
2020-09-08 06:33:40,296 - pytorch_modeler.py - pytorch_modeler.py - 168 - INFO - Epoch 51/100:train_score:2647.112350, valid_score:401.617758
2020-09-08 06:34:51,263 - pytorch_modeler.py - pytorch_modeler.py - 168 - INFO - Epoch 52/100:train_score:2646.009784, valid_score:417.726119
2020-09-08 06:36:02,886 - pytorch_modeler.py - pytorch_modeler.py - 168 - INFO - Epoch 53/100:train_score:2629.708989, valid_score:409.335137
2020-09-08 06:37:13,752 - pytorch_modeler.py - pytorch_modeler.py - 168 - INFO - Epoch 54/100:train_score:2626.890290, valid_score:391.654901
2020-09-08 06:38:24,664 - pytorch_modeler.py - pytorch_modeler.py - 168 - INFO - Epoch 55/100:train_score:2618.322349, valid_score:396.337475
2020-09-08 06:39:37,259 - pytorch_modeler.py - pytorch_modeler.py - 168 - INFO - Epoch 56/100:train_score:2622.447546, valid_score:427.012429
2020-09-08 06:40:48,271 - pytorch_modeler.py - pytorch_modeler.py - 168 - INFO - Epoch 57/100:train_score:2608.806576, valid_score:424.531039
2020-09-08 06:41:59,576 - pytorch_modeler.py - pytorch_modeler.py - 168 - INFO - Epoch 58/100:train_score:2612.937179, valid_score:415.687049
2020-09-08 06:43:11,510 - pytorch_modeler.py - pytorch_modeler.py - 168 - INFO - Epoch 59/100:train_score:2591.050856, valid_score:399.658991
2020-09-08 06:44:22,446 - pytorch_modeler.py - pytorch_modeler.py - 168 - INFO - Epoch 60/100:train_score:2581.657215, valid_score:416.251724
2020-09-08 06:45:27,434 - pytorch_modeler.py - pytorch_modeler.py - 168 - INFO - Epoch 61/100:train_score:2549.901329, valid_score:415.817501
2020-09-08 06:46:37,486 - pytorch_modeler.py - pytorch_modeler.py - 168 - INFO - Epoch 62/100:train_score:2545.091305, valid_score:396.787899
2020-09-08 06:47:46,226 - pytorch_modeler.py - pytorch_modeler.py - 168 - INFO - Epoch 63/100:train_score:2545.768531, valid_score:423.040534
2020-09-08 06:48:57,517 - pytorch_modeler.py - pytorch_modeler.py - 168 - INFO - Epoch 64/100:train_score:2542.394820, valid_score:394.663074
2020-09-08 06:50:03,635 - pytorch_modeler.py - pytorch_modeler.py - 168 - INFO - Epoch 65/100:train_score:2518.280386, valid_score:403.757083
2020-09-08 06:51:12,016 - pytorch_modeler.py - pytorch_modeler.py - 168 - INFO - Epoch 66/100:train_score:2499.227868, valid_score:405.192068
2020-09-08 06:52:22,532 - pytorch_modeler.py - pytorch_modeler.py - 168 - INFO - Epoch 67/100:train_score:2489.381285, valid_score:406.423562
2020-09-08 06:53:33,542 - pytorch_modeler.py - pytorch_modeler.py - 168 - INFO - Epoch 68/100:train_score:2466.740987, valid_score:417.316606
2020-09-08 06:54:44,816 - pytorch_modeler.py - pytorch_modeler.py - 168 - INFO - Epoch 69/100:train_score:2451.469033, valid_score:404.892181
2020-09-08 06:55:55,843 - pytorch_modeler.py - pytorch_modeler.py - 168 - INFO - Epoch 70/100:train_score:2444.963063, valid_score:429.880602
2020-09-08 06:57:05,690 - pytorch_modeler.py - pytorch_modeler.py - 168 - INFO - Epoch 71/100:train_score:2447.990867, valid_score:396.532884
2020-09-08 06:58:15,245 - pytorch_modeler.py - pytorch_modeler.py - 168 - INFO - Epoch 72/100:train_score:2444.653636, valid_score:407.821250
2020-09-08 06:59:24,670 - pytorch_modeler.py - pytorch_modeler.py - 168 - INFO - Epoch 73/100:train_score:2451.429299, valid_score:396.749149
2020-09-08 07:00:32,065 - pytorch_modeler.py - pytorch_modeler.py - 168 - INFO - Epoch 74/100:train_score:2417.155277, valid_score:382.032347
2020-09-08 07:01:42,666 - pytorch_modeler.py - pytorch_modeler.py - 168 - INFO - Epoch 75/100:train_score:2397.934649, valid_score:403.465706
2020-09-08 07:02:52,293 - pytorch_modeler.py - pytorch_modeler.py - 168 - INFO - Epoch 76/100:train_score:2401.194980, valid_score:396.093432
2020-09-08 07:04:01,653 - pytorch_modeler.py - pytorch_modeler.py - 168 - INFO - Epoch 77/100:train_score:2395.788955, valid_score:414.028945
2020-09-08 07:05:11,710 - pytorch_modeler.py - pytorch_modeler.py - 168 - INFO - Epoch 78/100:train_score:2402.589173, valid_score:401.191145
2020-09-08 07:06:24,557 - pytorch_modeler.py - pytorch_modeler.py - 168 - INFO - Epoch 79/100:train_score:2404.553115, valid_score:401.174897
2020-09-08 07:07:34,324 - pytorch_modeler.py - pytorch_modeler.py - 168 - INFO - Epoch 80/100:train_score:2382.634169, valid_score:411.571323
2020-09-08 07:08:45,360 - pytorch_modeler.py - pytorch_modeler.py - 168 - INFO - Epoch 81/100:train_score:2407.664403, valid_score:392.310365
2020-09-08 07:09:55,312 - pytorch_modeler.py - pytorch_modeler.py - 168 - INFO - Epoch 82/100:train_score:2373.136045, valid_score:400.599715
2020-09-08 07:11:06,691 - pytorch_modeler.py - pytorch_modeler.py - 168 - INFO - Epoch 83/100:train_score:2379.448832, valid_score:462.603658
2020-09-08 07:12:14,981 - pytorch_modeler.py - pytorch_modeler.py - 168 - INFO - Epoch 84/100:train_score:2364.944413, valid_score:405.604302
2020-09-08 07:13:24,831 - pytorch_modeler.py - pytorch_modeler.py - 168 - INFO - Epoch 85/100:train_score:2361.068602, valid_score:401.304861
2020-09-08 07:14:38,372 - pytorch_modeler.py - pytorch_modeler.py - 168 - INFO - Epoch 86/100:train_score:2363.656852, valid_score:400.843198
2020-09-08 07:15:50,833 - pytorch_modeler.py - pytorch_modeler.py - 168 - INFO - Epoch 87/100:train_score:2352.541715, valid_score:393.985840
2020-09-08 07:17:05,457 - pytorch_modeler.py - pytorch_modeler.py - 168 - INFO - Epoch 88/100:train_score:2346.354820, valid_score:396.560961
2020-09-08 07:18:26,282 - pytorch_modeler.py - pytorch_modeler.py - 168 - INFO - Epoch 89/100:train_score:2359.169641, valid_score:412.823672
2020-09-08 07:19:38,743 - pytorch_modeler.py - pytorch_modeler.py - 168 - INFO - Epoch 90/100:train_score:2351.357796, valid_score:422.796609
2020-09-08 07:20:48,770 - pytorch_modeler.py - pytorch_modeler.py - 168 - INFO - Epoch 91/100:train_score:2324.964523, valid_score:394.976699
2020-09-08 07:21:57,792 - pytorch_modeler.py - pytorch_modeler.py - 168 - INFO - Epoch 92/100:train_score:2336.519193, valid_score:402.274051
2020-09-08 07:23:11,034 - pytorch_modeler.py - pytorch_modeler.py - 168 - INFO - Epoch 93/100:train_score:2331.374131, valid_score:425.731974
2020-09-08 07:24:24,271 - pytorch_modeler.py - pytorch_modeler.py - 168 - INFO - Epoch 94/100:train_score:2318.610238, valid_score:398.223603
2020-09-08 07:25:34,929 - pytorch_modeler.py - pytorch_modeler.py - 168 - INFO - Epoch 95/100:train_score:2317.821780, valid_score:390.063728
2020-09-08 07:26:43,761 - pytorch_modeler.py - pytorch_modeler.py - 168 - INFO - Epoch 96/100:train_score:2320.481828, valid_score:396.971843
2020-09-08 07:27:54,443 - pytorch_modeler.py - pytorch_modeler.py - 168 - INFO - Epoch 97/100:train_score:2315.516976, valid_score:399.995842
2020-09-08 07:29:05,466 - pytorch_modeler.py - pytorch_modeler.py - 168 - INFO - Epoch 98/100:train_score:2318.742306, valid_score:425.048920
2020-09-08 07:30:16,418 - pytorch_modeler.py - pytorch_modeler.py - 168 - INFO - Epoch 99/100:train_score:2313.174387, valid_score:407.602949
2020-09-08 07:31:25,361 - pytorch_modeler.py - pytorch_modeler.py - 168 - INFO - Epoch 100/100:train_score:2299.705377, valid_score:408.528341
2020-09-08 07:31:25,378 - 00_train.py - 00_train.py - 116 - INFO - success:slider 
model_out_path ==> 
 /media/hiroki/working/research/dcase2020/result/no_add_batch_8/models/slider_model.pth
2020-09-08 07:33:05,013 - pytorch_modeler.py - pytorch_modeler.py - 168 - INFO - Epoch 1/100:train_score:73776.810474, valid_score:663.208123
2020-09-08 07:34:47,602 - pytorch_modeler.py - pytorch_modeler.py - 168 - INFO - Epoch 2/100:train_score:5124.292660, valid_score:435.709766
2020-09-08 07:36:32,555 - pytorch_modeler.py - pytorch_modeler.py - 168 - INFO - Epoch 3/100:train_score:4524.506857, valid_score:430.331089
2020-09-08 07:38:15,260 - pytorch_modeler.py - pytorch_modeler.py - 168 - INFO - Epoch 4/100:train_score:4270.644201, valid_score:420.251164
2020-09-08 07:40:01,806 - pytorch_modeler.py - pytorch_modeler.py - 168 - INFO - Epoch 5/100:train_score:4189.335596, valid_score:422.262972
2020-09-08 07:41:44,078 - pytorch_modeler.py - pytorch_modeler.py - 168 - INFO - Epoch 6/100:train_score:4114.257958, valid_score:411.032648
2020-09-08 07:43:33,098 - pytorch_modeler.py - pytorch_modeler.py - 168 - INFO - Epoch 7/100:train_score:4026.111821, valid_score:435.101381
2020-09-08 07:45:15,088 - pytorch_modeler.py - pytorch_modeler.py - 168 - INFO - Epoch 8/100:train_score:3976.259711, valid_score:407.521779
2020-09-08 07:46:57,949 - pytorch_modeler.py - pytorch_modeler.py - 168 - INFO - Epoch 9/100:train_score:3897.679506, valid_score:451.994599
2020-09-08 07:48:43,074 - pytorch_modeler.py - pytorch_modeler.py - 168 - INFO - Epoch 10/100:train_score:3825.385312, valid_score:406.460955
2020-09-08 07:50:23,433 - pytorch_modeler.py - pytorch_modeler.py - 168 - INFO - Epoch 11/100:train_score:3771.884471, valid_score:386.136431
2020-09-08 07:52:07,961 - pytorch_modeler.py - pytorch_modeler.py - 168 - INFO - Epoch 12/100:train_score:3673.772767, valid_score:386.796221
2020-09-08 07:53:50,383 - pytorch_modeler.py - pytorch_modeler.py - 168 - INFO - Epoch 13/100:train_score:3544.024411, valid_score:385.341744
2020-09-08 07:55:35,909 - pytorch_modeler.py - pytorch_modeler.py - 168 - INFO - Epoch 14/100:train_score:3396.040774, valid_score:380.952184
2020-09-08 07:57:17,447 - pytorch_modeler.py - pytorch_modeler.py - 168 - INFO - Epoch 15/100:train_score:3299.687941, valid_score:372.227644
2020-09-08 07:59:01,332 - pytorch_modeler.py - pytorch_modeler.py - 168 - INFO - Epoch 16/100:train_score:3237.066715, valid_score:382.012658
2020-09-08 08:00:44,796 - pytorch_modeler.py - pytorch_modeler.py - 168 - INFO - Epoch 17/100:train_score:3177.420956, valid_score:389.624745
2020-09-08 08:02:26,481 - pytorch_modeler.py - pytorch_modeler.py - 168 - INFO - Epoch 18/100:train_score:3161.410183, valid_score:385.847687
2020-09-08 08:04:06,669 - pytorch_modeler.py - pytorch_modeler.py - 168 - INFO - Epoch 19/100:train_score:3122.149588, valid_score:382.072529
2020-09-08 08:05:55,177 - pytorch_modeler.py - pytorch_modeler.py - 168 - INFO - Epoch 20/100:train_score:3099.724151, valid_score:387.379847
2020-09-08 08:07:40,529 - pytorch_modeler.py - pytorch_modeler.py - 168 - INFO - Epoch 21/100:train_score:3076.698869, valid_score:372.398690
2020-09-08 08:09:21,687 - pytorch_modeler.py - pytorch_modeler.py - 168 - INFO - Epoch 22/100:train_score:3052.977185, valid_score:396.651748
2020-09-08 08:11:05,666 - pytorch_modeler.py - pytorch_modeler.py - 168 - INFO - Epoch 23/100:train_score:3040.472511, valid_score:360.659455
2020-09-08 08:12:50,002 - pytorch_modeler.py - pytorch_modeler.py - 168 - INFO - Epoch 24/100:train_score:3041.623461, valid_score:380.596952
2020-09-08 08:14:31,466 - pytorch_modeler.py - pytorch_modeler.py - 168 - INFO - Epoch 25/100:train_score:3015.507856, valid_score:378.943276
2020-09-08 08:16:16,730 - pytorch_modeler.py - pytorch_modeler.py - 168 - INFO - Epoch 26/100:train_score:2999.788051, valid_score:370.593000
2020-09-08 08:18:02,801 - pytorch_modeler.py - pytorch_modeler.py - 168 - INFO - Epoch 27/100:train_score:3003.618926, valid_score:367.174898
2020-09-08 08:19:47,502 - pytorch_modeler.py - pytorch_modeler.py - 168 - INFO - Epoch 28/100:train_score:2989.450547, valid_score:362.714762
2020-09-08 08:21:28,790 - pytorch_modeler.py - pytorch_modeler.py - 168 - INFO - Epoch 29/100:train_score:2967.545239, valid_score:364.007461
2020-09-08 08:23:10,225 - pytorch_modeler.py - pytorch_modeler.py - 168 - INFO - Epoch 30/100:train_score:2957.311361, valid_score:383.011904
2020-09-08 08:24:53,009 - pytorch_modeler.py - pytorch_modeler.py - 168 - INFO - Epoch 31/100:train_score:2943.937585, valid_score:359.980243
2020-09-08 08:26:32,243 - pytorch_modeler.py - pytorch_modeler.py - 168 - INFO - Epoch 32/100:train_score:2946.258172, valid_score:365.662807
2020-09-08 08:28:16,118 - pytorch_modeler.py - pytorch_modeler.py - 168 - INFO - Epoch 33/100:train_score:2943.796388, valid_score:364.821468
2020-09-08 08:30:00,894 - pytorch_modeler.py - pytorch_modeler.py - 168 - INFO - Epoch 34/100:train_score:2918.641617, valid_score:355.076119
2020-09-08 08:31:44,501 - pytorch_modeler.py - pytorch_modeler.py - 168 - INFO - Epoch 35/100:train_score:2920.309550, valid_score:358.273076
2020-09-08 08:33:29,946 - pytorch_modeler.py - pytorch_modeler.py - 168 - INFO - Epoch 36/100:train_score:2913.272980, valid_score:362.408189
2020-09-08 08:35:11,367 - pytorch_modeler.py - pytorch_modeler.py - 168 - INFO - Epoch 37/100:train_score:2930.966114, valid_score:358.981288
2020-09-08 08:36:56,938 - pytorch_modeler.py - pytorch_modeler.py - 168 - INFO - Epoch 38/100:train_score:2890.800108, valid_score:358.380770
2020-09-08 08:38:41,901 - pytorch_modeler.py - pytorch_modeler.py - 168 - INFO - Epoch 39/100:train_score:2881.166456, valid_score:371.092549
2020-09-08 08:40:25,729 - pytorch_modeler.py - pytorch_modeler.py - 168 - INFO - Epoch 40/100:train_score:2872.540080, valid_score:383.783072
2020-09-08 08:42:08,405 - pytorch_modeler.py - pytorch_modeler.py - 168 - INFO - Epoch 41/100:train_score:2873.647353, valid_score:361.585691
2020-09-08 08:43:52,343 - pytorch_modeler.py - pytorch_modeler.py - 168 - INFO - Epoch 42/100:train_score:2866.524150, valid_score:351.394943
2020-09-08 08:45:30,898 - pytorch_modeler.py - pytorch_modeler.py - 168 - INFO - Epoch 43/100:train_score:2863.568466, valid_score:357.415058
2020-09-08 08:47:13,297 - pytorch_modeler.py - pytorch_modeler.py - 168 - INFO - Epoch 44/100:train_score:2854.455328, valid_score:346.135333
2020-09-08 08:48:55,639 - pytorch_modeler.py - pytorch_modeler.py - 168 - INFO - Epoch 45/100:train_score:2839.861056, valid_score:384.920677
2020-09-08 08:50:38,758 - pytorch_modeler.py - pytorch_modeler.py - 168 - INFO - Epoch 46/100:train_score:2833.843215, valid_score:373.145024
2020-09-08 08:52:20,954 - pytorch_modeler.py - pytorch_modeler.py - 168 - INFO - Epoch 47/100:train_score:2824.744481, valid_score:353.156592
2020-09-08 08:54:02,050 - pytorch_modeler.py - pytorch_modeler.py - 168 - INFO - Epoch 48/100:train_score:2816.668192, valid_score:361.695124
2020-09-08 08:55:42,001 - pytorch_modeler.py - pytorch_modeler.py - 168 - INFO - Epoch 49/100:train_score:2814.506593, valid_score:363.904540
2020-09-08 08:57:27,753 - pytorch_modeler.py - pytorch_modeler.py - 168 - INFO - Epoch 50/100:train_score:2808.431443, valid_score:352.900005
2020-09-08 08:59:13,863 - pytorch_modeler.py - pytorch_modeler.py - 168 - INFO - Epoch 51/100:train_score:2800.192375, valid_score:358.723198
2020-09-08 09:00:56,899 - pytorch_modeler.py - pytorch_modeler.py - 168 - INFO - Epoch 52/100:train_score:2797.446423, valid_score:356.960747
2020-09-08 09:02:39,760 - pytorch_modeler.py - pytorch_modeler.py - 168 - INFO - Epoch 53/100:train_score:2809.928045, valid_score:349.994933
2020-09-08 09:04:25,233 - pytorch_modeler.py - pytorch_modeler.py - 168 - INFO - Epoch 54/100:train_score:2791.433297, valid_score:368.542228
2020-09-08 09:06:09,812 - pytorch_modeler.py - pytorch_modeler.py - 168 - INFO - Epoch 55/100:train_score:2779.241144, valid_score:357.516994
2020-09-08 09:07:54,487 - pytorch_modeler.py - pytorch_modeler.py - 168 - INFO - Epoch 56/100:train_score:2776.154008, valid_score:395.513553
2020-09-08 09:09:36,611 - pytorch_modeler.py - pytorch_modeler.py - 168 - INFO - Epoch 57/100:train_score:2774.303983, valid_score:351.232489
2020-09-08 09:11:20,793 - pytorch_modeler.py - pytorch_modeler.py - 168 - INFO - Epoch 58/100:train_score:2769.343472, valid_score:349.671192
2020-09-08 09:13:06,250 - pytorch_modeler.py - pytorch_modeler.py - 168 - INFO - Epoch 59/100:train_score:2774.587245, valid_score:361.500914
2020-09-08 09:14:50,535 - pytorch_modeler.py - pytorch_modeler.py - 168 - INFO - Epoch 60/100:train_score:2766.662257, valid_score:368.443910
2020-09-08 09:16:32,635 - pytorch_modeler.py - pytorch_modeler.py - 168 - INFO - Epoch 61/100:train_score:2760.826383, valid_score:352.929825
2020-09-08 09:18:14,856 - pytorch_modeler.py - pytorch_modeler.py - 168 - INFO - Epoch 62/100:train_score:2751.686805, valid_score:372.978530
2020-09-08 09:19:58,630 - pytorch_modeler.py - pytorch_modeler.py - 168 - INFO - Epoch 63/100:train_score:2751.428758, valid_score:372.247111
2020-09-08 09:21:39,519 - pytorch_modeler.py - pytorch_modeler.py - 168 - INFO - Epoch 64/100:train_score:2750.122043, valid_score:370.905339
2020-09-08 09:23:20,891 - pytorch_modeler.py - pytorch_modeler.py - 168 - INFO - Epoch 65/100:train_score:2746.934226, valid_score:369.666576
2020-09-08 09:25:04,930 - pytorch_modeler.py - pytorch_modeler.py - 168 - INFO - Epoch 66/100:train_score:2744.060038, valid_score:350.900881
2020-09-08 09:26:50,281 - pytorch_modeler.py - pytorch_modeler.py - 168 - INFO - Epoch 67/100:train_score:2740.343035, valid_score:372.429698
2020-09-08 09:28:37,128 - pytorch_modeler.py - pytorch_modeler.py - 168 - INFO - Epoch 68/100:train_score:2738.564177, valid_score:364.092314
2020-09-08 09:30:24,474 - pytorch_modeler.py - pytorch_modeler.py - 168 - INFO - Epoch 69/100:train_score:2738.996222, valid_score:366.282675
2020-09-08 09:32:05,226 - pytorch_modeler.py - pytorch_modeler.py - 168 - INFO - Epoch 70/100:train_score:2737.718432, valid_score:363.481818
2020-09-08 09:33:43,145 - pytorch_modeler.py - pytorch_modeler.py - 168 - INFO - Epoch 71/100:train_score:2731.677329, valid_score:377.094243
2020-09-08 09:35:25,817 - pytorch_modeler.py - pytorch_modeler.py - 168 - INFO - Epoch 72/100:train_score:2728.172382, valid_score:357.705495
2020-09-08 09:37:08,127 - pytorch_modeler.py - pytorch_modeler.py - 168 - INFO - Epoch 73/100:train_score:2732.957311, valid_score:357.375535
2020-09-08 09:38:53,139 - pytorch_modeler.py - pytorch_modeler.py - 168 - INFO - Epoch 74/100:train_score:2737.605491, valid_score:358.219656
2020-09-08 09:40:29,940 - pytorch_modeler.py - pytorch_modeler.py - 168 - INFO - Epoch 75/100:train_score:2719.018620, valid_score:355.783802
2020-09-08 09:42:15,762 - pytorch_modeler.py - pytorch_modeler.py - 168 - INFO - Epoch 76/100:train_score:2714.704748, valid_score:345.732158
2020-09-08 09:44:00,513 - pytorch_modeler.py - pytorch_modeler.py - 168 - INFO - Epoch 77/100:train_score:2711.756473, valid_score:348.228358
2020-09-08 09:45:44,074 - pytorch_modeler.py - pytorch_modeler.py - 168 - INFO - Epoch 78/100:train_score:2711.673046, valid_score:369.515584
2020-09-08 09:47:27,201 - pytorch_modeler.py - pytorch_modeler.py - 168 - INFO - Epoch 79/100:train_score:2710.196035, valid_score:349.495487
2020-09-08 09:49:07,376 - pytorch_modeler.py - pytorch_modeler.py - 168 - INFO - Epoch 80/100:train_score:2705.933668, valid_score:346.802161
2020-09-08 09:50:52,080 - pytorch_modeler.py - pytorch_modeler.py - 168 - INFO - Epoch 81/100:train_score:2700.187140, valid_score:349.180447
2020-09-08 09:52:35,271 - pytorch_modeler.py - pytorch_modeler.py - 168 - INFO - Epoch 82/100:train_score:2700.556438, valid_score:352.246627
2020-09-08 09:54:21,207 - pytorch_modeler.py - pytorch_modeler.py - 168 - INFO - Epoch 83/100:train_score:2696.325490, valid_score:369.337350
2020-09-08 09:56:04,316 - pytorch_modeler.py - pytorch_modeler.py - 168 - INFO - Epoch 84/100:train_score:2696.781879, valid_score:349.056211
2020-09-08 09:57:45,794 - pytorch_modeler.py - pytorch_modeler.py - 168 - INFO - Epoch 85/100:train_score:2694.935845, valid_score:347.846121
2020-09-08 09:59:27,985 - pytorch_modeler.py - pytorch_modeler.py - 168 - INFO - Epoch 86/100:train_score:2692.102521, valid_score:356.184454
2020-09-08 10:01:11,901 - pytorch_modeler.py - pytorch_modeler.py - 168 - INFO - Epoch 87/100:train_score:2689.705784, valid_score:344.827274
2020-09-08 10:03:03,484 - pytorch_modeler.py - pytorch_modeler.py - 168 - INFO - Epoch 88/100:train_score:2687.492834, valid_score:351.355635
2020-09-08 10:04:55,113 - pytorch_modeler.py - pytorch_modeler.py - 168 - INFO - Epoch 89/100:train_score:2687.738464, valid_score:349.123038
2020-09-08 10:06:40,990 - pytorch_modeler.py - pytorch_modeler.py - 168 - INFO - Epoch 90/100:train_score:2684.894057, valid_score:335.493934
2020-09-08 10:08:25,900 - pytorch_modeler.py - pytorch_modeler.py - 168 - INFO - Epoch 91/100:train_score:2683.551467, valid_score:347.575336
2020-09-08 10:10:10,411 - pytorch_modeler.py - pytorch_modeler.py - 168 - INFO - Epoch 92/100:train_score:2682.802936, valid_score:347.467681
2020-09-08 10:11:52,320 - pytorch_modeler.py - pytorch_modeler.py - 168 - INFO - Epoch 93/100:train_score:2678.370358, valid_score:370.836622
2020-09-08 10:13:37,913 - pytorch_modeler.py - pytorch_modeler.py - 168 - INFO - Epoch 94/100:train_score:2679.032259, valid_score:364.887993
2020-09-08 10:15:23,058 - pytorch_modeler.py - pytorch_modeler.py - 168 - INFO - Epoch 95/100:train_score:2676.695224, valid_score:366.938394
2020-09-08 10:17:03,023 - pytorch_modeler.py - pytorch_modeler.py - 168 - INFO - Epoch 96/100:train_score:2674.580542, valid_score:378.493848
2020-09-08 10:18:45,859 - pytorch_modeler.py - pytorch_modeler.py - 168 - INFO - Epoch 97/100:train_score:2673.327413, valid_score:344.373791
2020-09-08 10:20:32,070 - pytorch_modeler.py - pytorch_modeler.py - 168 - INFO - Epoch 98/100:train_score:2674.023073, valid_score:348.969921
2020-09-08 10:22:14,474 - pytorch_modeler.py - pytorch_modeler.py - 168 - INFO - Epoch 99/100:train_score:2671.774552, valid_score:369.005625
2020-09-08 10:23:58,208 - pytorch_modeler.py - pytorch_modeler.py - 168 - INFO - Epoch 100/100:train_score:2677.798537, valid_score:356.013731
2020-09-08 10:23:58,224 - 00_train.py - 00_train.py - 116 - INFO - success:ToyCar 
model_out_path ==> 
 /media/hiroki/working/research/dcase2020/result/no_add_batch_8/models/ToyCar_model.pth
2020-09-08 10:25:15,161 - pytorch_modeler.py - pytorch_modeler.py - 168 - INFO - Epoch 1/100:train_score:47838.277840, valid_score:712.771495
2020-09-08 10:26:31,769 - pytorch_modeler.py - pytorch_modeler.py - 168 - INFO - Epoch 2/100:train_score:5153.269679, valid_score:418.868284
2020-09-08 10:27:48,648 - pytorch_modeler.py - pytorch_modeler.py - 168 - INFO - Epoch 3/100:train_score:4236.962774, valid_score:419.507784
2020-09-08 10:29:07,230 - pytorch_modeler.py - pytorch_modeler.py - 168 - INFO - Epoch 4/100:train_score:3760.458826, valid_score:409.554525
2020-09-08 10:30:23,964 - pytorch_modeler.py - pytorch_modeler.py - 168 - INFO - Epoch 5/100:train_score:3621.503449, valid_score:407.694256
2020-09-08 10:31:36,450 - pytorch_modeler.py - pytorch_modeler.py - 168 - INFO - Epoch 6/100:train_score:3523.375815, valid_score:391.056994
2020-09-08 10:32:53,279 - pytorch_modeler.py - pytorch_modeler.py - 168 - INFO - Epoch 7/100:train_score:3461.042495, valid_score:386.130842
2020-09-08 10:34:10,080 - pytorch_modeler.py - pytorch_modeler.py - 168 - INFO - Epoch 8/100:train_score:3389.467007, valid_score:376.257644
2020-09-08 10:35:22,752 - pytorch_modeler.py - pytorch_modeler.py - 168 - INFO - Epoch 9/100:train_score:3335.381744, valid_score:375.220172
2020-09-08 10:36:39,096 - pytorch_modeler.py - pytorch_modeler.py - 168 - INFO - Epoch 10/100:train_score:3284.003033, valid_score:382.709707
2020-09-08 10:37:52,657 - pytorch_modeler.py - pytorch_modeler.py - 168 - INFO - Epoch 11/100:train_score:3211.700490, valid_score:376.358681
2020-09-08 10:39:06,853 - pytorch_modeler.py - pytorch_modeler.py - 168 - INFO - Epoch 12/100:train_score:3125.858506, valid_score:379.840896
2020-09-08 10:40:21,117 - pytorch_modeler.py - pytorch_modeler.py - 168 - INFO - Epoch 13/100:train_score:3043.974547, valid_score:381.590120
2020-09-08 10:41:37,755 - pytorch_modeler.py - pytorch_modeler.py - 168 - INFO - Epoch 14/100:train_score:2952.699371, valid_score:384.394937
2020-09-08 10:42:51,664 - pytorch_modeler.py - pytorch_modeler.py - 168 - INFO - Epoch 15/100:train_score:2876.378095, valid_score:366.095970
2020-09-08 10:44:07,789 - pytorch_modeler.py - pytorch_modeler.py - 168 - INFO - Epoch 16/100:train_score:2818.779492, valid_score:383.422605
2020-09-08 10:45:24,392 - pytorch_modeler.py - pytorch_modeler.py - 168 - INFO - Epoch 17/100:train_score:2789.279135, valid_score:375.200029
2020-09-08 10:46:40,833 - pytorch_modeler.py - pytorch_modeler.py - 168 - INFO - Epoch 18/100:train_score:2748.090765, valid_score:383.755070
2020-09-08 10:47:55,540 - pytorch_modeler.py - pytorch_modeler.py - 168 - INFO - Epoch 19/100:train_score:2729.761906, valid_score:371.472947
2020-09-08 10:49:13,194 - pytorch_modeler.py - pytorch_modeler.py - 168 - INFO - Epoch 20/100:train_score:2721.194248, valid_score:396.712522
2020-09-08 10:50:28,697 - pytorch_modeler.py - pytorch_modeler.py - 168 - INFO - Epoch 21/100:train_score:2701.013698, valid_score:365.951601
2020-09-08 10:51:42,311 - pytorch_modeler.py - pytorch_modeler.py - 168 - INFO - Epoch 22/100:train_score:2684.315558, valid_score:375.367798
2020-09-08 10:52:57,011 - pytorch_modeler.py - pytorch_modeler.py - 168 - INFO - Epoch 23/100:train_score:2687.880423, valid_score:365.875859
2020-09-08 10:54:09,708 - pytorch_modeler.py - pytorch_modeler.py - 168 - INFO - Epoch 24/100:train_score:2678.858397, valid_score:373.077741
2020-09-08 10:55:24,620 - pytorch_modeler.py - pytorch_modeler.py - 168 - INFO - Epoch 25/100:train_score:2657.869299, valid_score:378.232193
2020-09-08 10:56:38,608 - pytorch_modeler.py - pytorch_modeler.py - 168 - INFO - Epoch 26/100:train_score:2642.098855, valid_score:379.514859
2020-09-08 10:57:51,078 - pytorch_modeler.py - pytorch_modeler.py - 168 - INFO - Epoch 27/100:train_score:2638.151489, valid_score:372.869637
2020-09-08 10:59:07,338 - pytorch_modeler.py - pytorch_modeler.py - 168 - INFO - Epoch 28/100:train_score:2618.513054, valid_score:369.896067
2020-09-08 11:00:22,185 - pytorch_modeler.py - pytorch_modeler.py - 168 - INFO - Epoch 29/100:train_score:2609.205614, valid_score:362.880876
2020-09-08 11:01:36,147 - pytorch_modeler.py - pytorch_modeler.py - 168 - INFO - Epoch 30/100:train_score:2588.441739, valid_score:370.307627
2020-09-08 11:02:50,108 - pytorch_modeler.py - pytorch_modeler.py - 168 - INFO - Epoch 31/100:train_score:2579.940055, valid_score:367.841349
2020-09-08 11:04:04,509 - pytorch_modeler.py - pytorch_modeler.py - 168 - INFO - Epoch 32/100:train_score:2554.842706, valid_score:371.403971
2020-09-08 11:05:20,336 - pytorch_modeler.py - pytorch_modeler.py - 168 - INFO - Epoch 33/100:train_score:2553.865206, valid_score:373.628567
2020-09-08 11:06:34,860 - pytorch_modeler.py - pytorch_modeler.py - 168 - INFO - Epoch 34/100:train_score:2538.831041, valid_score:362.231852
2020-09-08 11:07:52,047 - pytorch_modeler.py - pytorch_modeler.py - 168 - INFO - Epoch 35/100:train_score:2535.236026, valid_score:357.411114
2020-09-08 11:09:07,815 - pytorch_modeler.py - pytorch_modeler.py - 168 - INFO - Epoch 36/100:train_score:2522.485483, valid_score:366.412556
2020-09-08 11:10:24,922 - pytorch_modeler.py - pytorch_modeler.py - 168 - INFO - Epoch 37/100:train_score:2499.552332, valid_score:355.394331
2020-09-08 11:11:37,685 - pytorch_modeler.py - pytorch_modeler.py - 168 - INFO - Epoch 38/100:train_score:2493.774597, valid_score:396.828647
2020-09-08 11:12:52,417 - pytorch_modeler.py - pytorch_modeler.py - 168 - INFO - Epoch 39/100:train_score:2489.263018, valid_score:372.014453
2020-09-08 11:14:07,854 - pytorch_modeler.py - pytorch_modeler.py - 168 - INFO - Epoch 40/100:train_score:2483.927242, valid_score:392.065127
2020-09-08 11:15:23,242 - pytorch_modeler.py - pytorch_modeler.py - 168 - INFO - Epoch 41/100:train_score:2489.357840, valid_score:370.703307
2020-09-08 11:16:38,523 - pytorch_modeler.py - pytorch_modeler.py - 168 - INFO - Epoch 42/100:train_score:2468.460423, valid_score:392.203176
2020-09-08 11:17:52,759 - pytorch_modeler.py - pytorch_modeler.py - 168 - INFO - Epoch 43/100:train_score:2466.829009, valid_score:375.629646
2020-09-08 11:19:09,114 - pytorch_modeler.py - pytorch_modeler.py - 168 - INFO - Epoch 44/100:train_score:2455.337846, valid_score:357.498476
2020-09-08 11:20:24,735 - pytorch_modeler.py - pytorch_modeler.py - 168 - INFO - Epoch 45/100:train_score:2450.399771, valid_score:371.969957
2020-09-08 11:21:36,702 - pytorch_modeler.py - pytorch_modeler.py - 168 - INFO - Epoch 46/100:train_score:2436.702816, valid_score:363.621599
2020-09-08 11:22:51,872 - pytorch_modeler.py - pytorch_modeler.py - 168 - INFO - Epoch 47/100:train_score:2439.125589, valid_score:371.699973
2020-09-08 11:24:10,420 - pytorch_modeler.py - pytorch_modeler.py - 168 - INFO - Epoch 48/100:train_score:2431.275766, valid_score:348.741454
2020-09-08 11:25:23,867 - pytorch_modeler.py - pytorch_modeler.py - 168 - INFO - Epoch 49/100:train_score:2435.881649, valid_score:391.642518
2020-09-08 11:26:38,455 - pytorch_modeler.py - pytorch_modeler.py - 168 - INFO - Epoch 50/100:train_score:2427.013210, valid_score:371.451124
2020-09-08 11:27:55,437 - pytorch_modeler.py - pytorch_modeler.py - 168 - INFO - Epoch 51/100:train_score:2413.485520, valid_score:361.209728
2020-09-08 11:29:11,367 - pytorch_modeler.py - pytorch_modeler.py - 168 - INFO - Epoch 52/100:train_score:2412.891331, valid_score:346.953572
2020-09-08 11:30:27,167 - pytorch_modeler.py - pytorch_modeler.py - 168 - INFO - Epoch 53/100:train_score:2409.808165, valid_score:371.312965
2020-09-08 11:31:42,073 - pytorch_modeler.py - pytorch_modeler.py - 168 - INFO - Epoch 54/100:train_score:2399.783999, valid_score:364.597040
2020-09-08 11:32:59,336 - pytorch_modeler.py - pytorch_modeler.py - 168 - INFO - Epoch 55/100:train_score:2397.819742, valid_score:373.213785
2020-09-08 11:34:12,064 - pytorch_modeler.py - pytorch_modeler.py - 168 - INFO - Epoch 56/100:train_score:2383.546147, valid_score:367.898371
2020-09-08 11:35:24,890 - pytorch_modeler.py - pytorch_modeler.py - 168 - INFO - Epoch 57/100:train_score:2371.532652, valid_score:384.466596
2020-09-08 11:36:41,089 - pytorch_modeler.py - pytorch_modeler.py - 168 - INFO - Epoch 58/100:train_score:2364.928854, valid_score:383.564355
2020-09-08 11:37:57,921 - pytorch_modeler.py - pytorch_modeler.py - 168 - INFO - Epoch 59/100:train_score:2344.798043, valid_score:382.597389
2020-09-08 11:39:14,107 - pytorch_modeler.py - pytorch_modeler.py - 168 - INFO - Epoch 60/100:train_score:2317.541706, valid_score:376.946726
2020-09-08 11:40:30,614 - pytorch_modeler.py - pytorch_modeler.py - 168 - INFO - Epoch 61/100:train_score:2302.557664, valid_score:379.907250
2020-09-08 11:41:47,502 - pytorch_modeler.py - pytorch_modeler.py - 168 - INFO - Epoch 62/100:train_score:2296.443012, valid_score:371.587972
2020-09-08 11:43:04,715 - pytorch_modeler.py - pytorch_modeler.py - 168 - INFO - Epoch 63/100:train_score:2281.670568, valid_score:378.871652
2020-09-08 11:44:16,535 - pytorch_modeler.py - pytorch_modeler.py - 168 - INFO - Epoch 64/100:train_score:2273.697615, valid_score:363.791212
2020-09-08 11:45:32,275 - pytorch_modeler.py - pytorch_modeler.py - 168 - INFO - Epoch 65/100:train_score:2273.103632, valid_score:374.795194
2020-09-08 11:46:47,244 - pytorch_modeler.py - pytorch_modeler.py - 168 - INFO - Epoch 66/100:train_score:2272.853790, valid_score:382.137363
2020-09-08 11:48:03,099 - pytorch_modeler.py - pytorch_modeler.py - 168 - INFO - Epoch 67/100:train_score:2264.170780, valid_score:392.266407
2020-09-08 11:49:18,699 - pytorch_modeler.py - pytorch_modeler.py - 168 - INFO - Epoch 68/100:train_score:2255.672183, valid_score:395.029197
2020-09-08 11:50:29,999 - pytorch_modeler.py - pytorch_modeler.py - 168 - INFO - Epoch 69/100:train_score:2249.935251, valid_score:376.899248
2020-09-08 11:51:44,105 - pytorch_modeler.py - pytorch_modeler.py - 168 - INFO - Epoch 70/100:train_score:2254.172226, valid_score:372.261352
2020-09-08 11:52:57,843 - pytorch_modeler.py - pytorch_modeler.py - 168 - INFO - Epoch 71/100:train_score:2242.820797, valid_score:386.942360
2020-09-08 11:54:15,766 - pytorch_modeler.py - pytorch_modeler.py - 168 - INFO - Epoch 72/100:train_score:2233.189624, valid_score:381.974149
2020-09-08 11:55:31,123 - pytorch_modeler.py - pytorch_modeler.py - 168 - INFO - Epoch 73/100:train_score:2244.483200, valid_score:374.218028
2020-09-08 11:56:44,149 - pytorch_modeler.py - pytorch_modeler.py - 168 - INFO - Epoch 74/100:train_score:2237.605148, valid_score:368.945038
2020-09-08 11:58:01,089 - pytorch_modeler.py - pytorch_modeler.py - 168 - INFO - Epoch 75/100:train_score:2230.112360, valid_score:387.431878
2020-09-08 11:59:19,563 - pytorch_modeler.py - pytorch_modeler.py - 168 - INFO - Epoch 76/100:train_score:2233.604299, valid_score:381.576071
2020-09-08 12:00:36,450 - pytorch_modeler.py - pytorch_modeler.py - 168 - INFO - Epoch 77/100:train_score:2228.989881, valid_score:390.880945
2020-09-08 12:01:50,857 - pytorch_modeler.py - pytorch_modeler.py - 168 - INFO - Epoch 78/100:train_score:2223.771410, valid_score:373.551406
2020-09-08 12:03:06,848 - pytorch_modeler.py - pytorch_modeler.py - 168 - INFO - Epoch 79/100:train_score:2217.230671, valid_score:404.471987
2020-09-08 12:04:31,859 - pytorch_modeler.py - pytorch_modeler.py - 168 - INFO - Epoch 80/100:train_score:2227.272438, valid_score:386.589582
2020-09-08 12:05:47,505 - pytorch_modeler.py - pytorch_modeler.py - 168 - INFO - Epoch 81/100:train_score:2215.285876, valid_score:368.532461
2020-09-08 12:07:01,779 - pytorch_modeler.py - pytorch_modeler.py - 168 - INFO - Epoch 82/100:train_score:2217.104111, valid_score:386.029079
2020-09-08 12:08:15,799 - pytorch_modeler.py - pytorch_modeler.py - 168 - INFO - Epoch 83/100:train_score:2214.322109, valid_score:390.782836
2020-09-08 12:09:29,051 - pytorch_modeler.py - pytorch_modeler.py - 168 - INFO - Epoch 84/100:train_score:2207.722882, valid_score:385.598253
2020-09-08 12:10:41,131 - pytorch_modeler.py - pytorch_modeler.py - 168 - INFO - Epoch 85/100:train_score:2202.888020, valid_score:376.128916
2020-09-08 12:11:56,587 - pytorch_modeler.py - pytorch_modeler.py - 168 - INFO - Epoch 86/100:train_score:2205.451637, valid_score:387.560663
2020-09-08 12:13:09,880 - pytorch_modeler.py - pytorch_modeler.py - 168 - INFO - Epoch 87/100:train_score:2203.574063, valid_score:372.974564
2020-09-08 12:14:25,840 - pytorch_modeler.py - pytorch_modeler.py - 168 - INFO - Epoch 88/100:train_score:2195.572223, valid_score:372.251555
2020-09-08 12:15:40,777 - pytorch_modeler.py - pytorch_modeler.py - 168 - INFO - Epoch 89/100:train_score:2199.878719, valid_score:358.742202
2020-09-08 12:16:55,524 - pytorch_modeler.py - pytorch_modeler.py - 168 - INFO - Epoch 90/100:train_score:2197.192087, valid_score:372.879942
2020-09-08 12:18:11,754 - pytorch_modeler.py - pytorch_modeler.py - 168 - INFO - Epoch 91/100:train_score:2195.382138, valid_score:382.485646
2020-09-08 12:19:25,875 - pytorch_modeler.py - pytorch_modeler.py - 168 - INFO - Epoch 92/100:train_score:2195.368689, valid_score:374.185199
2020-09-08 12:20:39,012 - pytorch_modeler.py - pytorch_modeler.py - 168 - INFO - Epoch 93/100:train_score:2190.373490, valid_score:395.131607
2020-09-08 12:21:54,607 - pytorch_modeler.py - pytorch_modeler.py - 168 - INFO - Epoch 94/100:train_score:2184.836116, valid_score:361.531428
2020-09-08 12:23:08,797 - pytorch_modeler.py - pytorch_modeler.py - 168 - INFO - Epoch 95/100:train_score:2178.330546, valid_score:374.771483
2020-09-08 12:24:26,049 - pytorch_modeler.py - pytorch_modeler.py - 168 - INFO - Epoch 96/100:train_score:2177.875064, valid_score:377.338662
2020-09-08 12:25:42,346 - pytorch_modeler.py - pytorch_modeler.py - 168 - INFO - Epoch 97/100:train_score:2179.270477, valid_score:372.720718
2020-09-08 12:26:59,069 - pytorch_modeler.py - pytorch_modeler.py - 168 - INFO - Epoch 98/100:train_score:2197.546414, valid_score:384.717254
2020-09-08 12:28:14,362 - pytorch_modeler.py - pytorch_modeler.py - 168 - INFO - Epoch 99/100:train_score:2182.178713, valid_score:371.170815
2020-09-08 12:29:26,990 - pytorch_modeler.py - pytorch_modeler.py - 168 - INFO - Epoch 100/100:train_score:2174.531957, valid_score:377.012286
2020-09-08 12:29:27,007 - 00_train.py - 00_train.py - 116 - INFO - success:ToyConveyor 
model_out_path ==> 
 /media/hiroki/working/research/dcase2020/result/no_add_batch_8/models/ToyConveyor_model.pth
2020-09-08 12:30:45,772 - pytorch_modeler.py - pytorch_modeler.py - 168 - INFO - Epoch 1/100:train_score:76863.167770, valid_score:728.739520
2020-09-08 12:32:09,477 - pytorch_modeler.py - pytorch_modeler.py - 168 - INFO - Epoch 2/100:train_score:6029.540417, valid_score:625.357184
2020-09-08 12:33:29,540 - pytorch_modeler.py - pytorch_modeler.py - 168 - INFO - Epoch 3/100:train_score:5225.417902, valid_score:543.959572
2020-09-08 12:34:53,665 - pytorch_modeler.py - pytorch_modeler.py - 168 - INFO - Epoch 4/100:train_score:4799.336562, valid_score:522.604977
2020-09-08 12:36:15,243 - pytorch_modeler.py - pytorch_modeler.py - 168 - INFO - Epoch 5/100:train_score:4489.065937, valid_score:511.899985
2020-09-08 12:37:38,266 - pytorch_modeler.py - pytorch_modeler.py - 168 - INFO - Epoch 6/100:train_score:4359.410419, valid_score:513.559713
2020-09-08 12:39:00,435 - pytorch_modeler.py - pytorch_modeler.py - 168 - INFO - Epoch 7/100:train_score:4252.109286, valid_score:504.564260
2020-09-08 12:40:22,284 - pytorch_modeler.py - pytorch_modeler.py - 168 - INFO - Epoch 8/100:train_score:4120.273691, valid_score:525.409139
2020-09-08 12:41:46,417 - pytorch_modeler.py - pytorch_modeler.py - 168 - INFO - Epoch 9/100:train_score:4016.877290, valid_score:492.768990
2020-09-08 12:43:09,372 - pytorch_modeler.py - pytorch_modeler.py - 168 - INFO - Epoch 10/100:train_score:3886.074743, valid_score:481.447759
2020-09-08 12:44:32,046 - pytorch_modeler.py - pytorch_modeler.py - 168 - INFO - Epoch 11/100:train_score:3761.820348, valid_score:500.553640
2020-09-08 12:45:52,664 - pytorch_modeler.py - pytorch_modeler.py - 168 - INFO - Epoch 12/100:train_score:3664.089407, valid_score:471.921892
2020-09-08 12:47:15,484 - pytorch_modeler.py - pytorch_modeler.py - 168 - INFO - Epoch 13/100:train_score:3603.963403, valid_score:471.329366
2020-09-08 12:48:40,694 - pytorch_modeler.py - pytorch_modeler.py - 168 - INFO - Epoch 14/100:train_score:3519.884427, valid_score:482.870008
2020-09-08 12:50:06,000 - pytorch_modeler.py - pytorch_modeler.py - 168 - INFO - Epoch 15/100:train_score:3447.910755, valid_score:481.389792
2020-09-08 12:51:27,125 - pytorch_modeler.py - pytorch_modeler.py - 168 - INFO - Epoch 16/100:train_score:3388.699649, valid_score:491.191671
2020-09-08 12:52:48,841 - pytorch_modeler.py - pytorch_modeler.py - 168 - INFO - Epoch 17/100:train_score:3358.944048, valid_score:459.714617
2020-09-08 12:54:14,352 - pytorch_modeler.py - pytorch_modeler.py - 168 - INFO - Epoch 18/100:train_score:3334.714650, valid_score:471.924654
2020-09-08 12:55:37,504 - pytorch_modeler.py - pytorch_modeler.py - 168 - INFO - Epoch 19/100:train_score:3293.012728, valid_score:495.461673
2020-09-08 12:56:59,402 - pytorch_modeler.py - pytorch_modeler.py - 168 - INFO - Epoch 20/100:train_score:3257.541355, valid_score:457.531966
2020-09-08 12:58:23,954 - pytorch_modeler.py - pytorch_modeler.py - 168 - INFO - Epoch 21/100:train_score:3222.366715, valid_score:518.548820
2020-09-08 12:59:51,602 - pytorch_modeler.py - pytorch_modeler.py - 168 - INFO - Epoch 22/100:train_score:3235.685603, valid_score:476.811124
2020-09-08 13:01:17,795 - pytorch_modeler.py - pytorch_modeler.py - 168 - INFO - Epoch 23/100:train_score:3216.776774, valid_score:557.553401
2020-09-08 13:02:40,343 - pytorch_modeler.py - pytorch_modeler.py - 168 - INFO - Epoch 24/100:train_score:3193.606265, valid_score:491.193848
2020-09-08 13:04:06,091 - pytorch_modeler.py - pytorch_modeler.py - 168 - INFO - Epoch 25/100:train_score:3169.850991, valid_score:459.450885
2020-09-08 13:05:34,059 - pytorch_modeler.py - pytorch_modeler.py - 168 - INFO - Epoch 26/100:train_score:3128.636333, valid_score:487.361285
2020-09-08 13:06:55,744 - pytorch_modeler.py - pytorch_modeler.py - 168 - INFO - Epoch 27/100:train_score:3146.026312, valid_score:509.521327
2020-09-08 13:08:18,731 - pytorch_modeler.py - pytorch_modeler.py - 168 - INFO - Epoch 28/100:train_score:3119.140546, valid_score:502.087477
2020-09-08 13:09:41,695 - pytorch_modeler.py - pytorch_modeler.py - 168 - INFO - Epoch 29/100:train_score:3093.533705, valid_score:484.606000
2020-09-08 13:11:02,949 - pytorch_modeler.py - pytorch_modeler.py - 168 - INFO - Epoch 30/100:train_score:3079.180500, valid_score:477.984303
2020-09-08 13:12:25,091 - pytorch_modeler.py - pytorch_modeler.py - 168 - INFO - Epoch 31/100:train_score:3046.834252, valid_score:446.195908
2020-09-08 13:13:48,842 - pytorch_modeler.py - pytorch_modeler.py - 168 - INFO - Epoch 32/100:train_score:3031.232569, valid_score:494.294779
2020-09-08 13:15:07,187 - pytorch_modeler.py - pytorch_modeler.py - 168 - INFO - Epoch 33/100:train_score:2994.043439, valid_score:482.681112
2020-09-08 13:16:29,254 - pytorch_modeler.py - pytorch_modeler.py - 168 - INFO - Epoch 34/100:train_score:2967.392914, valid_score:510.772586
2020-09-08 13:17:46,701 - pytorch_modeler.py - pytorch_modeler.py - 168 - INFO - Epoch 35/100:train_score:2949.723965, valid_score:563.912485
2020-09-08 13:19:05,969 - pytorch_modeler.py - pytorch_modeler.py - 168 - INFO - Epoch 36/100:train_score:2933.313337, valid_score:515.544722
2020-09-08 13:20:27,158 - pytorch_modeler.py - pytorch_modeler.py - 168 - INFO - Epoch 37/100:train_score:2917.610067, valid_score:478.633134
2020-09-08 13:21:51,416 - pytorch_modeler.py - pytorch_modeler.py - 168 - INFO - Epoch 38/100:train_score:2891.201629, valid_score:481.051098
2020-09-08 13:23:15,447 - pytorch_modeler.py - pytorch_modeler.py - 168 - INFO - Epoch 39/100:train_score:2858.481684, valid_score:484.964271
2020-09-08 13:24:36,531 - pytorch_modeler.py - pytorch_modeler.py - 168 - INFO - Epoch 40/100:train_score:2872.438955, valid_score:515.263974
2020-09-08 13:26:00,868 - pytorch_modeler.py - pytorch_modeler.py - 168 - INFO - Epoch 41/100:train_score:2867.973046, valid_score:508.950948
2020-09-08 13:27:20,419 - pytorch_modeler.py - pytorch_modeler.py - 168 - INFO - Epoch 42/100:train_score:2841.263620, valid_score:517.077396
2020-09-08 13:28:40,045 - pytorch_modeler.py - pytorch_modeler.py - 168 - INFO - Epoch 43/100:train_score:2848.122251, valid_score:539.393460
2020-09-08 13:29:59,331 - pytorch_modeler.py - pytorch_modeler.py - 168 - INFO - Epoch 44/100:train_score:2859.658100, valid_score:475.675700
2020-09-08 13:31:21,354 - pytorch_modeler.py - pytorch_modeler.py - 168 - INFO - Epoch 45/100:train_score:2829.455256, valid_score:504.879485
2020-09-08 13:32:45,367 - pytorch_modeler.py - pytorch_modeler.py - 168 - INFO - Epoch 46/100:train_score:2804.659104, valid_score:495.665656
2020-09-08 13:34:06,560 - pytorch_modeler.py - pytorch_modeler.py - 168 - INFO - Epoch 47/100:train_score:2785.313657, valid_score:516.767930
2020-09-08 13:35:29,452 - pytorch_modeler.py - pytorch_modeler.py - 168 - INFO - Epoch 48/100:train_score:2807.790557, valid_score:492.854814
2020-09-08 13:36:48,807 - pytorch_modeler.py - pytorch_modeler.py - 168 - INFO - Epoch 49/100:train_score:2799.101923, valid_score:465.263434
2020-09-08 13:38:11,834 - pytorch_modeler.py - pytorch_modeler.py - 168 - INFO - Epoch 50/100:train_score:2766.671743, valid_score:482.827809
2020-09-08 13:39:33,079 - pytorch_modeler.py - pytorch_modeler.py - 168 - INFO - Epoch 51/100:train_score:2792.074214, valid_score:533.143445
2020-09-08 13:40:53,888 - pytorch_modeler.py - pytorch_modeler.py - 168 - INFO - Epoch 52/100:train_score:2747.496702, valid_score:456.990560
2020-09-08 13:42:15,582 - pytorch_modeler.py - pytorch_modeler.py - 168 - INFO - Epoch 53/100:train_score:2755.580373, valid_score:504.650201
2020-09-08 13:43:39,877 - pytorch_modeler.py - pytorch_modeler.py - 168 - INFO - Epoch 54/100:train_score:2746.735702, valid_score:490.523830
2020-09-08 13:45:03,605 - pytorch_modeler.py - pytorch_modeler.py - 168 - INFO - Epoch 55/100:train_score:2727.676345, valid_score:458.284570
2020-09-08 13:46:25,464 - pytorch_modeler.py - pytorch_modeler.py - 168 - INFO - Epoch 56/100:train_score:2710.194578, valid_score:464.983889
2020-09-08 13:47:48,930 - pytorch_modeler.py - pytorch_modeler.py - 168 - INFO - Epoch 57/100:train_score:2720.531704, valid_score:505.453581
2020-09-08 13:49:07,386 - pytorch_modeler.py - pytorch_modeler.py - 168 - INFO - Epoch 58/100:train_score:2726.336120, valid_score:519.693025
2020-09-08 13:50:32,355 - pytorch_modeler.py - pytorch_modeler.py - 168 - INFO - Epoch 59/100:train_score:2703.223528, valid_score:476.872548
2020-09-08 13:51:57,019 - pytorch_modeler.py - pytorch_modeler.py - 168 - INFO - Epoch 60/100:train_score:2702.285513, valid_score:487.289542
2020-09-08 13:53:21,211 - pytorch_modeler.py - pytorch_modeler.py - 168 - INFO - Epoch 61/100:train_score:2689.922924, valid_score:453.896674
2020-09-08 13:54:42,519 - pytorch_modeler.py - pytorch_modeler.py - 168 - INFO - Epoch 62/100:train_score:2695.324422, valid_score:440.855799
2020-09-08 13:56:03,501 - pytorch_modeler.py - pytorch_modeler.py - 168 - INFO - Epoch 63/100:train_score:2681.267802, valid_score:459.900498
2020-09-08 13:57:26,969 - pytorch_modeler.py - pytorch_modeler.py - 168 - INFO - Epoch 64/100:train_score:2666.698137, valid_score:460.990799
2020-09-08 13:58:42,887 - pytorch_modeler.py - pytorch_modeler.py - 168 - INFO - Epoch 65/100:train_score:2672.919070, valid_score:503.811193
2020-09-08 14:00:04,734 - pytorch_modeler.py - pytorch_modeler.py - 168 - INFO - Epoch 66/100:train_score:2668.023192, valid_score:478.397786
2020-09-08 14:01:22,959 - pytorch_modeler.py - pytorch_modeler.py - 168 - INFO - Epoch 67/100:train_score:2657.487389, valid_score:459.698014
2020-09-08 14:02:47,556 - pytorch_modeler.py - pytorch_modeler.py - 168 - INFO - Epoch 68/100:train_score:2681.194718, valid_score:506.316631
2020-09-08 14:04:20,224 - pytorch_modeler.py - pytorch_modeler.py - 168 - INFO - Epoch 69/100:train_score:2654.279715, valid_score:453.479242
2020-09-08 14:05:51,420 - pytorch_modeler.py - pytorch_modeler.py - 168 - INFO - Epoch 70/100:train_score:2647.466422, valid_score:482.823748
2020-09-08 14:07:23,565 - pytorch_modeler.py - pytorch_modeler.py - 168 - INFO - Epoch 71/100:train_score:2629.045765, valid_score:486.233554
2020-09-08 14:08:51,938 - pytorch_modeler.py - pytorch_modeler.py - 168 - INFO - Epoch 72/100:train_score:2626.352580, valid_score:484.898980
2020-09-08 14:10:17,249 - pytorch_modeler.py - pytorch_modeler.py - 168 - INFO - Epoch 73/100:train_score:2630.917477, valid_score:490.168788
2020-09-08 14:11:43,261 - pytorch_modeler.py - pytorch_modeler.py - 168 - INFO - Epoch 74/100:train_score:2595.080574, valid_score:520.913977
2020-09-08 14:13:13,756 - pytorch_modeler.py - pytorch_modeler.py - 168 - INFO - Epoch 75/100:train_score:2589.095725, valid_score:495.666980
2020-09-08 14:14:46,865 - pytorch_modeler.py - pytorch_modeler.py - 168 - INFO - Epoch 76/100:train_score:2576.801066, valid_score:525.167607
2020-09-08 14:16:15,403 - pytorch_modeler.py - pytorch_modeler.py - 168 - INFO - Epoch 77/100:train_score:2551.518552, valid_score:477.754389
2020-09-08 14:17:16,027 - pytorch_modeler.py - pytorch_modeler.py - 168 - INFO - Epoch 78/100:train_score:2564.483249, valid_score:506.264870
2020-09-08 14:18:12,109 - pytorch_modeler.py - pytorch_modeler.py - 168 - INFO - Epoch 79/100:train_score:2533.903044, valid_score:487.891920
2020-09-08 14:19:10,459 - pytorch_modeler.py - pytorch_modeler.py - 168 - INFO - Epoch 80/100:train_score:2533.571092, valid_score:490.274632
2020-09-08 14:20:07,499 - pytorch_modeler.py - pytorch_modeler.py - 168 - INFO - Epoch 81/100:train_score:2516.055258, valid_score:543.513747
2020-09-08 14:20:50,100 - pytorch_modeler.py - pytorch_modeler.py - 168 - INFO - Epoch 82/100:train_score:2519.199335, valid_score:474.059424
2020-09-08 14:21:23,961 - pytorch_modeler.py - pytorch_modeler.py - 168 - INFO - Epoch 83/100:train_score:2512.498694, valid_score:463.032633
2020-09-08 14:21:58,366 - pytorch_modeler.py - pytorch_modeler.py - 168 - INFO - Epoch 84/100:train_score:2505.731757, valid_score:490.617848
2020-09-08 14:22:32,895 - pytorch_modeler.py - pytorch_modeler.py - 168 - INFO - Epoch 85/100:train_score:2502.968544, valid_score:456.428485
2020-09-08 14:23:06,579 - pytorch_modeler.py - pytorch_modeler.py - 168 - INFO - Epoch 86/100:train_score:2500.069138, valid_score:512.258050
2020-09-08 14:23:40,527 - pytorch_modeler.py - pytorch_modeler.py - 168 - INFO - Epoch 87/100:train_score:2497.730840, valid_score:508.916108
2020-09-08 14:24:14,338 - pytorch_modeler.py - pytorch_modeler.py - 168 - INFO - Epoch 88/100:train_score:2475.730724, valid_score:470.344976
2020-09-08 14:24:47,877 - pytorch_modeler.py - pytorch_modeler.py - 168 - INFO - Epoch 89/100:train_score:2469.363812, valid_score:455.132413
2020-09-08 14:25:21,535 - pytorch_modeler.py - pytorch_modeler.py - 168 - INFO - Epoch 90/100:train_score:2470.649113, valid_score:478.629643
2020-09-08 14:25:55,611 - pytorch_modeler.py - pytorch_modeler.py - 168 - INFO - Epoch 91/100:train_score:2519.262548, valid_score:464.434416
2020-09-08 14:26:29,278 - pytorch_modeler.py - pytorch_modeler.py - 168 - INFO - Epoch 92/100:train_score:2464.291394, valid_score:533.181406
2020-09-08 14:27:02,449 - pytorch_modeler.py - pytorch_modeler.py - 168 - INFO - Epoch 93/100:train_score:2450.250966, valid_score:434.537287
2020-09-08 14:27:35,933 - pytorch_modeler.py - pytorch_modeler.py - 168 - INFO - Epoch 94/100:train_score:2444.446458, valid_score:465.097891
2020-09-08 14:28:09,323 - pytorch_modeler.py - pytorch_modeler.py - 168 - INFO - Epoch 95/100:train_score:2437.088930, valid_score:457.045530
2020-09-08 14:28:42,419 - pytorch_modeler.py - pytorch_modeler.py - 168 - INFO - Epoch 96/100:train_score:2452.595850, valid_score:474.330316
2020-09-08 14:29:16,231 - pytorch_modeler.py - pytorch_modeler.py - 168 - INFO - Epoch 97/100:train_score:2448.857078, valid_score:446.715479
2020-09-08 14:29:50,140 - pytorch_modeler.py - pytorch_modeler.py - 168 - INFO - Epoch 98/100:train_score:2436.671456, valid_score:490.203764
2020-09-08 14:30:23,680 - pytorch_modeler.py - pytorch_modeler.py - 168 - INFO - Epoch 99/100:train_score:2425.247636, valid_score:472.207585
2020-09-08 14:30:57,555 - pytorch_modeler.py - pytorch_modeler.py - 168 - INFO - Epoch 100/100:train_score:2432.574869, valid_score:461.544161
2020-09-08 14:30:57,566 - 00_train.py - 00_train.py - 116 - INFO - success:valve 
model_out_path ==> 
 /media/hiroki/working/research/dcase2020/result/no_add_batch_8/models/valve_model.pth
