2020-09-09 19:08:01,832 - 00_train.py - 00_train.py - 98 - INFO - TARGET MACHINE_TYPE: fan
2020-09-09 19:08:01,832 - 00_train.py - 00_train.py - 99 - INFO - MAKE DATA_LOADER
2020-09-09 19:08:28,222 - 00_train.py - 00_train.py - 106 - INFO - TRAINING
2020-09-09 19:09:52,875 - 00_train.py - 00_train.py - 98 - INFO - TARGET MACHINE_TYPE: fan
2020-09-09 19:09:52,875 - 00_train.py - 00_train.py - 99 - INFO - MAKE DATA_LOADER
2020-09-09 19:10:20,633 - 00_train.py - 00_train.py - 106 - INFO - TRAINING
2020-09-09 19:10:22,011 - pytorch_modeler.py - pytorch_modeler.py - 182 - INFO - Epoch 1/10:train_score:1037.549874, valid_score:1112.095703
2020-09-09 19:10:22,089 - pytorch_modeler.py - pytorch_modeler.py - 182 - INFO - Epoch 2/10:train_score:1010.764570, valid_score:1076.731201
2020-09-09 19:10:22,169 - pytorch_modeler.py - pytorch_modeler.py - 182 - INFO - Epoch 3/10:train_score:980.755406, valid_score:1006.872803
2020-09-09 19:10:22,247 - pytorch_modeler.py - pytorch_modeler.py - 182 - INFO - Epoch 4/10:train_score:946.948024, valid_score:970.072998
2020-09-09 19:10:22,324 - pytorch_modeler.py - pytorch_modeler.py - 182 - INFO - Epoch 5/10:train_score:915.880092, valid_score:935.380371
2020-09-09 19:10:22,400 - pytorch_modeler.py - pytorch_modeler.py - 182 - INFO - Epoch 6/10:train_score:884.693978, valid_score:885.557251
2020-09-09 19:10:22,478 - pytorch_modeler.py - pytorch_modeler.py - 182 - INFO - Epoch 7/10:train_score:850.408813, valid_score:844.281860
2020-09-09 19:10:22,556 - pytorch_modeler.py - pytorch_modeler.py - 182 - INFO - Epoch 8/10:train_score:818.954032, valid_score:791.281189
2020-09-09 19:10:22,633 - pytorch_modeler.py - pytorch_modeler.py - 182 - INFO - Epoch 9/10:train_score:787.315247, valid_score:732.322266
2020-09-09 19:10:22,709 - pytorch_modeler.py - pytorch_modeler.py - 182 - INFO - Epoch 10/10:train_score:755.858128, valid_score:699.041321
2020-09-09 19:10:22,718 - 00_train.py - 00_train.py - 118 - INFO - 
 success:fan 
model_out_path ==> 
 /media/hiroki/working/research/dcase2020/result/no_add_batch_32/models/fan_model.pth
2020-09-09 19:15:02,543 - 00_train.py - 00_train.py - 98 - INFO - TARGET MACHINE_TYPE: fan
2020-09-09 19:15:02,543 - 00_train.py - 00_train.py - 99 - INFO - MAKE DATA_LOADER
2020-09-09 19:15:29,623 - 00_train.py - 00_train.py - 106 - INFO - TRAINING
2020-09-09 19:15:30,987 - pytorch_modeler.py - pytorch_modeler.py - 181 - INFO - Epoch 1/10:train_score:1037.549874, valid_score:1112.095703
2020-09-09 19:15:31,061 - pytorch_modeler.py - pytorch_modeler.py - 181 - INFO - Epoch 2/10:train_score:1010.764570, valid_score:1076.731201
2020-09-09 19:15:31,134 - pytorch_modeler.py - pytorch_modeler.py - 181 - INFO - Epoch 3/10:train_score:980.755406, valid_score:1006.872803
2020-09-09 19:15:31,207 - pytorch_modeler.py - pytorch_modeler.py - 181 - INFO - Epoch 4/10:train_score:946.948024, valid_score:970.072998
2020-09-09 19:15:31,278 - pytorch_modeler.py - pytorch_modeler.py - 181 - INFO - Epoch 5/10:train_score:915.880092, valid_score:935.380371
2020-09-09 19:15:31,351 - pytorch_modeler.py - pytorch_modeler.py - 181 - INFO - Epoch 6/10:train_score:884.693978, valid_score:885.557251
2020-09-09 19:15:31,423 - pytorch_modeler.py - pytorch_modeler.py - 181 - INFO - Epoch 7/10:train_score:850.408813, valid_score:844.281860
2020-09-09 19:15:31,497 - pytorch_modeler.py - pytorch_modeler.py - 181 - INFO - Epoch 8/10:train_score:818.954032, valid_score:791.281189
2020-09-09 19:15:31,571 - pytorch_modeler.py - pytorch_modeler.py - 181 - INFO - Epoch 9/10:train_score:787.315247, valid_score:732.322266
2020-09-09 19:15:31,644 - pytorch_modeler.py - pytorch_modeler.py - 181 - INFO - Epoch 10/10:train_score:755.858128, valid_score:699.041321
2020-09-09 19:15:31,653 - 00_train.py - 00_train.py - 118 - INFO - 
 success:fan 
model_out_path ==> 
 /media/hiroki/working/research/dcase2020/result/no_add_batch_32/models/fan_model.pth
2020-09-09 19:16:46,275 - 00_train.py - 00_train.py - 98 - INFO - TARGET MACHINE_TYPE: fan
2020-09-09 19:16:46,275 - 00_train.py - 00_train.py - 99 - INFO - MAKE DATA_LOADER
2020-09-09 19:17:16,109 - 00_train.py - 00_train.py - 106 - INFO - TRAINING
2020-09-09 19:17:17,520 - pytorch_modeler.py - pytorch_modeler.py - 181 - INFO - Epoch 1/10:train_score:1037.549874, valid_score:1112.095703
2020-09-09 19:17:17,592 - pytorch_modeler.py - pytorch_modeler.py - 181 - INFO - Epoch 2/10:train_score:1010.764570, valid_score:1076.731201
2020-09-09 19:17:17,664 - pytorch_modeler.py - pytorch_modeler.py - 181 - INFO - Epoch 3/10:train_score:980.755406, valid_score:1006.872803
2020-09-09 19:17:17,736 - pytorch_modeler.py - pytorch_modeler.py - 181 - INFO - Epoch 4/10:train_score:946.948024, valid_score:970.072998
2020-09-09 19:17:17,809 - pytorch_modeler.py - pytorch_modeler.py - 181 - INFO - Epoch 5/10:train_score:915.880092, valid_score:935.380371
2020-09-09 19:17:17,881 - pytorch_modeler.py - pytorch_modeler.py - 181 - INFO - Epoch 6/10:train_score:884.693978, valid_score:885.557251
2020-09-09 19:17:17,956 - pytorch_modeler.py - pytorch_modeler.py - 181 - INFO - Epoch 7/10:train_score:850.408813, valid_score:844.281860
2020-09-09 19:17:18,030 - pytorch_modeler.py - pytorch_modeler.py - 181 - INFO - Epoch 8/10:train_score:818.954032, valid_score:791.281189
2020-09-09 19:17:18,105 - pytorch_modeler.py - pytorch_modeler.py - 181 - INFO - Epoch 9/10:train_score:787.315247, valid_score:732.322266
2020-09-09 19:17:18,176 - pytorch_modeler.py - pytorch_modeler.py - 181 - INFO - Epoch 10/10:train_score:755.858128, valid_score:699.041321
2020-09-09 19:17:18,186 - 00_train.py - 00_train.py - 118 - INFO - 
 success:fan 
model_out_path ==> 
 /media/hiroki/working/research/dcase2020/result/no_add_batch_32/models/fan_model.pth
2020-09-09 19:18:42,332 - 00_train.py - 00_train.py - 98 - INFO - TARGET MACHINE_TYPE: fan
2020-09-09 19:18:42,332 - 00_train.py - 00_train.py - 99 - INFO - MAKE DATA_LOADER
2020-09-09 19:19:12,910 - 00_train.py - 00_train.py - 106 - INFO - TRAINING
2020-09-09 19:19:14,295 - pytorch_modeler.py - pytorch_modeler.py - 181 - INFO - Epoch 1/100:train_score:1037.549874, valid_score:1112.095703
2020-09-09 19:19:14,369 - pytorch_modeler.py - pytorch_modeler.py - 181 - INFO - Epoch 2/100:train_score:1010.764570, valid_score:1076.731201
2020-09-09 19:19:14,443 - pytorch_modeler.py - pytorch_modeler.py - 181 - INFO - Epoch 3/100:train_score:980.755406, valid_score:1006.872803
2020-09-09 19:19:14,518 - pytorch_modeler.py - pytorch_modeler.py - 181 - INFO - Epoch 4/100:train_score:946.948024, valid_score:970.072998
2020-09-09 19:19:14,592 - pytorch_modeler.py - pytorch_modeler.py - 181 - INFO - Epoch 5/100:train_score:915.880092, valid_score:935.380371
2020-09-09 19:19:14,665 - pytorch_modeler.py - pytorch_modeler.py - 181 - INFO - Epoch 6/100:train_score:884.693978, valid_score:885.557251
2020-09-09 19:19:14,740 - pytorch_modeler.py - pytorch_modeler.py - 181 - INFO - Epoch 7/100:train_score:850.408813, valid_score:844.281860
2020-09-09 19:19:14,815 - pytorch_modeler.py - pytorch_modeler.py - 181 - INFO - Epoch 8/100:train_score:818.954032, valid_score:791.281189
2020-09-09 19:19:14,888 - pytorch_modeler.py - pytorch_modeler.py - 181 - INFO - Epoch 9/100:train_score:787.315247, valid_score:732.322266
2020-09-09 19:19:14,963 - pytorch_modeler.py - pytorch_modeler.py - 181 - INFO - Epoch 10/100:train_score:755.858128, valid_score:699.041321
2020-09-09 19:19:15,037 - pytorch_modeler.py - pytorch_modeler.py - 181 - INFO - Epoch 11/100:train_score:722.254272, valid_score:698.413269
2020-09-09 19:19:15,111 - pytorch_modeler.py - pytorch_modeler.py - 181 - INFO - Epoch 12/100:train_score:690.177874, valid_score:801.201050
2020-09-09 19:19:15,183 - pytorch_modeler.py - pytorch_modeler.py - 181 - INFO - Epoch 13/100:train_score:658.194720, valid_score:818.390259
2020-09-09 19:19:15,258 - pytorch_modeler.py - pytorch_modeler.py - 181 - INFO - Epoch 14/100:train_score:623.574166, valid_score:771.110291
2020-09-09 19:19:15,333 - pytorch_modeler.py - pytorch_modeler.py - 181 - INFO - Epoch 15/100:train_score:593.087734, valid_score:626.045776
2020-09-09 19:19:15,407 - pytorch_modeler.py - pytorch_modeler.py - 181 - INFO - Epoch 16/100:train_score:562.046212, valid_score:572.435913
2020-09-09 19:19:15,480 - pytorch_modeler.py - pytorch_modeler.py - 181 - INFO - Epoch 17/100:train_score:530.432940, valid_score:556.959717
2020-09-09 19:19:15,557 - pytorch_modeler.py - pytorch_modeler.py - 181 - INFO - Epoch 18/100:train_score:500.686571, valid_score:571.254578
2020-09-09 19:19:15,632 - pytorch_modeler.py - pytorch_modeler.py - 181 - INFO - Epoch 19/100:train_score:470.513894, valid_score:516.184814
2020-09-09 19:19:15,706 - pytorch_modeler.py - pytorch_modeler.py - 181 - INFO - Epoch 20/100:train_score:441.753300, valid_score:543.795471
2020-09-09 19:19:15,779 - pytorch_modeler.py - pytorch_modeler.py - 181 - INFO - Epoch 21/100:train_score:413.907654, valid_score:485.442841
2020-09-09 19:19:15,853 - pytorch_modeler.py - pytorch_modeler.py - 181 - INFO - Epoch 22/100:train_score:387.933249, valid_score:324.255798
2020-09-09 19:19:15,929 - pytorch_modeler.py - pytorch_modeler.py - 181 - INFO - Epoch 23/100:train_score:361.342490, valid_score:337.367676
2020-09-09 19:19:16,004 - pytorch_modeler.py - pytorch_modeler.py - 181 - INFO - Epoch 24/100:train_score:336.883336, valid_score:426.674652
2020-09-09 19:19:16,077 - pytorch_modeler.py - pytorch_modeler.py - 181 - INFO - Epoch 25/100:train_score:312.446346, valid_score:397.562225
2020-09-09 19:19:16,152 - pytorch_modeler.py - pytorch_modeler.py - 181 - INFO - Epoch 26/100:train_score:288.921557, valid_score:359.858490
2020-09-09 19:19:16,227 - pytorch_modeler.py - pytorch_modeler.py - 181 - INFO - Epoch 27/100:train_score:266.535568, valid_score:324.406647
2020-09-09 19:19:16,300 - pytorch_modeler.py - pytorch_modeler.py - 181 - INFO - Epoch 28/100:train_score:245.711380, valid_score:262.041473
2020-09-09 19:19:16,375 - pytorch_modeler.py - pytorch_modeler.py - 181 - INFO - Epoch 29/100:train_score:226.453838, valid_score:220.864410
2020-09-09 19:19:16,450 - pytorch_modeler.py - pytorch_modeler.py - 181 - INFO - Epoch 30/100:train_score:207.898438, valid_score:196.414322
2020-09-09 19:19:16,528 - pytorch_modeler.py - pytorch_modeler.py - 181 - INFO - Epoch 31/100:train_score:191.018816, valid_score:201.115875
2020-09-09 19:19:16,603 - pytorch_modeler.py - pytorch_modeler.py - 181 - INFO - Epoch 32/100:train_score:174.292206, valid_score:170.497620
2020-09-09 19:19:16,676 - pytorch_modeler.py - pytorch_modeler.py - 181 - INFO - Epoch 33/100:train_score:159.367150, valid_score:156.045486
2020-09-09 19:19:16,752 - pytorch_modeler.py - pytorch_modeler.py - 181 - INFO - Epoch 34/100:train_score:145.228391, valid_score:150.453323
2020-09-09 19:19:16,826 - pytorch_modeler.py - pytorch_modeler.py - 181 - INFO - Epoch 35/100:train_score:132.321643, valid_score:132.956268
2020-09-09 19:19:16,900 - pytorch_modeler.py - pytorch_modeler.py - 181 - INFO - Epoch 36/100:train_score:120.778998, valid_score:117.490273
2020-09-09 19:19:16,973 - pytorch_modeler.py - pytorch_modeler.py - 181 - INFO - Epoch 37/100:train_score:109.540599, valid_score:111.636421
2020-09-09 19:19:17,046 - pytorch_modeler.py - pytorch_modeler.py - 181 - INFO - Epoch 38/100:train_score:99.061995, valid_score:127.522881
2020-09-09 19:19:17,119 - pytorch_modeler.py - pytorch_modeler.py - 181 - INFO - Epoch 39/100:train_score:89.283870, valid_score:144.744858
2020-09-09 19:19:17,271 - pytorch_modeler.py - pytorch_modeler.py - 181 - INFO - Epoch 40/100:train_score:81.451047, valid_score:129.926315
2020-09-09 19:19:17,347 - pytorch_modeler.py - pytorch_modeler.py - 181 - INFO - Epoch 41/100:train_score:74.047795, valid_score:122.092468
2020-09-09 19:19:17,421 - pytorch_modeler.py - pytorch_modeler.py - 181 - INFO - Epoch 42/100:train_score:67.435359, valid_score:95.671555
2020-09-09 19:19:17,495 - pytorch_modeler.py - pytorch_modeler.py - 181 - INFO - Epoch 43/100:train_score:61.101244, valid_score:101.106262
2020-09-09 19:19:17,569 - pytorch_modeler.py - pytorch_modeler.py - 181 - INFO - Epoch 44/100:train_score:55.458435, valid_score:69.068848
2020-09-09 19:19:17,642 - pytorch_modeler.py - pytorch_modeler.py - 181 - INFO - Epoch 45/100:train_score:50.730626, valid_score:54.897823
2020-09-09 19:19:17,716 - pytorch_modeler.py - pytorch_modeler.py - 181 - INFO - Epoch 46/100:train_score:46.037067, valid_score:56.082920
2020-09-09 19:19:17,791 - pytorch_modeler.py - pytorch_modeler.py - 181 - INFO - Epoch 47/100:train_score:41.993947, valid_score:50.693562
2020-09-09 19:19:17,866 - pytorch_modeler.py - pytorch_modeler.py - 181 - INFO - Epoch 48/100:train_score:38.264339, valid_score:47.539730
2020-09-09 19:19:17,941 - pytorch_modeler.py - pytorch_modeler.py - 181 - INFO - Epoch 49/100:train_score:35.380351, valid_score:46.004662
2020-09-09 19:19:18,015 - pytorch_modeler.py - pytorch_modeler.py - 181 - INFO - Epoch 50/100:train_score:32.431242, valid_score:44.296135
2020-09-09 19:19:18,090 - pytorch_modeler.py - pytorch_modeler.py - 181 - INFO - Epoch 51/100:train_score:29.717611, valid_score:43.877445
2020-09-09 19:19:18,164 - pytorch_modeler.py - pytorch_modeler.py - 181 - INFO - Epoch 52/100:train_score:27.699514, valid_score:43.241817
2020-09-09 19:19:18,239 - pytorch_modeler.py - pytorch_modeler.py - 181 - INFO - Epoch 53/100:train_score:25.855071, valid_score:44.937214
2020-09-09 19:19:18,313 - pytorch_modeler.py - pytorch_modeler.py - 181 - INFO - Epoch 54/100:train_score:24.471498, valid_score:46.825413
2020-09-09 19:19:18,389 - pytorch_modeler.py - pytorch_modeler.py - 181 - INFO - Epoch 55/100:train_score:22.899492, valid_score:41.914528
2020-09-09 19:19:18,465 - pytorch_modeler.py - pytorch_modeler.py - 181 - INFO - Epoch 56/100:train_score:21.594152, valid_score:38.797646
2020-09-09 19:19:18,540 - pytorch_modeler.py - pytorch_modeler.py - 181 - INFO - Epoch 57/100:train_score:20.444573, valid_score:37.291107
2020-09-09 19:19:18,612 - pytorch_modeler.py - pytorch_modeler.py - 181 - INFO - Epoch 58/100:train_score:19.502259, valid_score:35.409321
2020-09-09 19:19:18,685 - pytorch_modeler.py - pytorch_modeler.py - 181 - INFO - Epoch 59/100:train_score:18.685562, valid_score:32.210827
2020-09-09 19:19:18,758 - pytorch_modeler.py - pytorch_modeler.py - 181 - INFO - Epoch 60/100:train_score:18.199946, valid_score:34.585804
2020-09-09 19:19:18,831 - pytorch_modeler.py - pytorch_modeler.py - 181 - INFO - Epoch 61/100:train_score:17.554170, valid_score:35.609917
2020-09-09 19:19:18,904 - pytorch_modeler.py - pytorch_modeler.py - 181 - INFO - Epoch 62/100:train_score:17.052041, valid_score:32.112446
2020-09-09 19:19:18,981 - pytorch_modeler.py - pytorch_modeler.py - 181 - INFO - Epoch 63/100:train_score:16.539883, valid_score:33.587780
2020-09-09 19:19:19,056 - pytorch_modeler.py - pytorch_modeler.py - 181 - INFO - Epoch 64/100:train_score:15.994783, valid_score:33.685081
2020-09-09 19:19:19,129 - pytorch_modeler.py - pytorch_modeler.py - 181 - INFO - Epoch 65/100:train_score:15.501977, valid_score:29.906151
2020-09-09 19:19:19,203 - pytorch_modeler.py - pytorch_modeler.py - 181 - INFO - Epoch 66/100:train_score:15.241894, valid_score:26.283525
2020-09-09 19:19:19,276 - pytorch_modeler.py - pytorch_modeler.py - 181 - INFO - Epoch 67/100:train_score:14.927989, valid_score:26.051939
2020-09-09 19:19:19,349 - pytorch_modeler.py - pytorch_modeler.py - 181 - INFO - Epoch 68/100:train_score:14.672582, valid_score:25.500954
2020-09-09 19:19:19,422 - pytorch_modeler.py - pytorch_modeler.py - 181 - INFO - Epoch 69/100:train_score:14.421974, valid_score:25.002802
2020-09-09 19:19:19,499 - pytorch_modeler.py - pytorch_modeler.py - 181 - INFO - Epoch 70/100:train_score:14.235464, valid_score:25.888344
2020-09-09 19:19:19,574 - pytorch_modeler.py - pytorch_modeler.py - 181 - INFO - Epoch 71/100:train_score:13.998735, valid_score:25.130608
2020-09-09 19:19:19,649 - pytorch_modeler.py - pytorch_modeler.py - 181 - INFO - Epoch 72/100:train_score:13.835165, valid_score:25.384403
2020-09-09 19:19:19,723 - pytorch_modeler.py - pytorch_modeler.py - 181 - INFO - Epoch 73/100:train_score:13.592751, valid_score:24.755569
2020-09-09 19:19:19,798 - pytorch_modeler.py - pytorch_modeler.py - 181 - INFO - Epoch 74/100:train_score:13.546069, valid_score:23.349194
2020-09-09 19:19:19,872 - pytorch_modeler.py - pytorch_modeler.py - 181 - INFO - Epoch 75/100:train_score:13.368581, valid_score:23.340509
2020-09-09 19:19:19,947 - pytorch_modeler.py - pytorch_modeler.py - 181 - INFO - Epoch 76/100:train_score:13.276332, valid_score:23.083218
2020-09-09 19:19:20,021 - pytorch_modeler.py - pytorch_modeler.py - 181 - INFO - Epoch 77/100:train_score:13.099628, valid_score:22.417679
2020-09-09 19:19:20,094 - pytorch_modeler.py - pytorch_modeler.py - 181 - INFO - Epoch 78/100:train_score:12.972165, valid_score:22.256300
2020-09-09 19:19:20,167 - pytorch_modeler.py - pytorch_modeler.py - 181 - INFO - Epoch 79/100:train_score:12.884633, valid_score:22.201550
2020-09-09 19:19:20,242 - pytorch_modeler.py - pytorch_modeler.py - 181 - INFO - Epoch 80/100:train_score:12.790794, valid_score:21.672575
2020-09-09 19:19:20,314 - pytorch_modeler.py - pytorch_modeler.py - 181 - INFO - Epoch 81/100:train_score:12.748413, valid_score:22.371122
2020-09-09 19:19:20,387 - pytorch_modeler.py - pytorch_modeler.py - 181 - INFO - Epoch 82/100:train_score:12.666426, valid_score:22.086573
2020-09-09 19:19:20,463 - pytorch_modeler.py - pytorch_modeler.py - 181 - INFO - Epoch 83/100:train_score:12.560422, valid_score:22.205784
2020-09-09 19:19:20,539 - pytorch_modeler.py - pytorch_modeler.py - 181 - INFO - Epoch 84/100:train_score:12.492612, valid_score:22.002504
2020-09-09 19:19:20,613 - pytorch_modeler.py - pytorch_modeler.py - 181 - INFO - Epoch 85/100:train_score:12.362063, valid_score:21.233870
2020-09-09 19:19:20,687 - pytorch_modeler.py - pytorch_modeler.py - 181 - INFO - Epoch 86/100:train_score:12.290955, valid_score:21.113081
2020-09-09 19:19:20,763 - pytorch_modeler.py - pytorch_modeler.py - 181 - INFO - Epoch 87/100:train_score:12.260907, valid_score:21.013788
2020-09-09 19:19:20,839 - pytorch_modeler.py - pytorch_modeler.py - 181 - INFO - Epoch 88/100:train_score:12.128532, valid_score:20.928062
2020-09-09 19:19:20,915 - pytorch_modeler.py - pytorch_modeler.py - 181 - INFO - Epoch 89/100:train_score:12.107174, valid_score:20.879328
2020-09-09 19:19:20,993 - pytorch_modeler.py - pytorch_modeler.py - 181 - INFO - Epoch 90/100:train_score:11.970233, valid_score:20.721054
2020-09-09 19:19:21,068 - pytorch_modeler.py - pytorch_modeler.py - 181 - INFO - Epoch 91/100:train_score:11.959007, valid_score:21.633486
2020-09-09 19:19:21,141 - pytorch_modeler.py - pytorch_modeler.py - 181 - INFO - Epoch 92/100:train_score:11.866216, valid_score:22.267223
2020-09-09 19:19:21,215 - pytorch_modeler.py - pytorch_modeler.py - 181 - INFO - Epoch 93/100:train_score:11.723248, valid_score:21.418282
2020-09-09 19:19:21,287 - pytorch_modeler.py - pytorch_modeler.py - 181 - INFO - Epoch 94/100:train_score:11.722802, valid_score:20.454147
2020-09-09 19:19:21,362 - pytorch_modeler.py - pytorch_modeler.py - 181 - INFO - Epoch 95/100:train_score:11.618641, valid_score:20.005529
2020-09-09 19:19:21,517 - pytorch_modeler.py - pytorch_modeler.py - 181 - INFO - Epoch 96/100:train_score:11.599838, valid_score:19.911671
2020-09-09 19:19:21,591 - pytorch_modeler.py - pytorch_modeler.py - 181 - INFO - Epoch 97/100:train_score:11.568256, valid_score:19.775835
2020-09-09 19:19:21,666 - pytorch_modeler.py - pytorch_modeler.py - 181 - INFO - Epoch 98/100:train_score:11.489751, valid_score:19.612000
2020-09-09 19:19:21,740 - pytorch_modeler.py - pytorch_modeler.py - 181 - INFO - Epoch 99/100:train_score:11.460623, valid_score:19.916002
2020-09-09 19:19:21,815 - pytorch_modeler.py - pytorch_modeler.py - 181 - INFO - Epoch 100/100:train_score:11.409589, valid_score:19.840475
2020-09-09 19:19:21,824 - 00_train.py - 00_train.py - 118 - INFO - 
 success:fan 
model_out_path ==> 
 /media/hiroki/working/research/dcase2020/result/no_add_batch_32/models/fan_model.pth
2020-09-09 19:19:22,306 - 00_train.py - 00_train.py - 98 - INFO - TARGET MACHINE_TYPE: pump
2020-09-09 19:19:22,307 - 00_train.py - 00_train.py - 99 - INFO - MAKE DATA_LOADER
2020-09-09 19:19:53,724 - 00_train.py - 00_train.py - 106 - INFO - TRAINING
2020-09-09 19:19:53,812 - pytorch_modeler.py - pytorch_modeler.py - 181 - INFO - Epoch 1/100:train_score:942.984456, valid_score:1100.540649
2020-09-09 19:19:53,883 - pytorch_modeler.py - pytorch_modeler.py - 181 - INFO - Epoch 2/100:train_score:921.472219, valid_score:1088.055908
2020-09-09 19:19:53,950 - pytorch_modeler.py - pytorch_modeler.py - 181 - INFO - Epoch 3/100:train_score:897.058421, valid_score:1032.314331
2020-09-09 19:19:54,015 - pytorch_modeler.py - pytorch_modeler.py - 181 - INFO - Epoch 4/100:train_score:871.149597, valid_score:953.719910
2020-09-09 19:19:54,082 - pytorch_modeler.py - pytorch_modeler.py - 181 - INFO - Epoch 5/100:train_score:845.092397, valid_score:867.234436
2020-09-09 19:19:54,148 - pytorch_modeler.py - pytorch_modeler.py - 181 - INFO - Epoch 6/100:train_score:819.271484, valid_score:857.234436
2020-09-09 19:19:54,214 - pytorch_modeler.py - pytorch_modeler.py - 181 - INFO - Epoch 7/100:train_score:793.066182, valid_score:821.010437
2020-09-09 19:19:54,279 - pytorch_modeler.py - pytorch_modeler.py - 181 - INFO - Epoch 8/100:train_score:767.241791, valid_score:838.268005
2020-09-09 19:19:54,344 - pytorch_modeler.py - pytorch_modeler.py - 181 - INFO - Epoch 9/100:train_score:740.690501, valid_score:784.315247
2020-09-09 19:19:54,410 - pytorch_modeler.py - pytorch_modeler.py - 181 - INFO - Epoch 10/100:train_score:714.510234, valid_score:769.417542
2020-09-09 19:19:54,477 - pytorch_modeler.py - pytorch_modeler.py - 181 - INFO - Epoch 11/100:train_score:688.479523, valid_score:750.153198
2020-09-09 19:19:54,543 - pytorch_modeler.py - pytorch_modeler.py - 181 - INFO - Epoch 12/100:train_score:661.771067, valid_score:701.366272
2020-09-09 19:19:54,607 - pytorch_modeler.py - pytorch_modeler.py - 181 - INFO - Epoch 13/100:train_score:635.622091, valid_score:683.201599
2020-09-09 19:19:54,674 - pytorch_modeler.py - pytorch_modeler.py - 181 - INFO - Epoch 14/100:train_score:609.178925, valid_score:636.396118
2020-09-09 19:19:54,738 - pytorch_modeler.py - pytorch_modeler.py - 181 - INFO - Epoch 15/100:train_score:583.503418, valid_score:657.156921
2020-09-09 19:19:54,805 - pytorch_modeler.py - pytorch_modeler.py - 181 - INFO - Epoch 16/100:train_score:557.360402, valid_score:576.320679
2020-09-09 19:19:54,873 - pytorch_modeler.py - pytorch_modeler.py - 181 - INFO - Epoch 17/100:train_score:532.089610, valid_score:556.862549
2020-09-09 19:19:54,940 - pytorch_modeler.py - pytorch_modeler.py - 181 - INFO - Epoch 18/100:train_score:506.101410, valid_score:537.413574
2020-09-09 19:19:55,005 - pytorch_modeler.py - pytorch_modeler.py - 181 - INFO - Epoch 19/100:train_score:481.177851, valid_score:502.636993
2020-09-09 19:19:55,070 - pytorch_modeler.py - pytorch_modeler.py - 181 - INFO - Epoch 20/100:train_score:456.587387, valid_score:408.092438
2020-09-09 19:19:55,142 - pytorch_modeler.py - pytorch_modeler.py - 181 - INFO - Epoch 21/100:train_score:432.995010, valid_score:363.140808
2020-09-09 19:19:55,221 - pytorch_modeler.py - pytorch_modeler.py - 181 - INFO - Epoch 22/100:train_score:408.812586, valid_score:353.846405
2020-09-09 19:19:55,292 - pytorch_modeler.py - pytorch_modeler.py - 181 - INFO - Epoch 23/100:train_score:386.400350, valid_score:362.359100
2020-09-09 19:19:55,365 - pytorch_modeler.py - pytorch_modeler.py - 181 - INFO - Epoch 24/100:train_score:363.890127, valid_score:392.250000
2020-09-09 19:19:55,440 - pytorch_modeler.py - pytorch_modeler.py - 181 - INFO - Epoch 25/100:train_score:342.012527, valid_score:378.917908
2020-09-09 19:19:55,512 - pytorch_modeler.py - pytorch_modeler.py - 181 - INFO - Epoch 26/100:train_score:321.034292, valid_score:355.121704
2020-09-09 19:19:55,583 - pytorch_modeler.py - pytorch_modeler.py - 181 - INFO - Epoch 27/100:train_score:301.181870, valid_score:268.829163
2020-09-09 19:19:55,657 - pytorch_modeler.py - pytorch_modeler.py - 181 - INFO - Epoch 28/100:train_score:281.442917, valid_score:350.228546
2020-09-09 19:19:55,729 - pytorch_modeler.py - pytorch_modeler.py - 181 - INFO - Epoch 29/100:train_score:262.483223, valid_score:348.248810
2020-09-09 19:19:55,800 - pytorch_modeler.py - pytorch_modeler.py - 181 - INFO - Epoch 30/100:train_score:245.002614, valid_score:291.392456
2020-09-09 19:19:55,872 - pytorch_modeler.py - pytorch_modeler.py - 181 - INFO - Epoch 31/100:train_score:227.983007, valid_score:232.780777
2020-09-09 19:19:55,943 - pytorch_modeler.py - pytorch_modeler.py - 181 - INFO - Epoch 32/100:train_score:211.878281, valid_score:225.597305
2020-09-09 19:19:56,015 - pytorch_modeler.py - pytorch_modeler.py - 181 - INFO - Epoch 33/100:train_score:196.634834, valid_score:201.101593
2020-09-09 19:19:56,089 - pytorch_modeler.py - pytorch_modeler.py - 181 - INFO - Epoch 34/100:train_score:181.718885, valid_score:174.292557
2020-09-09 19:19:56,164 - pytorch_modeler.py - pytorch_modeler.py - 181 - INFO - Epoch 35/100:train_score:168.282824, valid_score:171.596802
2020-09-09 19:19:56,234 - pytorch_modeler.py - pytorch_modeler.py - 181 - INFO - Epoch 36/100:train_score:155.625982, valid_score:166.368958
2020-09-09 19:19:56,303 - pytorch_modeler.py - pytorch_modeler.py - 181 - INFO - Epoch 37/100:train_score:143.363813, valid_score:184.579056
2020-09-09 19:19:56,375 - pytorch_modeler.py - pytorch_modeler.py - 181 - INFO - Epoch 38/100:train_score:132.315589, valid_score:402.480225
2020-09-09 19:19:56,441 - pytorch_modeler.py - pytorch_modeler.py - 181 - INFO - Epoch 39/100:train_score:122.314421, valid_score:313.091644
2020-09-09 19:19:56,508 - pytorch_modeler.py - pytorch_modeler.py - 181 - INFO - Epoch 40/100:train_score:112.065662, valid_score:243.977386
2020-09-09 19:19:56,574 - pytorch_modeler.py - pytorch_modeler.py - 181 - INFO - Epoch 41/100:train_score:102.910955, valid_score:125.594971
2020-09-09 19:19:56,640 - pytorch_modeler.py - pytorch_modeler.py - 181 - INFO - Epoch 42/100:train_score:94.735470, valid_score:110.147385
2020-09-09 19:19:56,709 - pytorch_modeler.py - pytorch_modeler.py - 181 - INFO - Epoch 43/100:train_score:86.952557, valid_score:104.258278
2020-09-09 19:19:56,774 - pytorch_modeler.py - pytorch_modeler.py - 181 - INFO - Epoch 44/100:train_score:79.935825, valid_score:91.338280
2020-09-09 19:19:56,840 - pytorch_modeler.py - pytorch_modeler.py - 181 - INFO - Epoch 45/100:train_score:73.647199, valid_score:101.229416
2020-09-09 19:19:56,905 - pytorch_modeler.py - pytorch_modeler.py - 181 - INFO - Epoch 46/100:train_score:67.561239, valid_score:86.713348
2020-09-09 19:19:56,970 - pytorch_modeler.py - pytorch_modeler.py - 181 - INFO - Epoch 47/100:train_score:62.250995, valid_score:82.042816
2020-09-09 19:19:57,036 - pytorch_modeler.py - pytorch_modeler.py - 181 - INFO - Epoch 48/100:train_score:57.477016, valid_score:81.490517
2020-09-09 19:19:57,205 - pytorch_modeler.py - pytorch_modeler.py - 181 - INFO - Epoch 49/100:train_score:52.562431, valid_score:75.198448
2020-09-09 19:19:57,270 - pytorch_modeler.py - pytorch_modeler.py - 181 - INFO - Epoch 50/100:train_score:48.550769, valid_score:72.088745
2020-09-09 19:19:57,335 - pytorch_modeler.py - pytorch_modeler.py - 181 - INFO - Epoch 51/100:train_score:45.142209, valid_score:64.153419
2020-09-09 19:19:57,403 - pytorch_modeler.py - pytorch_modeler.py - 181 - INFO - Epoch 52/100:train_score:41.706767, valid_score:57.680363
2020-09-09 19:19:57,468 - pytorch_modeler.py - pytorch_modeler.py - 181 - INFO - Epoch 53/100:train_score:38.829510, valid_score:63.024364
2020-09-09 19:19:57,538 - pytorch_modeler.py - pytorch_modeler.py - 181 - INFO - Epoch 54/100:train_score:36.139045, valid_score:49.807907
2020-09-09 19:19:57,606 - pytorch_modeler.py - pytorch_modeler.py - 181 - INFO - Epoch 55/100:train_score:33.697106, valid_score:51.638409
2020-09-09 19:19:57,671 - pytorch_modeler.py - pytorch_modeler.py - 181 - INFO - Epoch 56/100:train_score:31.524986, valid_score:43.171429
2020-09-09 19:19:57,738 - pytorch_modeler.py - pytorch_modeler.py - 181 - INFO - Epoch 57/100:train_score:29.609796, valid_score:49.136463
2020-09-09 19:19:57,805 - pytorch_modeler.py - pytorch_modeler.py - 181 - INFO - Epoch 58/100:train_score:27.921747, valid_score:39.809769
2020-09-09 19:19:57,870 - pytorch_modeler.py - pytorch_modeler.py - 181 - INFO - Epoch 59/100:train_score:26.762112, valid_score:42.870636
2020-09-09 19:19:57,938 - pytorch_modeler.py - pytorch_modeler.py - 181 - INFO - Epoch 60/100:train_score:25.334527, valid_score:41.668262
2020-09-09 19:19:58,005 - pytorch_modeler.py - pytorch_modeler.py - 181 - INFO - Epoch 61/100:train_score:24.116524, valid_score:39.211754
2020-09-09 19:19:58,071 - pytorch_modeler.py - pytorch_modeler.py - 181 - INFO - Epoch 62/100:train_score:22.682451, valid_score:37.349491
2020-09-09 19:19:58,138 - pytorch_modeler.py - pytorch_modeler.py - 181 - INFO - Epoch 63/100:train_score:21.823650, valid_score:39.409775
2020-09-09 19:19:58,204 - pytorch_modeler.py - pytorch_modeler.py - 181 - INFO - Epoch 64/100:train_score:20.831647, valid_score:38.625359
2020-09-09 19:19:58,268 - pytorch_modeler.py - pytorch_modeler.py - 181 - INFO - Epoch 65/100:train_score:20.062615, valid_score:32.872437
2020-09-09 19:19:58,334 - pytorch_modeler.py - pytorch_modeler.py - 181 - INFO - Epoch 66/100:train_score:19.355709, valid_score:31.174564
2020-09-09 19:19:58,401 - pytorch_modeler.py - pytorch_modeler.py - 181 - INFO - Epoch 67/100:train_score:18.837714, valid_score:28.870476
2020-09-09 19:19:58,466 - pytorch_modeler.py - pytorch_modeler.py - 181 - INFO - Epoch 68/100:train_score:18.287733, valid_score:30.981873
2020-09-09 19:19:58,534 - pytorch_modeler.py - pytorch_modeler.py - 181 - INFO - Epoch 69/100:train_score:17.693398, valid_score:27.329739
2020-09-09 19:19:58,600 - pytorch_modeler.py - pytorch_modeler.py - 181 - INFO - Epoch 70/100:train_score:17.279609, valid_score:27.947491
2020-09-09 19:19:58,664 - pytorch_modeler.py - pytorch_modeler.py - 181 - INFO - Epoch 71/100:train_score:16.843525, valid_score:26.511925
2020-09-09 19:19:58,730 - pytorch_modeler.py - pytorch_modeler.py - 181 - INFO - Epoch 72/100:train_score:16.608523, valid_score:25.950039
2020-09-09 19:19:58,795 - pytorch_modeler.py - pytorch_modeler.py - 181 - INFO - Epoch 73/100:train_score:16.119241, valid_score:25.638315
2020-09-09 19:19:58,861 - pytorch_modeler.py - pytorch_modeler.py - 181 - INFO - Epoch 74/100:train_score:15.872085, valid_score:24.708212
2020-09-09 19:19:58,928 - pytorch_modeler.py - pytorch_modeler.py - 181 - INFO - Epoch 75/100:train_score:15.602809, valid_score:24.585629
2020-09-09 19:19:58,995 - pytorch_modeler.py - pytorch_modeler.py - 181 - INFO - Epoch 76/100:train_score:15.360264, valid_score:23.924149
2020-09-09 19:19:59,060 - pytorch_modeler.py - pytorch_modeler.py - 181 - INFO - Epoch 77/100:train_score:15.177588, valid_score:23.570471
2020-09-09 19:19:59,127 - pytorch_modeler.py - pytorch_modeler.py - 181 - INFO - Epoch 78/100:train_score:15.095471, valid_score:23.148293
2020-09-09 19:19:59,193 - pytorch_modeler.py - pytorch_modeler.py - 181 - INFO - Epoch 79/100:train_score:14.884117, valid_score:22.792509
2020-09-09 19:19:59,259 - pytorch_modeler.py - pytorch_modeler.py - 181 - INFO - Epoch 80/100:train_score:14.793941, valid_score:22.473635
2020-09-09 19:19:59,326 - pytorch_modeler.py - pytorch_modeler.py - 181 - INFO - Epoch 81/100:train_score:14.566146, valid_score:21.948898
2020-09-09 19:19:59,392 - pytorch_modeler.py - pytorch_modeler.py - 181 - INFO - Epoch 82/100:train_score:14.422764, valid_score:21.820793
2020-09-09 19:19:59,458 - pytorch_modeler.py - pytorch_modeler.py - 181 - INFO - Epoch 83/100:train_score:14.275178, valid_score:21.540916
2020-09-09 19:19:59,526 - pytorch_modeler.py - pytorch_modeler.py - 181 - INFO - Epoch 84/100:train_score:14.147988, valid_score:21.426050
2020-09-09 19:19:59,593 - pytorch_modeler.py - pytorch_modeler.py - 181 - INFO - Epoch 85/100:train_score:14.065653, valid_score:21.038446
2020-09-09 19:19:59,658 - pytorch_modeler.py - pytorch_modeler.py - 181 - INFO - Epoch 86/100:train_score:13.984705, valid_score:20.688246
2020-09-09 19:19:59,726 - pytorch_modeler.py - pytorch_modeler.py - 181 - INFO - Epoch 87/100:train_score:13.894651, valid_score:20.341787
2020-09-09 19:19:59,795 - pytorch_modeler.py - pytorch_modeler.py - 181 - INFO - Epoch 88/100:train_score:13.859534, valid_score:20.134315
2020-09-09 19:19:59,866 - pytorch_modeler.py - pytorch_modeler.py - 181 - INFO - Epoch 89/100:train_score:13.773198, valid_score:20.067257
2020-09-09 19:19:59,937 - pytorch_modeler.py - pytorch_modeler.py - 181 - INFO - Epoch 90/100:train_score:13.688611, valid_score:19.943144
2020-09-09 19:20:00,010 - pytorch_modeler.py - pytorch_modeler.py - 181 - INFO - Epoch 91/100:train_score:13.563257, valid_score:19.688082
2020-09-09 19:20:00,081 - pytorch_modeler.py - pytorch_modeler.py - 181 - INFO - Epoch 92/100:train_score:13.497619, valid_score:19.461346
2020-09-09 19:20:00,155 - pytorch_modeler.py - pytorch_modeler.py - 181 - INFO - Epoch 93/100:train_score:13.455097, valid_score:19.212446
2020-09-09 19:20:00,224 - pytorch_modeler.py - pytorch_modeler.py - 181 - INFO - Epoch 94/100:train_score:13.421421, valid_score:19.212158
2020-09-09 19:20:00,292 - pytorch_modeler.py - pytorch_modeler.py - 181 - INFO - Epoch 95/100:train_score:13.437314, valid_score:19.035709
2020-09-09 19:20:00,360 - pytorch_modeler.py - pytorch_modeler.py - 181 - INFO - Epoch 96/100:train_score:13.288669, valid_score:18.767328
2020-09-09 19:20:00,430 - pytorch_modeler.py - pytorch_modeler.py - 181 - INFO - Epoch 97/100:train_score:13.265156, valid_score:18.652336
2020-09-09 19:20:00,498 - pytorch_modeler.py - pytorch_modeler.py - 181 - INFO - Epoch 98/100:train_score:13.129248, valid_score:18.512136
2020-09-09 19:20:00,568 - pytorch_modeler.py - pytorch_modeler.py - 181 - INFO - Epoch 99/100:train_score:13.100901, valid_score:18.580673
2020-09-09 19:20:00,637 - pytorch_modeler.py - pytorch_modeler.py - 181 - INFO - Epoch 100/100:train_score:13.060052, valid_score:18.490292
2020-09-09 19:20:00,647 - 00_train.py - 00_train.py - 118 - INFO - 
 success:pump 
model_out_path ==> 
 /media/hiroki/working/research/dcase2020/result/no_add_batch_32/models/pump_model.pth
2020-09-09 19:20:00,743 - 00_train.py - 00_train.py - 98 - INFO - TARGET MACHINE_TYPE: slider
2020-09-09 19:20:00,743 - 00_train.py - 00_train.py - 99 - INFO - MAKE DATA_LOADER
2020-09-09 19:20:25,185 - 00_train.py - 00_train.py - 106 - INFO - TRAINING
2020-09-09 19:20:25,281 - pytorch_modeler.py - pytorch_modeler.py - 181 - INFO - Epoch 1/100:train_score:1016.953320, valid_score:739.261047
2020-09-09 19:20:25,358 - pytorch_modeler.py - pytorch_modeler.py - 181 - INFO - Epoch 2/100:train_score:999.811133, valid_score:734.885071
2020-09-09 19:20:25,414 - pytorch_modeler.py - pytorch_modeler.py - 181 - INFO - Epoch 3/100:train_score:980.657153, valid_score:728.820984
2020-09-09 19:20:25,471 - pytorch_modeler.py - pytorch_modeler.py - 181 - INFO - Epoch 4/100:train_score:960.360767, valid_score:710.263184
2020-09-09 19:20:25,530 - pytorch_modeler.py - pytorch_modeler.py - 181 - INFO - Epoch 5/100:train_score:939.129431, valid_score:687.027283
2020-09-09 19:20:25,587 - pytorch_modeler.py - pytorch_modeler.py - 181 - INFO - Epoch 6/100:train_score:916.825635, valid_score:666.102783
2020-09-09 19:20:25,646 - pytorch_modeler.py - pytorch_modeler.py - 181 - INFO - Epoch 7/100:train_score:894.032471, valid_score:650.924988
2020-09-09 19:20:25,703 - pytorch_modeler.py - pytorch_modeler.py - 181 - INFO - Epoch 8/100:train_score:871.080823, valid_score:639.796997
2020-09-09 19:20:25,762 - pytorch_modeler.py - pytorch_modeler.py - 181 - INFO - Epoch 9/100:train_score:848.031763, valid_score:630.459900
2020-09-09 19:20:25,819 - pytorch_modeler.py - pytorch_modeler.py - 181 - INFO - Epoch 10/100:train_score:824.936462, valid_score:638.908875
2020-09-09 19:20:25,879 - pytorch_modeler.py - pytorch_modeler.py - 181 - INFO - Epoch 11/100:train_score:802.370959, valid_score:640.281677
2020-09-09 19:20:25,938 - pytorch_modeler.py - pytorch_modeler.py - 181 - INFO - Epoch 12/100:train_score:779.467957, valid_score:566.369934
2020-09-09 19:20:25,997 - pytorch_modeler.py - pytorch_modeler.py - 181 - INFO - Epoch 13/100:train_score:756.727539, valid_score:595.164001
2020-09-09 19:20:26,054 - pytorch_modeler.py - pytorch_modeler.py - 181 - INFO - Epoch 14/100:train_score:733.356335, valid_score:571.711487
2020-09-09 19:20:26,111 - pytorch_modeler.py - pytorch_modeler.py - 181 - INFO - Epoch 15/100:train_score:710.515344, valid_score:512.337341
2020-09-09 19:20:26,169 - pytorch_modeler.py - pytorch_modeler.py - 181 - INFO - Epoch 16/100:train_score:687.094299, valid_score:476.577972
2020-09-09 19:20:26,224 - pytorch_modeler.py - pytorch_modeler.py - 181 - INFO - Epoch 17/100:train_score:664.539709, valid_score:429.541565
2020-09-09 19:20:26,280 - pytorch_modeler.py - pytorch_modeler.py - 181 - INFO - Epoch 18/100:train_score:641.042114, valid_score:527.459167
2020-09-09 19:20:26,336 - pytorch_modeler.py - pytorch_modeler.py - 181 - INFO - Epoch 19/100:train_score:617.728406, valid_score:461.043274
2020-09-09 19:20:26,393 - pytorch_modeler.py - pytorch_modeler.py - 181 - INFO - Epoch 20/100:train_score:595.500305, valid_score:452.080261
2020-09-09 19:20:26,450 - pytorch_modeler.py - pytorch_modeler.py - 181 - INFO - Epoch 21/100:train_score:573.029138, valid_score:448.900360
2020-09-09 19:20:26,507 - pytorch_modeler.py - pytorch_modeler.py - 181 - INFO - Epoch 22/100:train_score:550.841028, valid_score:358.732819
2020-09-09 19:20:26,565 - pytorch_modeler.py - pytorch_modeler.py - 181 - INFO - Epoch 23/100:train_score:529.088318, valid_score:444.599121
2020-09-09 19:20:26,620 - pytorch_modeler.py - pytorch_modeler.py - 181 - INFO - Epoch 24/100:train_score:507.329761, valid_score:484.333557
2020-09-09 19:20:26,676 - pytorch_modeler.py - pytorch_modeler.py - 181 - INFO - Epoch 25/100:train_score:485.985388, valid_score:479.622345
2020-09-09 19:20:26,731 - pytorch_modeler.py - pytorch_modeler.py - 181 - INFO - Epoch 26/100:train_score:464.844922, valid_score:382.723236
2020-09-09 19:20:26,787 - pytorch_modeler.py - pytorch_modeler.py - 181 - INFO - Epoch 27/100:train_score:444.721869, valid_score:354.744141
2020-09-09 19:20:26,843 - pytorch_modeler.py - pytorch_modeler.py - 181 - INFO - Epoch 28/100:train_score:424.459723, valid_score:276.712646
2020-09-09 19:20:26,899 - pytorch_modeler.py - pytorch_modeler.py - 181 - INFO - Epoch 29/100:train_score:405.353479, valid_score:343.415222
2020-09-09 19:20:27,045 - pytorch_modeler.py - pytorch_modeler.py - 181 - INFO - Epoch 30/100:train_score:385.226044, valid_score:396.335693
2020-09-09 19:20:27,101 - pytorch_modeler.py - pytorch_modeler.py - 181 - INFO - Epoch 31/100:train_score:367.038013, valid_score:324.596985
2020-09-09 19:20:27,156 - pytorch_modeler.py - pytorch_modeler.py - 181 - INFO - Epoch 32/100:train_score:348.359900, valid_score:250.658142
2020-09-09 19:20:27,211 - pytorch_modeler.py - pytorch_modeler.py - 181 - INFO - Epoch 33/100:train_score:330.660657, valid_score:329.565979
2020-09-09 19:20:27,268 - pytorch_modeler.py - pytorch_modeler.py - 181 - INFO - Epoch 34/100:train_score:313.456348, valid_score:338.845123
2020-09-09 19:20:27,326 - pytorch_modeler.py - pytorch_modeler.py - 181 - INFO - Epoch 35/100:train_score:297.577594, valid_score:304.296814
2020-09-09 19:20:27,385 - pytorch_modeler.py - pytorch_modeler.py - 181 - INFO - Epoch 36/100:train_score:281.814417, valid_score:296.421936
2020-09-09 19:20:27,441 - pytorch_modeler.py - pytorch_modeler.py - 181 - INFO - Epoch 37/100:train_score:266.170679, valid_score:304.008453
2020-09-09 19:20:27,499 - pytorch_modeler.py - pytorch_modeler.py - 181 - INFO - Epoch 38/100:train_score:250.642346, valid_score:264.624023
2020-09-09 19:20:27,556 - pytorch_modeler.py - pytorch_modeler.py - 181 - INFO - Epoch 39/100:train_score:236.051184, valid_score:242.411743
2020-09-09 19:20:27,613 - pytorch_modeler.py - pytorch_modeler.py - 181 - INFO - Epoch 40/100:train_score:222.222528, valid_score:233.498749
2020-09-09 19:20:27,670 - pytorch_modeler.py - pytorch_modeler.py - 181 - INFO - Epoch 41/100:train_score:209.031461, valid_score:209.037796
2020-09-09 19:20:27,725 - pytorch_modeler.py - pytorch_modeler.py - 181 - INFO - Epoch 42/100:train_score:196.856985, valid_score:202.732925
2020-09-09 19:20:27,782 - pytorch_modeler.py - pytorch_modeler.py - 181 - INFO - Epoch 43/100:train_score:184.309668, valid_score:191.877869
2020-09-09 19:20:27,836 - pytorch_modeler.py - pytorch_modeler.py - 181 - INFO - Epoch 44/100:train_score:173.436078, valid_score:204.592712
2020-09-09 19:20:27,892 - pytorch_modeler.py - pytorch_modeler.py - 181 - INFO - Epoch 45/100:train_score:161.947223, valid_score:197.546509
2020-09-09 19:20:27,952 - pytorch_modeler.py - pytorch_modeler.py - 181 - INFO - Epoch 46/100:train_score:151.670886, valid_score:171.407089
2020-09-09 19:20:28,010 - pytorch_modeler.py - pytorch_modeler.py - 181 - INFO - Epoch 47/100:train_score:141.829169, valid_score:149.304581
2020-09-09 19:20:28,067 - pytorch_modeler.py - pytorch_modeler.py - 181 - INFO - Epoch 48/100:train_score:132.736209, valid_score:145.624329
2020-09-09 19:20:28,122 - pytorch_modeler.py - pytorch_modeler.py - 181 - INFO - Epoch 49/100:train_score:124.155118, valid_score:154.729004
2020-09-09 19:20:28,178 - pytorch_modeler.py - pytorch_modeler.py - 181 - INFO - Epoch 50/100:train_score:116.343074, valid_score:141.187912
2020-09-09 19:20:28,231 - pytorch_modeler.py - pytorch_modeler.py - 181 - INFO - Epoch 51/100:train_score:108.441499, valid_score:129.491241
2020-09-09 19:20:28,290 - pytorch_modeler.py - pytorch_modeler.py - 181 - INFO - Epoch 52/100:train_score:101.193452, valid_score:121.829735
2020-09-09 19:20:28,347 - pytorch_modeler.py - pytorch_modeler.py - 181 - INFO - Epoch 53/100:train_score:95.397350, valid_score:103.294014
2020-09-09 19:20:28,403 - pytorch_modeler.py - pytorch_modeler.py - 181 - INFO - Epoch 54/100:train_score:88.609093, valid_score:98.976624
2020-09-09 19:20:28,459 - pytorch_modeler.py - pytorch_modeler.py - 181 - INFO - Epoch 55/100:train_score:82.799431, valid_score:88.613144
2020-09-09 19:20:28,517 - pytorch_modeler.py - pytorch_modeler.py - 181 - INFO - Epoch 56/100:train_score:77.341699, valid_score:85.501060
2020-09-09 19:20:28,575 - pytorch_modeler.py - pytorch_modeler.py - 181 - INFO - Epoch 57/100:train_score:72.180920, valid_score:81.209557
2020-09-09 19:20:28,631 - pytorch_modeler.py - pytorch_modeler.py - 181 - INFO - Epoch 58/100:train_score:67.780060, valid_score:73.306168
2020-09-09 19:20:28,688 - pytorch_modeler.py - pytorch_modeler.py - 181 - INFO - Epoch 59/100:train_score:63.571178, valid_score:61.888981
2020-09-09 19:20:28,743 - pytorch_modeler.py - pytorch_modeler.py - 181 - INFO - Epoch 60/100:train_score:59.308537, valid_score:61.077793
2020-09-09 19:20:28,799 - pytorch_modeler.py - pytorch_modeler.py - 181 - INFO - Epoch 61/100:train_score:55.407896, valid_score:52.732468
2020-09-09 19:20:28,856 - pytorch_modeler.py - pytorch_modeler.py - 181 - INFO - Epoch 62/100:train_score:51.752737, valid_score:53.038746
2020-09-09 19:20:28,912 - pytorch_modeler.py - pytorch_modeler.py - 181 - INFO - Epoch 63/100:train_score:48.752767, valid_score:45.632790
2020-09-09 19:20:28,969 - pytorch_modeler.py - pytorch_modeler.py - 181 - INFO - Epoch 64/100:train_score:45.955516, valid_score:45.577522
2020-09-09 19:20:29,026 - pytorch_modeler.py - pytorch_modeler.py - 181 - INFO - Epoch 65/100:train_score:43.072036, valid_score:42.663132
2020-09-09 19:20:29,082 - pytorch_modeler.py - pytorch_modeler.py - 181 - INFO - Epoch 66/100:train_score:40.467056, valid_score:40.673443
2020-09-09 19:20:29,138 - pytorch_modeler.py - pytorch_modeler.py - 181 - INFO - Epoch 67/100:train_score:38.433198, valid_score:35.825401
2020-09-09 19:20:29,195 - pytorch_modeler.py - pytorch_modeler.py - 181 - INFO - Epoch 68/100:train_score:35.845878, valid_score:35.064140
2020-09-09 19:20:29,250 - pytorch_modeler.py - pytorch_modeler.py - 181 - INFO - Epoch 69/100:train_score:34.125169, valid_score:36.990734
2020-09-09 19:20:29,307 - pytorch_modeler.py - pytorch_modeler.py - 181 - INFO - Epoch 70/100:train_score:32.216502, valid_score:30.484993
2020-09-09 19:20:29,364 - pytorch_modeler.py - pytorch_modeler.py - 181 - INFO - Epoch 71/100:train_score:30.498942, valid_score:32.843273
2020-09-09 19:20:29,419 - pytorch_modeler.py - pytorch_modeler.py - 181 - INFO - Epoch 72/100:train_score:28.958414, valid_score:27.782873
2020-09-09 19:20:29,476 - pytorch_modeler.py - pytorch_modeler.py - 181 - INFO - Epoch 73/100:train_score:27.635515, valid_score:26.736900
2020-09-09 19:20:29,534 - pytorch_modeler.py - pytorch_modeler.py - 181 - INFO - Epoch 74/100:train_score:26.523789, valid_score:23.884876
2020-09-09 19:20:29,590 - pytorch_modeler.py - pytorch_modeler.py - 181 - INFO - Epoch 75/100:train_score:25.134480, valid_score:24.058167
2020-09-09 19:20:29,647 - pytorch_modeler.py - pytorch_modeler.py - 181 - INFO - Epoch 76/100:train_score:24.151485, valid_score:21.795082
2020-09-09 19:20:29,705 - pytorch_modeler.py - pytorch_modeler.py - 181 - INFO - Epoch 77/100:train_score:22.940306, valid_score:21.787313
2020-09-09 19:20:29,762 - pytorch_modeler.py - pytorch_modeler.py - 181 - INFO - Epoch 78/100:train_score:22.180316, valid_score:19.720758
2020-09-09 19:20:29,818 - pytorch_modeler.py - pytorch_modeler.py - 181 - INFO - Epoch 79/100:train_score:21.341683, valid_score:21.135092
2020-09-09 19:20:29,876 - pytorch_modeler.py - pytorch_modeler.py - 181 - INFO - Epoch 80/100:train_score:20.395549, valid_score:18.355482
2020-09-09 19:20:29,932 - pytorch_modeler.py - pytorch_modeler.py - 181 - INFO - Epoch 81/100:train_score:19.911606, valid_score:18.997265
2020-09-09 19:20:29,989 - pytorch_modeler.py - pytorch_modeler.py - 181 - INFO - Epoch 82/100:train_score:19.367496, valid_score:16.839165
2020-09-09 19:20:30,045 - pytorch_modeler.py - pytorch_modeler.py - 181 - INFO - Epoch 83/100:train_score:18.573966, valid_score:18.184622
2020-09-09 19:20:30,102 - pytorch_modeler.py - pytorch_modeler.py - 181 - INFO - Epoch 84/100:train_score:18.041893, valid_score:17.452356
2020-09-09 19:20:30,158 - pytorch_modeler.py - pytorch_modeler.py - 181 - INFO - Epoch 85/100:train_score:17.384113, valid_score:16.954117
2020-09-09 19:20:30,214 - pytorch_modeler.py - pytorch_modeler.py - 181 - INFO - Epoch 86/100:train_score:16.923680, valid_score:16.663704
2020-09-09 19:20:30,271 - pytorch_modeler.py - pytorch_modeler.py - 181 - INFO - Epoch 87/100:train_score:16.734815, valid_score:16.869144
2020-09-09 19:20:30,328 - pytorch_modeler.py - pytorch_modeler.py - 181 - INFO - Epoch 88/100:train_score:16.214440, valid_score:16.920881
2020-09-09 19:20:30,384 - pytorch_modeler.py - pytorch_modeler.py - 181 - INFO - Epoch 89/100:train_score:15.879847, valid_score:17.144541
2020-09-09 19:20:30,440 - pytorch_modeler.py - pytorch_modeler.py - 181 - INFO - Epoch 90/100:train_score:15.497031, valid_score:16.379715
2020-09-09 19:20:30,498 - pytorch_modeler.py - pytorch_modeler.py - 181 - INFO - Epoch 91/100:train_score:15.110673, valid_score:16.296211
2020-09-09 19:20:30,556 - pytorch_modeler.py - pytorch_modeler.py - 181 - INFO - Epoch 92/100:train_score:14.912963, valid_score:16.291893
2020-09-09 19:20:30,615 - pytorch_modeler.py - pytorch_modeler.py - 181 - INFO - Epoch 93/100:train_score:14.575556, valid_score:15.696913
2020-09-09 19:20:30,671 - pytorch_modeler.py - pytorch_modeler.py - 181 - INFO - Epoch 94/100:train_score:14.406071, valid_score:16.168545
2020-09-09 19:20:30,730 - pytorch_modeler.py - pytorch_modeler.py - 181 - INFO - Epoch 95/100:train_score:14.186060, valid_score:15.512266
2020-09-09 19:20:30,788 - pytorch_modeler.py - pytorch_modeler.py - 181 - INFO - Epoch 96/100:train_score:14.023130, valid_score:15.799386
2020-09-09 19:20:30,842 - pytorch_modeler.py - pytorch_modeler.py - 181 - INFO - Epoch 97/100:train_score:13.658918, valid_score:15.304848
2020-09-09 19:20:30,899 - pytorch_modeler.py - pytorch_modeler.py - 181 - INFO - Epoch 98/100:train_score:13.468355, valid_score:15.250620
2020-09-09 19:20:30,955 - pytorch_modeler.py - pytorch_modeler.py - 181 - INFO - Epoch 99/100:train_score:13.239372, valid_score:15.202345
2020-09-09 19:20:31,012 - pytorch_modeler.py - pytorch_modeler.py - 181 - INFO - Epoch 100/100:train_score:13.149261, valid_score:15.230350
2020-09-09 19:20:31,021 - 00_train.py - 00_train.py - 118 - INFO - 
 success:slider 
model_out_path ==> 
 /media/hiroki/working/research/dcase2020/result/no_add_batch_32/models/slider_model.pth
2020-09-09 19:20:31,114 - 00_train.py - 00_train.py - 98 - INFO - TARGET MACHINE_TYPE: ToyCar
2020-09-09 19:20:31,114 - 00_train.py - 00_train.py - 99 - INFO - MAKE DATA_LOADER
2020-09-09 19:21:25,761 - 00_train.py - 00_train.py - 106 - INFO - TRAINING
2020-09-09 19:21:25,886 - pytorch_modeler.py - pytorch_modeler.py - 181 - INFO - Epoch 1/100:train_score:948.051781, valid_score:782.440918
2020-09-09 19:21:25,984 - pytorch_modeler.py - pytorch_modeler.py - 181 - INFO - Epoch 2/100:train_score:923.531609, valid_score:760.417175
2020-09-09 19:21:26,067 - pytorch_modeler.py - pytorch_modeler.py - 181 - INFO - Epoch 3/100:train_score:892.839211, valid_score:739.418762
2020-09-09 19:21:26,150 - pytorch_modeler.py - pytorch_modeler.py - 181 - INFO - Epoch 4/100:train_score:857.399918, valid_score:706.466492
2020-09-09 19:21:26,232 - pytorch_modeler.py - pytorch_modeler.py - 181 - INFO - Epoch 5/100:train_score:822.192703, valid_score:671.151184
2020-09-09 19:21:26,315 - pytorch_modeler.py - pytorch_modeler.py - 181 - INFO - Epoch 6/100:train_score:786.368820, valid_score:688.389648
2020-09-09 19:21:26,399 - pytorch_modeler.py - pytorch_modeler.py - 181 - INFO - Epoch 7/100:train_score:764.445541, valid_score:680.043518
2020-09-09 19:21:26,482 - pytorch_modeler.py - pytorch_modeler.py - 181 - INFO - Epoch 8/100:train_score:720.605972, valid_score:625.317017
2020-09-09 19:21:26,569 - pytorch_modeler.py - pytorch_modeler.py - 181 - INFO - Epoch 9/100:train_score:687.644836, valid_score:613.555176
2020-09-09 19:21:26,653 - pytorch_modeler.py - pytorch_modeler.py - 181 - INFO - Epoch 10/100:train_score:651.456978, valid_score:553.355347
2020-09-09 19:21:26,737 - pytorch_modeler.py - pytorch_modeler.py - 181 - INFO - Epoch 11/100:train_score:626.035492, valid_score:581.316711
2020-09-09 19:21:26,823 - pytorch_modeler.py - pytorch_modeler.py - 181 - INFO - Epoch 12/100:train_score:586.960609, valid_score:536.468201
2020-09-09 19:21:26,908 - pytorch_modeler.py - pytorch_modeler.py - 181 - INFO - Epoch 13/100:train_score:555.837944, valid_score:545.339600
2020-09-09 19:21:26,994 - pytorch_modeler.py - pytorch_modeler.py - 181 - INFO - Epoch 14/100:train_score:520.682377, valid_score:514.537842
2020-09-09 19:21:27,079 - pytorch_modeler.py - pytorch_modeler.py - 181 - INFO - Epoch 15/100:train_score:489.112381, valid_score:493.134766
2020-09-09 19:21:27,162 - pytorch_modeler.py - pytorch_modeler.py - 181 - INFO - Epoch 16/100:train_score:460.188946, valid_score:491.066406
2020-09-09 19:21:27,247 - pytorch_modeler.py - pytorch_modeler.py - 181 - INFO - Epoch 17/100:train_score:428.660297, valid_score:458.954590
2020-09-09 19:21:27,332 - pytorch_modeler.py - pytorch_modeler.py - 181 - INFO - Epoch 18/100:train_score:404.514145, valid_score:430.947998
2020-09-09 19:21:27,418 - pytorch_modeler.py - pytorch_modeler.py - 181 - INFO - Epoch 19/100:train_score:371.003742, valid_score:372.392029
2020-09-09 19:21:27,592 - pytorch_modeler.py - pytorch_modeler.py - 181 - INFO - Epoch 20/100:train_score:340.150646, valid_score:374.224152
2020-09-09 19:21:27,673 - pytorch_modeler.py - pytorch_modeler.py - 181 - INFO - Epoch 21/100:train_score:318.043797, valid_score:381.453918
2020-09-09 19:21:27,757 - pytorch_modeler.py - pytorch_modeler.py - 181 - INFO - Epoch 22/100:train_score:293.992039, valid_score:344.938629
2020-09-09 19:21:27,840 - pytorch_modeler.py - pytorch_modeler.py - 181 - INFO - Epoch 23/100:train_score:269.604362, valid_score:408.839996
2020-09-09 19:21:27,924 - pytorch_modeler.py - pytorch_modeler.py - 181 - INFO - Epoch 24/100:train_score:250.945503, valid_score:309.847748
2020-09-09 19:21:28,011 - pytorch_modeler.py - pytorch_modeler.py - 181 - INFO - Epoch 25/100:train_score:226.806170, valid_score:257.974823
2020-09-09 19:21:28,094 - pytorch_modeler.py - pytorch_modeler.py - 181 - INFO - Epoch 26/100:train_score:207.884686, valid_score:251.861023
2020-09-09 19:21:28,177 - pytorch_modeler.py - pytorch_modeler.py - 181 - INFO - Epoch 27/100:train_score:189.581938, valid_score:196.752121
2020-09-09 19:21:28,259 - pytorch_modeler.py - pytorch_modeler.py - 181 - INFO - Epoch 28/100:train_score:170.543684, valid_score:218.096664
2020-09-09 19:21:28,343 - pytorch_modeler.py - pytorch_modeler.py - 181 - INFO - Epoch 29/100:train_score:155.487186, valid_score:245.601166
2020-09-09 19:21:28,428 - pytorch_modeler.py - pytorch_modeler.py - 181 - INFO - Epoch 30/100:train_score:141.598782, valid_score:139.535904
2020-09-09 19:21:28,513 - pytorch_modeler.py - pytorch_modeler.py - 181 - INFO - Epoch 31/100:train_score:129.426719, valid_score:111.940956
2020-09-09 19:21:28,596 - pytorch_modeler.py - pytorch_modeler.py - 181 - INFO - Epoch 32/100:train_score:116.628565, valid_score:107.349571
2020-09-09 19:21:28,680 - pytorch_modeler.py - pytorch_modeler.py - 181 - INFO - Epoch 33/100:train_score:101.555292, valid_score:103.429672
2020-09-09 19:21:28,764 - pytorch_modeler.py - pytorch_modeler.py - 181 - INFO - Epoch 34/100:train_score:92.589236, valid_score:115.618942
2020-09-09 19:21:28,850 - pytorch_modeler.py - pytorch_modeler.py - 181 - INFO - Epoch 35/100:train_score:84.812029, valid_score:119.471382
2020-09-09 19:21:28,934 - pytorch_modeler.py - pytorch_modeler.py - 181 - INFO - Epoch 36/100:train_score:75.884290, valid_score:92.124939
2020-09-09 19:21:29,017 - pytorch_modeler.py - pytorch_modeler.py - 181 - INFO - Epoch 37/100:train_score:66.529701, valid_score:90.018585
2020-09-09 19:21:29,101 - pytorch_modeler.py - pytorch_modeler.py - 181 - INFO - Epoch 38/100:train_score:61.493638, valid_score:75.324982
2020-09-09 19:21:29,183 - pytorch_modeler.py - pytorch_modeler.py - 181 - INFO - Epoch 39/100:train_score:55.355507, valid_score:73.076797
2020-09-09 19:21:29,268 - pytorch_modeler.py - pytorch_modeler.py - 181 - INFO - Epoch 40/100:train_score:50.302835, valid_score:59.922604
2020-09-09 19:21:29,352 - pytorch_modeler.py - pytorch_modeler.py - 181 - INFO - Epoch 41/100:train_score:45.647801, valid_score:60.629738
2020-09-09 19:21:29,437 - pytorch_modeler.py - pytorch_modeler.py - 181 - INFO - Epoch 42/100:train_score:42.323514, valid_score:58.239670
2020-09-09 19:21:29,529 - pytorch_modeler.py - pytorch_modeler.py - 181 - INFO - Epoch 43/100:train_score:36.475369, valid_score:39.612400
2020-09-09 19:21:29,613 - pytorch_modeler.py - pytorch_modeler.py - 181 - INFO - Epoch 44/100:train_score:34.287104, valid_score:36.449478
2020-09-09 19:21:29,697 - pytorch_modeler.py - pytorch_modeler.py - 181 - INFO - Epoch 45/100:train_score:31.239510, valid_score:43.741722
2020-09-09 19:21:29,780 - pytorch_modeler.py - pytorch_modeler.py - 181 - INFO - Epoch 46/100:train_score:29.409286, valid_score:43.673992
2020-09-09 19:21:29,863 - pytorch_modeler.py - pytorch_modeler.py - 181 - INFO - Epoch 47/100:train_score:27.441595, valid_score:33.838516
2020-09-09 19:21:29,947 - pytorch_modeler.py - pytorch_modeler.py - 181 - INFO - Epoch 48/100:train_score:25.593405, valid_score:33.624443
2020-09-09 19:21:30,030 - pytorch_modeler.py - pytorch_modeler.py - 181 - INFO - Epoch 49/100:train_score:24.309232, valid_score:39.172935
2020-09-09 19:21:30,115 - pytorch_modeler.py - pytorch_modeler.py - 181 - INFO - Epoch 50/100:train_score:23.963266, valid_score:28.858225
2020-09-09 19:21:30,198 - pytorch_modeler.py - pytorch_modeler.py - 181 - INFO - Epoch 51/100:train_score:22.651733, valid_score:31.774681
2020-09-09 19:21:30,282 - pytorch_modeler.py - pytorch_modeler.py - 181 - INFO - Epoch 52/100:train_score:21.960390, valid_score:39.250603
2020-09-09 19:21:30,367 - pytorch_modeler.py - pytorch_modeler.py - 181 - INFO - Epoch 53/100:train_score:20.818005, valid_score:31.546650
2020-09-09 19:21:30,452 - pytorch_modeler.py - pytorch_modeler.py - 181 - INFO - Epoch 54/100:train_score:20.243827, valid_score:35.051052
2020-09-09 19:21:30,542 - pytorch_modeler.py - pytorch_modeler.py - 181 - INFO - Epoch 55/100:train_score:18.902755, valid_score:25.991093
2020-09-09 19:21:30,629 - pytorch_modeler.py - pytorch_modeler.py - 181 - INFO - Epoch 56/100:train_score:18.991882, valid_score:30.649075
2020-09-09 19:21:30,713 - pytorch_modeler.py - pytorch_modeler.py - 181 - INFO - Epoch 57/100:train_score:18.335710, valid_score:25.143368
2020-09-09 19:21:30,796 - pytorch_modeler.py - pytorch_modeler.py - 181 - INFO - Epoch 58/100:train_score:17.591464, valid_score:25.080875
2020-09-09 19:21:30,880 - pytorch_modeler.py - pytorch_modeler.py - 181 - INFO - Epoch 59/100:train_score:17.606189, valid_score:27.106361
2020-09-09 19:21:30,964 - pytorch_modeler.py - pytorch_modeler.py - 181 - INFO - Epoch 60/100:train_score:17.091219, valid_score:24.136438
2020-09-09 19:21:31,050 - pytorch_modeler.py - pytorch_modeler.py - 181 - INFO - Epoch 61/100:train_score:16.765050, valid_score:26.273333
2020-09-09 19:21:31,135 - pytorch_modeler.py - pytorch_modeler.py - 181 - INFO - Epoch 62/100:train_score:16.470518, valid_score:24.708096
2020-09-09 19:21:31,220 - pytorch_modeler.py - pytorch_modeler.py - 181 - INFO - Epoch 63/100:train_score:15.929900, valid_score:24.810076
2020-09-09 19:21:31,302 - pytorch_modeler.py - pytorch_modeler.py - 181 - INFO - Epoch 64/100:train_score:16.267255, valid_score:23.312119
2020-09-09 19:21:31,385 - pytorch_modeler.py - pytorch_modeler.py - 181 - INFO - Epoch 65/100:train_score:15.756856, valid_score:23.876303
2020-09-09 19:21:31,469 - pytorch_modeler.py - pytorch_modeler.py - 181 - INFO - Epoch 66/100:train_score:15.677350, valid_score:23.024111
2020-09-09 19:21:31,556 - pytorch_modeler.py - pytorch_modeler.py - 181 - INFO - Epoch 67/100:train_score:15.784158, valid_score:24.004818
2020-09-09 19:21:31,640 - pytorch_modeler.py - pytorch_modeler.py - 181 - INFO - Epoch 68/100:train_score:15.252501, valid_score:24.157207
2020-09-09 19:21:31,724 - pytorch_modeler.py - pytorch_modeler.py - 181 - INFO - Epoch 69/100:train_score:15.270962, valid_score:23.376341
2020-09-09 19:21:31,894 - pytorch_modeler.py - pytorch_modeler.py - 181 - INFO - Epoch 70/100:train_score:15.088959, valid_score:23.094147
2020-09-09 19:21:31,979 - pytorch_modeler.py - pytorch_modeler.py - 181 - INFO - Epoch 71/100:train_score:15.098838, valid_score:23.025803
2020-09-09 19:21:32,062 - pytorch_modeler.py - pytorch_modeler.py - 181 - INFO - Epoch 72/100:train_score:14.623642, valid_score:22.764071
2020-09-09 19:21:32,147 - pytorch_modeler.py - pytorch_modeler.py - 181 - INFO - Epoch 73/100:train_score:14.427754, valid_score:22.619257
2020-09-09 19:21:32,233 - pytorch_modeler.py - pytorch_modeler.py - 181 - INFO - Epoch 74/100:train_score:14.471620, valid_score:22.223486
2020-09-09 19:21:32,316 - pytorch_modeler.py - pytorch_modeler.py - 181 - INFO - Epoch 75/100:train_score:14.447464, valid_score:22.301365
2020-09-09 19:21:32,400 - pytorch_modeler.py - pytorch_modeler.py - 181 - INFO - Epoch 76/100:train_score:14.884454, valid_score:22.823298
2020-09-09 19:21:32,483 - pytorch_modeler.py - pytorch_modeler.py - 181 - INFO - Epoch 77/100:train_score:14.658059, valid_score:22.572987
2020-09-09 19:21:32,570 - pytorch_modeler.py - pytorch_modeler.py - 181 - INFO - Epoch 78/100:train_score:15.492296, valid_score:23.406477
2020-09-09 19:21:32,654 - pytorch_modeler.py - pytorch_modeler.py - 181 - INFO - Epoch 79/100:train_score:14.541192, valid_score:22.049252
2020-09-09 19:21:32,738 - pytorch_modeler.py - pytorch_modeler.py - 181 - INFO - Epoch 80/100:train_score:14.530872, valid_score:23.173454
2020-09-09 19:21:32,821 - pytorch_modeler.py - pytorch_modeler.py - 181 - INFO - Epoch 81/100:train_score:14.406801, valid_score:22.743513
2020-09-09 19:21:32,905 - pytorch_modeler.py - pytorch_modeler.py - 181 - INFO - Epoch 82/100:train_score:14.053091, valid_score:21.903938
2020-09-09 19:21:32,988 - pytorch_modeler.py - pytorch_modeler.py - 181 - INFO - Epoch 83/100:train_score:14.115723, valid_score:21.560617
2020-09-09 19:21:33,072 - pytorch_modeler.py - pytorch_modeler.py - 181 - INFO - Epoch 84/100:train_score:13.673208, valid_score:21.817961
2020-09-09 19:21:33,156 - pytorch_modeler.py - pytorch_modeler.py - 181 - INFO - Epoch 85/100:train_score:13.794069, valid_score:21.412947
2020-09-09 19:21:33,240 - pytorch_modeler.py - pytorch_modeler.py - 181 - INFO - Epoch 86/100:train_score:13.727671, valid_score:22.022024
2020-09-09 19:21:33,323 - pytorch_modeler.py - pytorch_modeler.py - 181 - INFO - Epoch 87/100:train_score:13.719584, valid_score:21.986361
2020-09-09 19:21:33,406 - pytorch_modeler.py - pytorch_modeler.py - 181 - INFO - Epoch 88/100:train_score:13.613831, valid_score:21.341726
2020-09-09 19:21:33,487 - pytorch_modeler.py - pytorch_modeler.py - 181 - INFO - Epoch 89/100:train_score:13.641286, valid_score:21.381649
2020-09-09 19:21:33,570 - pytorch_modeler.py - pytorch_modeler.py - 181 - INFO - Epoch 90/100:train_score:13.532925, valid_score:21.103300
2020-09-09 19:21:33,653 - pytorch_modeler.py - pytorch_modeler.py - 181 - INFO - Epoch 91/100:train_score:13.681162, valid_score:21.257236
2020-09-09 19:21:33,734 - pytorch_modeler.py - pytorch_modeler.py - 181 - INFO - Epoch 92/100:train_score:13.544346, valid_score:22.008329
2020-09-09 19:21:33,818 - pytorch_modeler.py - pytorch_modeler.py - 181 - INFO - Epoch 93/100:train_score:13.516001, valid_score:21.388176
2020-09-09 19:21:33,902 - pytorch_modeler.py - pytorch_modeler.py - 181 - INFO - Epoch 94/100:train_score:13.412278, valid_score:21.866713
2020-09-09 19:21:33,986 - pytorch_modeler.py - pytorch_modeler.py - 181 - INFO - Epoch 95/100:train_score:13.570903, valid_score:21.586277
2020-09-09 19:21:34,072 - pytorch_modeler.py - pytorch_modeler.py - 181 - INFO - Epoch 96/100:train_score:13.760461, valid_score:21.618145
2020-09-09 19:21:34,157 - pytorch_modeler.py - pytorch_modeler.py - 181 - INFO - Epoch 97/100:train_score:13.655328, valid_score:21.297749
2020-09-09 19:21:34,244 - pytorch_modeler.py - pytorch_modeler.py - 181 - INFO - Epoch 98/100:train_score:13.343233, valid_score:21.325575
2020-09-09 19:21:34,327 - pytorch_modeler.py - pytorch_modeler.py - 181 - INFO - Epoch 99/100:train_score:13.250613, valid_score:20.774075
2020-09-09 19:21:34,410 - pytorch_modeler.py - pytorch_modeler.py - 181 - INFO - Epoch 100/100:train_score:13.093758, valid_score:20.814381
2020-09-09 19:21:34,419 - 00_train.py - 00_train.py - 118 - INFO - 
 success:ToyCar 
model_out_path ==> 
 /media/hiroki/working/research/dcase2020/result/no_add_batch_32/models/ToyCar_model.pth
2020-09-09 19:21:34,546 - 00_train.py - 00_train.py - 98 - INFO - TARGET MACHINE_TYPE: ToyConveyor
2020-09-09 19:21:34,547 - 00_train.py - 00_train.py - 99 - INFO - MAKE DATA_LOADER
2020-09-09 19:22:11,253 - 00_train.py - 00_train.py - 106 - INFO - TRAINING
2020-09-09 19:22:11,342 - pytorch_modeler.py - pytorch_modeler.py - 181 - INFO - Epoch 1/100:train_score:611.534963, valid_score:555.998047
2020-09-09 19:22:11,408 - pytorch_modeler.py - pytorch_modeler.py - 181 - INFO - Epoch 2/100:train_score:596.479726, valid_score:550.275696
2020-09-09 19:22:11,472 - pytorch_modeler.py - pytorch_modeler.py - 181 - INFO - Epoch 3/100:train_score:579.448446, valid_score:541.373535
2020-09-09 19:22:11,539 - pytorch_modeler.py - pytorch_modeler.py - 181 - INFO - Epoch 4/100:train_score:561.981547, valid_score:507.613251
2020-09-09 19:22:11,603 - pytorch_modeler.py - pytorch_modeler.py - 181 - INFO - Epoch 5/100:train_score:544.190023, valid_score:483.170532
2020-09-09 19:22:11,666 - pytorch_modeler.py - pytorch_modeler.py - 181 - INFO - Epoch 6/100:train_score:526.755890, valid_score:473.567749
2020-09-09 19:22:11,730 - pytorch_modeler.py - pytorch_modeler.py - 181 - INFO - Epoch 7/100:train_score:508.615326, valid_score:463.806458
2020-09-09 19:22:11,795 - pytorch_modeler.py - pytorch_modeler.py - 181 - INFO - Epoch 8/100:train_score:490.191605, valid_score:450.593231
2020-09-09 19:22:11,859 - pytorch_modeler.py - pytorch_modeler.py - 181 - INFO - Epoch 9/100:train_score:471.625834, valid_score:443.160492
2020-09-09 19:22:11,924 - pytorch_modeler.py - pytorch_modeler.py - 181 - INFO - Epoch 10/100:train_score:454.118540, valid_score:421.453491
2020-09-09 19:22:11,989 - pytorch_modeler.py - pytorch_modeler.py - 181 - INFO - Epoch 11/100:train_score:435.939362, valid_score:414.153564
2020-09-09 19:22:12,053 - pytorch_modeler.py - pytorch_modeler.py - 181 - INFO - Epoch 12/100:train_score:419.403951, valid_score:425.160004
2020-09-09 19:22:12,118 - pytorch_modeler.py - pytorch_modeler.py - 181 - INFO - Epoch 13/100:train_score:400.576009, valid_score:420.763092
2020-09-09 19:22:12,181 - pytorch_modeler.py - pytorch_modeler.py - 181 - INFO - Epoch 14/100:train_score:384.539744, valid_score:378.118317
2020-09-09 19:22:12,245 - pytorch_modeler.py - pytorch_modeler.py - 181 - INFO - Epoch 15/100:train_score:367.424876, valid_score:343.721771
2020-09-09 19:22:12,310 - pytorch_modeler.py - pytorch_modeler.py - 181 - INFO - Epoch 16/100:train_score:350.824183, valid_score:314.088409
2020-09-09 19:22:12,374 - pytorch_modeler.py - pytorch_modeler.py - 181 - INFO - Epoch 17/100:train_score:334.272644, valid_score:299.222473
2020-09-09 19:22:12,438 - pytorch_modeler.py - pytorch_modeler.py - 181 - INFO - Epoch 18/100:train_score:317.815618, valid_score:295.174988
2020-09-09 19:22:12,504 - pytorch_modeler.py - pytorch_modeler.py - 181 - INFO - Epoch 19/100:train_score:302.851827, valid_score:281.536530
2020-09-09 19:22:12,567 - pytorch_modeler.py - pytorch_modeler.py - 181 - INFO - Epoch 20/100:train_score:287.437856, valid_score:265.140442
2020-09-09 19:22:12,631 - pytorch_modeler.py - pytorch_modeler.py - 181 - INFO - Epoch 21/100:train_score:272.469198, valid_score:297.001007
2020-09-09 19:22:12,695 - pytorch_modeler.py - pytorch_modeler.py - 181 - INFO - Epoch 22/100:train_score:258.135849, valid_score:240.838470
2020-09-09 19:22:12,758 - pytorch_modeler.py - pytorch_modeler.py - 181 - INFO - Epoch 23/100:train_score:244.020737, valid_score:227.677856
2020-09-09 19:22:12,825 - pytorch_modeler.py - pytorch_modeler.py - 181 - INFO - Epoch 24/100:train_score:230.380391, valid_score:212.186722
2020-09-09 19:22:12,892 - pytorch_modeler.py - pytorch_modeler.py - 181 - INFO - Epoch 25/100:train_score:216.719533, valid_score:205.524002
2020-09-09 19:22:12,958 - pytorch_modeler.py - pytorch_modeler.py - 181 - INFO - Epoch 26/100:train_score:203.770139, valid_score:191.821854
2020-09-09 19:22:13,025 - pytorch_modeler.py - pytorch_modeler.py - 181 - INFO - Epoch 27/100:train_score:191.740883, valid_score:169.970276
2020-09-09 19:22:13,089 - pytorch_modeler.py - pytorch_modeler.py - 181 - INFO - Epoch 28/100:train_score:180.698001, valid_score:166.184845
2020-09-09 19:22:13,154 - pytorch_modeler.py - pytorch_modeler.py - 181 - INFO - Epoch 29/100:train_score:168.740580, valid_score:171.330536
2020-09-09 19:22:13,219 - pytorch_modeler.py - pytorch_modeler.py - 181 - INFO - Epoch 30/100:train_score:157.850438, valid_score:142.579361
2020-09-09 19:22:13,282 - pytorch_modeler.py - pytorch_modeler.py - 181 - INFO - Epoch 31/100:train_score:147.864957, valid_score:140.904373
2020-09-09 19:22:13,347 - pytorch_modeler.py - pytorch_modeler.py - 181 - INFO - Epoch 32/100:train_score:138.311498, valid_score:128.766891
2020-09-09 19:22:13,411 - pytorch_modeler.py - pytorch_modeler.py - 181 - INFO - Epoch 33/100:train_score:129.071027, valid_score:129.565338
2020-09-09 19:22:13,474 - pytorch_modeler.py - pytorch_modeler.py - 181 - INFO - Epoch 34/100:train_score:121.345108, valid_score:125.361382
2020-09-09 19:22:13,540 - pytorch_modeler.py - pytorch_modeler.py - 181 - INFO - Epoch 35/100:train_score:112.356859, valid_score:116.441330
2020-09-09 19:22:13,690 - pytorch_modeler.py - pytorch_modeler.py - 181 - INFO - Epoch 36/100:train_score:104.654780, valid_score:118.973877
2020-09-09 19:22:13,754 - pytorch_modeler.py - pytorch_modeler.py - 181 - INFO - Epoch 37/100:train_score:97.764196, valid_score:110.090096
2020-09-09 19:22:13,823 - pytorch_modeler.py - pytorch_modeler.py - 181 - INFO - Epoch 38/100:train_score:90.583135, valid_score:92.432007
2020-09-09 19:22:13,887 - pytorch_modeler.py - pytorch_modeler.py - 181 - INFO - Epoch 39/100:train_score:84.362302, valid_score:89.909309
2020-09-09 19:22:13,951 - pytorch_modeler.py - pytorch_modeler.py - 181 - INFO - Epoch 40/100:train_score:78.213973, valid_score:88.359749
2020-09-09 19:22:14,015 - pytorch_modeler.py - pytorch_modeler.py - 181 - INFO - Epoch 41/100:train_score:72.599393, valid_score:81.977882
2020-09-09 19:22:14,078 - pytorch_modeler.py - pytorch_modeler.py - 181 - INFO - Epoch 42/100:train_score:67.297946, valid_score:69.636147
2020-09-09 19:22:14,141 - pytorch_modeler.py - pytorch_modeler.py - 181 - INFO - Epoch 43/100:train_score:62.772673, valid_score:67.180893
2020-09-09 19:22:14,205 - pytorch_modeler.py - pytorch_modeler.py - 181 - INFO - Epoch 44/100:train_score:58.210828, valid_score:65.703613
2020-09-09 19:22:14,270 - pytorch_modeler.py - pytorch_modeler.py - 181 - INFO - Epoch 45/100:train_score:53.585517, valid_score:60.463718
2020-09-09 19:22:14,334 - pytorch_modeler.py - pytorch_modeler.py - 181 - INFO - Epoch 46/100:train_score:50.414161, valid_score:57.869019
2020-09-09 19:22:14,398 - pytorch_modeler.py - pytorch_modeler.py - 181 - INFO - Epoch 47/100:train_score:47.127466, valid_score:56.188511
2020-09-09 19:22:14,462 - pytorch_modeler.py - pytorch_modeler.py - 181 - INFO - Epoch 48/100:train_score:44.168653, valid_score:55.297050
2020-09-09 19:22:14,528 - pytorch_modeler.py - pytorch_modeler.py - 181 - INFO - Epoch 49/100:train_score:41.092115, valid_score:50.893375
2020-09-09 19:22:14,591 - pytorch_modeler.py - pytorch_modeler.py - 181 - INFO - Epoch 50/100:train_score:38.548398, valid_score:46.417355
2020-09-09 19:22:14,656 - pytorch_modeler.py - pytorch_modeler.py - 181 - INFO - Epoch 51/100:train_score:36.052895, valid_score:42.517994
2020-09-09 19:22:14,721 - pytorch_modeler.py - pytorch_modeler.py - 181 - INFO - Epoch 52/100:train_score:34.148731, valid_score:39.521503
2020-09-09 19:22:14,785 - pytorch_modeler.py - pytorch_modeler.py - 181 - INFO - Epoch 53/100:train_score:32.135625, valid_score:41.235962
2020-09-09 19:22:14,849 - pytorch_modeler.py - pytorch_modeler.py - 181 - INFO - Epoch 54/100:train_score:30.481016, valid_score:37.301884
2020-09-09 19:22:14,914 - pytorch_modeler.py - pytorch_modeler.py - 181 - INFO - Epoch 55/100:train_score:28.681655, valid_score:33.341194
2020-09-09 19:22:14,978 - pytorch_modeler.py - pytorch_modeler.py - 181 - INFO - Epoch 56/100:train_score:27.545626, valid_score:33.671886
2020-09-09 19:22:15,042 - pytorch_modeler.py - pytorch_modeler.py - 181 - INFO - Epoch 57/100:train_score:26.190596, valid_score:32.884499
2020-09-09 19:22:15,106 - pytorch_modeler.py - pytorch_modeler.py - 181 - INFO - Epoch 58/100:train_score:25.051625, valid_score:28.661528
2020-09-09 19:22:15,170 - pytorch_modeler.py - pytorch_modeler.py - 181 - INFO - Epoch 59/100:train_score:23.775196, valid_score:29.854286
2020-09-09 19:22:15,236 - pytorch_modeler.py - pytorch_modeler.py - 181 - INFO - Epoch 60/100:train_score:22.849177, valid_score:29.844563
2020-09-09 19:22:15,299 - pytorch_modeler.py - pytorch_modeler.py - 181 - INFO - Epoch 61/100:train_score:21.993940, valid_score:27.216869
2020-09-09 19:22:15,363 - pytorch_modeler.py - pytorch_modeler.py - 181 - INFO - Epoch 62/100:train_score:21.177054, valid_score:26.471882
2020-09-09 19:22:15,428 - pytorch_modeler.py - pytorch_modeler.py - 181 - INFO - Epoch 63/100:train_score:20.591068, valid_score:26.304739
2020-09-09 19:22:15,493 - pytorch_modeler.py - pytorch_modeler.py - 181 - INFO - Epoch 64/100:train_score:19.893043, valid_score:24.808714
2020-09-09 19:22:15,558 - pytorch_modeler.py - pytorch_modeler.py - 181 - INFO - Epoch 65/100:train_score:19.194737, valid_score:23.983385
2020-09-09 19:22:15,622 - pytorch_modeler.py - pytorch_modeler.py - 181 - INFO - Epoch 66/100:train_score:18.727933, valid_score:24.072653
2020-09-09 19:22:15,687 - pytorch_modeler.py - pytorch_modeler.py - 181 - INFO - Epoch 67/100:train_score:18.151205, valid_score:22.807249
2020-09-09 19:22:15,759 - pytorch_modeler.py - pytorch_modeler.py - 181 - INFO - Epoch 68/100:train_score:17.722716, valid_score:22.512709
2020-09-09 19:22:15,826 - pytorch_modeler.py - pytorch_modeler.py - 181 - INFO - Epoch 69/100:train_score:17.361222, valid_score:22.144674
2020-09-09 19:22:15,892 - pytorch_modeler.py - pytorch_modeler.py - 181 - INFO - Epoch 70/100:train_score:16.950996, valid_score:21.963852
2020-09-09 19:22:15,957 - pytorch_modeler.py - pytorch_modeler.py - 181 - INFO - Epoch 71/100:train_score:16.618608, valid_score:21.235413
2020-09-09 19:22:16,022 - pytorch_modeler.py - pytorch_modeler.py - 181 - INFO - Epoch 72/100:train_score:16.353734, valid_score:20.768814
2020-09-09 19:22:16,086 - pytorch_modeler.py - pytorch_modeler.py - 181 - INFO - Epoch 73/100:train_score:16.183620, valid_score:20.517313
2020-09-09 19:22:16,151 - pytorch_modeler.py - pytorch_modeler.py - 181 - INFO - Epoch 74/100:train_score:15.880518, valid_score:21.052673
2020-09-09 19:22:16,217 - pytorch_modeler.py - pytorch_modeler.py - 181 - INFO - Epoch 75/100:train_score:15.707114, valid_score:19.904322
2020-09-09 19:22:16,281 - pytorch_modeler.py - pytorch_modeler.py - 181 - INFO - Epoch 76/100:train_score:15.462631, valid_score:19.575184
2020-09-09 19:22:16,345 - pytorch_modeler.py - pytorch_modeler.py - 181 - INFO - Epoch 77/100:train_score:15.208784, valid_score:19.355450
2020-09-09 19:22:16,407 - pytorch_modeler.py - pytorch_modeler.py - 181 - INFO - Epoch 78/100:train_score:15.091967, valid_score:19.224476
2020-09-09 19:22:16,470 - pytorch_modeler.py - pytorch_modeler.py - 181 - INFO - Epoch 79/100:train_score:15.047391, valid_score:18.874092
2020-09-09 19:22:16,536 - pytorch_modeler.py - pytorch_modeler.py - 181 - INFO - Epoch 80/100:train_score:14.807794, valid_score:18.771343
2020-09-09 19:22:16,600 - pytorch_modeler.py - pytorch_modeler.py - 181 - INFO - Epoch 81/100:train_score:14.799693, valid_score:19.051577
2020-09-09 19:22:16,663 - pytorch_modeler.py - pytorch_modeler.py - 181 - INFO - Epoch 82/100:train_score:14.644886, valid_score:18.896006
2020-09-09 19:22:16,727 - pytorch_modeler.py - pytorch_modeler.py - 181 - INFO - Epoch 83/100:train_score:14.464057, valid_score:18.231651
2020-09-09 19:22:16,791 - pytorch_modeler.py - pytorch_modeler.py - 181 - INFO - Epoch 84/100:train_score:14.421862, valid_score:18.217398
2020-09-09 19:22:16,859 - pytorch_modeler.py - pytorch_modeler.py - 181 - INFO - Epoch 85/100:train_score:14.514725, valid_score:18.153337
2020-09-09 19:22:16,923 - pytorch_modeler.py - pytorch_modeler.py - 181 - INFO - Epoch 86/100:train_score:14.302143, valid_score:17.923838
2020-09-09 19:22:16,989 - pytorch_modeler.py - pytorch_modeler.py - 181 - INFO - Epoch 87/100:train_score:14.081289, valid_score:17.650965
2020-09-09 19:22:17,053 - pytorch_modeler.py - pytorch_modeler.py - 181 - INFO - Epoch 88/100:train_score:13.998423, valid_score:17.789978
2020-09-09 19:22:17,117 - pytorch_modeler.py - pytorch_modeler.py - 181 - INFO - Epoch 89/100:train_score:13.890543, valid_score:17.556423
2020-09-09 19:22:17,181 - pytorch_modeler.py - pytorch_modeler.py - 181 - INFO - Epoch 90/100:train_score:13.756323, valid_score:17.364828
2020-09-09 19:22:17,246 - pytorch_modeler.py - pytorch_modeler.py - 181 - INFO - Epoch 91/100:train_score:13.835626, valid_score:17.363089
2020-09-09 19:22:17,310 - pytorch_modeler.py - pytorch_modeler.py - 181 - INFO - Epoch 92/100:train_score:13.790406, valid_score:17.256142
2020-09-09 19:22:17,375 - pytorch_modeler.py - pytorch_modeler.py - 181 - INFO - Epoch 93/100:train_score:13.715703, valid_score:17.294018
2020-09-09 19:22:17,440 - pytorch_modeler.py - pytorch_modeler.py - 181 - INFO - Epoch 94/100:train_score:13.633635, valid_score:17.171766
2020-09-09 19:22:17,507 - pytorch_modeler.py - pytorch_modeler.py - 181 - INFO - Epoch 95/100:train_score:13.657785, valid_score:17.100071
2020-09-09 19:22:17,571 - pytorch_modeler.py - pytorch_modeler.py - 181 - INFO - Epoch 96/100:train_score:13.553300, valid_score:17.103329
2020-09-09 19:22:17,636 - pytorch_modeler.py - pytorch_modeler.py - 181 - INFO - Epoch 97/100:train_score:13.599058, valid_score:17.228525
2020-09-09 19:22:17,701 - pytorch_modeler.py - pytorch_modeler.py - 181 - INFO - Epoch 98/100:train_score:13.530852, valid_score:17.021656
2020-09-09 19:22:17,766 - pytorch_modeler.py - pytorch_modeler.py - 181 - INFO - Epoch 99/100:train_score:13.422403, valid_score:17.012152
2020-09-09 19:22:17,830 - pytorch_modeler.py - pytorch_modeler.py - 181 - INFO - Epoch 100/100:train_score:13.454548, valid_score:16.827450
2020-09-09 19:22:17,840 - 00_train.py - 00_train.py - 118 - INFO - 
 success:ToyConveyor 
model_out_path ==> 
 /media/hiroki/working/research/dcase2020/result/no_add_batch_32/models/ToyConveyor_model.pth
2020-09-09 19:22:17,940 - 00_train.py - 00_train.py - 98 - INFO - TARGET MACHINE_TYPE: valve
2020-09-09 19:22:17,941 - 00_train.py - 00_train.py - 99 - INFO - MAKE DATA_LOADER
2020-09-09 19:22:59,842 - 00_train.py - 00_train.py - 106 - INFO - TRAINING
2020-09-09 19:22:59,929 - pytorch_modeler.py - pytorch_modeler.py - 181 - INFO - Epoch 1/100:train_score:965.401794, valid_score:982.682861
2020-09-09 19:22:59,998 - pytorch_modeler.py - pytorch_modeler.py - 181 - INFO - Epoch 2/100:train_score:942.895559, valid_score:973.025757
2020-09-09 19:23:00,065 - pytorch_modeler.py - pytorch_modeler.py - 181 - INFO - Epoch 3/100:train_score:917.223612, valid_score:948.693481
2020-09-09 19:23:00,132 - pytorch_modeler.py - pytorch_modeler.py - 181 - INFO - Epoch 4/100:train_score:890.665517, valid_score:907.856384
2020-09-09 19:23:00,197 - pytorch_modeler.py - pytorch_modeler.py - 181 - INFO - Epoch 5/100:train_score:864.754812, valid_score:894.729370
2020-09-09 19:23:00,263 - pytorch_modeler.py - pytorch_modeler.py - 181 - INFO - Epoch 6/100:train_score:838.702993, valid_score:868.566956
2020-09-09 19:23:00,330 - pytorch_modeler.py - pytorch_modeler.py - 181 - INFO - Epoch 7/100:train_score:812.085592, valid_score:864.846985
2020-09-09 19:23:00,395 - pytorch_modeler.py - pytorch_modeler.py - 181 - INFO - Epoch 8/100:train_score:785.215932, valid_score:798.381470
2020-09-09 19:23:00,461 - pytorch_modeler.py - pytorch_modeler.py - 181 - INFO - Epoch 9/100:train_score:759.592865, valid_score:741.052185
2020-09-09 19:23:00,530 - pytorch_modeler.py - pytorch_modeler.py - 181 - INFO - Epoch 10/100:train_score:732.082143, valid_score:726.494263
2020-09-09 19:23:00,594 - pytorch_modeler.py - pytorch_modeler.py - 181 - INFO - Epoch 11/100:train_score:705.512095, valid_score:669.259521
2020-09-09 19:23:00,751 - pytorch_modeler.py - pytorch_modeler.py - 181 - INFO - Epoch 12/100:train_score:679.055481, valid_score:649.864563
2020-09-09 19:23:00,816 - pytorch_modeler.py - pytorch_modeler.py - 181 - INFO - Epoch 13/100:train_score:652.750275, valid_score:658.400085
2020-09-09 19:23:00,882 - pytorch_modeler.py - pytorch_modeler.py - 181 - INFO - Epoch 14/100:train_score:625.886058, valid_score:726.753174
2020-09-09 19:23:00,949 - pytorch_modeler.py - pytorch_modeler.py - 181 - INFO - Epoch 15/100:train_score:599.284190, valid_score:611.239685
2020-09-09 19:23:01,014 - pytorch_modeler.py - pytorch_modeler.py - 181 - INFO - Epoch 16/100:train_score:574.345723, valid_score:755.787354
2020-09-09 19:23:01,081 - pytorch_modeler.py - pytorch_modeler.py - 181 - INFO - Epoch 17/100:train_score:547.863149, valid_score:628.759827
2020-09-09 19:23:01,146 - pytorch_modeler.py - pytorch_modeler.py - 181 - INFO - Epoch 18/100:train_score:522.322103, valid_score:507.627960
2020-09-09 19:23:01,213 - pytorch_modeler.py - pytorch_modeler.py - 181 - INFO - Epoch 19/100:train_score:496.590200, valid_score:458.463043
2020-09-09 19:23:01,280 - pytorch_modeler.py - pytorch_modeler.py - 181 - INFO - Epoch 20/100:train_score:472.384109, valid_score:496.126038
2020-09-09 19:23:01,346 - pytorch_modeler.py - pytorch_modeler.py - 181 - INFO - Epoch 21/100:train_score:447.508479, valid_score:463.717133
2020-09-09 19:23:01,412 - pytorch_modeler.py - pytorch_modeler.py - 181 - INFO - Epoch 22/100:train_score:424.108093, valid_score:387.507111
2020-09-09 19:23:01,478 - pytorch_modeler.py - pytorch_modeler.py - 181 - INFO - Epoch 23/100:train_score:401.307195, valid_score:415.089172
2020-09-09 19:23:01,545 - pytorch_modeler.py - pytorch_modeler.py - 181 - INFO - Epoch 24/100:train_score:378.770599, valid_score:347.881073
2020-09-09 19:23:01,612 - pytorch_modeler.py - pytorch_modeler.py - 181 - INFO - Epoch 25/100:train_score:356.940257, valid_score:366.226227
2020-09-09 19:23:01,678 - pytorch_modeler.py - pytorch_modeler.py - 181 - INFO - Epoch 26/100:train_score:335.397110, valid_score:315.940216
2020-09-09 19:23:01,746 - pytorch_modeler.py - pytorch_modeler.py - 181 - INFO - Epoch 27/100:train_score:314.622386, valid_score:274.056488
2020-09-09 19:23:01,811 - pytorch_modeler.py - pytorch_modeler.py - 181 - INFO - Epoch 28/100:train_score:294.959101, valid_score:259.449219
2020-09-09 19:23:01,880 - pytorch_modeler.py - pytorch_modeler.py - 181 - INFO - Epoch 29/100:train_score:275.573842, valid_score:244.676086
2020-09-09 19:23:01,947 - pytorch_modeler.py - pytorch_modeler.py - 181 - INFO - Epoch 30/100:train_score:257.523758, valid_score:235.682526
2020-09-09 19:23:02,012 - pytorch_modeler.py - pytorch_modeler.py - 181 - INFO - Epoch 31/100:train_score:240.244771, valid_score:304.840302
2020-09-09 19:23:02,078 - pytorch_modeler.py - pytorch_modeler.py - 181 - INFO - Epoch 32/100:train_score:223.175987, valid_score:236.633087
2020-09-09 19:23:02,147 - pytorch_modeler.py - pytorch_modeler.py - 181 - INFO - Epoch 33/100:train_score:207.615903, valid_score:183.276321
2020-09-09 19:23:02,213 - pytorch_modeler.py - pytorch_modeler.py - 181 - INFO - Epoch 34/100:train_score:192.928347, valid_score:186.902374
2020-09-09 19:23:02,282 - pytorch_modeler.py - pytorch_modeler.py - 181 - INFO - Epoch 35/100:train_score:178.689957, valid_score:264.126221
2020-09-09 19:23:02,353 - pytorch_modeler.py - pytorch_modeler.py - 181 - INFO - Epoch 36/100:train_score:165.662788, valid_score:194.746536
2020-09-09 19:23:02,420 - pytorch_modeler.py - pytorch_modeler.py - 181 - INFO - Epoch 37/100:train_score:153.100713, valid_score:135.542816
2020-09-09 19:23:02,488 - pytorch_modeler.py - pytorch_modeler.py - 181 - INFO - Epoch 38/100:train_score:141.681351, valid_score:144.746613
2020-09-09 19:23:02,560 - pytorch_modeler.py - pytorch_modeler.py - 181 - INFO - Epoch 39/100:train_score:131.069762, valid_score:120.164772
2020-09-09 19:23:02,625 - pytorch_modeler.py - pytorch_modeler.py - 181 - INFO - Epoch 40/100:train_score:121.225520, valid_score:151.387192
2020-09-09 19:23:02,691 - pytorch_modeler.py - pytorch_modeler.py - 181 - INFO - Epoch 41/100:train_score:111.740668, valid_score:230.003418
2020-09-09 19:23:02,760 - pytorch_modeler.py - pytorch_modeler.py - 181 - INFO - Epoch 42/100:train_score:102.532677, valid_score:102.521912
2020-09-09 19:23:02,824 - pytorch_modeler.py - pytorch_modeler.py - 181 - INFO - Epoch 43/100:train_score:95.124049, valid_score:90.838791
2020-09-09 19:23:02,893 - pytorch_modeler.py - pytorch_modeler.py - 181 - INFO - Epoch 44/100:train_score:87.502200, valid_score:74.470558
2020-09-09 19:23:02,959 - pytorch_modeler.py - pytorch_modeler.py - 181 - INFO - Epoch 45/100:train_score:80.979909, valid_score:78.084709
2020-09-09 19:23:03,025 - pytorch_modeler.py - pytorch_modeler.py - 181 - INFO - Epoch 46/100:train_score:74.750916, valid_score:68.580467
2020-09-09 19:23:03,091 - pytorch_modeler.py - pytorch_modeler.py - 181 - INFO - Epoch 47/100:train_score:69.147001, valid_score:66.244514
2020-09-09 19:23:03,158 - pytorch_modeler.py - pytorch_modeler.py - 181 - INFO - Epoch 48/100:train_score:63.818978, valid_score:57.930454
2020-09-09 19:23:03,224 - pytorch_modeler.py - pytorch_modeler.py - 181 - INFO - Epoch 49/100:train_score:59.733835, valid_score:60.826263
2020-09-09 19:23:03,291 - pytorch_modeler.py - pytorch_modeler.py - 181 - INFO - Epoch 50/100:train_score:55.318247, valid_score:63.734859
2020-09-09 19:23:03,360 - pytorch_modeler.py - pytorch_modeler.py - 181 - INFO - Epoch 51/100:train_score:51.112120, valid_score:53.455948
2020-09-09 19:23:03,426 - pytorch_modeler.py - pytorch_modeler.py - 181 - INFO - Epoch 52/100:train_score:47.724838, valid_score:50.934303
2020-09-09 19:23:03,494 - pytorch_modeler.py - pytorch_modeler.py - 181 - INFO - Epoch 53/100:train_score:44.724335, valid_score:50.904823
2020-09-09 19:23:03,559 - pytorch_modeler.py - pytorch_modeler.py - 181 - INFO - Epoch 54/100:train_score:42.062644, valid_score:43.894779
2020-09-09 19:23:03,625 - pytorch_modeler.py - pytorch_modeler.py - 181 - INFO - Epoch 55/100:train_score:39.452491, valid_score:44.050381
2020-09-09 19:23:03,691 - pytorch_modeler.py - pytorch_modeler.py - 181 - INFO - Epoch 56/100:train_score:37.345791, valid_score:39.421307
2020-09-09 19:23:03,758 - pytorch_modeler.py - pytorch_modeler.py - 181 - INFO - Epoch 57/100:train_score:35.180847, valid_score:45.130077
2020-09-09 19:23:03,824 - pytorch_modeler.py - pytorch_modeler.py - 181 - INFO - Epoch 58/100:train_score:33.565260, valid_score:36.134212
2020-09-09 19:23:03,890 - pytorch_modeler.py - pytorch_modeler.py - 181 - INFO - Epoch 59/100:train_score:31.908176, valid_score:32.643028
2020-09-09 19:23:03,955 - pytorch_modeler.py - pytorch_modeler.py - 181 - INFO - Epoch 60/100:train_score:30.600671, valid_score:34.168541
2020-09-09 19:23:04,023 - pytorch_modeler.py - pytorch_modeler.py - 181 - INFO - Epoch 61/100:train_score:29.269426, valid_score:29.698002
2020-09-09 19:23:04,093 - pytorch_modeler.py - pytorch_modeler.py - 181 - INFO - Epoch 62/100:train_score:28.249074, valid_score:30.922846
2020-09-09 19:23:04,161 - pytorch_modeler.py - pytorch_modeler.py - 181 - INFO - Epoch 63/100:train_score:27.219207, valid_score:26.564253
2020-09-09 19:23:04,315 - pytorch_modeler.py - pytorch_modeler.py - 181 - INFO - Epoch 64/100:train_score:26.497350, valid_score:27.031445
2020-09-09 19:23:04,384 - pytorch_modeler.py - pytorch_modeler.py - 181 - INFO - Epoch 65/100:train_score:25.583597, valid_score:27.173801
2020-09-09 19:23:04,449 - pytorch_modeler.py - pytorch_modeler.py - 181 - INFO - Epoch 66/100:train_score:24.967130, valid_score:27.401321
2020-09-09 19:23:04,517 - pytorch_modeler.py - pytorch_modeler.py - 181 - INFO - Epoch 67/100:train_score:24.315019, valid_score:23.945696
2020-09-09 19:23:04,584 - pytorch_modeler.py - pytorch_modeler.py - 181 - INFO - Epoch 68/100:train_score:23.962156, valid_score:23.845097
2020-09-09 19:23:04,650 - pytorch_modeler.py - pytorch_modeler.py - 181 - INFO - Epoch 69/100:train_score:23.170264, valid_score:22.862476
2020-09-09 19:23:04,721 - pytorch_modeler.py - pytorch_modeler.py - 181 - INFO - Epoch 70/100:train_score:22.439901, valid_score:22.007452
2020-09-09 19:23:04,788 - pytorch_modeler.py - pytorch_modeler.py - 181 - INFO - Epoch 71/100:train_score:22.030694, valid_score:21.934120
2020-09-09 19:23:04,859 - pytorch_modeler.py - pytorch_modeler.py - 181 - INFO - Epoch 72/100:train_score:21.660841, valid_score:20.935637
2020-09-09 19:23:04,926 - pytorch_modeler.py - pytorch_modeler.py - 181 - INFO - Epoch 73/100:train_score:21.406461, valid_score:20.677185
2020-09-09 19:23:04,993 - pytorch_modeler.py - pytorch_modeler.py - 181 - INFO - Epoch 74/100:train_score:20.983168, valid_score:20.243103
2020-09-09 19:23:05,060 - pytorch_modeler.py - pytorch_modeler.py - 181 - INFO - Epoch 75/100:train_score:20.631131, valid_score:20.294441
2020-09-09 19:23:05,127 - pytorch_modeler.py - pytorch_modeler.py - 181 - INFO - Epoch 76/100:train_score:20.375489, valid_score:20.103228
2020-09-09 19:23:05,194 - pytorch_modeler.py - pytorch_modeler.py - 181 - INFO - Epoch 77/100:train_score:20.096623, valid_score:19.720289
2020-09-09 19:23:05,261 - pytorch_modeler.py - pytorch_modeler.py - 181 - INFO - Epoch 78/100:train_score:19.905269, valid_score:19.870258
2020-09-09 19:23:05,328 - pytorch_modeler.py - pytorch_modeler.py - 181 - INFO - Epoch 79/100:train_score:19.691138, valid_score:19.682667
2020-09-09 19:23:05,397 - pytorch_modeler.py - pytorch_modeler.py - 181 - INFO - Epoch 80/100:train_score:19.768205, valid_score:19.465061
2020-09-09 19:23:05,464 - pytorch_modeler.py - pytorch_modeler.py - 181 - INFO - Epoch 81/100:train_score:19.709538, valid_score:19.271584
2020-09-09 19:23:05,531 - pytorch_modeler.py - pytorch_modeler.py - 181 - INFO - Epoch 82/100:train_score:19.273266, valid_score:18.593256
2020-09-09 19:23:05,597 - pytorch_modeler.py - pytorch_modeler.py - 181 - INFO - Epoch 83/100:train_score:19.098849, valid_score:18.492529
2020-09-09 19:23:05,663 - pytorch_modeler.py - pytorch_modeler.py - 181 - INFO - Epoch 84/100:train_score:19.029569, valid_score:18.484331
2020-09-09 19:23:05,730 - pytorch_modeler.py - pytorch_modeler.py - 181 - INFO - Epoch 85/100:train_score:19.038472, valid_score:18.537092
2020-09-09 19:23:05,797 - pytorch_modeler.py - pytorch_modeler.py - 181 - INFO - Epoch 86/100:train_score:18.807108, valid_score:17.458496
2020-09-09 19:23:05,864 - pytorch_modeler.py - pytorch_modeler.py - 181 - INFO - Epoch 87/100:train_score:18.761929, valid_score:17.869276
2020-09-09 19:23:05,931 - pytorch_modeler.py - pytorch_modeler.py - 181 - INFO - Epoch 88/100:train_score:18.699803, valid_score:17.616497
2020-09-09 19:23:05,997 - pytorch_modeler.py - pytorch_modeler.py - 181 - INFO - Epoch 89/100:train_score:18.291698, valid_score:17.638765
2020-09-09 19:23:06,062 - pytorch_modeler.py - pytorch_modeler.py - 181 - INFO - Epoch 90/100:train_score:18.046071, valid_score:17.761387
2020-09-09 19:23:06,127 - pytorch_modeler.py - pytorch_modeler.py - 181 - INFO - Epoch 91/100:train_score:18.080665, valid_score:17.736774
2020-09-09 19:23:06,193 - pytorch_modeler.py - pytorch_modeler.py - 181 - INFO - Epoch 92/100:train_score:18.020630, valid_score:17.483088
2020-09-09 19:23:06,260 - pytorch_modeler.py - pytorch_modeler.py - 181 - INFO - Epoch 93/100:train_score:17.867435, valid_score:17.383438
2020-09-09 19:23:06,326 - pytorch_modeler.py - pytorch_modeler.py - 181 - INFO - Epoch 94/100:train_score:17.804856, valid_score:17.464231
2020-09-09 19:23:06,394 - pytorch_modeler.py - pytorch_modeler.py - 181 - INFO - Epoch 95/100:train_score:17.736732, valid_score:17.547131
2020-09-09 19:23:06,459 - pytorch_modeler.py - pytorch_modeler.py - 181 - INFO - Epoch 96/100:train_score:17.822823, valid_score:17.512054
2020-09-09 19:23:06,528 - pytorch_modeler.py - pytorch_modeler.py - 181 - INFO - Epoch 97/100:train_score:17.575857, valid_score:17.485563
2020-09-09 19:23:06,593 - pytorch_modeler.py - pytorch_modeler.py - 181 - INFO - Epoch 98/100:train_score:17.509712, valid_score:17.285448
2020-09-09 19:23:06,660 - pytorch_modeler.py - pytorch_modeler.py - 181 - INFO - Epoch 99/100:train_score:17.362830, valid_score:16.980745
2020-09-09 19:23:06,725 - pytorch_modeler.py - pytorch_modeler.py - 181 - INFO - Epoch 100/100:train_score:17.353138, valid_score:16.902611
2020-09-09 19:23:06,734 - 00_train.py - 00_train.py - 118 - INFO - 
 success:valve 
model_out_path ==> 
 /media/hiroki/working/research/dcase2020/result/no_add_batch_32/models/valve_model.pth
2020-09-09 19:37:56,723 - 00_train.py - 00_train.py - 100 - INFO - TARGET MACHINE_TYPE: fan
2020-09-09 19:37:56,723 - 00_train.py - 00_train.py - 101 - INFO - MAKE DATA_LOADER
2020-09-09 19:44:31,748 - 00_train.py - 00_train.py - 100 - INFO - TARGET MACHINE_TYPE: fan
2020-09-09 19:44:31,748 - 00_train.py - 00_train.py - 101 - INFO - MAKE DATA_LOADER
2020-09-09 19:45:00,222 - 00_train.py - 00_train.py - 108 - INFO - TRAINING
2020-09-09 19:45:23,659 - pytorch_modeler.py - pytorch_modeler.py - 181 - INFO - Epoch 1/100:train_score:74.776815, valid_score:12.128163
2020-09-09 19:45:45,138 - pytorch_modeler.py - pytorch_modeler.py - 181 - INFO - Epoch 2/100:train_score:10.785117, valid_score:10.069882
2020-09-09 19:46:06,619 - pytorch_modeler.py - pytorch_modeler.py - 181 - INFO - Epoch 3/100:train_score:10.027010, valid_score:9.715624
2020-09-09 19:46:27,966 - pytorch_modeler.py - pytorch_modeler.py - 181 - INFO - Epoch 4/100:train_score:9.757005, valid_score:9.593254
2020-09-09 19:46:48,959 - pytorch_modeler.py - pytorch_modeler.py - 181 - INFO - Epoch 5/100:train_score:9.602884, valid_score:9.465346
2020-09-09 19:47:10,586 - pytorch_modeler.py - pytorch_modeler.py - 181 - INFO - Epoch 6/100:train_score:9.513817, valid_score:9.356185
2020-09-09 19:47:33,344 - pytorch_modeler.py - pytorch_modeler.py - 181 - INFO - Epoch 7/100:train_score:9.449094, valid_score:9.473037
2020-09-09 19:47:55,121 - pytorch_modeler.py - pytorch_modeler.py - 181 - INFO - Epoch 8/100:train_score:9.398659, valid_score:9.321561
2020-09-09 19:48:16,681 - pytorch_modeler.py - pytorch_modeler.py - 181 - INFO - Epoch 9/100:train_score:9.362458, valid_score:9.192297
2020-09-09 19:48:38,552 - pytorch_modeler.py - pytorch_modeler.py - 181 - INFO - Epoch 10/100:train_score:9.335426, valid_score:9.254295
2020-09-09 19:49:00,642 - pytorch_modeler.py - pytorch_modeler.py - 181 - INFO - Epoch 11/100:train_score:9.311859, valid_score:9.147208
2020-09-09 19:49:22,677 - pytorch_modeler.py - pytorch_modeler.py - 181 - INFO - Epoch 12/100:train_score:9.289168, valid_score:9.167195
2020-09-09 19:49:44,412 - pytorch_modeler.py - pytorch_modeler.py - 181 - INFO - Epoch 13/100:train_score:9.273356, valid_score:9.120520
2020-09-09 19:50:05,756 - pytorch_modeler.py - pytorch_modeler.py - 181 - INFO - Epoch 14/100:train_score:9.244672, valid_score:9.111007
2020-09-09 19:50:27,489 - pytorch_modeler.py - pytorch_modeler.py - 181 - INFO - Epoch 15/100:train_score:9.228392, valid_score:9.126229
2020-09-09 19:50:49,260 - pytorch_modeler.py - pytorch_modeler.py - 181 - INFO - Epoch 16/100:train_score:9.216007, valid_score:9.081554
2020-09-09 19:51:11,234 - pytorch_modeler.py - pytorch_modeler.py - 181 - INFO - Epoch 17/100:train_score:9.208055, valid_score:9.100165
2020-09-09 19:51:32,800 - pytorch_modeler.py - pytorch_modeler.py - 181 - INFO - Epoch 18/100:train_score:9.195888, valid_score:9.041252
2020-09-09 19:51:54,436 - pytorch_modeler.py - pytorch_modeler.py - 181 - INFO - Epoch 19/100:train_score:9.186664, valid_score:9.074418
2020-09-09 19:52:16,083 - pytorch_modeler.py - pytorch_modeler.py - 181 - INFO - Epoch 20/100:train_score:9.178398, valid_score:9.072202
2020-09-09 19:52:38,002 - pytorch_modeler.py - pytorch_modeler.py - 181 - INFO - Epoch 21/100:train_score:9.171105, valid_score:9.021627
2020-09-09 19:52:59,688 - pytorch_modeler.py - pytorch_modeler.py - 181 - INFO - Epoch 22/100:train_score:9.164506, valid_score:9.069055
2020-09-09 19:53:21,360 - pytorch_modeler.py - pytorch_modeler.py - 181 - INFO - Epoch 23/100:train_score:9.157426, valid_score:9.029539
2020-09-09 19:53:43,104 - pytorch_modeler.py - pytorch_modeler.py - 181 - INFO - Epoch 24/100:train_score:9.149118, valid_score:9.032649
2020-09-09 19:54:05,382 - pytorch_modeler.py - pytorch_modeler.py - 181 - INFO - Epoch 25/100:train_score:9.141709, valid_score:9.018167
2020-09-09 19:54:27,866 - pytorch_modeler.py - pytorch_modeler.py - 181 - INFO - Epoch 26/100:train_score:9.138354, valid_score:9.012227
2020-09-09 19:54:50,250 - pytorch_modeler.py - pytorch_modeler.py - 181 - INFO - Epoch 27/100:train_score:9.131656, valid_score:9.014731
2020-09-09 19:55:12,447 - pytorch_modeler.py - pytorch_modeler.py - 181 - INFO - Epoch 28/100:train_score:9.129919, valid_score:8.991116
2020-09-09 19:55:34,181 - pytorch_modeler.py - pytorch_modeler.py - 181 - INFO - Epoch 29/100:train_score:9.126881, valid_score:8.999171
2020-09-09 19:55:56,219 - pytorch_modeler.py - pytorch_modeler.py - 181 - INFO - Epoch 30/100:train_score:9.119193, valid_score:9.025023
2020-09-09 19:56:18,498 - pytorch_modeler.py - pytorch_modeler.py - 181 - INFO - Epoch 31/100:train_score:9.115905, valid_score:8.981087
2020-09-09 19:56:40,582 - pytorch_modeler.py - pytorch_modeler.py - 181 - INFO - Epoch 32/100:train_score:9.110685, valid_score:9.007339
2020-09-09 19:57:02,462 - pytorch_modeler.py - pytorch_modeler.py - 181 - INFO - Epoch 33/100:train_score:9.106484, valid_score:8.979617
2020-09-09 19:57:24,345 - pytorch_modeler.py - pytorch_modeler.py - 181 - INFO - Epoch 34/100:train_score:9.104614, valid_score:8.966636
2020-09-09 19:57:46,250 - pytorch_modeler.py - pytorch_modeler.py - 181 - INFO - Epoch 35/100:train_score:9.101514, valid_score:8.983023
2020-09-09 19:58:08,615 - pytorch_modeler.py - pytorch_modeler.py - 181 - INFO - Epoch 36/100:train_score:9.096617, valid_score:8.980678
2020-09-09 19:58:31,159 - pytorch_modeler.py - pytorch_modeler.py - 181 - INFO - Epoch 37/100:train_score:9.095205, valid_score:8.962671
2020-09-09 19:58:53,467 - pytorch_modeler.py - pytorch_modeler.py - 181 - INFO - Epoch 38/100:train_score:9.091529, valid_score:8.999431
